-- The C compiler identification is GNU 11.3.0
-- The CXX compiler identification is GNU 11.3.0
-- Detecting C compiler ABI info
-- Detecting C compiler ABI info - done
-- Check for working C compiler: /usr/bin/cc - skipped
-- Detecting C compile features
-- Detecting C compile features - done
-- Detecting CXX compiler ABI info
-- Detecting CXX compiler ABI info - done
-- Check for working CXX compiler: /usr/bin/c++ - skipped
-- Detecting CXX compile features
-- Detecting CXX compile features - done
-- Found ament_cmake: 1.3.3 (/opt/ros/humble/share/ament_cmake/cmake)
-- Found Python3: /usr/bin/python3.10 (found version "3.10.6") found components: Interpreter 
-- Found ament_index_cpp: 1.4.0 (/opt/ros/humble/share/ament_index_cpp/cmake)
-- Found builtin_interfaces: 1.2.1 (/opt/ros/humble/share/builtin_interfaces/cmake)
-- Found rosidl_generator_c: 3.1.4 (/opt/ros/humble/share/rosidl_generator_c/cmake)
-- Found rosidl_adapter: 3.1.4 (/opt/ros/humble/share/rosidl_adapter/cmake)
-- Found rosidl_generator_cpp: 3.1.4 (/opt/ros/humble/share/rosidl_generator_cpp/cmake)
-- Using all available rosidl_typesupport_c: rosidl_typesupport_fastrtps_c;rosidl_typesupport_introspection_c
-- Using all available rosidl_typesupport_cpp: rosidl_typesupport_fastrtps_cpp;rosidl_typesupport_introspection_cpp
-- Found example_interfaces: 0.9.3 (/opt/ros/humble/share/example_interfaces/cmake)
-- Found rclcpp: 16.0.3 (/opt/ros/humble/share/rclcpp/cmake)
-- Found rmw_implementation_cmake: 6.1.1 (/opt/ros/humble/share/rmw_implementation_cmake/cmake)
-- Found rmw_fastrtps_cpp: 6.2.2 (/opt/ros/humble/share/rmw_fastrtps_cpp/cmake)
-- Found OpenSSL: /usr/lib/x86_64-linux-gnu/libcrypto.so (found version "3.0.2")  
-- Found FastRTPS: /opt/ros/humble/include  
-- Using RMW implementation 'rmw_fastrtps_cpp' as default
-- Looking for pthread.h
-- Looking for pthread.h - found
-- Performing Test CMAKE_HAVE_LIBC_PTHREAD
-- Performing Test CMAKE_HAVE_LIBC_PTHREAD - Success
-- Found Threads: TRUE  
-- Found rclcpp_components: 16.0.3 (/opt/ros/humble/share/rclcpp_components/cmake)
-- Found rclcpp_lifecycle: 16.0.3 (/opt/ros/humble/share/rclcpp_lifecycle/cmake)
-- Found geometry_msgs: 4.2.3 (/opt/ros/humble/share/geometry_msgs/cmake)
-- Found can_msgs: 0.0.0 (/home/lilultime/External_Ros2_Projects/autowareclass2020/code/src/09_Perception_Radar/Radar-Hands-On-Solution-WS/install/can_msgs/share/can_msgs/cmake)
-- Found radar_conti_ars408_msgs: 0.0.0 (/home/lilultime/External_Ros2_Projects/autowareclass2020/code/src/09_Perception_Radar/Radar-Hands-On-Solution-WS/install/radar_conti_ars408_msgs/share/radar_conti_ars408_msgs/cmake)
-- Found visualization_msgs: 4.2.3 (/opt/ros/humble/share/visualization_msgs/cmake)
-- Found tf2_ros: 0.25.2 (/opt/ros/humble/share/tf2_ros/cmake)
-- Found ros2socketcan_bridge: 0.0.0 (/home/lilultime/External_Ros2_Projects/autowareclass2020/code/src/09_Perception_Radar/Radar-Hands-On-Solution-WS/install/ros2socketcan_bridge/share/ros2socketcan_bridge/cmake)
-- Configuring done
-- Generating done
-- Build files have been written to: /home/lilultime/External_Ros2_Projects/autowareclass2020/code/src/09_Perception_Radar/Radar-Hands-On-Solution-WS/build/radar_conti_ars408
[ 25%] [32mBuilding CXX object CMakeFiles/radar_conti_ars408_component.dir/src/radar_conti_ars408_component.cpp.o[0m
