[0.022s] Invoking command in '/home/lilultime/External_Ros2_Projects/autowareclass2020/code/src/09_Perception_Radar/Radar-Hands-On-Solution-WS/build/can_msgs': CMAKE_PREFIX_PATH=${CMAKE_PREFIX_PATH}:/home/lilultime/ros2_ws/install/my_robot_controller:/opt/ros/humble /usr/bin/cmake --build /home/lilultime/External_Ros2_Projects/autowareclass2020/code/src/09_Perception_Radar/Radar-Hands-On-Solution-WS/build/can_msgs -- -j8 -l8
[0.104s] [  3%] Built target can_msgs__cpp
[0.113s] [ 12%] Built target can_msgs__rosidl_generator_c
[0.124s] [ 12%] Built target ament_cmake_python_copy_can_msgs
[0.155s] [ 22%] Built target can_msgs__rosidl_typesupport_introspection_cpp
[0.161s] [ 32%] Built target can_msgs__rosidl_typesupport_cpp
[0.165s] [ 41%] Built target can_msgs__rosidl_typesupport_fastrtps_cpp
[0.168s] [ 51%] Built target can_msgs__rosidl_typesupport_fastrtps_c
[0.170s] [ 61%] Built target can_msgs__rosidl_typesupport_introspection_c
[0.177s] [ 70%] Built target can_msgs__rosidl_typesupport_c
[0.202s] [ 70%] Built target can_msgs
[0.223s] [ 74%] Built target can_msgs__py
[0.248s] [ 80%] Built target can_msgs__rosidl_generator_py
[0.275s] [ 87%] Built target can_msgs__rosidl_typesupport_c__pyext
[0.277s] [ 93%] Built target can_msgs__rosidl_typesupport_introspection_c__pyext
[0.279s] [100%] Built target can_msgs__rosidl_typesupport_fastrtps_c__pyext
[0.458s] running egg_info
[0.458s] writing can_msgs.egg-info/PKG-INFO
[0.459s] writing dependency_links to can_msgs.egg-info/dependency_links.txt
[0.459s] writing top-level names to can_msgs.egg-info/top_level.txt
[0.461s] reading manifest file 'can_msgs.egg-info/SOURCES.txt'
[0.462s] writing manifest file 'can_msgs.egg-info/SOURCES.txt'
[0.493s] [100%] Built target ament_cmake_python_build_can_msgs_egg
[0.504s] Invoked command in '/home/lilultime/External_Ros2_Projects/autowareclass2020/code/src/09_Perception_Radar/Radar-Hands-On-Solution-WS/build/can_msgs' returned '0': CMAKE_PREFIX_PATH=${CMAKE_PREFIX_PATH}:/home/lilultime/ros2_ws/install/my_robot_controller:/opt/ros/humble /usr/bin/cmake --build /home/lilultime/External_Ros2_Projects/autowareclass2020/code/src/09_Perception_Radar/Radar-Hands-On-Solution-WS/build/can_msgs -- -j8 -l8
[0.568s] Invoking command in '/home/lilultime/External_Ros2_Projects/autowareclass2020/code/src/09_Perception_Radar/Radar-Hands-On-Solution-WS/build/can_msgs': CMAKE_PREFIX_PATH=${CMAKE_PREFIX_PATH}:/home/lilultime/ros2_ws/install/my_robot_controller:/opt/ros/humble /usr/bin/cmake --install /home/lilultime/External_Ros2_Projects/autowareclass2020/code/src/09_Perception_Radar/Radar-Hands-On-Solution-WS/build/can_msgs
[0.575s] -- Install configuration: ""
[0.576s] -- Up-to-date: /home/lilultime/External_Ros2_Projects/autowareclass2020/code/src/09_Perception_Radar/Radar-Hands-On-Solution-WS/install/can_msgs/share/ament_index/resource_index/rosidl_interfaces/can_msgs
[0.576s] -- Up-to-date: /home/lilultime/External_Ros2_Projects/autowareclass2020/code/src/09_Perception_Radar/Radar-Hands-On-Solution-WS/install/can_msgs/include/can_msgs/can_msgs
[0.577s] -- Up-to-date: /home/lilultime/External_Ros2_Projects/autowareclass2020/code/src/09_Perception_Radar/Radar-Hands-On-Solution-WS/install/can_msgs/include/can_msgs/can_msgs/msg
[0.577s] -- Up-to-date: /home/lilultime/External_Ros2_Projects/autowareclass2020/code/src/09_Perception_Radar/Radar-Hands-On-Solution-WS/install/can_msgs/include/can_msgs/can_msgs/msg/frame.h
[0.577s] -- Up-to-date: /home/lilultime/External_Ros2_Projects/autowareclass2020/code/src/09_Perception_Radar/Radar-Hands-On-Solution-WS/install/can_msgs/include/can_msgs/can_msgs/msg/rosidl_generator_c__visibility_control.h
[0.577s] -- Up-to-date: /home/lilultime/External_Ros2_Projects/autowareclass2020/code/src/09_Perception_Radar/Radar-Hands-On-Solution-WS/install/can_msgs/include/can_msgs/can_msgs/msg/detail
[0.577s] -- Up-to-date: /home/lilultime/External_Ros2_Projects/autowareclass2020/code/src/09_Perception_Radar/Radar-Hands-On-Solution-WS/install/can_msgs/include/can_msgs/can_msgs/msg/detail/frame__functions.h
[0.577s] -- Up-to-date: /home/lilultime/External_Ros2_Projects/autowareclass2020/code/src/09_Perception_Radar/Radar-Hands-On-Solution-WS/install/can_msgs/include/can_msgs/can_msgs/msg/detail/frame__functions.c
[0.578s] -- Up-to-date: /home/lilultime/External_Ros2_Projects/autowareclass2020/code/src/09_Perception_Radar/Radar-Hands-On-Solution-WS/install/can_msgs/include/can_msgs/can_msgs/msg/detail/frame__struct.h
[0.578s] -- Up-to-date: /home/lilultime/External_Ros2_Projects/autowareclass2020/code/src/09_Perception_Radar/Radar-Hands-On-Solution-WS/install/can_msgs/include/can_msgs/can_msgs/msg/detail/frame__type_support.h
[0.578s] -- Up-to-date: /home/lilultime/External_Ros2_Projects/autowareclass2020/code/src/09_Perception_Radar/Radar-Hands-On-Solution-WS/install/can_msgs/share/can_msgs/environment/library_path.sh
[0.578s] -- Up-to-date: /home/lilultime/External_Ros2_Projects/autowareclass2020/code/src/09_Perception_Radar/Radar-Hands-On-Solution-WS/install/can_msgs/share/can_msgs/environment/library_path.dsv
[0.579s] -- Up-to-date: /home/lilultime/External_Ros2_Projects/autowareclass2020/code/src/09_Perception_Radar/Radar-Hands-On-Solution-WS/install/can_msgs/lib/libcan_msgs__rosidl_generator_c.so
[0.579s] -- Up-to-date: /home/lilultime/External_Ros2_Projects/autowareclass2020/code/src/09_Perception_Radar/Radar-Hands-On-Solution-WS/install/can_msgs/include/can_msgs/can_msgs
[0.579s] -- Up-to-date: /home/lilultime/External_Ros2_Projects/autowareclass2020/code/src/09_Perception_Radar/Radar-Hands-On-Solution-WS/install/can_msgs/include/can_msgs/can_msgs/msg
[0.579s] -- Up-to-date: /home/lilultime/External_Ros2_Projects/autowareclass2020/code/src/09_Perception_Radar/Radar-Hands-On-Solution-WS/install/can_msgs/include/can_msgs/can_msgs/msg/rosidl_typesupport_fastrtps_c__visibility_control.h
[0.580s] -- Up-to-date: /home/lilultime/External_Ros2_Projects/autowareclass2020/code/src/09_Perception_Radar/Radar-Hands-On-Solution-WS/install/can_msgs/include/can_msgs/can_msgs/msg/detail
[0.580s] -- Up-to-date: /home/lilultime/External_Ros2_Projects/autowareclass2020/code/src/09_Perception_Radar/Radar-Hands-On-Solution-WS/install/can_msgs/include/can_msgs/can_msgs/msg/detail/frame__rosidl_typesupport_fastrtps_c.h
[0.580s] -- Up-to-date: /home/lilultime/External_Ros2_Projects/autowareclass2020/code/src/09_Perception_Radar/Radar-Hands-On-Solution-WS/install/can_msgs/lib/libcan_msgs__rosidl_typesupport_fastrtps_c.so
[0.580s] -- Up-to-date: /home/lilultime/External_Ros2_Projects/autowareclass2020/code/src/09_Perception_Radar/Radar-Hands-On-Solution-WS/install/can_msgs/include/can_msgs/can_msgs
[0.581s] -- Up-to-date: /home/lilultime/External_Ros2_Projects/autowareclass2020/code/src/09_Perception_Radar/Radar-Hands-On-Solution-WS/install/can_msgs/include/can_msgs/can_msgs/msg
[0.581s] -- Up-to-date: /home/lilultime/External_Ros2_Projects/autowareclass2020/code/src/09_Perception_Radar/Radar-Hands-On-Solution-WS/install/can_msgs/include/can_msgs/can_msgs/msg/frame.hpp
[0.581s] -- Up-to-date: /home/lilultime/External_Ros2_Projects/autowareclass2020/code/src/09_Perception_Radar/Radar-Hands-On-Solution-WS/install/can_msgs/include/can_msgs/can_msgs/msg/detail
[0.581s] -- Up-to-date: /home/lilultime/External_Ros2_Projects/autowareclass2020/code/src/09_Perception_Radar/Radar-Hands-On-Solution-WS/install/can_msgs/include/can_msgs/can_msgs/msg/detail/frame__struct.hpp
[0.581s] -- Up-to-date: /home/lilultime/External_Ros2_Projects/autowareclass2020/code/src/09_Perception_Radar/Radar-Hands-On-Solution-WS/install/can_msgs/include/can_msgs/can_msgs/msg/detail/frame__traits.hpp
[0.582s] -- Up-to-date: /home/lilultime/External_Ros2_Projects/autowareclass2020/code/src/09_Perception_Radar/Radar-Hands-On-Solution-WS/install/can_msgs/include/can_msgs/can_msgs/msg/detail/frame__builder.hpp
[0.582s] -- Up-to-date: /home/lilultime/External_Ros2_Projects/autowareclass2020/code/src/09_Perception_Radar/Radar-Hands-On-Solution-WS/install/can_msgs/include/can_msgs/can_msgs
[0.582s] -- Up-to-date: /home/lilultime/External_Ros2_Projects/autowareclass2020/code/src/09_Perception_Radar/Radar-Hands-On-Solution-WS/install/can_msgs/include/can_msgs/can_msgs/msg
[0.582s] -- Up-to-date: /home/lilultime/External_Ros2_Projects/autowareclass2020/code/src/09_Perception_Radar/Radar-Hands-On-Solution-WS/install/can_msgs/include/can_msgs/can_msgs/msg/rosidl_typesupport_fastrtps_cpp__visibility_control.h
[0.582s] -- Up-to-date: /home/lilultime/External_Ros2_Projects/autowareclass2020/code/src/09_Perception_Radar/Radar-Hands-On-Solution-WS/install/can_msgs/include/can_msgs/can_msgs/msg/detail
[0.582s] -- Up-to-date: /home/lilultime/External_Ros2_Projects/autowareclass2020/code/src/09_Perception_Radar/Radar-Hands-On-Solution-WS/install/can_msgs/include/can_msgs/can_msgs/msg/detail/dds_fastrtps
[0.583s] -- Up-to-date: /home/lilultime/External_Ros2_Projects/autowareclass2020/code/src/09_Perception_Radar/Radar-Hands-On-Solution-WS/install/can_msgs/include/can_msgs/can_msgs/msg/detail/frame__rosidl_typesupport_fastrtps_cpp.hpp
[0.583s] -- Up-to-date: /home/lilultime/External_Ros2_Projects/autowareclass2020/code/src/09_Perception_Radar/Radar-Hands-On-Solution-WS/install/can_msgs/lib/libcan_msgs__rosidl_typesupport_fastrtps_cpp.so
[0.583s] -- Up-to-date: /home/lilultime/External_Ros2_Projects/autowareclass2020/code/src/09_Perception_Radar/Radar-Hands-On-Solution-WS/install/can_msgs/include/can_msgs/can_msgs
[0.583s] -- Up-to-date: /home/lilultime/External_Ros2_Projects/autowareclass2020/code/src/09_Perception_Radar/Radar-Hands-On-Solution-WS/install/can_msgs/include/can_msgs/can_msgs/msg
[0.583s] -- Up-to-date: /home/lilultime/External_Ros2_Projects/autowareclass2020/code/src/09_Perception_Radar/Radar-Hands-On-Solution-WS/install/can_msgs/include/can_msgs/can_msgs/msg/rosidl_typesupport_introspection_c__visibility_control.h
[0.584s] -- Up-to-date: /home/lilultime/External_Ros2_Projects/autowareclass2020/code/src/09_Perception_Radar/Radar-Hands-On-Solution-WS/install/can_msgs/include/can_msgs/can_msgs/msg/detail
[0.584s] -- Up-to-date: /home/lilultime/External_Ros2_Projects/autowareclass2020/code/src/09_Perception_Radar/Radar-Hands-On-Solution-WS/install/can_msgs/include/can_msgs/can_msgs/msg/detail/frame__type_support.c
[0.584s] -- Up-to-date: /home/lilultime/External_Ros2_Projects/autowareclass2020/code/src/09_Perception_Radar/Radar-Hands-On-Solution-WS/install/can_msgs/include/can_msgs/can_msgs/msg/detail/frame__rosidl_typesupport_introspection_c.h
[0.584s] -- Up-to-date: /home/lilultime/External_Ros2_Projects/autowareclass2020/code/src/09_Perception_Radar/Radar-Hands-On-Solution-WS/install/can_msgs/lib/libcan_msgs__rosidl_typesupport_introspection_c.so
[0.584s] -- Up-to-date: /home/lilultime/External_Ros2_Projects/autowareclass2020/code/src/09_Perception_Radar/Radar-Hands-On-Solution-WS/install/can_msgs/lib/libcan_msgs__rosidl_typesupport_c.so
[0.585s] -- Up-to-date: /home/lilultime/External_Ros2_Projects/autowareclass2020/code/src/09_Perception_Radar/Radar-Hands-On-Solution-WS/install/can_msgs/include/can_msgs/can_msgs
[0.585s] -- Up-to-date: /home/lilultime/External_Ros2_Projects/autowareclass2020/code/src/09_Perception_Radar/Radar-Hands-On-Solution-WS/install/can_msgs/include/can_msgs/can_msgs/msg
[0.585s] -- Up-to-date: /home/lilultime/External_Ros2_Projects/autowareclass2020/code/src/09_Perception_Radar/Radar-Hands-On-Solution-WS/install/can_msgs/include/can_msgs/can_msgs/msg/detail
[0.585s] -- Up-to-date: /home/lilultime/External_Ros2_Projects/autowareclass2020/code/src/09_Perception_Radar/Radar-Hands-On-Solution-WS/install/can_msgs/include/can_msgs/can_msgs/msg/detail/frame__type_support.cpp
[0.585s] -- Up-to-date: /home/lilultime/External_Ros2_Projects/autowareclass2020/code/src/09_Perception_Radar/Radar-Hands-On-Solution-WS/install/can_msgs/include/can_msgs/can_msgs/msg/detail/frame__rosidl_typesupport_introspection_cpp.hpp
[0.585s] -- Up-to-date: /home/lilultime/External_Ros2_Projects/autowareclass2020/code/src/09_Perception_Radar/Radar-Hands-On-Solution-WS/install/can_msgs/lib/libcan_msgs__rosidl_typesupport_introspection_cpp.so
[0.586s] -- Up-to-date: /home/lilultime/External_Ros2_Projects/autowareclass2020/code/src/09_Perception_Radar/Radar-Hands-On-Solution-WS/install/can_msgs/lib/libcan_msgs__rosidl_typesupport_cpp.so
[0.586s] -- Up-to-date: /home/lilultime/External_Ros2_Projects/autowareclass2020/code/src/09_Perception_Radar/Radar-Hands-On-Solution-WS/install/can_msgs/share/can_msgs/environment/pythonpath.sh
[0.586s] -- Up-to-date: /home/lilultime/External_Ros2_Projects/autowareclass2020/code/src/09_Perception_Radar/Radar-Hands-On-Solution-WS/install/can_msgs/share/can_msgs/environment/pythonpath.dsv
[0.586s] -- Up-to-date: /home/lilultime/External_Ros2_Projects/autowareclass2020/code/src/09_Perception_Radar/Radar-Hands-On-Solution-WS/install/can_msgs/local/lib/python3.10/dist-packages/can_msgs-0.0.0-py3.10.egg-info
[0.587s] -- Installing: /home/lilultime/External_Ros2_Projects/autowareclass2020/code/src/09_Perception_Radar/Radar-Hands-On-Solution-WS/install/can_msgs/local/lib/python3.10/dist-packages/can_msgs-0.0.0-py3.10.egg-info/dependency_links.txt
[0.587s] -- Installing: /home/lilultime/External_Ros2_Projects/autowareclass2020/code/src/09_Perception_Radar/Radar-Hands-On-Solution-WS/install/can_msgs/local/lib/python3.10/dist-packages/can_msgs-0.0.0-py3.10.egg-info/top_level.txt
[0.587s] -- Installing: /home/lilultime/External_Ros2_Projects/autowareclass2020/code/src/09_Perception_Radar/Radar-Hands-On-Solution-WS/install/can_msgs/local/lib/python3.10/dist-packages/can_msgs-0.0.0-py3.10.egg-info/PKG-INFO
[0.587s] -- Installing: /home/lilultime/External_Ros2_Projects/autowareclass2020/code/src/09_Perception_Radar/Radar-Hands-On-Solution-WS/install/can_msgs/local/lib/python3.10/dist-packages/can_msgs-0.0.0-py3.10.egg-info/SOURCES.txt
[0.587s] -- Up-to-date: /home/lilultime/External_Ros2_Projects/autowareclass2020/code/src/09_Perception_Radar/Radar-Hands-On-Solution-WS/install/can_msgs/local/lib/python3.10/dist-packages/can_msgs
[0.588s] -- Up-to-date: /home/lilultime/External_Ros2_Projects/autowareclass2020/code/src/09_Perception_Radar/Radar-Hands-On-Solution-WS/install/can_msgs/local/lib/python3.10/dist-packages/can_msgs/_can_msgs_s.ep.rosidl_typesupport_fastrtps_c.c
[0.588s] -- Up-to-date: /home/lilultime/External_Ros2_Projects/autowareclass2020/code/src/09_Perception_Radar/Radar-Hands-On-Solution-WS/install/can_msgs/local/lib/python3.10/dist-packages/can_msgs/_can_msgs_s.ep.rosidl_typesupport_introspection_c.c
[0.588s] -- Up-to-date: /home/lilultime/External_Ros2_Projects/autowareclass2020/code/src/09_Perception_Radar/Radar-Hands-On-Solution-WS/install/can_msgs/local/lib/python3.10/dist-packages/can_msgs/can_msgs_s__rosidl_typesupport_c.cpython-310-x86_64-linux-gnu.so
[0.588s] -- Up-to-date: /home/lilultime/External_Ros2_Projects/autowareclass2020/code/src/09_Perception_Radar/Radar-Hands-On-Solution-WS/install/can_msgs/local/lib/python3.10/dist-packages/can_msgs/msg
[0.588s] -- Up-to-date: /home/lilultime/External_Ros2_Projects/autowareclass2020/code/src/09_Perception_Radar/Radar-Hands-On-Solution-WS/install/can_msgs/local/lib/python3.10/dist-packages/can_msgs/msg/_frame.py
[0.588s] -- Up-to-date: /home/lilultime/External_Ros2_Projects/autowareclass2020/code/src/09_Perception_Radar/Radar-Hands-On-Solution-WS/install/can_msgs/local/lib/python3.10/dist-packages/can_msgs/msg/__init__.py
[0.588s] -- Up-to-date: /home/lilultime/External_Ros2_Projects/autowareclass2020/code/src/09_Perception_Radar/Radar-Hands-On-Solution-WS/install/can_msgs/local/lib/python3.10/dist-packages/can_msgs/msg/_frame_s.c
[0.589s] -- Up-to-date: /home/lilultime/External_Ros2_Projects/autowareclass2020/code/src/09_Perception_Radar/Radar-Hands-On-Solution-WS/install/can_msgs/local/lib/python3.10/dist-packages/can_msgs/__init__.py
[0.589s] -- Up-to-date: /home/lilultime/External_Ros2_Projects/autowareclass2020/code/src/09_Perception_Radar/Radar-Hands-On-Solution-WS/install/can_msgs/local/lib/python3.10/dist-packages/can_msgs/libcan_msgs__rosidl_generator_py.so
[0.589s] -- Up-to-date: /home/lilultime/External_Ros2_Projects/autowareclass2020/code/src/09_Perception_Radar/Radar-Hands-On-Solution-WS/install/can_msgs/local/lib/python3.10/dist-packages/can_msgs/can_msgs_s__rosidl_typesupport_introspection_c.cpython-310-x86_64-linux-gnu.so
[0.589s] -- Up-to-date: /home/lilultime/External_Ros2_Projects/autowareclass2020/code/src/09_Perception_Radar/Radar-Hands-On-Solution-WS/install/can_msgs/local/lib/python3.10/dist-packages/can_msgs/can_msgs_s__rosidl_typesupport_fastrtps_c.cpython-310-x86_64-linux-gnu.so
[0.589s] -- Up-to-date: /home/lilultime/External_Ros2_Projects/autowareclass2020/code/src/09_Perception_Radar/Radar-Hands-On-Solution-WS/install/can_msgs/local/lib/python3.10/dist-packages/can_msgs/_can_msgs_s.ep.rosidl_typesupport_c.c
[0.620s] Listing '/home/lilultime/External_Ros2_Projects/autowareclass2020/code/src/09_Perception_Radar/Radar-Hands-On-Solution-WS/install/can_msgs/local/lib/python3.10/dist-packages/can_msgs'...
[0.620s] Listing '/home/lilultime/External_Ros2_Projects/autowareclass2020/code/src/09_Perception_Radar/Radar-Hands-On-Solution-WS/install/can_msgs/local/lib/python3.10/dist-packages/can_msgs/msg'...
[0.625s] -- Up-to-date: /home/lilultime/External_Ros2_Projects/autowareclass2020/code/src/09_Perception_Radar/Radar-Hands-On-Solution-WS/install/can_msgs/local/lib/python3.10/dist-packages/can_msgs/can_msgs_s__rosidl_typesupport_fastrtps_c.cpython-310-x86_64-linux-gnu.so
[0.626s] -- Up-to-date: /home/lilultime/External_Ros2_Projects/autowareclass2020/code/src/09_Perception_Radar/Radar-Hands-On-Solution-WS/install/can_msgs/local/lib/python3.10/dist-packages/can_msgs/can_msgs_s__rosidl_typesupport_introspection_c.cpython-310-x86_64-linux-gnu.so
[0.627s] -- Up-to-date: /home/lilultime/External_Ros2_Projects/autowareclass2020/code/src/09_Perception_Radar/Radar-Hands-On-Solution-WS/install/can_msgs/local/lib/python3.10/dist-packages/can_msgs/can_msgs_s__rosidl_typesupport_c.cpython-310-x86_64-linux-gnu.so
[0.627s] -- Up-to-date: /home/lilultime/External_Ros2_Projects/autowareclass2020/code/src/09_Perception_Radar/Radar-Hands-On-Solution-WS/install/can_msgs/lib/libcan_msgs__rosidl_generator_py.so
[0.628s] -- Up-to-date: /home/lilultime/External_Ros2_Projects/autowareclass2020/code/src/09_Perception_Radar/Radar-Hands-On-Solution-WS/install/can_msgs/share/can_msgs/msg/Frame.idl
[0.628s] -- Up-to-date: /home/lilultime/External_Ros2_Projects/autowareclass2020/code/src/09_Perception_Radar/Radar-Hands-On-Solution-WS/install/can_msgs/share/can_msgs/msg/Frame.msg
[0.628s] -- Up-to-date: /home/lilultime/External_Ros2_Projects/autowareclass2020/code/src/09_Perception_Radar/Radar-Hands-On-Solution-WS/install/can_msgs/share/ament_index/resource_index/package_run_dependencies/can_msgs
[0.628s] -- Up-to-date: /home/lilultime/External_Ros2_Projects/autowareclass2020/code/src/09_Perception_Radar/Radar-Hands-On-Solution-WS/install/can_msgs/share/ament_index/resource_index/parent_prefix_path/can_msgs
[0.629s] -- Up-to-date: /home/lilultime/External_Ros2_Projects/autowareclass2020/code/src/09_Perception_Radar/Radar-Hands-On-Solution-WS/install/can_msgs/share/can_msgs/environment/ament_prefix_path.sh
[0.629s] -- Up-to-date: /home/lilultime/External_Ros2_Projects/autowareclass2020/code/src/09_Perception_Radar/Radar-Hands-On-Solution-WS/install/can_msgs/share/can_msgs/environment/ament_prefix_path.dsv
[0.629s] -- Up-to-date: /home/lilultime/External_Ros2_Projects/autowareclass2020/code/src/09_Perception_Radar/Radar-Hands-On-Solution-WS/install/can_msgs/share/can_msgs/environment/path.sh
[0.629s] -- Up-to-date: /home/lilultime/External_Ros2_Projects/autowareclass2020/code/src/09_Perception_Radar/Radar-Hands-On-Solution-WS/install/can_msgs/share/can_msgs/environment/path.dsv
[0.629s] -- Up-to-date: /home/lilultime/External_Ros2_Projects/autowareclass2020/code/src/09_Perception_Radar/Radar-Hands-On-Solution-WS/install/can_msgs/share/can_msgs/local_setup.bash
[0.629s] -- Up-to-date: /home/lilultime/External_Ros2_Projects/autowareclass2020/code/src/09_Perception_Radar/Radar-Hands-On-Solution-WS/install/can_msgs/share/can_msgs/local_setup.sh
[0.630s] -- Up-to-date: /home/lilultime/External_Ros2_Projects/autowareclass2020/code/src/09_Perception_Radar/Radar-Hands-On-Solution-WS/install/can_msgs/share/can_msgs/local_setup.zsh
[0.630s] -- Up-to-date: /home/lilultime/External_Ros2_Projects/autowareclass2020/code/src/09_Perception_Radar/Radar-Hands-On-Solution-WS/install/can_msgs/share/can_msgs/local_setup.dsv
[0.630s] -- Installing: /home/lilultime/External_Ros2_Projects/autowareclass2020/code/src/09_Perception_Radar/Radar-Hands-On-Solution-WS/install/can_msgs/share/can_msgs/package.dsv
[0.630s] -- Up-to-date: /home/lilultime/External_Ros2_Projects/autowareclass2020/code/src/09_Perception_Radar/Radar-Hands-On-Solution-WS/install/can_msgs/share/ament_index/resource_index/packages/can_msgs
[0.631s] -- Up-to-date: /home/lilultime/External_Ros2_Projects/autowareclass2020/code/src/09_Perception_Radar/Radar-Hands-On-Solution-WS/install/can_msgs/share/can_msgs/cmake/export_can_msgs__rosidl_generator_cExport.cmake
[0.631s] -- Up-to-date: /home/lilultime/External_Ros2_Projects/autowareclass2020/code/src/09_Perception_Radar/Radar-Hands-On-Solution-WS/install/can_msgs/share/can_msgs/cmake/export_can_msgs__rosidl_generator_cExport-noconfig.cmake
[0.631s] -- Up-to-date: /home/lilultime/External_Ros2_Projects/autowareclass2020/code/src/09_Perception_Radar/Radar-Hands-On-Solution-WS/install/can_msgs/share/can_msgs/cmake/export_can_msgs__rosidl_typesupport_fastrtps_cExport.cmake
[0.631s] -- Up-to-date: /home/lilultime/External_Ros2_Projects/autowareclass2020/code/src/09_Perception_Radar/Radar-Hands-On-Solution-WS/install/can_msgs/share/can_msgs/cmake/export_can_msgs__rosidl_typesupport_fastrtps_cExport-noconfig.cmake
[0.631s] -- Up-to-date: /home/lilultime/External_Ros2_Projects/autowareclass2020/code/src/09_Perception_Radar/Radar-Hands-On-Solution-WS/install/can_msgs/share/can_msgs/cmake/export_can_msgs__rosidl_generator_cppExport.cmake
[0.632s] -- Up-to-date: /home/lilultime/External_Ros2_Projects/autowareclass2020/code/src/09_Perception_Radar/Radar-Hands-On-Solution-WS/install/can_msgs/share/can_msgs/cmake/export_can_msgs__rosidl_typesupport_fastrtps_cppExport.cmake
[0.632s] -- Up-to-date: /home/lilultime/External_Ros2_Projects/autowareclass2020/code/src/09_Perception_Radar/Radar-Hands-On-Solution-WS/install/can_msgs/share/can_msgs/cmake/export_can_msgs__rosidl_typesupport_fastrtps_cppExport-noconfig.cmake
[0.632s] -- Up-to-date: /home/lilultime/External_Ros2_Projects/autowareclass2020/code/src/09_Perception_Radar/Radar-Hands-On-Solution-WS/install/can_msgs/share/can_msgs/cmake/can_msgs__rosidl_typesupport_introspection_cExport.cmake
[0.632s] -- Up-to-date: /home/lilultime/External_Ros2_Projects/autowareclass2020/code/src/09_Perception_Radar/Radar-Hands-On-Solution-WS/install/can_msgs/share/can_msgs/cmake/can_msgs__rosidl_typesupport_introspection_cExport-noconfig.cmake
[0.633s] -- Up-to-date: /home/lilultime/External_Ros2_Projects/autowareclass2020/code/src/09_Perception_Radar/Radar-Hands-On-Solution-WS/install/can_msgs/share/can_msgs/cmake/can_msgs__rosidl_typesupport_cExport.cmake
[0.633s] -- Up-to-date: /home/lilultime/External_Ros2_Projects/autowareclass2020/code/src/09_Perception_Radar/Radar-Hands-On-Solution-WS/install/can_msgs/share/can_msgs/cmake/can_msgs__rosidl_typesupport_cExport-noconfig.cmake
[0.633s] -- Up-to-date: /home/lilultime/External_Ros2_Projects/autowareclass2020/code/src/09_Perception_Radar/Radar-Hands-On-Solution-WS/install/can_msgs/share/can_msgs/cmake/can_msgs__rosidl_typesupport_introspection_cppExport.cmake
[0.633s] -- Up-to-date: /home/lilultime/External_Ros2_Projects/autowareclass2020/code/src/09_Perception_Radar/Radar-Hands-On-Solution-WS/install/can_msgs/share/can_msgs/cmake/can_msgs__rosidl_typesupport_introspection_cppExport-noconfig.cmake
[0.634s] -- Up-to-date: /home/lilultime/External_Ros2_Projects/autowareclass2020/code/src/09_Perception_Radar/Radar-Hands-On-Solution-WS/install/can_msgs/share/can_msgs/cmake/can_msgs__rosidl_typesupport_cppExport.cmake
[0.634s] -- Up-to-date: /home/lilultime/External_Ros2_Projects/autowareclass2020/code/src/09_Perception_Radar/Radar-Hands-On-Solution-WS/install/can_msgs/share/can_msgs/cmake/can_msgs__rosidl_typesupport_cppExport-noconfig.cmake
[0.634s] -- Up-to-date: /home/lilultime/External_Ros2_Projects/autowareclass2020/code/src/09_Perception_Radar/Radar-Hands-On-Solution-WS/install/can_msgs/share/can_msgs/cmake/export_can_msgs__rosidl_generator_pyExport.cmake
[0.634s] -- Up-to-date: /home/lilultime/External_Ros2_Projects/autowareclass2020/code/src/09_Perception_Radar/Radar-Hands-On-Solution-WS/install/can_msgs/share/can_msgs/cmake/export_can_msgs__rosidl_generator_pyExport-noconfig.cmake
[0.634s] -- Up-to-date: /home/lilultime/External_Ros2_Projects/autowareclass2020/code/src/09_Perception_Radar/Radar-Hands-On-Solution-WS/install/can_msgs/share/can_msgs/cmake/rosidl_cmake-extras.cmake
[0.635s] -- Up-to-date: /home/lilultime/External_Ros2_Projects/autowareclass2020/code/src/09_Perception_Radar/Radar-Hands-On-Solution-WS/install/can_msgs/share/can_msgs/cmake/ament_cmake_export_dependencies-extras.cmake
[0.635s] -- Up-to-date: /home/lilultime/External_Ros2_Projects/autowareclass2020/code/src/09_Perception_Radar/Radar-Hands-On-Solution-WS/install/can_msgs/share/can_msgs/cmake/ament_cmake_export_include_directories-extras.cmake
[0.635s] -- Up-to-date: /home/lilultime/External_Ros2_Projects/autowareclass2020/code/src/09_Perception_Radar/Radar-Hands-On-Solution-WS/install/can_msgs/share/can_msgs/cmake/ament_cmake_export_libraries-extras.cmake
[0.635s] -- Up-to-date: /home/lilultime/External_Ros2_Projects/autowareclass2020/code/src/09_Perception_Radar/Radar-Hands-On-Solution-WS/install/can_msgs/share/can_msgs/cmake/ament_cmake_export_targets-extras.cmake
[0.635s] -- Up-to-date: /home/lilultime/External_Ros2_Projects/autowareclass2020/code/src/09_Perception_Radar/Radar-Hands-On-Solution-WS/install/can_msgs/share/can_msgs/cmake/rosidl_cmake_export_typesupport_targets-extras.cmake
[0.635s] -- Up-to-date: /home/lilultime/External_Ros2_Projects/autowareclass2020/code/src/09_Perception_Radar/Radar-Hands-On-Solution-WS/install/can_msgs/share/can_msgs/cmake/rosidl_cmake_export_typesupport_libraries-extras.cmake
[0.636s] -- Up-to-date: /home/lilultime/External_Ros2_Projects/autowareclass2020/code/src/09_Perception_Radar/Radar-Hands-On-Solution-WS/install/can_msgs/share/can_msgs/cmake/can_msgsConfig.cmake
[0.636s] -- Up-to-date: /home/lilultime/External_Ros2_Projects/autowareclass2020/code/src/09_Perception_Radar/Radar-Hands-On-Solution-WS/install/can_msgs/share/can_msgs/cmake/can_msgsConfig-version.cmake
[0.636s] -- Up-to-date: /home/lilultime/External_Ros2_Projects/autowareclass2020/code/src/09_Perception_Radar/Radar-Hands-On-Solution-WS/install/can_msgs/share/can_msgs/package.xml
[0.639s] Invoked command in '/home/lilultime/External_Ros2_Projects/autowareclass2020/code/src/09_Perception_Radar/Radar-Hands-On-Solution-WS/build/can_msgs' returned '0': CMAKE_PREFIX_PATH=${CMAKE_PREFIX_PATH}:/home/lilultime/ros2_ws/install/my_robot_controller:/opt/ros/humble /usr/bin/cmake --install /home/lilultime/External_Ros2_Projects/autowareclass2020/code/src/09_Perception_Radar/Radar-Hands-On-Solution-WS/build/can_msgs
