[0.016s] Invoking command in '/home/lilultime/ros2_lidar_ws/build/rslidar_msg': CMAKE_PREFIX_PATH=${CMAKE_PREFIX_PATH}:/home/lilultime/ros2_ws/install/my_robot_controller:/opt/ros/humble /usr/local/bin/cmake /home/lilultime/ros2_lidar_ws/src/rslidar_msg-master -DCMAKE_INSTALL_PREFIX=/home/lilultime/ros2_lidar_ws/install/rslidar_msg
[0.137s] -- The C compiler identification is GNU 11.3.0
[0.237s] -- The CXX compiler identification is GNU 11.3.0
[0.250s] -- Detecting C compiler ABI info
[0.309s] -- Detecting C compiler ABI info - done
[0.321s] -- Check for working C compiler: /usr/bin/cc - skipped
[0.321s] -- Detecting C compile features
[0.322s] -- Detecting C compile features - done
[0.326s] -- Detecting CXX compiler ABI info
[0.392s] -- Detecting CXX compiler ABI info - done
[0.405s] -- Check for working CXX compiler: /usr/bin/c++ - skipped
[0.405s] -- Detecting CXX compile features
[0.406s] -- Detecting CXX compile features - done
[0.413s] -- Found ament_cmake: 1.3.3 (/opt/ros/humble/share/ament_cmake/cmake)
[0.770s] -- Found Python3: /usr/bin/python3.10 (found version "3.10.6") found components: Interpreter 
[0.871s] -- Found std_msgs: 4.2.3 (/opt/ros/humble/share/std_msgs/cmake)
[0.925s] -- Found rosidl_generator_c: 3.1.4 (/opt/ros/humble/share/rosidl_generator_c/cmake)
[0.934s] -- Found rosidl_adapter: 3.1.4 (/opt/ros/humble/share/rosidl_adapter/cmake)
[0.947s] -- Found rosidl_generator_cpp: 3.1.4 (/opt/ros/humble/share/rosidl_generator_cpp/cmake)
[0.970s] -- Using all available rosidl_typesupport_c: rosidl_typesupport_fastrtps_c;rosidl_typesupport_introspection_c
[0.998s] -- Using all available rosidl_typesupport_cpp: rosidl_typesupport_fastrtps_cpp;rosidl_typesupport_introspection_cpp
[1.075s] -- Found rclcpp: 16.0.3 (/opt/ros/humble/share/rclcpp/cmake)
[1.162s] -- Found rmw_implementation_cmake: 6.1.1 (/opt/ros/humble/share/rmw_implementation_cmake/cmake)
[1.166s] -- Found rmw_fastrtps_cpp: 6.2.2 (/opt/ros/humble/share/rmw_fastrtps_cpp/cmake)
[1.277s] -- Found OpenSSL: /usr/lib/x86_64-linux-gnu/libcrypto.so (found version "3.0.2")  
[1.308s] -- Found FastRTPS: /opt/ros/humble/include  
[1.361s] -- Using RMW implementation 'rmw_fastrtps_cpp' as default
[1.375s] -- Performing Test CMAKE_HAVE_LIBC_PTHREAD
[1.436s] -- Performing Test CMAKE_HAVE_LIBC_PTHREAD - Success
[1.437s] -- Found Threads: TRUE  
[1.603s] -- Found rosidl_default_generators: 1.2.0 (/opt/ros/humble/share/rosidl_default_generators/cmake)
[1.828s] -- Found ament_cmake_ros: 0.10.0 (/opt/ros/humble/share/ament_cmake_ros/cmake)
[2.075s] -- Using all available rosidl_typesupport_c: rosidl_typesupport_fastrtps_c;rosidl_typesupport_introspection_c
[2.168s] -- Using all available rosidl_typesupport_cpp: rosidl_typesupport_fastrtps_cpp;rosidl_typesupport_introspection_cpp
[2.191s] -- Found PythonInterp: /usr/bin/python3 (found suitable version "3.10.6", minimum required is "3.6") 
[2.193s] -- Found python_cmake_module: 0.10.0 (/opt/ros/humble/share/python_cmake_module/cmake)
[2.221s] -- Found PythonLibs: /usr/lib/x86_64-linux-gnu/libpython3.10.so (found suitable version "3.10.6", minimum required is "3.5") 
[2.221s] -- Using PYTHON_EXECUTABLE: /usr/bin/python3
[2.221s] -- Using PYTHON_INCLUDE_DIRS: /usr/include/python3.10
[2.221s] -- Using PYTHON_LIBRARIES: /usr/lib/x86_64-linux-gnu/libpython3.10.so
[2.243s] -- Found PythonExtra: .so  
[2.304s] -- Found ament_lint_auto: 0.12.5 (/opt/ros/humble/share/ament_lint_auto/cmake)
[2.338s] -- Added test 'copyright' to check source files copyright and LICENSE
[2.341s] -- Added test 'lint_cmake' to check CMake code style
[2.343s] -- Added test 'xmllint' to check XML markup files
[2.346s] -- Configuring done (2.3s)
[2.387s] -- Generating done (0.0s)
[2.390s] -- Build files have been written to: /home/lilultime/ros2_lidar_ws/build/rslidar_msg
[2.402s] Invoked command in '/home/lilultime/ros2_lidar_ws/build/rslidar_msg' returned '0': CMAKE_PREFIX_PATH=${CMAKE_PREFIX_PATH}:/home/lilultime/ros2_ws/install/my_robot_controller:/opt/ros/humble /usr/local/bin/cmake /home/lilultime/ros2_lidar_ws/src/rslidar_msg-master -DCMAKE_INSTALL_PREFIX=/home/lilultime/ros2_lidar_ws/install/rslidar_msg
[2.404s] Invoking command in '/home/lilultime/ros2_lidar_ws/build/rslidar_msg': CMAKE_PREFIX_PATH=${CMAKE_PREFIX_PATH}:/home/lilultime/ros2_ws/install/my_robot_controller:/opt/ros/humble /usr/local/bin/cmake --build /home/lilultime/ros2_lidar_ws/build/rslidar_msg -- -j8 -l8
[2.446s] [  3%] [34m[1mGenerating C code for ROS interfaces[0m
[2.451s] [  6%] [34m[1mGenerating C++ code for ROS interfaces[0m
[2.454s] [  6%] Built target ament_cmake_python_copy_rslidar_msg
[2.696s] [  6%] Built target rslidar_msg__cpp
[2.702s] [  9%] [34m[1mGenerating C++ type support for eProsima Fast-RTPS[0m
[2.702s] [ 12%] [34m[1mGenerating C++ type support dispatch for ROS interfaces[0m
[2.702s] [ 16%] [34m[1mGenerating C++ introspection for ROS interfaces[0m
[2.710s] [ 19%] [32mBuilding C object CMakeFiles/rslidar_msg__rosidl_generator_c.dir/rosidl_generator_c/rslidar_msg/msg/detail/rslidar_packet__functions.c.o[0m
[2.762s] [ 22%] [32m[1mLinking C shared library librslidar_msg__rosidl_generator_c.so[0m
[2.770s] running egg_info
[2.771s] creating rslidar_msg.egg-info
[2.771s] writing rslidar_msg.egg-info/PKG-INFO
[2.771s] writing dependency_links to rslidar_msg.egg-info/dependency_links.txt
[2.771s] writing top-level names to rslidar_msg.egg-info/top_level.txt
[2.772s] writing manifest file 'rslidar_msg.egg-info/SOURCES.txt'
[2.776s] reading manifest file 'rslidar_msg.egg-info/SOURCES.txt'
[2.776s] writing manifest file 'rslidar_msg.egg-info/SOURCES.txt'
[2.796s] [ 22%] Built target rslidar_msg__rosidl_generator_c
[2.803s] [ 32%] [34m[1mGenerating C type support dispatch for ROS interfaces[0m
[2.803s] [ 32%] [34m[1mGenerating C type support for eProsima Fast-RTPS[0m
[2.803s] [ 32%] [34m[1mGenerating C introspection for ROS interfaces[0m
[2.817s] [ 32%] Built target ament_cmake_python_build_rslidar_msg_egg
[2.972s] [ 35%] [32mBuilding CXX object CMakeFiles/rslidar_msg__rosidl_typesupport_fastrtps_cpp.dir/rosidl_typesupport_fastrtps_cpp/rslidar_msg/msg/detail/dds_fastrtps/rslidar_packet__type_support.cpp.o[0m
[3.072s] [ 38%] [32mBuilding CXX object CMakeFiles/rslidar_msg__rosidl_typesupport_fastrtps_c.dir/rosidl_typesupport_fastrtps_c/rslidar_msg/msg/detail/rslidar_packet__type_support_c.cpp.o[0m
[3.106s] [ 41%] [32mBuilding CXX object CMakeFiles/rslidar_msg__rosidl_typesupport_cpp.dir/rosidl_typesupport_cpp/rslidar_msg/msg/rslidar_packet__type_support.cpp.o[0m
[3.128s] [ 45%] [32mBuilding CXX object CMakeFiles/rslidar_msg__rosidl_typesupport_introspection_cpp.dir/rosidl_typesupport_introspection_cpp/rslidar_msg/msg/detail/rslidar_packet__type_support.cpp.o[0m
[3.205s] [ 48%] [32mBuilding CXX object CMakeFiles/rslidar_msg__rosidl_typesupport_c.dir/rosidl_typesupport_c/rslidar_msg/msg/rslidar_packet__type_support.cpp.o[0m
[3.229s] [ 51%] [32mBuilding C object CMakeFiles/rslidar_msg__rosidl_typesupport_introspection_c.dir/rosidl_typesupport_introspection_c/rslidar_msg/msg/detail/rslidar_packet__type_support.c.o[0m
[3.252s] [ 54%] [32m[1mLinking CXX shared library librslidar_msg__rosidl_typesupport_c.so[0m
[3.275s] [ 58%] [32m[1mLinking C shared library librslidar_msg__rosidl_typesupport_introspection_c.so[0m
[3.301s] [ 58%] Built target rslidar_msg__rosidl_typesupport_c
[3.306s] [ 58%] Built target rslidar_msg__rosidl_typesupport_introspection_c
[3.411s] [ 61%] [32m[1mLinking CXX shared library librslidar_msg__rosidl_typesupport_cpp.so[0m
[3.444s] [ 61%] Built target rslidar_msg__rosidl_typesupport_cpp
[3.558s] [ 64%] [32m[1mLinking CXX shared library librslidar_msg__rosidl_typesupport_fastrtps_c.so[0m
[3.589s] [ 67%] [32m[1mLinking CXX shared library librslidar_msg__rosidl_typesupport_fastrtps_cpp.so[0m
[3.594s] [ 70%] [32m[1mLinking CXX shared library librslidar_msg__rosidl_typesupport_introspection_cpp.so[0m
[3.674s] [ 70%] Built target rslidar_msg__rosidl_typesupport_fastrtps_c
[3.696s] [ 70%] Built target rslidar_msg__rosidl_typesupport_fastrtps_cpp
[3.703s] [ 70%] Built target rslidar_msg__rosidl_typesupport_introspection_cpp
[3.711s] [ 70%] Built target rslidar_msg
[3.721s] [ 74%] [34m[1mGenerating Python code for ROS interfaces[0m
[4.002s] [ 74%] Built target rslidar_msg__py
[4.010s] [ 77%] [32mBuilding C object CMakeFiles/rslidar_msg__rosidl_generator_py.dir/rosidl_generator_py/rslidar_msg/msg/_rslidar_packet_s.c.o[0m
[4.112s] [ 80%] [32m[1mLinking C shared library rosidl_generator_py/rslidar_msg/librslidar_msg__rosidl_generator_py.so[0m
[4.142s] [ 80%] Built target rslidar_msg__rosidl_generator_py
[4.152s] [ 87%] [32mBuilding C object CMakeFiles/rslidar_msg__rosidl_typesupport_fastrtps_c__pyext.dir/rosidl_generator_py/rslidar_msg/_rslidar_msg_s.ep.rosidl_typesupport_fastrtps_c.c.o[0m
[4.153s] [ 87%] [32mBuilding C object CMakeFiles/rslidar_msg__rosidl_typesupport_c__pyext.dir/rosidl_generator_py/rslidar_msg/_rslidar_msg_s.ep.rosidl_typesupport_c.c.o[0m
[4.153s] [ 90%] [32mBuilding C object CMakeFiles/rslidar_msg__rosidl_typesupport_introspection_c__pyext.dir/rosidl_generator_py/rslidar_msg/_rslidar_msg_s.ep.rosidl_typesupport_introspection_c.c.o[0m
[4.250s] [ 93%] [32m[1mLinking C shared library rosidl_generator_py/rslidar_msg/rslidar_msg_s__rosidl_typesupport_c.cpython-310-x86_64-linux-gnu.so[0m
[4.253s] [ 96%] [32m[1mLinking C shared library rosidl_generator_py/rslidar_msg/rslidar_msg_s__rosidl_typesupport_fastrtps_c.cpython-310-x86_64-linux-gnu.so[0m
[4.254s] [100%] [32m[1mLinking C shared library rosidl_generator_py/rslidar_msg/rslidar_msg_s__rosidl_typesupport_introspection_c.cpython-310-x86_64-linux-gnu.so[0m
[4.280s] [100%] Built target rslidar_msg__rosidl_typesupport_c__pyext
[4.283s] [100%] Built target rslidar_msg__rosidl_typesupport_fastrtps_c__pyext
[4.285s] [100%] Built target rslidar_msg__rosidl_typesupport_introspection_c__pyext
[4.294s] Invoked command in '/home/lilultime/ros2_lidar_ws/build/rslidar_msg' returned '0': CMAKE_PREFIX_PATH=${CMAKE_PREFIX_PATH}:/home/lilultime/ros2_ws/install/my_robot_controller:/opt/ros/humble /usr/local/bin/cmake --build /home/lilultime/ros2_lidar_ws/build/rslidar_msg -- -j8 -l8
[4.404s] Invoking command in '/home/lilultime/ros2_lidar_ws/build/rslidar_msg': CMAKE_PREFIX_PATH=${CMAKE_PREFIX_PATH}:/home/lilultime/ros2_ws/install/my_robot_controller:/opt/ros/humble /usr/local/bin/cmake --install /home/lilultime/ros2_lidar_ws/build/rslidar_msg
[4.430s] -- Install configuration: ""
[4.430s] -- Installing: /home/lilultime/ros2_lidar_ws/install/rslidar_msg/share/ament_index/resource_index/rosidl_interfaces/rslidar_msg
[4.431s] -- Installing: /home/lilultime/ros2_lidar_ws/install/rslidar_msg/include/rslidar_msg/rslidar_msg
[4.431s] -- Installing: /home/lilultime/ros2_lidar_ws/install/rslidar_msg/include/rslidar_msg/rslidar_msg/msg
[4.431s] -- Installing: /home/lilultime/ros2_lidar_ws/install/rslidar_msg/include/rslidar_msg/rslidar_msg/msg/rslidar_packet.h
[4.431s] -- Installing: /home/lilultime/ros2_lidar_ws/install/rslidar_msg/include/rslidar_msg/rslidar_msg/msg/rosidl_generator_c__visibility_control.h
[4.431s] -- Installing: /home/lilultime/ros2_lidar_ws/install/rslidar_msg/include/rslidar_msg/rslidar_msg/msg/detail
[4.431s] -- Installing: /home/lilultime/ros2_lidar_ws/install/rslidar_msg/include/rslidar_msg/rslidar_msg/msg/detail/rslidar_packet__functions.h
[4.431s] -- Installing: /home/lilultime/ros2_lidar_ws/install/rslidar_msg/include/rslidar_msg/rslidar_msg/msg/detail/rslidar_packet__struct.h
[4.432s] -- Installing: /home/lilultime/ros2_lidar_ws/install/rslidar_msg/include/rslidar_msg/rslidar_msg/msg/detail/rslidar_packet__functions.c
[4.432s] -- Installing: /home/lilultime/ros2_lidar_ws/install/rslidar_msg/include/rslidar_msg/rslidar_msg/msg/detail/rslidar_packet__type_support.h
[4.432s] -- Installing: /home/lilultime/ros2_lidar_ws/install/rslidar_msg/share/rslidar_msg/environment/library_path.sh
[4.432s] -- Installing: /home/lilultime/ros2_lidar_ws/install/rslidar_msg/share/rslidar_msg/environment/library_path.dsv
[4.432s] -- Installing: /home/lilultime/ros2_lidar_ws/install/rslidar_msg/lib/librslidar_msg__rosidl_generator_c.so
[4.433s] -- Set runtime path of "/home/lilultime/ros2_lidar_ws/install/rslidar_msg/lib/librslidar_msg__rosidl_generator_c.so" to ""
[4.433s] -- Up-to-date: /home/lilultime/ros2_lidar_ws/install/rslidar_msg/include/rslidar_msg/rslidar_msg
[4.433s] -- Up-to-date: /home/lilultime/ros2_lidar_ws/install/rslidar_msg/include/rslidar_msg/rslidar_msg/msg
[4.433s] -- Installing: /home/lilultime/ros2_lidar_ws/install/rslidar_msg/include/rslidar_msg/rslidar_msg/msg/rosidl_typesupport_fastrtps_c__visibility_control.h
[4.433s] -- Up-to-date: /home/lilultime/ros2_lidar_ws/install/rslidar_msg/include/rslidar_msg/rslidar_msg/msg/detail
[4.433s] -- Installing: /home/lilultime/ros2_lidar_ws/install/rslidar_msg/include/rslidar_msg/rslidar_msg/msg/detail/rslidar_packet__rosidl_typesupport_fastrtps_c.h
[4.433s] -- Installing: /home/lilultime/ros2_lidar_ws/install/rslidar_msg/lib/librslidar_msg__rosidl_typesupport_fastrtps_c.so
[4.434s] -- Set runtime path of "/home/lilultime/ros2_lidar_ws/install/rslidar_msg/lib/librslidar_msg__rosidl_typesupport_fastrtps_c.so" to ""
[4.434s] -- Up-to-date: /home/lilultime/ros2_lidar_ws/install/rslidar_msg/include/rslidar_msg/rslidar_msg
[4.434s] -- Up-to-date: /home/lilultime/ros2_lidar_ws/install/rslidar_msg/include/rslidar_msg/rslidar_msg/msg
[4.434s] -- Up-to-date: /home/lilultime/ros2_lidar_ws/install/rslidar_msg/include/rslidar_msg/rslidar_msg/msg/detail
[4.434s] -- Installing: /home/lilultime/ros2_lidar_ws/install/rslidar_msg/include/rslidar_msg/rslidar_msg/msg/detail/rslidar_packet__builder.hpp
[4.434s] -- Installing: /home/lilultime/ros2_lidar_ws/install/rslidar_msg/include/rslidar_msg/rslidar_msg/msg/detail/rslidar_packet__traits.hpp
[4.434s] -- Installing: /home/lilultime/ros2_lidar_ws/install/rslidar_msg/include/rslidar_msg/rslidar_msg/msg/detail/rslidar_packet__struct.hpp
[4.434s] -- Installing: /home/lilultime/ros2_lidar_ws/install/rslidar_msg/include/rslidar_msg/rslidar_msg/msg/rslidar_packet.hpp
[4.434s] -- Up-to-date: /home/lilultime/ros2_lidar_ws/install/rslidar_msg/include/rslidar_msg/rslidar_msg
[4.434s] -- Up-to-date: /home/lilultime/ros2_lidar_ws/install/rslidar_msg/include/rslidar_msg/rslidar_msg/msg
[4.434s] -- Installing: /home/lilultime/ros2_lidar_ws/install/rslidar_msg/include/rslidar_msg/rslidar_msg/msg/rosidl_typesupport_fastrtps_cpp__visibility_control.h
[4.434s] -- Up-to-date: /home/lilultime/ros2_lidar_ws/install/rslidar_msg/include/rslidar_msg/rslidar_msg/msg/detail
[4.434s] -- Installing: /home/lilultime/ros2_lidar_ws/install/rslidar_msg/include/rslidar_msg/rslidar_msg/msg/detail/dds_fastrtps
[4.435s] -- Installing: /home/lilultime/ros2_lidar_ws/install/rslidar_msg/include/rslidar_msg/rslidar_msg/msg/detail/rslidar_packet__rosidl_typesupport_fastrtps_cpp.hpp
[4.435s] -- Installing: /home/lilultime/ros2_lidar_ws/install/rslidar_msg/lib/librslidar_msg__rosidl_typesupport_fastrtps_cpp.so
[4.435s] -- Set runtime path of "/home/lilultime/ros2_lidar_ws/install/rslidar_msg/lib/librslidar_msg__rosidl_typesupport_fastrtps_cpp.so" to ""
[4.435s] -- Up-to-date: /home/lilultime/ros2_lidar_ws/install/rslidar_msg/include/rslidar_msg/rslidar_msg
[4.435s] -- Up-to-date: /home/lilultime/ros2_lidar_ws/install/rslidar_msg/include/rslidar_msg/rslidar_msg/msg
[4.435s] -- Installing: /home/lilultime/ros2_lidar_ws/install/rslidar_msg/include/rslidar_msg/rslidar_msg/msg/rosidl_typesupport_introspection_c__visibility_control.h
[4.435s] -- Up-to-date: /home/lilultime/ros2_lidar_ws/install/rslidar_msg/include/rslidar_msg/rslidar_msg/msg/detail
[4.435s] -- Installing: /home/lilultime/ros2_lidar_ws/install/rslidar_msg/include/rslidar_msg/rslidar_msg/msg/detail/rslidar_packet__type_support.c
[4.435s] -- Installing: /home/lilultime/ros2_lidar_ws/install/rslidar_msg/include/rslidar_msg/rslidar_msg/msg/detail/rslidar_packet__rosidl_typesupport_introspection_c.h
[4.436s] -- Installing: /home/lilultime/ros2_lidar_ws/install/rslidar_msg/lib/librslidar_msg__rosidl_typesupport_introspection_c.so
[4.436s] -- Set runtime path of "/home/lilultime/ros2_lidar_ws/install/rslidar_msg/lib/librslidar_msg__rosidl_typesupport_introspection_c.so" to ""
[4.436s] -- Installing: /home/lilultime/ros2_lidar_ws/install/rslidar_msg/lib/librslidar_msg__rosidl_typesupport_c.so
[4.437s] -- Set runtime path of "/home/lilultime/ros2_lidar_ws/install/rslidar_msg/lib/librslidar_msg__rosidl_typesupport_c.so" to ""
[4.437s] -- Up-to-date: /home/lilultime/ros2_lidar_ws/install/rslidar_msg/include/rslidar_msg/rslidar_msg
[4.437s] -- Up-to-date: /home/lilultime/ros2_lidar_ws/install/rslidar_msg/include/rslidar_msg/rslidar_msg/msg
[4.437s] -- Up-to-date: /home/lilultime/ros2_lidar_ws/install/rslidar_msg/include/rslidar_msg/rslidar_msg/msg/detail
[4.437s] -- Installing: /home/lilultime/ros2_lidar_ws/install/rslidar_msg/include/rslidar_msg/rslidar_msg/msg/detail/rslidar_packet__type_support.cpp
[4.437s] -- Installing: /home/lilultime/ros2_lidar_ws/install/rslidar_msg/include/rslidar_msg/rslidar_msg/msg/detail/rslidar_packet__rosidl_typesupport_introspection_cpp.hpp
[4.437s] -- Installing: /home/lilultime/ros2_lidar_ws/install/rslidar_msg/lib/librslidar_msg__rosidl_typesupport_introspection_cpp.so
[4.437s] -- Set runtime path of "/home/lilultime/ros2_lidar_ws/install/rslidar_msg/lib/librslidar_msg__rosidl_typesupport_introspection_cpp.so" to ""
[4.437s] -- Installing: /home/lilultime/ros2_lidar_ws/install/rslidar_msg/lib/librslidar_msg__rosidl_typesupport_cpp.so
[4.438s] -- Set runtime path of "/home/lilultime/ros2_lidar_ws/install/rslidar_msg/lib/librslidar_msg__rosidl_typesupport_cpp.so" to ""
[4.438s] -- Installing: /home/lilultime/ros2_lidar_ws/install/rslidar_msg/share/rslidar_msg/environment/pythonpath.sh
[4.438s] -- Installing: /home/lilultime/ros2_lidar_ws/install/rslidar_msg/share/rslidar_msg/environment/pythonpath.dsv
[4.438s] -- Installing: /home/lilultime/ros2_lidar_ws/install/rslidar_msg/local/lib/python3.10/dist-packages/rslidar_msg-0.0.0-py3.10.egg-info
[4.438s] -- Installing: /home/lilultime/ros2_lidar_ws/install/rslidar_msg/local/lib/python3.10/dist-packages/rslidar_msg-0.0.0-py3.10.egg-info/dependency_links.txt
[4.439s] -- Installing: /home/lilultime/ros2_lidar_ws/install/rslidar_msg/local/lib/python3.10/dist-packages/rslidar_msg-0.0.0-py3.10.egg-info/top_level.txt
[4.439s] -- Installing: /home/lilultime/ros2_lidar_ws/install/rslidar_msg/local/lib/python3.10/dist-packages/rslidar_msg-0.0.0-py3.10.egg-info/PKG-INFO
[4.439s] -- Installing: /home/lilultime/ros2_lidar_ws/install/rslidar_msg/local/lib/python3.10/dist-packages/rslidar_msg-0.0.0-py3.10.egg-info/SOURCES.txt
[4.439s] -- Installing: /home/lilultime/ros2_lidar_ws/install/rslidar_msg/local/lib/python3.10/dist-packages/rslidar_msg
[4.439s] -- Installing: /home/lilultime/ros2_lidar_ws/install/rslidar_msg/local/lib/python3.10/dist-packages/rslidar_msg/_rslidar_msg_s.ep.rosidl_typesupport_fastrtps_c.c
[4.439s] -- Installing: /home/lilultime/ros2_lidar_ws/install/rslidar_msg/local/lib/python3.10/dist-packages/rslidar_msg/_rslidar_msg_s.ep.rosidl_typesupport_c.c
[4.439s] -- Installing: /home/lilultime/ros2_lidar_ws/install/rslidar_msg/local/lib/python3.10/dist-packages/rslidar_msg/rslidar_msg_s__rosidl_typesupport_c.cpython-310-x86_64-linux-gnu.so
[4.439s] -- Installing: /home/lilultime/ros2_lidar_ws/install/rslidar_msg/local/lib/python3.10/dist-packages/rslidar_msg/rslidar_msg_s__rosidl_typesupport_introspection_c.cpython-310-x86_64-linux-gnu.so
[4.439s] -- Installing: /home/lilultime/ros2_lidar_ws/install/rslidar_msg/local/lib/python3.10/dist-packages/rslidar_msg/librslidar_msg__rosidl_generator_py.so
[4.440s] -- Installing: /home/lilultime/ros2_lidar_ws/install/rslidar_msg/local/lib/python3.10/dist-packages/rslidar_msg/_rslidar_msg_s.ep.rosidl_typesupport_introspection_c.c
[4.440s] -- Installing: /home/lilultime/ros2_lidar_ws/install/rslidar_msg/local/lib/python3.10/dist-packages/rslidar_msg/rslidar_msg_s__rosidl_typesupport_fastrtps_c.cpython-310-x86_64-linux-gnu.so
[4.440s] -- Installing: /home/lilultime/ros2_lidar_ws/install/rslidar_msg/local/lib/python3.10/dist-packages/rslidar_msg/msg
[4.440s] -- Installing: /home/lilultime/ros2_lidar_ws/install/rslidar_msg/local/lib/python3.10/dist-packages/rslidar_msg/msg/_rslidar_packet.py
[4.440s] -- Installing: /home/lilultime/ros2_lidar_ws/install/rslidar_msg/local/lib/python3.10/dist-packages/rslidar_msg/msg/_rslidar_packet_s.c
[4.440s] -- Installing: /home/lilultime/ros2_lidar_ws/install/rslidar_msg/local/lib/python3.10/dist-packages/rslidar_msg/msg/__init__.py
[4.440s] -- Installing: /home/lilultime/ros2_lidar_ws/install/rslidar_msg/local/lib/python3.10/dist-packages/rslidar_msg/__init__.py
[4.475s] Listing '/home/lilultime/ros2_lidar_ws/install/rslidar_msg/local/lib/python3.10/dist-packages/rslidar_msg'...
[4.475s] Compiling '/home/lilultime/ros2_lidar_ws/install/rslidar_msg/local/lib/python3.10/dist-packages/rslidar_msg/__init__.py'...
[4.475s] Listing '/home/lilultime/ros2_lidar_ws/install/rslidar_msg/local/lib/python3.10/dist-packages/rslidar_msg/msg'...
[4.475s] Compiling '/home/lilultime/ros2_lidar_ws/install/rslidar_msg/local/lib/python3.10/dist-packages/rslidar_msg/msg/__init__.py'...
[4.475s] Compiling '/home/lilultime/ros2_lidar_ws/install/rslidar_msg/local/lib/python3.10/dist-packages/rslidar_msg/msg/_rslidar_packet.py'...
[4.479s] -- Installing: /home/lilultime/ros2_lidar_ws/install/rslidar_msg/local/lib/python3.10/dist-packages/rslidar_msg/rslidar_msg_s__rosidl_typesupport_fastrtps_c.cpython-310-x86_64-linux-gnu.so
[4.480s] -- Set runtime path of "/home/lilultime/ros2_lidar_ws/install/rslidar_msg/local/lib/python3.10/dist-packages/rslidar_msg/rslidar_msg_s__rosidl_typesupport_fastrtps_c.cpython-310-x86_64-linux-gnu.so" to ""
[4.480s] -- Installing: /home/lilultime/ros2_lidar_ws/install/rslidar_msg/local/lib/python3.10/dist-packages/rslidar_msg/rslidar_msg_s__rosidl_typesupport_introspection_c.cpython-310-x86_64-linux-gnu.so
[4.480s] -- Set runtime path of "/home/lilultime/ros2_lidar_ws/install/rslidar_msg/local/lib/python3.10/dist-packages/rslidar_msg/rslidar_msg_s__rosidl_typesupport_introspection_c.cpython-310-x86_64-linux-gnu.so" to ""
[4.481s] -- Installing: /home/lilultime/ros2_lidar_ws/install/rslidar_msg/local/lib/python3.10/dist-packages/rslidar_msg/rslidar_msg_s__rosidl_typesupport_c.cpython-310-x86_64-linux-gnu.so
[4.481s] -- Set runtime path of "/home/lilultime/ros2_lidar_ws/install/rslidar_msg/local/lib/python3.10/dist-packages/rslidar_msg/rslidar_msg_s__rosidl_typesupport_c.cpython-310-x86_64-linux-gnu.so" to ""
[4.481s] -- Installing: /home/lilultime/ros2_lidar_ws/install/rslidar_msg/lib/librslidar_msg__rosidl_generator_py.so
[4.482s] -- Set runtime path of "/home/lilultime/ros2_lidar_ws/install/rslidar_msg/lib/librslidar_msg__rosidl_generator_py.so" to ""
[4.483s] -- Installing: /home/lilultime/ros2_lidar_ws/install/rslidar_msg/share/rslidar_msg/msg/RslidarPacket.idl
[4.483s] -- Installing: /home/lilultime/ros2_lidar_ws/install/rslidar_msg/share/rslidar_msg/msg/RslidarPacket.msg
[4.483s] -- Installing: /home/lilultime/ros2_lidar_ws/install/rslidar_msg/share/ament_index/resource_index/package_run_dependencies/rslidar_msg
[4.483s] -- Installing: /home/lilultime/ros2_lidar_ws/install/rslidar_msg/share/ament_index/resource_index/parent_prefix_path/rslidar_msg
[4.483s] -- Installing: /home/lilultime/ros2_lidar_ws/install/rslidar_msg/share/rslidar_msg/environment/ament_prefix_path.sh
[4.483s] -- Installing: /home/lilultime/ros2_lidar_ws/install/rslidar_msg/share/rslidar_msg/environment/ament_prefix_path.dsv
[4.484s] -- Installing: /home/lilultime/ros2_lidar_ws/install/rslidar_msg/share/rslidar_msg/environment/path.sh
[4.484s] -- Installing: /home/lilultime/ros2_lidar_ws/install/rslidar_msg/share/rslidar_msg/environment/path.dsv
[4.484s] -- Installing: /home/lilultime/ros2_lidar_ws/install/rslidar_msg/share/rslidar_msg/local_setup.bash
[4.484s] -- Installing: /home/lilultime/ros2_lidar_ws/install/rslidar_msg/share/rslidar_msg/local_setup.sh
[4.484s] -- Installing: /home/lilultime/ros2_lidar_ws/install/rslidar_msg/share/rslidar_msg/local_setup.zsh
[4.484s] -- Installing: /home/lilultime/ros2_lidar_ws/install/rslidar_msg/share/rslidar_msg/local_setup.dsv
[4.485s] -- Installing: /home/lilultime/ros2_lidar_ws/install/rslidar_msg/share/rslidar_msg/package.dsv
[4.485s] -- Installing: /home/lilultime/ros2_lidar_ws/install/rslidar_msg/share/ament_index/resource_index/packages/rslidar_msg
[4.485s] -- Installing: /home/lilultime/ros2_lidar_ws/install/rslidar_msg/share/rslidar_msg/cmake/export_rslidar_msg__rosidl_generator_cExport.cmake
[4.485s] -- Installing: /home/lilultime/ros2_lidar_ws/install/rslidar_msg/share/rslidar_msg/cmake/export_rslidar_msg__rosidl_generator_cExport-noconfig.cmake
[4.485s] -- Installing: /home/lilultime/ros2_lidar_ws/install/rslidar_msg/share/rslidar_msg/cmake/export_rslidar_msg__rosidl_typesupport_fastrtps_cExport.cmake
[4.486s] -- Installing: /home/lilultime/ros2_lidar_ws/install/rslidar_msg/share/rslidar_msg/cmake/export_rslidar_msg__rosidl_typesupport_fastrtps_cExport-noconfig.cmake
[4.486s] -- Installing: /home/lilultime/ros2_lidar_ws/install/rslidar_msg/share/rslidar_msg/cmake/export_rslidar_msg__rosidl_generator_cppExport.cmake
[4.486s] -- Installing: /home/lilultime/ros2_lidar_ws/install/rslidar_msg/share/rslidar_msg/cmake/export_rslidar_msg__rosidl_typesupport_fastrtps_cppExport.cmake
[4.486s] -- Installing: /home/lilultime/ros2_lidar_ws/install/rslidar_msg/share/rslidar_msg/cmake/export_rslidar_msg__rosidl_typesupport_fastrtps_cppExport-noconfig.cmake
[4.487s] -- Installing: /home/lilultime/ros2_lidar_ws/install/rslidar_msg/share/rslidar_msg/cmake/rslidar_msg__rosidl_typesupport_introspection_cExport.cmake
[4.487s] -- Installing: /home/lilultime/ros2_lidar_ws/install/rslidar_msg/share/rslidar_msg/cmake/rslidar_msg__rosidl_typesupport_introspection_cExport-noconfig.cmake
[4.487s] -- Installing: /home/lilultime/ros2_lidar_ws/install/rslidar_msg/share/rslidar_msg/cmake/rslidar_msg__rosidl_typesupport_cExport.cmake
[4.487s] -- Installing: /home/lilultime/ros2_lidar_ws/install/rslidar_msg/share/rslidar_msg/cmake/rslidar_msg__rosidl_typesupport_cExport-noconfig.cmake
[4.487s] -- Installing: /home/lilultime/ros2_lidar_ws/install/rslidar_msg/share/rslidar_msg/cmake/rslidar_msg__rosidl_typesupport_introspection_cppExport.cmake
[4.488s] -- Installing: /home/lilultime/ros2_lidar_ws/install/rslidar_msg/share/rslidar_msg/cmake/rslidar_msg__rosidl_typesupport_introspection_cppExport-noconfig.cmake
[4.488s] -- Installing: /home/lilultime/ros2_lidar_ws/install/rslidar_msg/share/rslidar_msg/cmake/rslidar_msg__rosidl_typesupport_cppExport.cmake
[4.488s] -- Installing: /home/lilultime/ros2_lidar_ws/install/rslidar_msg/share/rslidar_msg/cmake/rslidar_msg__rosidl_typesupport_cppExport-noconfig.cmake
[4.488s] -- Installing: /home/lilultime/ros2_lidar_ws/install/rslidar_msg/share/rslidar_msg/cmake/export_rslidar_msg__rosidl_generator_pyExport.cmake
[4.488s] -- Installing: /home/lilultime/ros2_lidar_ws/install/rslidar_msg/share/rslidar_msg/cmake/export_rslidar_msg__rosidl_generator_pyExport-noconfig.cmake
[4.488s] -- Installing: /home/lilultime/ros2_lidar_ws/install/rslidar_msg/share/rslidar_msg/cmake/rosidl_cmake-extras.cmake
[4.489s] -- Installing: /home/lilultime/ros2_lidar_ws/install/rslidar_msg/share/rslidar_msg/cmake/ament_cmake_export_dependencies-extras.cmake
[4.489s] -- Installing: /home/lilultime/ros2_lidar_ws/install/rslidar_msg/share/rslidar_msg/cmake/ament_cmake_export_include_directories-extras.cmake
[4.489s] -- Installing: /home/lilultime/ros2_lidar_ws/install/rslidar_msg/share/rslidar_msg/cmake/ament_cmake_export_libraries-extras.cmake
[4.489s] -- Installing: /home/lilultime/ros2_lidar_ws/install/rslidar_msg/share/rslidar_msg/cmake/ament_cmake_export_targets-extras.cmake
[4.489s] -- Installing: /home/lilultime/ros2_lidar_ws/install/rslidar_msg/share/rslidar_msg/cmake/rosidl_cmake_export_typesupport_targets-extras.cmake
[4.489s] -- Installing: /home/lilultime/ros2_lidar_ws/install/rslidar_msg/share/rslidar_msg/cmake/rosidl_cmake_export_typesupport_libraries-extras.cmake
[4.489s] -- Installing: /home/lilultime/ros2_lidar_ws/install/rslidar_msg/share/rslidar_msg/cmake/rslidar_msgConfig.cmake
[4.490s] -- Installing: /home/lilultime/ros2_lidar_ws/install/rslidar_msg/share/rslidar_msg/cmake/rslidar_msgConfig-version.cmake
[4.490s] -- Installing: /home/lilultime/ros2_lidar_ws/install/rslidar_msg/share/rslidar_msg/package.xml
[4.496s] Invoked command in '/home/lilultime/ros2_lidar_ws/build/rslidar_msg' returned '0': CMAKE_PREFIX_PATH=${CMAKE_PREFIX_PATH}:/home/lilultime/ros2_ws/install/my_robot_controller:/opt/ros/humble /usr/local/bin/cmake --install /home/lilultime/ros2_lidar_ws/build/rslidar_msg
