[0.023s] Invoking command in '/home/lilultime/External_Ros2_Projects/autowareclass2020/code/src/09_Perception_Radar/Radar-Hands-On-Solution-WS/build/can_msgs': CMAKE_PREFIX_PATH=${CMAKE_PREFIX_PATH}:/home/lilultime/ros2_ws/install/my_robot_controller:/opt/ros/humble /usr/bin/cmake --build /home/lilultime/External_Ros2_Projects/autowareclass2020/code/src/09_Perception_Radar/Radar-Hands-On-Solution-WS/build/can_msgs -- -j8 -l8
[0.096s] [35m[1mConsolidate compiler generated dependencies of target can_msgs__rosidl_generator_c[0m
[0.108s] [  3%] Built target can_msgs__cpp
[0.110s] [ 12%] Built target can_msgs__rosidl_generator_c
[0.121s] [ 12%] Built target ament_cmake_python_copy_can_msgs
[0.127s] [35m[1mConsolidate compiler generated dependencies of target can_msgs__rosidl_typesupport_cpp[0m
[0.128s] [35m[1mConsolidate compiler generated dependencies of target can_msgs__rosidl_typesupport_introspection_cpp[0m
[0.138s] [35m[1mConsolidate compiler generated dependencies of target can_msgs__rosidl_typesupport_c[0m
[0.140s] [35m[1mConsolidate compiler generated dependencies of target can_msgs__rosidl_typesupport_introspection_c[0m
[0.143s] [35m[1mConsolidate compiler generated dependencies of target can_msgs__rosidl_typesupport_fastrtps_c[0m
[0.147s] [35m[1mConsolidate compiler generated dependencies of target can_msgs__rosidl_typesupport_fastrtps_cpp[0m
[0.155s] [ 22%] Built target can_msgs__rosidl_typesupport_cpp
[0.161s] [ 32%] Built target can_msgs__rosidl_typesupport_introspection_cpp
[0.175s] [ 41%] Built target can_msgs__rosidl_typesupport_c
[0.184s] [ 51%] Built target can_msgs__rosidl_typesupport_introspection_c
[0.191s] [ 61%] Built target can_msgs__rosidl_typesupport_fastrtps_c
[0.202s] [ 70%] Built target can_msgs__rosidl_typesupport_fastrtps_cpp
[0.238s] [ 70%] Built target can_msgs
[0.265s] [ 74%] Built target can_msgs__py
[0.277s] [35m[1mConsolidate compiler generated dependencies of target can_msgs__rosidl_generator_py[0m
[0.293s] [ 80%] Built target can_msgs__rosidl_generator_py
[0.308s] [35m[1mConsolidate compiler generated dependencies of target can_msgs__rosidl_typesupport_introspection_c__pyext[0m
[0.308s] [35m[1mConsolidate compiler generated dependencies of target can_msgs__rosidl_typesupport_fastrtps_c__pyext[0m
[0.310s] [35m[1mConsolidate compiler generated dependencies of target can_msgs__rosidl_typesupport_c__pyext[0m
[0.329s] [ 87%] Built target can_msgs__rosidl_typesupport_introspection_c__pyext
[0.330s] [ 93%] Built target can_msgs__rosidl_typesupport_c__pyext
[0.330s] [100%] Built target can_msgs__rosidl_typesupport_fastrtps_c__pyext
[0.556s] running egg_info
[0.557s] writing can_msgs.egg-info/PKG-INFO
[0.557s] writing dependency_links to can_msgs.egg-info/dependency_links.txt
[0.558s] writing top-level names to can_msgs.egg-info/top_level.txt
[0.560s] reading manifest file 'can_msgs.egg-info/SOURCES.txt'
[0.560s] writing manifest file 'can_msgs.egg-info/SOURCES.txt'
[0.592s] [100%] Built target ament_cmake_python_build_can_msgs_egg
[0.605s] Invoked command in '/home/lilultime/External_Ros2_Projects/autowareclass2020/code/src/09_Perception_Radar/Radar-Hands-On-Solution-WS/build/can_msgs' returned '0': CMAKE_PREFIX_PATH=${CMAKE_PREFIX_PATH}:/home/lilultime/ros2_ws/install/my_robot_controller:/opt/ros/humble /usr/bin/cmake --build /home/lilultime/External_Ros2_Projects/autowareclass2020/code/src/09_Perception_Radar/Radar-Hands-On-Solution-WS/build/can_msgs -- -j8 -l8
[0.679s] Invoking command in '/home/lilultime/External_Ros2_Projects/autowareclass2020/code/src/09_Perception_Radar/Radar-Hands-On-Solution-WS/build/can_msgs': CMAKE_PREFIX_PATH=${CMAKE_PREFIX_PATH}:/home/lilultime/ros2_ws/install/my_robot_controller:/opt/ros/humble /usr/bin/cmake --install /home/lilultime/External_Ros2_Projects/autowareclass2020/code/src/09_Perception_Radar/Radar-Hands-On-Solution-WS/build/can_msgs
[0.688s] -- Install configuration: ""
[0.688s] -- Up-to-date: /home/lilultime/External_Ros2_Projects/autowareclass2020/code/src/09_Perception_Radar/Radar-Hands-On-Solution-WS/install/can_msgs/share/ament_index/resource_index/rosidl_interfaces/can_msgs
[0.688s] -- Up-to-date: /home/lilultime/External_Ros2_Projects/autowareclass2020/code/src/09_Perception_Radar/Radar-Hands-On-Solution-WS/install/can_msgs/include/can_msgs/can_msgs
[0.688s] -- Up-to-date: /home/lilultime/External_Ros2_Projects/autowareclass2020/code/src/09_Perception_Radar/Radar-Hands-On-Solution-WS/install/can_msgs/include/can_msgs/can_msgs/msg
[0.689s] -- Up-to-date: /home/lilultime/External_Ros2_Projects/autowareclass2020/code/src/09_Perception_Radar/Radar-Hands-On-Solution-WS/install/can_msgs/include/can_msgs/can_msgs/msg/frame.h
[0.689s] -- Up-to-date: /home/lilultime/External_Ros2_Projects/autowareclass2020/code/src/09_Perception_Radar/Radar-Hands-On-Solution-WS/install/can_msgs/include/can_msgs/can_msgs/msg/rosidl_generator_c__visibility_control.h
[0.689s] -- Up-to-date: /home/lilultime/External_Ros2_Projects/autowareclass2020/code/src/09_Perception_Radar/Radar-Hands-On-Solution-WS/install/can_msgs/include/can_msgs/can_msgs/msg/detail
[0.689s] -- Up-to-date: /home/lilultime/External_Ros2_Projects/autowareclass2020/code/src/09_Perception_Radar/Radar-Hands-On-Solution-WS/install/can_msgs/include/can_msgs/can_msgs/msg/detail/frame__functions.h
[0.689s] -- Up-to-date: /home/lilultime/External_Ros2_Projects/autowareclass2020/code/src/09_Perception_Radar/Radar-Hands-On-Solution-WS/install/can_msgs/include/can_msgs/can_msgs/msg/detail/frame__functions.c
[0.689s] -- Up-to-date: /home/lilultime/External_Ros2_Projects/autowareclass2020/code/src/09_Perception_Radar/Radar-Hands-On-Solution-WS/install/can_msgs/include/can_msgs/can_msgs/msg/detail/frame__struct.h
[0.689s] -- Up-to-date: /home/lilultime/External_Ros2_Projects/autowareclass2020/code/src/09_Perception_Radar/Radar-Hands-On-Solution-WS/install/can_msgs/include/can_msgs/can_msgs/msg/detail/frame__type_support.h
[0.690s] -- Up-to-date: /home/lilultime/External_Ros2_Projects/autowareclass2020/code/src/09_Perception_Radar/Radar-Hands-On-Solution-WS/install/can_msgs/share/can_msgs/environment/library_path.sh
[0.690s] -- Up-to-date: /home/lilultime/External_Ros2_Projects/autowareclass2020/code/src/09_Perception_Radar/Radar-Hands-On-Solution-WS/install/can_msgs/share/can_msgs/environment/library_path.dsv
[0.690s] -- Up-to-date: /home/lilultime/External_Ros2_Projects/autowareclass2020/code/src/09_Perception_Radar/Radar-Hands-On-Solution-WS/install/can_msgs/lib/libcan_msgs__rosidl_generator_c.so
[0.690s] -- Up-to-date: /home/lilultime/External_Ros2_Projects/autowareclass2020/code/src/09_Perception_Radar/Radar-Hands-On-Solution-WS/install/can_msgs/include/can_msgs/can_msgs
[0.690s] -- Up-to-date: /home/lilultime/External_Ros2_Projects/autowareclass2020/code/src/09_Perception_Radar/Radar-Hands-On-Solution-WS/install/can_msgs/include/can_msgs/can_msgs/msg
[0.690s] -- Up-to-date: /home/lilultime/External_Ros2_Projects/autowareclass2020/code/src/09_Perception_Radar/Radar-Hands-On-Solution-WS/install/can_msgs/include/can_msgs/can_msgs/msg/rosidl_typesupport_fastrtps_c__visibility_control.h
[0.690s] -- Up-to-date: /home/lilultime/External_Ros2_Projects/autowareclass2020/code/src/09_Perception_Radar/Radar-Hands-On-Solution-WS/install/can_msgs/include/can_msgs/can_msgs/msg/detail
[0.690s] -- Up-to-date: /home/lilultime/External_Ros2_Projects/autowareclass2020/code/src/09_Perception_Radar/Radar-Hands-On-Solution-WS/install/can_msgs/include/can_msgs/can_msgs/msg/detail/frame__rosidl_typesupport_fastrtps_c.h
[0.691s] -- Up-to-date: /home/lilultime/External_Ros2_Projects/autowareclass2020/code/src/09_Perception_Radar/Radar-Hands-On-Solution-WS/install/can_msgs/lib/libcan_msgs__rosidl_typesupport_fastrtps_c.so
[0.691s] -- Up-to-date: /home/lilultime/External_Ros2_Projects/autowareclass2020/code/src/09_Perception_Radar/Radar-Hands-On-Solution-WS/install/can_msgs/include/can_msgs/can_msgs
[0.691s] -- Up-to-date: /home/lilultime/External_Ros2_Projects/autowareclass2020/code/src/09_Perception_Radar/Radar-Hands-On-Solution-WS/install/can_msgs/include/can_msgs/can_msgs/msg
[0.691s] -- Up-to-date: /home/lilultime/External_Ros2_Projects/autowareclass2020/code/src/09_Perception_Radar/Radar-Hands-On-Solution-WS/install/can_msgs/include/can_msgs/can_msgs/msg/frame.hpp
[0.691s] -- Up-to-date: /home/lilultime/External_Ros2_Projects/autowareclass2020/code/src/09_Perception_Radar/Radar-Hands-On-Solution-WS/install/can_msgs/include/can_msgs/can_msgs/msg/detail
[0.691s] -- Up-to-date: /home/lilultime/External_Ros2_Projects/autowareclass2020/code/src/09_Perception_Radar/Radar-Hands-On-Solution-WS/install/can_msgs/include/can_msgs/can_msgs/msg/detail/frame__struct.hpp
[0.692s] -- Up-to-date: /home/lilultime/External_Ros2_Projects/autowareclass2020/code/src/09_Perception_Radar/Radar-Hands-On-Solution-WS/install/can_msgs/include/can_msgs/can_msgs/msg/detail/frame__traits.hpp
[0.692s] -- Up-to-date: /home/lilultime/External_Ros2_Projects/autowareclass2020/code/src/09_Perception_Radar/Radar-Hands-On-Solution-WS/install/can_msgs/include/can_msgs/can_msgs/msg/detail/frame__builder.hpp
[0.692s] -- Up-to-date: /home/lilultime/External_Ros2_Projects/autowareclass2020/code/src/09_Perception_Radar/Radar-Hands-On-Solution-WS/install/can_msgs/include/can_msgs/can_msgs
[0.692s] -- Up-to-date: /home/lilultime/External_Ros2_Projects/autowareclass2020/code/src/09_Perception_Radar/Radar-Hands-On-Solution-WS/install/can_msgs/include/can_msgs/can_msgs/msg
[0.692s] -- Up-to-date: /home/lilultime/External_Ros2_Projects/autowareclass2020/code/src/09_Perception_Radar/Radar-Hands-On-Solution-WS/install/can_msgs/include/can_msgs/can_msgs/msg/rosidl_typesupport_fastrtps_cpp__visibility_control.h
[0.692s] -- Up-to-date: /home/lilultime/External_Ros2_Projects/autowareclass2020/code/src/09_Perception_Radar/Radar-Hands-On-Solution-WS/install/can_msgs/include/can_msgs/can_msgs/msg/detail
[0.692s] -- Up-to-date: /home/lilultime/External_Ros2_Projects/autowareclass2020/code/src/09_Perception_Radar/Radar-Hands-On-Solution-WS/install/can_msgs/include/can_msgs/can_msgs/msg/detail/dds_fastrtps
[0.692s] -- Up-to-date: /home/lilultime/External_Ros2_Projects/autowareclass2020/code/src/09_Perception_Radar/Radar-Hands-On-Solution-WS/install/can_msgs/include/can_msgs/can_msgs/msg/detail/frame__rosidl_typesupport_fastrtps_cpp.hpp
[0.693s] -- Up-to-date: /home/lilultime/External_Ros2_Projects/autowareclass2020/code/src/09_Perception_Radar/Radar-Hands-On-Solution-WS/install/can_msgs/lib/libcan_msgs__rosidl_typesupport_fastrtps_cpp.so
[0.693s] -- Up-to-date: /home/lilultime/External_Ros2_Projects/autowareclass2020/code/src/09_Perception_Radar/Radar-Hands-On-Solution-WS/install/can_msgs/include/can_msgs/can_msgs
[0.693s] -- Up-to-date: /home/lilultime/External_Ros2_Projects/autowareclass2020/code/src/09_Perception_Radar/Radar-Hands-On-Solution-WS/install/can_msgs/include/can_msgs/can_msgs/msg
[0.693s] -- Up-to-date: /home/lilultime/External_Ros2_Projects/autowareclass2020/code/src/09_Perception_Radar/Radar-Hands-On-Solution-WS/install/can_msgs/include/can_msgs/can_msgs/msg/rosidl_typesupport_introspection_c__visibility_control.h
[0.693s] -- Up-to-date: /home/lilultime/External_Ros2_Projects/autowareclass2020/code/src/09_Perception_Radar/Radar-Hands-On-Solution-WS/install/can_msgs/include/can_msgs/can_msgs/msg/detail
[0.694s] -- Up-to-date: /home/lilultime/External_Ros2_Projects/autowareclass2020/code/src/09_Perception_Radar/Radar-Hands-On-Solution-WS/install/can_msgs/include/can_msgs/can_msgs/msg/detail/frame__type_support.c
[0.694s] -- Up-to-date: /home/lilultime/External_Ros2_Projects/autowareclass2020/code/src/09_Perception_Radar/Radar-Hands-On-Solution-WS/install/can_msgs/include/can_msgs/can_msgs/msg/detail/frame__rosidl_typesupport_introspection_c.h
[0.694s] -- Up-to-date: /home/lilultime/External_Ros2_Projects/autowareclass2020/code/src/09_Perception_Radar/Radar-Hands-On-Solution-WS/install/can_msgs/lib/libcan_msgs__rosidl_typesupport_introspection_c.so
[0.695s] -- Up-to-date: /home/lilultime/External_Ros2_Projects/autowareclass2020/code/src/09_Perception_Radar/Radar-Hands-On-Solution-WS/install/can_msgs/lib/libcan_msgs__rosidl_typesupport_c.so
[0.695s] -- Up-to-date: /home/lilultime/External_Ros2_Projects/autowareclass2020/code/src/09_Perception_Radar/Radar-Hands-On-Solution-WS/install/can_msgs/include/can_msgs/can_msgs
[0.695s] -- Up-to-date: /home/lilultime/External_Ros2_Projects/autowareclass2020/code/src/09_Perception_Radar/Radar-Hands-On-Solution-WS/install/can_msgs/include/can_msgs/can_msgs/msg
[0.695s] -- Up-to-date: /home/lilultime/External_Ros2_Projects/autowareclass2020/code/src/09_Perception_Radar/Radar-Hands-On-Solution-WS/install/can_msgs/include/can_msgs/can_msgs/msg/detail
[0.695s] -- Up-to-date: /home/lilultime/External_Ros2_Projects/autowareclass2020/code/src/09_Perception_Radar/Radar-Hands-On-Solution-WS/install/can_msgs/include/can_msgs/can_msgs/msg/detail/frame__type_support.cpp
[0.696s] -- Up-to-date: /home/lilultime/External_Ros2_Projects/autowareclass2020/code/src/09_Perception_Radar/Radar-Hands-On-Solution-WS/install/can_msgs/include/can_msgs/can_msgs/msg/detail/frame__rosidl_typesupport_introspection_cpp.hpp
[0.696s] -- Up-to-date: /home/lilultime/External_Ros2_Projects/autowareclass2020/code/src/09_Perception_Radar/Radar-Hands-On-Solution-WS/install/can_msgs/lib/libcan_msgs__rosidl_typesupport_introspection_cpp.so
[0.697s] -- Up-to-date: /home/lilultime/External_Ros2_Projects/autowareclass2020/code/src/09_Perception_Radar/Radar-Hands-On-Solution-WS/install/can_msgs/lib/libcan_msgs__rosidl_typesupport_cpp.so
[0.697s] -- Up-to-date: /home/lilultime/External_Ros2_Projects/autowareclass2020/code/src/09_Perception_Radar/Radar-Hands-On-Solution-WS/install/can_msgs/share/can_msgs/environment/pythonpath.sh
[0.697s] -- Up-to-date: /home/lilultime/External_Ros2_Projects/autowareclass2020/code/src/09_Perception_Radar/Radar-Hands-On-Solution-WS/install/can_msgs/share/can_msgs/environment/pythonpath.dsv
[0.697s] -- Up-to-date: /home/lilultime/External_Ros2_Projects/autowareclass2020/code/src/09_Perception_Radar/Radar-Hands-On-Solution-WS/install/can_msgs/local/lib/python3.10/dist-packages/can_msgs-0.0.0-py3.10.egg-info
[0.697s] -- Installing: /home/lilultime/External_Ros2_Projects/autowareclass2020/code/src/09_Perception_Radar/Radar-Hands-On-Solution-WS/install/can_msgs/local/lib/python3.10/dist-packages/can_msgs-0.0.0-py3.10.egg-info/dependency_links.txt
[0.697s] -- Installing: /home/lilultime/External_Ros2_Projects/autowareclass2020/code/src/09_Perception_Radar/Radar-Hands-On-Solution-WS/install/can_msgs/local/lib/python3.10/dist-packages/can_msgs-0.0.0-py3.10.egg-info/top_level.txt
[0.698s] -- Installing: /home/lilultime/External_Ros2_Projects/autowareclass2020/code/src/09_Perception_Radar/Radar-Hands-On-Solution-WS/install/can_msgs/local/lib/python3.10/dist-packages/can_msgs-0.0.0-py3.10.egg-info/PKG-INFO
[0.698s] -- Installing: /home/lilultime/External_Ros2_Projects/autowareclass2020/code/src/09_Perception_Radar/Radar-Hands-On-Solution-WS/install/can_msgs/local/lib/python3.10/dist-packages/can_msgs-0.0.0-py3.10.egg-info/SOURCES.txt
[0.698s] -- Up-to-date: /home/lilultime/External_Ros2_Projects/autowareclass2020/code/src/09_Perception_Radar/Radar-Hands-On-Solution-WS/install/can_msgs/local/lib/python3.10/dist-packages/can_msgs
[0.699s] -- Up-to-date: /home/lilultime/External_Ros2_Projects/autowareclass2020/code/src/09_Perception_Radar/Radar-Hands-On-Solution-WS/install/can_msgs/local/lib/python3.10/dist-packages/can_msgs/_can_msgs_s.ep.rosidl_typesupport_fastrtps_c.c
[0.699s] -- Up-to-date: /home/lilultime/External_Ros2_Projects/autowareclass2020/code/src/09_Perception_Radar/Radar-Hands-On-Solution-WS/install/can_msgs/local/lib/python3.10/dist-packages/can_msgs/_can_msgs_s.ep.rosidl_typesupport_introspection_c.c
[0.699s] -- Up-to-date: /home/lilultime/External_Ros2_Projects/autowareclass2020/code/src/09_Perception_Radar/Radar-Hands-On-Solution-WS/install/can_msgs/local/lib/python3.10/dist-packages/can_msgs/can_msgs_s__rosidl_typesupport_c.cpython-310-x86_64-linux-gnu.so
[0.699s] -- Up-to-date: /home/lilultime/External_Ros2_Projects/autowareclass2020/code/src/09_Perception_Radar/Radar-Hands-On-Solution-WS/install/can_msgs/local/lib/python3.10/dist-packages/can_msgs/msg
[0.699s] -- Up-to-date: /home/lilultime/External_Ros2_Projects/autowareclass2020/code/src/09_Perception_Radar/Radar-Hands-On-Solution-WS/install/can_msgs/local/lib/python3.10/dist-packages/can_msgs/msg/_frame.py
[0.699s] -- Up-to-date: /home/lilultime/External_Ros2_Projects/autowareclass2020/code/src/09_Perception_Radar/Radar-Hands-On-Solution-WS/install/can_msgs/local/lib/python3.10/dist-packages/can_msgs/msg/__init__.py
[0.699s] -- Up-to-date: /home/lilultime/External_Ros2_Projects/autowareclass2020/code/src/09_Perception_Radar/Radar-Hands-On-Solution-WS/install/can_msgs/local/lib/python3.10/dist-packages/can_msgs/msg/_frame_s.c
[0.699s] -- Up-to-date: /home/lilultime/External_Ros2_Projects/autowareclass2020/code/src/09_Perception_Radar/Radar-Hands-On-Solution-WS/install/can_msgs/local/lib/python3.10/dist-packages/can_msgs/__init__.py
[0.699s] -- Up-to-date: /home/lilultime/External_Ros2_Projects/autowareclass2020/code/src/09_Perception_Radar/Radar-Hands-On-Solution-WS/install/can_msgs/local/lib/python3.10/dist-packages/can_msgs/libcan_msgs__rosidl_generator_py.so
[0.700s] -- Up-to-date: /home/lilultime/External_Ros2_Projects/autowareclass2020/code/src/09_Perception_Radar/Radar-Hands-On-Solution-WS/install/can_msgs/local/lib/python3.10/dist-packages/can_msgs/can_msgs_s__rosidl_typesupport_introspection_c.cpython-310-x86_64-linux-gnu.so
[0.700s] -- Up-to-date: /home/lilultime/External_Ros2_Projects/autowareclass2020/code/src/09_Perception_Radar/Radar-Hands-On-Solution-WS/install/can_msgs/local/lib/python3.10/dist-packages/can_msgs/can_msgs_s__rosidl_typesupport_fastrtps_c.cpython-310-x86_64-linux-gnu.so
[0.700s] -- Up-to-date: /home/lilultime/External_Ros2_Projects/autowareclass2020/code/src/09_Perception_Radar/Radar-Hands-On-Solution-WS/install/can_msgs/local/lib/python3.10/dist-packages/can_msgs/_can_msgs_s.ep.rosidl_typesupport_c.c
[0.733s] Listing '/home/lilultime/External_Ros2_Projects/autowareclass2020/code/src/09_Perception_Radar/Radar-Hands-On-Solution-WS/install/can_msgs/local/lib/python3.10/dist-packages/can_msgs'...
[0.733s] Listing '/home/lilultime/External_Ros2_Projects/autowareclass2020/code/src/09_Perception_Radar/Radar-Hands-On-Solution-WS/install/can_msgs/local/lib/python3.10/dist-packages/can_msgs/msg'...
[0.738s] -- Up-to-date: /home/lilultime/External_Ros2_Projects/autowareclass2020/code/src/09_Perception_Radar/Radar-Hands-On-Solution-WS/install/can_msgs/local/lib/python3.10/dist-packages/can_msgs/can_msgs_s__rosidl_typesupport_fastrtps_c.cpython-310-x86_64-linux-gnu.so
[0.739s] -- Up-to-date: /home/lilultime/External_Ros2_Projects/autowareclass2020/code/src/09_Perception_Radar/Radar-Hands-On-Solution-WS/install/can_msgs/local/lib/python3.10/dist-packages/can_msgs/can_msgs_s__rosidl_typesupport_introspection_c.cpython-310-x86_64-linux-gnu.so
[0.739s] -- Up-to-date: /home/lilultime/External_Ros2_Projects/autowareclass2020/code/src/09_Perception_Radar/Radar-Hands-On-Solution-WS/install/can_msgs/local/lib/python3.10/dist-packages/can_msgs/can_msgs_s__rosidl_typesupport_c.cpython-310-x86_64-linux-gnu.so
[0.740s] -- Up-to-date: /home/lilultime/External_Ros2_Projects/autowareclass2020/code/src/09_Perception_Radar/Radar-Hands-On-Solution-WS/install/can_msgs/lib/libcan_msgs__rosidl_generator_py.so
[0.740s] -- Up-to-date: /home/lilultime/External_Ros2_Projects/autowareclass2020/code/src/09_Perception_Radar/Radar-Hands-On-Solution-WS/install/can_msgs/share/can_msgs/msg/Frame.idl
[0.741s] -- Up-to-date: /home/lilultime/External_Ros2_Projects/autowareclass2020/code/src/09_Perception_Radar/Radar-Hands-On-Solution-WS/install/can_msgs/share/can_msgs/msg/Frame.msg
[0.742s] -- Up-to-date: /home/lilultime/External_Ros2_Projects/autowareclass2020/code/src/09_Perception_Radar/Radar-Hands-On-Solution-WS/install/can_msgs/share/ament_index/resource_index/package_run_dependencies/can_msgs
[0.742s] -- Up-to-date: /home/lilultime/External_Ros2_Projects/autowareclass2020/code/src/09_Perception_Radar/Radar-Hands-On-Solution-WS/install/can_msgs/share/ament_index/resource_index/parent_prefix_path/can_msgs
[0.742s] -- Up-to-date: /home/lilultime/External_Ros2_Projects/autowareclass2020/code/src/09_Perception_Radar/Radar-Hands-On-Solution-WS/install/can_msgs/share/can_msgs/environment/ament_prefix_path.sh
[0.743s] -- Up-to-date: /home/lilultime/External_Ros2_Projects/autowareclass2020/code/src/09_Perception_Radar/Radar-Hands-On-Solution-WS/install/can_msgs/share/can_msgs/environment/ament_prefix_path.dsv
[0.743s] -- Up-to-date: /home/lilultime/External_Ros2_Projects/autowareclass2020/code/src/09_Perception_Radar/Radar-Hands-On-Solution-WS/install/can_msgs/share/can_msgs/environment/path.sh
[0.743s] -- Up-to-date: /home/lilultime/External_Ros2_Projects/autowareclass2020/code/src/09_Perception_Radar/Radar-Hands-On-Solution-WS/install/can_msgs/share/can_msgs/environment/path.dsv
[0.743s] -- Up-to-date: /home/lilultime/External_Ros2_Projects/autowareclass2020/code/src/09_Perception_Radar/Radar-Hands-On-Solution-WS/install/can_msgs/share/can_msgs/local_setup.bash
[0.743s] -- Up-to-date: /home/lilultime/External_Ros2_Projects/autowareclass2020/code/src/09_Perception_Radar/Radar-Hands-On-Solution-WS/install/can_msgs/share/can_msgs/local_setup.sh
[0.743s] -- Up-to-date: /home/lilultime/External_Ros2_Projects/autowareclass2020/code/src/09_Perception_Radar/Radar-Hands-On-Solution-WS/install/can_msgs/share/can_msgs/local_setup.zsh
[0.744s] -- Up-to-date: /home/lilultime/External_Ros2_Projects/autowareclass2020/code/src/09_Perception_Radar/Radar-Hands-On-Solution-WS/install/can_msgs/share/can_msgs/local_setup.dsv
[0.744s] -- Installing: /home/lilultime/External_Ros2_Projects/autowareclass2020/code/src/09_Perception_Radar/Radar-Hands-On-Solution-WS/install/can_msgs/share/can_msgs/package.dsv
[0.744s] -- Up-to-date: /home/lilultime/External_Ros2_Projects/autowareclass2020/code/src/09_Perception_Radar/Radar-Hands-On-Solution-WS/install/can_msgs/share/ament_index/resource_index/packages/can_msgs
[0.744s] -- Up-to-date: /home/lilultime/External_Ros2_Projects/autowareclass2020/code/src/09_Perception_Radar/Radar-Hands-On-Solution-WS/install/can_msgs/share/can_msgs/cmake/export_can_msgs__rosidl_generator_cExport.cmake
[0.744s] -- Up-to-date: /home/lilultime/External_Ros2_Projects/autowareclass2020/code/src/09_Perception_Radar/Radar-Hands-On-Solution-WS/install/can_msgs/share/can_msgs/cmake/export_can_msgs__rosidl_generator_cExport-noconfig.cmake
[0.744s] -- Up-to-date: /home/lilultime/External_Ros2_Projects/autowareclass2020/code/src/09_Perception_Radar/Radar-Hands-On-Solution-WS/install/can_msgs/share/can_msgs/cmake/export_can_msgs__rosidl_typesupport_fastrtps_cExport.cmake
[0.744s] -- Up-to-date: /home/lilultime/External_Ros2_Projects/autowareclass2020/code/src/09_Perception_Radar/Radar-Hands-On-Solution-WS/install/can_msgs/share/can_msgs/cmake/export_can_msgs__rosidl_typesupport_fastrtps_cExport-noconfig.cmake
[0.744s] -- Up-to-date: /home/lilultime/External_Ros2_Projects/autowareclass2020/code/src/09_Perception_Radar/Radar-Hands-On-Solution-WS/install/can_msgs/share/can_msgs/cmake/export_can_msgs__rosidl_generator_cppExport.cmake
[0.745s] -- Up-to-date: /home/lilultime/External_Ros2_Projects/autowareclass2020/code/src/09_Perception_Radar/Radar-Hands-On-Solution-WS/install/can_msgs/share/can_msgs/cmake/export_can_msgs__rosidl_typesupport_fastrtps_cppExport.cmake
[0.745s] -- Up-to-date: /home/lilultime/External_Ros2_Projects/autowareclass2020/code/src/09_Perception_Radar/Radar-Hands-On-Solution-WS/install/can_msgs/share/can_msgs/cmake/export_can_msgs__rosidl_typesupport_fastrtps_cppExport-noconfig.cmake
[0.745s] -- Up-to-date: /home/lilultime/External_Ros2_Projects/autowareclass2020/code/src/09_Perception_Radar/Radar-Hands-On-Solution-WS/install/can_msgs/share/can_msgs/cmake/can_msgs__rosidl_typesupport_introspection_cExport.cmake
[0.745s] -- Up-to-date: /home/lilultime/External_Ros2_Projects/autowareclass2020/code/src/09_Perception_Radar/Radar-Hands-On-Solution-WS/install/can_msgs/share/can_msgs/cmake/can_msgs__rosidl_typesupport_introspection_cExport-noconfig.cmake
[0.745s] -- Up-to-date: /home/lilultime/External_Ros2_Projects/autowareclass2020/code/src/09_Perception_Radar/Radar-Hands-On-Solution-WS/install/can_msgs/share/can_msgs/cmake/can_msgs__rosidl_typesupport_cExport.cmake
[0.746s] -- Up-to-date: /home/lilultime/External_Ros2_Projects/autowareclass2020/code/src/09_Perception_Radar/Radar-Hands-On-Solution-WS/install/can_msgs/share/can_msgs/cmake/can_msgs__rosidl_typesupport_cExport-noconfig.cmake
[0.746s] -- Up-to-date: /home/lilultime/External_Ros2_Projects/autowareclass2020/code/src/09_Perception_Radar/Radar-Hands-On-Solution-WS/install/can_msgs/share/can_msgs/cmake/can_msgs__rosidl_typesupport_introspection_cppExport.cmake
[0.746s] -- Up-to-date: /home/lilultime/External_Ros2_Projects/autowareclass2020/code/src/09_Perception_Radar/Radar-Hands-On-Solution-WS/install/can_msgs/share/can_msgs/cmake/can_msgs__rosidl_typesupport_introspection_cppExport-noconfig.cmake
[0.746s] -- Up-to-date: /home/lilultime/External_Ros2_Projects/autowareclass2020/code/src/09_Perception_Radar/Radar-Hands-On-Solution-WS/install/can_msgs/share/can_msgs/cmake/can_msgs__rosidl_typesupport_cppExport.cmake
[0.746s] -- Up-to-date: /home/lilultime/External_Ros2_Projects/autowareclass2020/code/src/09_Perception_Radar/Radar-Hands-On-Solution-WS/install/can_msgs/share/can_msgs/cmake/can_msgs__rosidl_typesupport_cppExport-noconfig.cmake
[0.747s] -- Up-to-date: /home/lilultime/External_Ros2_Projects/autowareclass2020/code/src/09_Perception_Radar/Radar-Hands-On-Solution-WS/install/can_msgs/share/can_msgs/cmake/export_can_msgs__rosidl_generator_pyExport.cmake
[0.747s] -- Up-to-date: /home/lilultime/External_Ros2_Projects/autowareclass2020/code/src/09_Perception_Radar/Radar-Hands-On-Solution-WS/install/can_msgs/share/can_msgs/cmake/export_can_msgs__rosidl_generator_pyExport-noconfig.cmake
[0.747s] -- Up-to-date: /home/lilultime/External_Ros2_Projects/autowareclass2020/code/src/09_Perception_Radar/Radar-Hands-On-Solution-WS/install/can_msgs/share/can_msgs/cmake/rosidl_cmake-extras.cmake
[0.747s] -- Up-to-date: /home/lilultime/External_Ros2_Projects/autowareclass2020/code/src/09_Perception_Radar/Radar-Hands-On-Solution-WS/install/can_msgs/share/can_msgs/cmake/ament_cmake_export_dependencies-extras.cmake
[0.747s] -- Up-to-date: /home/lilultime/External_Ros2_Projects/autowareclass2020/code/src/09_Perception_Radar/Radar-Hands-On-Solution-WS/install/can_msgs/share/can_msgs/cmake/ament_cmake_export_include_directories-extras.cmake
[0.747s] -- Up-to-date: /home/lilultime/External_Ros2_Projects/autowareclass2020/code/src/09_Perception_Radar/Radar-Hands-On-Solution-WS/install/can_msgs/share/can_msgs/cmake/ament_cmake_export_libraries-extras.cmake
[0.747s] -- Up-to-date: /home/lilultime/External_Ros2_Projects/autowareclass2020/code/src/09_Perception_Radar/Radar-Hands-On-Solution-WS/install/can_msgs/share/can_msgs/cmake/ament_cmake_export_targets-extras.cmake
[0.747s] -- Up-to-date: /home/lilultime/External_Ros2_Projects/autowareclass2020/code/src/09_Perception_Radar/Radar-Hands-On-Solution-WS/install/can_msgs/share/can_msgs/cmake/rosidl_cmake_export_typesupport_targets-extras.cmake
[0.747s] -- Up-to-date: /home/lilultime/External_Ros2_Projects/autowareclass2020/code/src/09_Perception_Radar/Radar-Hands-On-Solution-WS/install/can_msgs/share/can_msgs/cmake/rosidl_cmake_export_typesupport_libraries-extras.cmake
[0.747s] -- Up-to-date: /home/lilultime/External_Ros2_Projects/autowareclass2020/code/src/09_Perception_Radar/Radar-Hands-On-Solution-WS/install/can_msgs/share/can_msgs/cmake/can_msgsConfig.cmake
[0.748s] -- Up-to-date: /home/lilultime/External_Ros2_Projects/autowareclass2020/code/src/09_Perception_Radar/Radar-Hands-On-Solution-WS/install/can_msgs/share/can_msgs/cmake/can_msgsConfig-version.cmake
[0.748s] -- Up-to-date: /home/lilultime/External_Ros2_Projects/autowareclass2020/code/src/09_Perception_Radar/Radar-Hands-On-Solution-WS/install/can_msgs/share/can_msgs/package.xml
[0.750s] Invoked command in '/home/lilultime/External_Ros2_Projects/autowareclass2020/code/src/09_Perception_Radar/Radar-Hands-On-Solution-WS/build/can_msgs' returned '0': CMAKE_PREFIX_PATH=${CMAKE_PREFIX_PATH}:/home/lilultime/ros2_ws/install/my_robot_controller:/opt/ros/humble /usr/bin/cmake --install /home/lilultime/External_Ros2_Projects/autowareclass2020/code/src/09_Perception_Radar/Radar-Hands-On-Solution-WS/build/can_msgs
