[0.010s] Invoking command in '/home/lilultime/External_Ros2_Projects/autowareclass2020/code/src/09_Perception_Radar/Radar-Hands-On-Solution-WS/ros2_socketcan_bridge/build/ros2socketcan_bridge': AMENT_PREFIX_PATH=/home/lilultime/External_Ros2_Projects/autowareclass2020/code/src/09_Perception_Radar/Radar-Hands-On-Solution-WS/ros2_socketcan_bridge/install/can_msgs:${AMENT_PREFIX_PATH} CMAKE_PREFIX_PATH=/home/lilultime/External_Ros2_Projects/autowareclass2020/code/src/09_Perception_Radar/Radar-Hands-On-Solution-WS/ros2_socketcan_bridge/install/can_msgs:/home/lilultime/External_Ros2_Projects/autowareclass2020/code/src/09_Perception_Radar/Radar-Hands-On-WS/ros2_socketcan_bridge/install/ros2socketcan_bridge:/home/lilultime/External_Ros2_Projects/autowareclass2020/code/src/09_Perception_Radar/Radar-Hands-On-WS/ros2_socketcan_bridge/install/can_msgs:/home/lilultime/ros2_ws/install/my_cpp_pkg:/home/lilultime/ros2_ws/install/my_robot_controller:/opt/ros/humble LD_LIBRARY_PATH=/home/lilultime/External_Ros2_Projects/autowareclass2020/code/src/09_Perception_Radar/Radar-Hands-On-Solution-WS/ros2_socketcan_bridge/install/can_msgs/lib:${LD_LIBRARY_PATH} PYTHONPATH=/home/lilultime/External_Ros2_Projects/autowareclass2020/code/src/09_Perception_Radar/Radar-Hands-On-Solution-WS/ros2_socketcan_bridge/install/can_msgs/local/lib/python3.10/dist-packages:${PYTHONPATH} /usr/bin/cmake /home/lilultime/External_Ros2_Projects/autowareclass2020/code/src/09_Perception_Radar/Radar-Hands-On-Solution-WS/ros2_socketcan_bridge/ros2socketcan_bridge -DCMAKE_INSTALL_PREFIX=/home/lilultime/External_Ros2_Projects/autowareclass2020/code/src/09_Perception_Radar/Radar-Hands-On-Solution-WS/ros2_socketcan_bridge/install/ros2socketcan_bridge
[0.065s] -- The C compiler identification is GNU 11.3.0
[0.123s] -- The CXX compiler identification is GNU 11.3.0
[0.130s] -- Detecting C compiler ABI info
[0.194s] -- Detecting C compiler ABI info - done
[0.201s] -- Check for working C compiler: /usr/bin/cc - skipped
[0.202s] -- Detecting C compile features
[0.202s] -- Detecting C compile features - done
[0.205s] -- Detecting CXX compiler ABI info
[0.285s] -- Detecting CXX compiler ABI info - done
[0.292s] -- Check for working CXX compiler: /usr/bin/c++ - skipped
[0.292s] -- Detecting CXX compile features
[0.293s] -- Detecting CXX compile features - done
[0.296s] -- Found ament_cmake: 1.3.3 (/opt/ros/humble/share/ament_cmake/cmake)
[0.467s] -- Found Python3: /usr/bin/python3.10 (found version "3.10.6") found components: Interpreter 
[0.556s] -- Found rclcpp: 16.0.3 (/opt/ros/humble/share/rclcpp/cmake)
[0.603s] -- Found rosidl_generator_c: 3.1.4 (/opt/ros/humble/share/rosidl_generator_c/cmake)
[0.608s] -- Found rosidl_adapter: 3.1.4 (/opt/ros/humble/share/rosidl_adapter/cmake)
[0.617s] -- Found rosidl_generator_cpp: 3.1.4 (/opt/ros/humble/share/rosidl_generator_cpp/cmake)
[0.633s] -- Using all available rosidl_typesupport_c: rosidl_typesupport_fastrtps_c;rosidl_typesupport_introspection_c
[0.653s] -- Using all available rosidl_typesupport_cpp: rosidl_typesupport_fastrtps_cpp;rosidl_typesupport_introspection_cpp
[0.728s] -- Found rmw_implementation_cmake: 6.1.1 (/opt/ros/humble/share/rmw_implementation_cmake/cmake)
[0.731s] -- Found rmw_fastrtps_cpp: 6.2.2 (/opt/ros/humble/share/rmw_fastrtps_cpp/cmake)
[0.828s] -- Found OpenSSL: /usr/lib/x86_64-linux-gnu/libcrypto.so (found version "3.0.2")  
[0.854s] -- Found FastRTPS: /opt/ros/humble/include  
[0.899s] -- Using RMW implementation 'rmw_fastrtps_cpp' as default
[0.910s] -- Looking for pthread.h
[0.979s] -- Looking for pthread.h - found
[0.980s] -- Performing Test CMAKE_HAVE_LIBC_PTHREAD
[1.051s] -- Performing Test CMAKE_HAVE_LIBC_PTHREAD - Success
[1.053s] -- Found Threads: TRUE  
[1.223s] -- Found can_msgs: 0.0.0 (/home/lilultime/External_Ros2_Projects/autowareclass2020/code/src/09_Perception_Radar/Radar-Hands-On-Solution-WS/ros2_socketcan_bridge/install/can_msgs/share/can_msgs/cmake)
[1.415s] -- Configuring done
[1.424s] -- Generating done
[1.426s] -- Build files have been written to: /home/lilultime/External_Ros2_Projects/autowareclass2020/code/src/09_Perception_Radar/Radar-Hands-On-Solution-WS/ros2_socketcan_bridge/build/ros2socketcan_bridge
[1.436s] Invoked command in '/home/lilultime/External_Ros2_Projects/autowareclass2020/code/src/09_Perception_Radar/Radar-Hands-On-Solution-WS/ros2_socketcan_bridge/build/ros2socketcan_bridge' returned '0': AMENT_PREFIX_PATH=/home/lilultime/External_Ros2_Projects/autowareclass2020/code/src/09_Perception_Radar/Radar-Hands-On-Solution-WS/ros2_socketcan_bridge/install/can_msgs:${AMENT_PREFIX_PATH} CMAKE_PREFIX_PATH=/home/lilultime/External_Ros2_Projects/autowareclass2020/code/src/09_Perception_Radar/Radar-Hands-On-Solution-WS/ros2_socketcan_bridge/install/can_msgs:/home/lilultime/External_Ros2_Projects/autowareclass2020/code/src/09_Perception_Radar/Radar-Hands-On-WS/ros2_socketcan_bridge/install/ros2socketcan_bridge:/home/lilultime/External_Ros2_Projects/autowareclass2020/code/src/09_Perception_Radar/Radar-Hands-On-WS/ros2_socketcan_bridge/install/can_msgs:/home/lilultime/ros2_ws/install/my_cpp_pkg:/home/lilultime/ros2_ws/install/my_robot_controller:/opt/ros/humble LD_LIBRARY_PATH=/home/lilultime/External_Ros2_Projects/autowareclass2020/code/src/09_Perception_Radar/Radar-Hands-On-Solution-WS/ros2_socketcan_bridge/install/can_msgs/lib:${LD_LIBRARY_PATH} PYTHONPATH=/home/lilultime/External_Ros2_Projects/autowareclass2020/code/src/09_Perception_Radar/Radar-Hands-On-Solution-WS/ros2_socketcan_bridge/install/can_msgs/local/lib/python3.10/dist-packages:${PYTHONPATH} /usr/bin/cmake /home/lilultime/External_Ros2_Projects/autowareclass2020/code/src/09_Perception_Radar/Radar-Hands-On-Solution-WS/ros2_socketcan_bridge/ros2socketcan_bridge -DCMAKE_INSTALL_PREFIX=/home/lilultime/External_Ros2_Projects/autowareclass2020/code/src/09_Perception_Radar/Radar-Hands-On-Solution-WS/ros2_socketcan_bridge/install/ros2socketcan_bridge
[1.440s] Invoking command in '/home/lilultime/External_Ros2_Projects/autowareclass2020/code/src/09_Perception_Radar/Radar-Hands-On-Solution-WS/ros2_socketcan_bridge/build/ros2socketcan_bridge': AMENT_PREFIX_PATH=/home/lilultime/External_Ros2_Projects/autowareclass2020/code/src/09_Perception_Radar/Radar-Hands-On-Solution-WS/ros2_socketcan_bridge/install/can_msgs:${AMENT_PREFIX_PATH} CMAKE_PREFIX_PATH=/home/lilultime/External_Ros2_Projects/autowareclass2020/code/src/09_Perception_Radar/Radar-Hands-On-Solution-WS/ros2_socketcan_bridge/install/can_msgs:/home/lilultime/External_Ros2_Projects/autowareclass2020/code/src/09_Perception_Radar/Radar-Hands-On-WS/ros2_socketcan_bridge/install/ros2socketcan_bridge:/home/lilultime/External_Ros2_Projects/autowareclass2020/code/src/09_Perception_Radar/Radar-Hands-On-WS/ros2_socketcan_bridge/install/can_msgs:/home/lilultime/ros2_ws/install/my_cpp_pkg:/home/lilultime/ros2_ws/install/my_robot_controller:/opt/ros/humble LD_LIBRARY_PATH=/home/lilultime/External_Ros2_Projects/autowareclass2020/code/src/09_Perception_Radar/Radar-Hands-On-Solution-WS/ros2_socketcan_bridge/install/can_msgs/lib:${LD_LIBRARY_PATH} PYTHONPATH=/home/lilultime/External_Ros2_Projects/autowareclass2020/code/src/09_Perception_Radar/Radar-Hands-On-Solution-WS/ros2_socketcan_bridge/install/can_msgs/local/lib/python3.10/dist-packages:${PYTHONPATH} /usr/bin/cmake --build /home/lilultime/External_Ros2_Projects/autowareclass2020/code/src/09_Perception_Radar/Radar-Hands-On-Solution-WS/ros2_socketcan_bridge/build/ros2socketcan_bridge -- -j8 -l8
[1.485s] [100%] [32m[1mLinking CXX static library libros2socketcan_bridge.a[0m
[1.513s] [100%] Built target ros2socketcan_bridge
[1.525s] Invoked command in '/home/lilultime/External_Ros2_Projects/autowareclass2020/code/src/09_Perception_Radar/Radar-Hands-On-Solution-WS/ros2_socketcan_bridge/build/ros2socketcan_bridge' returned '0': AMENT_PREFIX_PATH=/home/lilultime/External_Ros2_Projects/autowareclass2020/code/src/09_Perception_Radar/Radar-Hands-On-Solution-WS/ros2_socketcan_bridge/install/can_msgs:${AMENT_PREFIX_PATH} CMAKE_PREFIX_PATH=/home/lilultime/External_Ros2_Projects/autowareclass2020/code/src/09_Perception_Radar/Radar-Hands-On-Solution-WS/ros2_socketcan_bridge/install/can_msgs:/home/lilultime/External_Ros2_Projects/autowareclass2020/code/src/09_Perception_Radar/Radar-Hands-On-WS/ros2_socketcan_bridge/install/ros2socketcan_bridge:/home/lilultime/External_Ros2_Projects/autowareclass2020/code/src/09_Perception_Radar/Radar-Hands-On-WS/ros2_socketcan_bridge/install/can_msgs:/home/lilultime/ros2_ws/install/my_cpp_pkg:/home/lilultime/ros2_ws/install/my_robot_controller:/opt/ros/humble LD_LIBRARY_PATH=/home/lilultime/External_Ros2_Projects/autowareclass2020/code/src/09_Perception_Radar/Radar-Hands-On-Solution-WS/ros2_socketcan_bridge/install/can_msgs/lib:${LD_LIBRARY_PATH} PYTHONPATH=/home/lilultime/External_Ros2_Projects/autowareclass2020/code/src/09_Perception_Radar/Radar-Hands-On-Solution-WS/ros2_socketcan_bridge/install/can_msgs/local/lib/python3.10/dist-packages:${PYTHONPATH} /usr/bin/cmake --build /home/lilultime/External_Ros2_Projects/autowareclass2020/code/src/09_Perception_Radar/Radar-Hands-On-Solution-WS/ros2_socketcan_bridge/build/ros2socketcan_bridge -- -j8 -l8
[1.548s] Invoking command in '/home/lilultime/External_Ros2_Projects/autowareclass2020/code/src/09_Perception_Radar/Radar-Hands-On-Solution-WS/ros2_socketcan_bridge/build/ros2socketcan_bridge': AMENT_PREFIX_PATH=/home/lilultime/External_Ros2_Projects/autowareclass2020/code/src/09_Perception_Radar/Radar-Hands-On-Solution-WS/ros2_socketcan_bridge/install/can_msgs:${AMENT_PREFIX_PATH} CMAKE_PREFIX_PATH=/home/lilultime/External_Ros2_Projects/autowareclass2020/code/src/09_Perception_Radar/Radar-Hands-On-Solution-WS/ros2_socketcan_bridge/install/can_msgs:/home/lilultime/External_Ros2_Projects/autowareclass2020/code/src/09_Perception_Radar/Radar-Hands-On-WS/ros2_socketcan_bridge/install/ros2socketcan_bridge:/home/lilultime/External_Ros2_Projects/autowareclass2020/code/src/09_Perception_Radar/Radar-Hands-On-WS/ros2_socketcan_bridge/install/can_msgs:/home/lilultime/ros2_ws/install/my_cpp_pkg:/home/lilultime/ros2_ws/install/my_robot_controller:/opt/ros/humble LD_LIBRARY_PATH=/home/lilultime/External_Ros2_Projects/autowareclass2020/code/src/09_Perception_Radar/Radar-Hands-On-Solution-WS/ros2_socketcan_bridge/install/can_msgs/lib:${LD_LIBRARY_PATH} PYTHONPATH=/home/lilultime/External_Ros2_Projects/autowareclass2020/code/src/09_Perception_Radar/Radar-Hands-On-Solution-WS/ros2_socketcan_bridge/install/can_msgs/local/lib/python3.10/dist-packages:${PYTHONPATH} /usr/bin/cmake --install /home/lilultime/External_Ros2_Projects/autowareclass2020/code/src/09_Perception_Radar/Radar-Hands-On-Solution-WS/ros2_socketcan_bridge/build/ros2socketcan_bridge
[1.555s] -- Install configuration: ""
[1.555s] -- Installing: /home/lilultime/External_Ros2_Projects/autowareclass2020/code/src/09_Perception_Radar/Radar-Hands-On-Solution-WS/ros2_socketcan_bridge/install/ros2socketcan_bridge/include/ros2socketcan_bridge
[1.555s] -- Installing: /home/lilultime/External_Ros2_Projects/autowareclass2020/code/src/09_Perception_Radar/Radar-Hands-On-Solution-WS/ros2_socketcan_bridge/install/ros2socketcan_bridge/include/ros2socketcan_bridge/ros2socketcan.h
[1.555s] -- Installing: /home/lilultime/External_Ros2_Projects/autowareclass2020/code/src/09_Perception_Radar/Radar-Hands-On-Solution-WS/ros2_socketcan_bridge/install/ros2socketcan_bridge/lib/ros2socketcan_bridge/libros2socketcan_bridge.a
[1.555s] -- Installing: /home/lilultime/External_Ros2_Projects/autowareclass2020/code/src/09_Perception_Radar/Radar-Hands-On-Solution-WS/ros2_socketcan_bridge/install/ros2socketcan_bridge/share/ament_index/resource_index/package_run_dependencies/ros2socketcan_bridge
[1.556s] -- Installing: /home/lilultime/External_Ros2_Projects/autowareclass2020/code/src/09_Perception_Radar/Radar-Hands-On-Solution-WS/ros2_socketcan_bridge/install/ros2socketcan_bridge/share/ament_index/resource_index/parent_prefix_path/ros2socketcan_bridge
[1.556s] -- Installing: /home/lilultime/External_Ros2_Projects/autowareclass2020/code/src/09_Perception_Radar/Radar-Hands-On-Solution-WS/ros2_socketcan_bridge/install/ros2socketcan_bridge/share/ros2socketcan_bridge/environment/ament_prefix_path.sh
[1.556s] -- Installing: /home/lilultime/External_Ros2_Projects/autowareclass2020/code/src/09_Perception_Radar/Radar-Hands-On-Solution-WS/ros2_socketcan_bridge/install/ros2socketcan_bridge/share/ros2socketcan_bridge/environment/ament_prefix_path.dsv
[1.556s] -- Installing: /home/lilultime/External_Ros2_Projects/autowareclass2020/code/src/09_Perception_Radar/Radar-Hands-On-Solution-WS/ros2_socketcan_bridge/install/ros2socketcan_bridge/share/ros2socketcan_bridge/environment/path.sh
[1.556s] -- Installing: /home/lilultime/External_Ros2_Projects/autowareclass2020/code/src/09_Perception_Radar/Radar-Hands-On-Solution-WS/ros2_socketcan_bridge/install/ros2socketcan_bridge/share/ros2socketcan_bridge/environment/path.dsv
[1.557s] -- Installing: /home/lilultime/External_Ros2_Projects/autowareclass2020/code/src/09_Perception_Radar/Radar-Hands-On-Solution-WS/ros2_socketcan_bridge/install/ros2socketcan_bridge/share/ros2socketcan_bridge/local_setup.bash
[1.557s] -- Installing: /home/lilultime/External_Ros2_Projects/autowareclass2020/code/src/09_Perception_Radar/Radar-Hands-On-Solution-WS/ros2_socketcan_bridge/install/ros2socketcan_bridge/share/ros2socketcan_bridge/local_setup.sh
[1.557s] -- Installing: /home/lilultime/External_Ros2_Projects/autowareclass2020/code/src/09_Perception_Radar/Radar-Hands-On-Solution-WS/ros2_socketcan_bridge/install/ros2socketcan_bridge/share/ros2socketcan_bridge/local_setup.zsh
[1.557s] -- Installing: /home/lilultime/External_Ros2_Projects/autowareclass2020/code/src/09_Perception_Radar/Radar-Hands-On-Solution-WS/ros2_socketcan_bridge/install/ros2socketcan_bridge/share/ros2socketcan_bridge/local_setup.dsv
[1.557s] -- Installing: /home/lilultime/External_Ros2_Projects/autowareclass2020/code/src/09_Perception_Radar/Radar-Hands-On-Solution-WS/ros2_socketcan_bridge/install/ros2socketcan_bridge/share/ros2socketcan_bridge/package.dsv
[1.557s] -- Installing: /home/lilultime/External_Ros2_Projects/autowareclass2020/code/src/09_Perception_Radar/Radar-Hands-On-Solution-WS/ros2_socketcan_bridge/install/ros2socketcan_bridge/share/ament_index/resource_index/packages/ros2socketcan_bridge
[1.558s] -- Installing: /home/lilultime/External_Ros2_Projects/autowareclass2020/code/src/09_Perception_Radar/Radar-Hands-On-Solution-WS/ros2_socketcan_bridge/install/ros2socketcan_bridge/share/ros2socketcan_bridge/cmake/ament_cmake_export_include_directories-extras.cmake
[1.558s] -- Installing: /home/lilultime/External_Ros2_Projects/autowareclass2020/code/src/09_Perception_Radar/Radar-Hands-On-Solution-WS/ros2_socketcan_bridge/install/ros2socketcan_bridge/share/ros2socketcan_bridge/cmake/ament_cmake_export_dependencies-extras.cmake
[1.558s] -- Installing: /home/lilultime/External_Ros2_Projects/autowareclass2020/code/src/09_Perception_Radar/Radar-Hands-On-Solution-WS/ros2_socketcan_bridge/install/ros2socketcan_bridge/share/ros2socketcan_bridge/cmake/ros2socketcan_bridgeConfig.cmake
[1.558s] -- Installing: /home/lilultime/External_Ros2_Projects/autowareclass2020/code/src/09_Perception_Radar/Radar-Hands-On-Solution-WS/ros2_socketcan_bridge/install/ros2socketcan_bridge/share/ros2socketcan_bridge/cmake/ros2socketcan_bridgeConfig-version.cmake
[1.558s] -- Installing: /home/lilultime/External_Ros2_Projects/autowareclass2020/code/src/09_Perception_Radar/Radar-Hands-On-Solution-WS/ros2_socketcan_bridge/install/ros2socketcan_bridge/share/ros2socketcan_bridge/package.xml
[1.564s] Invoked command in '/home/lilultime/External_Ros2_Projects/autowareclass2020/code/src/09_Perception_Radar/Radar-Hands-On-Solution-WS/ros2_socketcan_bridge/build/ros2socketcan_bridge' returned '0': AMENT_PREFIX_PATH=/home/lilultime/External_Ros2_Projects/autowareclass2020/code/src/09_Perception_Radar/Radar-Hands-On-Solution-WS/ros2_socketcan_bridge/install/can_msgs:${AMENT_PREFIX_PATH} CMAKE_PREFIX_PATH=/home/lilultime/External_Ros2_Projects/autowareclass2020/code/src/09_Perception_Radar/Radar-Hands-On-Solution-WS/ros2_socketcan_bridge/install/can_msgs:/home/lilultime/External_Ros2_Projects/autowareclass2020/code/src/09_Perception_Radar/Radar-Hands-On-WS/ros2_socketcan_bridge/install/ros2socketcan_bridge:/home/lilultime/External_Ros2_Projects/autowareclass2020/code/src/09_Perception_Radar/Radar-Hands-On-WS/ros2_socketcan_bridge/install/can_msgs:/home/lilultime/ros2_ws/install/my_cpp_pkg:/home/lilultime/ros2_ws/install/my_robot_controller:/opt/ros/humble LD_LIBRARY_PATH=/home/lilultime/External_Ros2_Projects/autowareclass2020/code/src/09_Perception_Radar/Radar-Hands-On-Solution-WS/ros2_socketcan_bridge/install/can_msgs/lib:${LD_LIBRARY_PATH} PYTHONPATH=/home/lilultime/External_Ros2_Projects/autowareclass2020/code/src/09_Perception_Radar/Radar-Hands-On-Solution-WS/ros2_socketcan_bridge/install/can_msgs/local/lib/python3.10/dist-packages:${PYTHONPATH} /usr/bin/cmake --install /home/lilultime/External_Ros2_Projects/autowareclass2020/code/src/09_Perception_Radar/Radar-Hands-On-Solution-WS/ros2_socketcan_bridge/build/ros2socketcan_bridge
