[0.362s] DEBUG:colcon:Command line arguments: ['/usr/bin/colcon', 'build']
[0.362s] DEBUG:colcon:Parsed command line arguments: Namespace(log_base=None, log_level=None, verb_name='build', build_base='build', install_base='install', merge_install=False, symlink_install=False, test_result_base=None, continue_on_error=False, executor='parallel', parallel_workers=8, event_handlers=None, ignore_user_meta=False, metas=['./colcon.meta'], base_paths=['.'], packages_ignore=None, packages_ignore_regex=None, paths=None, packages_up_to=None, packages_up_to_regex=None, packages_above=None, packages_above_and_dependencies=None, packages_above_depth=None, packages_select_by_dep=None, packages_skip_by_dep=None, packages_skip_up_to=None, packages_select_build_failed=False, packages_skip_build_finished=False, packages_select_test_failures=False, packages_skip_test_passed=False, packages_select=None, packages_skip=None, packages_select_regex=None, packages_skip_regex=None, packages_start=None, packages_end=None, allow_overriding=[], cmake_args=None, cmake_target=None, cmake_target_skip_unavailable=False, cmake_clean_cache=False, cmake_clean_first=False, cmake_force_configure=False, ament_cmake_args=None, catkin_cmake_args=None, catkin_skip_building_tests=False, verb_parser=<colcon_defaults.argument_parser.defaults.DefaultArgumentsDecorator object at 0x7f3cf8f57af0>, verb_extension=<colcon_core.verb.build.BuildVerb object at 0x7f3cf8f57580>, main=<bound method BuildVerb.main of <colcon_core.verb.build.BuildVerb object at 0x7f3cf8f57580>>)
[0.384s] Level 1:colcon.colcon_core.package_discovery:discover_packages(colcon_meta) check parameters
[0.384s] Level 1:colcon.colcon_core.package_discovery:discover_packages(recursive) check parameters
[0.384s] Level 1:colcon.colcon_core.package_discovery:discover_packages(ignore) check parameters
[0.384s] Level 1:colcon.colcon_core.package_discovery:discover_packages(path) check parameters
[0.384s] Level 1:colcon.colcon_core.package_discovery:discover_packages(colcon_meta) discover
[0.384s] Level 1:colcon.colcon_core.package_discovery:discover_packages(recursive) discover
[0.384s] INFO:colcon.colcon_core.package_discovery:Crawling recursively for packages in '/home/lilultime/ros2_customlidar_ws'
[0.384s] Level 1:colcon.colcon_core.package_identification:_identify(.) by extensions ['ignore', 'ignore_ament_install']
[0.384s] Level 1:colcon.colcon_core.package_identification:_identify(.) by extension 'ignore'
[0.385s] Level 1:colcon.colcon_core.package_identification:_identify(.) by extension 'ignore_ament_install'
[0.385s] Level 1:colcon.colcon_core.package_identification:_identify(.) by extensions ['colcon_pkg']
[0.385s] Level 1:colcon.colcon_core.package_identification:_identify(.) by extension 'colcon_pkg'
[0.385s] Level 1:colcon.colcon_core.package_identification:_identify(.) by extensions ['colcon_meta']
[0.385s] Level 1:colcon.colcon_core.package_identification:_identify(.) by extension 'colcon_meta'
[0.385s] Level 1:colcon.colcon_core.package_identification:_identify(.) by extensions ['ros']
[0.385s] Level 1:colcon.colcon_core.package_identification:_identify(.) by extension 'ros'
[0.395s] Level 1:colcon.colcon_core.package_identification:_identify(.) by extensions ['cmake', 'python']
[0.395s] Level 1:colcon.colcon_core.package_identification:_identify(.) by extension 'cmake'
[0.395s] Level 1:colcon.colcon_core.package_identification:_identify(.) by extension 'python'
[0.396s] Level 1:colcon.colcon_core.package_identification:_identify(.) by extensions ['python_setup_py']
[0.396s] Level 1:colcon.colcon_core.package_identification:_identify(.) by extension 'python_setup_py'
[0.396s] Level 1:colcon.colcon_core.package_identification:_identify(build) by extensions ['ignore', 'ignore_ament_install']
[0.396s] Level 1:colcon.colcon_core.package_identification:_identify(build) by extension 'ignore'
[0.396s] Level 1:colcon.colcon_core.package_identification:_identify(build) ignored
[0.396s] Level 1:colcon.colcon_core.package_identification:_identify(install) by extensions ['ignore', 'ignore_ament_install']
[0.396s] Level 1:colcon.colcon_core.package_identification:_identify(install) by extension 'ignore'
[0.396s] Level 1:colcon.colcon_core.package_identification:_identify(install) ignored
[0.396s] Level 1:colcon.colcon_core.package_identification:_identify(log) by extensions ['ignore', 'ignore_ament_install']
[0.396s] Level 1:colcon.colcon_core.package_identification:_identify(log) by extension 'ignore'
[0.396s] Level 1:colcon.colcon_core.package_identification:_identify(log) ignored
[0.396s] Level 1:colcon.colcon_core.package_identification:_identify(src) by extensions ['ignore', 'ignore_ament_install']
[0.396s] Level 1:colcon.colcon_core.package_identification:_identify(src) by extension 'ignore'
[0.396s] Level 1:colcon.colcon_core.package_identification:_identify(src) by extension 'ignore_ament_install'
[0.397s] Level 1:colcon.colcon_core.package_identification:_identify(src) by extensions ['colcon_pkg']
[0.397s] Level 1:colcon.colcon_core.package_identification:_identify(src) by extension 'colcon_pkg'
[0.397s] Level 1:colcon.colcon_core.package_identification:_identify(src) by extensions ['colcon_meta']
[0.397s] Level 1:colcon.colcon_core.package_identification:_identify(src) by extension 'colcon_meta'
[0.397s] Level 1:colcon.colcon_core.package_identification:_identify(src) by extensions ['ros']
[0.397s] Level 1:colcon.colcon_core.package_identification:_identify(src) by extension 'ros'
[0.397s] Level 1:colcon.colcon_core.package_identification:_identify(src) by extensions ['cmake', 'python']
[0.397s] Level 1:colcon.colcon_core.package_identification:_identify(src) by extension 'cmake'
[0.397s] Level 1:colcon.colcon_core.package_identification:_identify(src) by extension 'python'
[0.397s] Level 1:colcon.colcon_core.package_identification:_identify(src) by extensions ['python_setup_py']
[0.397s] Level 1:colcon.colcon_core.package_identification:_identify(src) by extension 'python_setup_py'
[0.397s] Level 1:colcon.colcon_core.package_identification:_identify(src/my_cpp_pkg) by extensions ['ignore', 'ignore_ament_install']
[0.397s] Level 1:colcon.colcon_core.package_identification:_identify(src/my_cpp_pkg) by extension 'ignore'
[0.397s] Level 1:colcon.colcon_core.package_identification:_identify(src/my_cpp_pkg) by extension 'ignore_ament_install'
[0.397s] Level 1:colcon.colcon_core.package_identification:_identify(src/my_cpp_pkg) by extensions ['colcon_pkg']
[0.397s] Level 1:colcon.colcon_core.package_identification:_identify(src/my_cpp_pkg) by extension 'colcon_pkg'
[0.397s] Level 1:colcon.colcon_core.package_identification:_identify(src/my_cpp_pkg) by extensions ['colcon_meta']
[0.397s] Level 1:colcon.colcon_core.package_identification:_identify(src/my_cpp_pkg) by extension 'colcon_meta'
[0.397s] Level 1:colcon.colcon_core.package_identification:_identify(src/my_cpp_pkg) by extensions ['ros']
[0.397s] Level 1:colcon.colcon_core.package_identification:_identify(src/my_cpp_pkg) by extension 'ros'
[0.399s] DEBUG:colcon.colcon_core.package_identification:Package 'src/my_cpp_pkg' with type 'ros.ament_cmake' and name 'my_cpp_pkg'
[0.400s] Level 1:colcon.colcon_core.package_discovery:discover_packages(recursive) using defaults
[0.400s] Level 1:colcon.colcon_core.package_discovery:discover_packages(ignore) discover
[0.400s] Level 1:colcon.colcon_core.package_discovery:discover_packages(ignore) using defaults
[0.400s] Level 1:colcon.colcon_core.package_discovery:discover_packages(path) discover
[0.400s] Level 1:colcon.colcon_core.package_discovery:discover_packages(path) using defaults
[0.420s] Level 1:colcon.colcon_core.package_discovery:discover_packages(prefix_path) check parameters
[0.421s] Level 1:colcon.colcon_core.package_discovery:discover_packages(prefix_path) discover
[0.423s] DEBUG:colcon.colcon_installed_package_information.package_discovery:Found 2 installed packages in /home/lilultime/ros2_ws/install
[0.425s] DEBUG:colcon.colcon_installed_package_information.package_discovery:Found 355 installed packages in /opt/ros/humble
[0.427s] Level 1:colcon.colcon_core.package_discovery:discover_packages(prefix_path) using defaults
[0.498s] Level 5:colcon.colcon_core.verb:set package 'my_cpp_pkg' build argument 'cmake_args' from command line to 'None'
[0.498s] Level 5:colcon.colcon_core.verb:set package 'my_cpp_pkg' build argument 'cmake_target' from command line to 'None'
[0.498s] Level 5:colcon.colcon_core.verb:set package 'my_cpp_pkg' build argument 'cmake_target_skip_unavailable' from command line to 'False'
[0.498s] Level 5:colcon.colcon_core.verb:set package 'my_cpp_pkg' build argument 'cmake_clean_cache' from command line to 'False'
[0.498s] Level 5:colcon.colcon_core.verb:set package 'my_cpp_pkg' build argument 'cmake_clean_first' from command line to 'False'
[0.498s] Level 5:colcon.colcon_core.verb:set package 'my_cpp_pkg' build argument 'cmake_force_configure' from command line to 'False'
[0.498s] Level 5:colcon.colcon_core.verb:set package 'my_cpp_pkg' build argument 'ament_cmake_args' from command line to 'None'
[0.498s] Level 5:colcon.colcon_core.verb:set package 'my_cpp_pkg' build argument 'catkin_cmake_args' from command line to 'None'
[0.498s] Level 5:colcon.colcon_core.verb:set package 'my_cpp_pkg' build argument 'catkin_skip_building_tests' from command line to 'False'
[0.498s] DEBUG:colcon.colcon_core.verb:Building package 'my_cpp_pkg' with the following arguments: {'ament_cmake_args': None, 'build_base': '/home/lilultime/ros2_customlidar_ws/build/my_cpp_pkg', 'catkin_cmake_args': None, 'catkin_skip_building_tests': False, 'cmake_args': None, 'cmake_clean_cache': False, 'cmake_clean_first': False, 'cmake_force_configure': False, 'cmake_target': None, 'cmake_target_skip_unavailable': False, 'install_base': '/home/lilultime/ros2_customlidar_ws/install/my_cpp_pkg', 'merge_install': False, 'path': '/home/lilultime/ros2_customlidar_ws/src/my_cpp_pkg', 'symlink_install': False, 'test_result_base': None}
[0.499s] INFO:colcon.colcon_core.executor:Executing jobs using 'parallel' executor
[0.502s] DEBUG:colcon.colcon_parallel_executor.executor.parallel:run_until_complete
[0.502s] INFO:colcon.colcon_ros.task.ament_cmake.build:Building ROS package in '/home/lilultime/ros2_customlidar_ws/src/my_cpp_pkg' with build type 'ament_cmake'
[0.502s] INFO:colcon.colcon_cmake.task.cmake.build:Building CMake package in '/home/lilultime/ros2_customlidar_ws/src/my_cpp_pkg'
[0.506s] INFO:colcon.colcon_core.plugin_system:Skipping extension 'colcon_core.shell.bat': Not used on non-Windows systems
[0.506s] INFO:colcon.colcon_core.shell:Skip shell extension 'powershell' for command environment: Not usable outside of PowerShell
[0.506s] DEBUG:colcon.colcon_core.shell:Skip shell extension 'dsv' for command environment
[0.518s] DEBUG:colcon.colcon_core.event_handler.log_command:Invoking command in '/home/lilultime/ros2_customlidar_ws/build/my_cpp_pkg': CMAKE_PREFIX_PATH=${CMAKE_PREFIX_PATH}:/home/lilultime/ros2_ws/install/my_robot_controller:/opt/ros/humble /usr/local/bin/cmake --build /home/lilultime/ros2_customlidar_ws/build/my_cpp_pkg -- -j8 -l8
[8.662s] DEBUG:colcon.colcon_core.event_handler.log_command:Invoked command in '/home/lilultime/ros2_customlidar_ws/build/my_cpp_pkg' returned '0': CMAKE_PREFIX_PATH=${CMAKE_PREFIX_PATH}:/home/lilultime/ros2_ws/install/my_robot_controller:/opt/ros/humble /usr/local/bin/cmake --build /home/lilultime/ros2_customlidar_ws/build/my_cpp_pkg -- -j8 -l8
[8.736s] DEBUG:colcon.colcon_core.event_handler.log_command:Invoking command in '/home/lilultime/ros2_customlidar_ws/build/my_cpp_pkg': CMAKE_PREFIX_PATH=${CMAKE_PREFIX_PATH}:/home/lilultime/ros2_ws/install/my_robot_controller:/opt/ros/humble /usr/local/bin/cmake --install /home/lilultime/ros2_customlidar_ws/build/my_cpp_pkg
[8.774s] Level 1:colcon.colcon_core.environment:create_environment_scripts_only(my_cpp_pkg)
[8.775s] DEBUG:colcon.colcon_core.event_handler.log_command:Invoked command in '/home/lilultime/ros2_customlidar_ws/build/my_cpp_pkg' returned '0': CMAKE_PREFIX_PATH=${CMAKE_PREFIX_PATH}:/home/lilultime/ros2_ws/install/my_robot_controller:/opt/ros/humble /usr/local/bin/cmake --install /home/lilultime/ros2_customlidar_ws/build/my_cpp_pkg
[8.779s] Level 1:colcon.colcon_core.environment:checking '/home/lilultime/ros2_customlidar_ws/install/my_cpp_pkg' for CMake module files
[8.779s] Level 1:colcon.colcon_core.environment:checking '/home/lilultime/ros2_customlidar_ws/install/my_cpp_pkg' for CMake config files
[8.779s] Level 1:colcon.colcon_core.shell:create_environment_hook('my_cpp_pkg', 'cmake_prefix_path')
[8.781s] INFO:colcon.colcon_core.shell:Creating environment hook '/home/lilultime/ros2_customlidar_ws/install/my_cpp_pkg/share/my_cpp_pkg/hook/cmake_prefix_path.ps1'
[8.782s] INFO:colcon.colcon_core.shell:Creating environment descriptor '/home/lilultime/ros2_customlidar_ws/install/my_cpp_pkg/share/my_cpp_pkg/hook/cmake_prefix_path.dsv'
[8.782s] INFO:colcon.colcon_core.shell:Creating environment hook '/home/lilultime/ros2_customlidar_ws/install/my_cpp_pkg/share/my_cpp_pkg/hook/cmake_prefix_path.sh'
[8.783s] Level 1:colcon.colcon_core.environment:checking '/home/lilultime/ros2_customlidar_ws/install/my_cpp_pkg/lib'
[8.783s] Level 1:colcon.colcon_core.environment:checking '/home/lilultime/ros2_customlidar_ws/install/my_cpp_pkg/bin'
[8.783s] Level 1:colcon.colcon_core.environment:checking '/home/lilultime/ros2_customlidar_ws/install/my_cpp_pkg/lib/pkgconfig/my_cpp_pkg.pc'
[8.784s] Level 1:colcon.colcon_core.environment:checking '/home/lilultime/ros2_customlidar_ws/install/my_cpp_pkg/lib/python3.10/site-packages'
[8.784s] Level 1:colcon.colcon_core.environment:checking '/home/lilultime/ros2_customlidar_ws/install/my_cpp_pkg/bin'
[8.785s] INFO:colcon.colcon_core.shell:Creating package script '/home/lilultime/ros2_customlidar_ws/install/my_cpp_pkg/share/my_cpp_pkg/package.ps1'
[8.786s] INFO:colcon.colcon_core.shell:Creating package descriptor '/home/lilultime/ros2_customlidar_ws/install/my_cpp_pkg/share/my_cpp_pkg/package.dsv'
[8.786s] INFO:colcon.colcon_core.shell:Creating package script '/home/lilultime/ros2_customlidar_ws/install/my_cpp_pkg/share/my_cpp_pkg/package.sh'
[8.787s] INFO:colcon.colcon_core.shell:Creating package script '/home/lilultime/ros2_customlidar_ws/install/my_cpp_pkg/share/my_cpp_pkg/package.bash'
[8.788s] INFO:colcon.colcon_core.shell:Creating package script '/home/lilultime/ros2_customlidar_ws/install/my_cpp_pkg/share/my_cpp_pkg/package.zsh'
[8.788s] Level 1:colcon.colcon_core.environment:create_file_with_runtime_dependencies(/home/lilultime/ros2_customlidar_ws/install/my_cpp_pkg/share/colcon-core/packages/my_cpp_pkg)
[8.833s] Level 1:colcon.colcon_core.environment:create_environment_scripts_only(my_cpp_pkg)
[8.834s] Level 1:colcon.colcon_core.environment:checking '/home/lilultime/ros2_customlidar_ws/install/my_cpp_pkg' for CMake module files
[8.835s] Level 1:colcon.colcon_core.environment:checking '/home/lilultime/ros2_customlidar_ws/install/my_cpp_pkg' for CMake config files
[8.835s] Level 1:colcon.colcon_core.shell:create_environment_hook('my_cpp_pkg', 'cmake_prefix_path')
[8.836s] INFO:colcon.colcon_core.shell:Creating environment hook '/home/lilultime/ros2_customlidar_ws/install/my_cpp_pkg/share/my_cpp_pkg/hook/cmake_prefix_path.ps1'
[8.837s] INFO:colcon.colcon_core.shell:Creating environment descriptor '/home/lilultime/ros2_customlidar_ws/install/my_cpp_pkg/share/my_cpp_pkg/hook/cmake_prefix_path.dsv'
[8.837s] INFO:colcon.colcon_core.shell:Creating environment hook '/home/lilultime/ros2_customlidar_ws/install/my_cpp_pkg/share/my_cpp_pkg/hook/cmake_prefix_path.sh'
[8.837s] Level 1:colcon.colcon_core.environment:checking '/home/lilultime/ros2_customlidar_ws/install/my_cpp_pkg/lib'
[8.837s] Level 1:colcon.colcon_core.environment:checking '/home/lilultime/ros2_customlidar_ws/install/my_cpp_pkg/bin'
[8.837s] Level 1:colcon.colcon_core.environment:checking '/home/lilultime/ros2_customlidar_ws/install/my_cpp_pkg/lib/pkgconfig/my_cpp_pkg.pc'
[8.838s] Level 1:colcon.colcon_core.environment:checking '/home/lilultime/ros2_customlidar_ws/install/my_cpp_pkg/lib/python3.10/site-packages'
[8.838s] Level 1:colcon.colcon_core.environment:checking '/home/lilultime/ros2_customlidar_ws/install/my_cpp_pkg/bin'
[8.839s] INFO:colcon.colcon_core.shell:Creating package script '/home/lilultime/ros2_customlidar_ws/install/my_cpp_pkg/share/my_cpp_pkg/package.ps1'
[8.840s] INFO:colcon.colcon_core.shell:Creating package descriptor '/home/lilultime/ros2_customlidar_ws/install/my_cpp_pkg/share/my_cpp_pkg/package.dsv'
[8.840s] INFO:colcon.colcon_core.shell:Creating package script '/home/lilultime/ros2_customlidar_ws/install/my_cpp_pkg/share/my_cpp_pkg/package.sh'
[8.840s] INFO:colcon.colcon_core.shell:Creating package script '/home/lilultime/ros2_customlidar_ws/install/my_cpp_pkg/share/my_cpp_pkg/package.bash'
[8.841s] INFO:colcon.colcon_core.shell:Creating package script '/home/lilultime/ros2_customlidar_ws/install/my_cpp_pkg/share/my_cpp_pkg/package.zsh'
[8.841s] Level 1:colcon.colcon_core.environment:create_file_with_runtime_dependencies(/home/lilultime/ros2_customlidar_ws/install/my_cpp_pkg/share/colcon-core/packages/my_cpp_pkg)
[8.841s] DEBUG:colcon.colcon_parallel_executor.executor.parallel:closing loop
[8.842s] DEBUG:colcon.colcon_parallel_executor.executor.parallel:loop closed
[8.842s] DEBUG:colcon.colcon_parallel_executor.executor.parallel:run_until_complete finished with '0'
[8.842s] DEBUG:colcon.colcon_core.event_reactor:joining thread
[8.846s] INFO:colcon.colcon_core.plugin_system:Skipping extension 'colcon_notification.desktop_notification.terminal_notifier': Not used on non-Darwin systems
[8.847s] INFO:colcon.colcon_core.plugin_system:Skipping extension 'colcon_notification.desktop_notification.win32': Not used on non-Windows systems
[8.847s] INFO:colcon.colcon_notification.desktop_notification:Sending desktop notification using 'notify2'
[8.857s] DEBUG:colcon.colcon_core.event_reactor:joined thread
[8.859s] INFO:colcon.colcon_core.shell:Creating prefix script '/home/lilultime/ros2_customlidar_ws/install/local_setup.ps1'
[8.860s] INFO:colcon.colcon_core.shell:Creating prefix util module '/home/lilultime/ros2_customlidar_ws/install/_local_setup_util_ps1.py'
[8.861s] INFO:colcon.colcon_core.shell:Creating prefix chain script '/home/lilultime/ros2_customlidar_ws/install/setup.ps1'
[8.862s] INFO:colcon.colcon_core.shell:Creating prefix script '/home/lilultime/ros2_customlidar_ws/install/local_setup.sh'
[8.863s] INFO:colcon.colcon_core.shell:Creating prefix util module '/home/lilultime/ros2_customlidar_ws/install/_local_setup_util_sh.py'
[8.863s] INFO:colcon.colcon_core.shell:Creating prefix chain script '/home/lilultime/ros2_customlidar_ws/install/setup.sh'
[8.865s] INFO:colcon.colcon_core.shell:Creating prefix script '/home/lilultime/ros2_customlidar_ws/install/local_setup.bash'
[8.865s] INFO:colcon.colcon_core.shell:Creating prefix chain script '/home/lilultime/ros2_customlidar_ws/install/setup.bash'
[8.866s] INFO:colcon.colcon_core.shell:Creating prefix script '/home/lilultime/ros2_customlidar_ws/install/local_setup.zsh'
[8.867s] INFO:colcon.colcon_core.shell:Creating prefix chain script '/home/lilultime/ros2_customlidar_ws/install/setup.zsh'
