[0.017s] Invoking command in '/home/lilultime/ros2_lidar_ws/build/rslidar_sdk': AMENT_PREFIX_PATH=/home/lilultime/ros2_lidar_ws/install/rslidar_msg:${AMENT_PREFIX_PATH} CMAKE_PREFIX_PATH=/home/lilultime/ros2_lidar_ws/install/rslidar_msg:/home/lilultime/ros2_customlidar_ws/install/my_cpp_pkg:/home/lilultime/ros2_ws/install/my_cpp_pkg:/home/lilultime/ros2_ws/install/my_robot_controller:/opt/ros/humble LD_LIBRARY_PATH=/home/lilultime/ros2_lidar_ws/install/rslidar_msg/lib:${LD_LIBRARY_PATH} PYTHONPATH=/home/lilultime/ros2_lidar_ws/install/rslidar_msg/local/lib/python3.10/dist-packages:${PYTHONPATH} /usr/local/bin/cmake --build /home/lilultime/ros2_lidar_ws/build/rslidar_sdk -- -j8 -l8
[0.087s] [100%] Built target rslidar_sdk_node
[0.095s] Invoked command in '/home/lilultime/ros2_lidar_ws/build/rslidar_sdk' returned '0': AMENT_PREFIX_PATH=/home/lilultime/ros2_lidar_ws/install/rslidar_msg:${AMENT_PREFIX_PATH} CMAKE_PREFIX_PATH=/home/lilultime/ros2_lidar_ws/install/rslidar_msg:/home/lilultime/ros2_customlidar_ws/install/my_cpp_pkg:/home/lilultime/ros2_ws/install/my_cpp_pkg:/home/lilultime/ros2_ws/install/my_robot_controller:/opt/ros/humble LD_LIBRARY_PATH=/home/lilultime/ros2_lidar_ws/install/rslidar_msg/lib:${LD_LIBRARY_PATH} PYTHONPATH=/home/lilultime/ros2_lidar_ws/install/rslidar_msg/local/lib/python3.10/dist-packages:${PYTHONPATH} /usr/local/bin/cmake --build /home/lilultime/ros2_lidar_ws/build/rslidar_sdk -- -j8 -l8
[0.147s] Invoking command in '/home/lilultime/ros2_lidar_ws/build/rslidar_sdk': AMENT_PREFIX_PATH=/home/lilultime/ros2_lidar_ws/install/rslidar_msg:${AMENT_PREFIX_PATH} CMAKE_PREFIX_PATH=/home/lilultime/ros2_lidar_ws/install/rslidar_msg:/home/lilultime/ros2_customlidar_ws/install/my_cpp_pkg:/home/lilultime/ros2_ws/install/my_cpp_pkg:/home/lilultime/ros2_ws/install/my_robot_controller:/opt/ros/humble LD_LIBRARY_PATH=/home/lilultime/ros2_lidar_ws/install/rslidar_msg/lib:${LD_LIBRARY_PATH} PYTHONPATH=/home/lilultime/ros2_lidar_ws/install/rslidar_msg/local/lib/python3.10/dist-packages:${PYTHONPATH} /usr/local/bin/cmake --install /home/lilultime/ros2_lidar_ws/build/rslidar_sdk
[0.173s] -- Install configuration: "Release"
[0.174s] -- Up-to-date: /home/lilultime/ros2_lidar_ws/install/rslidar_sdk/lib/rslidar_sdk/rslidar_sdk_node
[0.175s] -- Up-to-date: /home/lilultime/ros2_lidar_ws/install/rslidar_sdk/share/rslidar_sdk/launch
[0.175s] -- Up-to-date: /home/lilultime/ros2_lidar_ws/install/rslidar_sdk/share/rslidar_sdk/launch/elequent_start.py
[0.175s] -- Up-to-date: /home/lilultime/ros2_lidar_ws/install/rslidar_sdk/share/rslidar_sdk/launch/start.py
[0.176s] -- Up-to-date: /home/lilultime/ros2_lidar_ws/install/rslidar_sdk/share/rslidar_sdk/launch/start.launch
[0.176s] -- Up-to-date: /home/lilultime/ros2_lidar_ws/install/rslidar_sdk/share/rslidar_sdk/rviz
[0.176s] -- Up-to-date: /home/lilultime/ros2_lidar_ws/install/rslidar_sdk/share/rslidar_sdk/rviz/rviz2.rviz
[0.176s] -- Up-to-date: /home/lilultime/ros2_lidar_ws/install/rslidar_sdk/share/rslidar_sdk/rviz/rviz.rviz
[0.176s] -- Up-to-date: /home/lilultime/ros2_lidar_ws/install/rslidar_sdk/share/ament_index/resource_index/package_run_dependencies/rslidar_sdk
[0.176s] -- Up-to-date: /home/lilultime/ros2_lidar_ws/install/rslidar_sdk/share/ament_index/resource_index/parent_prefix_path/rslidar_sdk
[0.177s] -- Up-to-date: /home/lilultime/ros2_lidar_ws/install/rslidar_sdk/share/rslidar_sdk/environment/ament_prefix_path.sh
[0.177s] -- Up-to-date: /home/lilultime/ros2_lidar_ws/install/rslidar_sdk/share/rslidar_sdk/environment/ament_prefix_path.dsv
[0.177s] -- Up-to-date: /home/lilultime/ros2_lidar_ws/install/rslidar_sdk/share/rslidar_sdk/environment/path.sh
[0.177s] -- Up-to-date: /home/lilultime/ros2_lidar_ws/install/rslidar_sdk/share/rslidar_sdk/environment/path.dsv
[0.178s] -- Up-to-date: /home/lilultime/ros2_lidar_ws/install/rslidar_sdk/share/rslidar_sdk/local_setup.bash
[0.178s] -- Up-to-date: /home/lilultime/ros2_lidar_ws/install/rslidar_sdk/share/rslidar_sdk/local_setup.sh
[0.178s] -- Up-to-date: /home/lilultime/ros2_lidar_ws/install/rslidar_sdk/share/rslidar_sdk/local_setup.zsh
[0.178s] -- Up-to-date: /home/lilultime/ros2_lidar_ws/install/rslidar_sdk/share/rslidar_sdk/local_setup.dsv
[0.178s] -- Installing: /home/lilultime/ros2_lidar_ws/install/rslidar_sdk/share/rslidar_sdk/package.dsv
[0.178s] -- Up-to-date: /home/lilultime/ros2_lidar_ws/install/rslidar_sdk/share/ament_index/resource_index/packages/rslidar_sdk
[0.178s] -- Up-to-date: /home/lilultime/ros2_lidar_ws/install/rslidar_sdk/share/rslidar_sdk/cmake/rslidar_sdkConfig.cmake
[0.179s] -- Up-to-date: /home/lilultime/ros2_lidar_ws/install/rslidar_sdk/share/rslidar_sdk/cmake/rslidar_sdkConfig-version.cmake
[0.179s] -- Up-to-date: /home/lilultime/ros2_lidar_ws/install/rslidar_sdk/share/rslidar_sdk/package.xml
[0.184s] Invoked command in '/home/lilultime/ros2_lidar_ws/build/rslidar_sdk' returned '0': AMENT_PREFIX_PATH=/home/lilultime/ros2_lidar_ws/install/rslidar_msg:${AMENT_PREFIX_PATH} CMAKE_PREFIX_PATH=/home/lilultime/ros2_lidar_ws/install/rslidar_msg:/home/lilultime/ros2_customlidar_ws/install/my_cpp_pkg:/home/lilultime/ros2_ws/install/my_cpp_pkg:/home/lilultime/ros2_ws/install/my_robot_controller:/opt/ros/humble LD_LIBRARY_PATH=/home/lilultime/ros2_lidar_ws/install/rslidar_msg/lib:${LD_LIBRARY_PATH} PYTHONPATH=/home/lilultime/ros2_lidar_ws/install/rslidar_msg/local/lib/python3.10/dist-packages:${PYTHONPATH} /usr/local/bin/cmake --install /home/lilultime/ros2_lidar_ws/build/rslidar_sdk
