[0.015s] Invoking command in '/home/lilultime/ros2_customlidar_ws/build/my_cpp_pkg': CMAKE_PREFIX_PATH=${CMAKE_PREFIX_PATH}:/home/lilultime/ros2_ws/install/my_robot_controller:/opt/ros/humble /usr/local/bin/cmake --build /home/lilultime/ros2_customlidar_ws/build/my_cpp_pkg -- -j8 -l8
[0.077s] -- Found ament_cmake: 1.3.3 (/opt/ros/humble/share/ament_cmake/cmake)
[0.209s] -- Found rclcpp: 16.0.3 (/opt/ros/humble/share/rclcpp/cmake)
[0.264s] -- Found rosidl_generator_c: 3.1.4 (/opt/ros/humble/share/rosidl_generator_c/cmake)
[0.268s] -- Found rosidl_adapter: 3.1.4 (/opt/ros/humble/share/rosidl_adapter/cmake)
[0.278s] -- Found rosidl_generator_cpp: 3.1.4 (/opt/ros/humble/share/rosidl_generator_cpp/cmake)
[0.296s] -- Using all available rosidl_typesupport_c: rosidl_typesupport_fastrtps_c;rosidl_typesupport_introspection_c
[0.319s] -- Using all available rosidl_typesupport_cpp: rosidl_typesupport_fastrtps_cpp;rosidl_typesupport_introspection_cpp
[0.401s] -- Found rmw_implementation_cmake: 6.1.1 (/opt/ros/humble/share/rmw_implementation_cmake/cmake)
[0.403s] -- Found rmw_fastrtps_cpp: 6.2.2 (/opt/ros/humble/share/rmw_fastrtps_cpp/cmake)
[0.552s] -- Using RMW implementation 'rmw_fastrtps_cpp' as default
[0.824s] -- Configuring done (0.8s)
[0.840s] -- Generating done (0.0s)
[0.842s] -- Build files have been written to: /home/lilultime/ros2_customlidar_ws/build/my_cpp_pkg
[0.862s] [ 50%] [32mBuilding CXX object CMakeFiles/lidar_data_subscriber_executable.dir/src/lidar_data_subscriber.cpp.o[0m
[3.729s] [100%] [32m[1mLinking CXX executable lidar_data_subscriber_executable[0m
[3.858s] [100%] Built target lidar_data_subscriber_executable
[3.867s] Invoked command in '/home/lilultime/ros2_customlidar_ws/build/my_cpp_pkg' returned '0': CMAKE_PREFIX_PATH=${CMAKE_PREFIX_PATH}:/home/lilultime/ros2_ws/install/my_robot_controller:/opt/ros/humble /usr/local/bin/cmake --build /home/lilultime/ros2_customlidar_ws/build/my_cpp_pkg -- -j8 -l8
[3.958s] Invoking command in '/home/lilultime/ros2_customlidar_ws/build/my_cpp_pkg': CMAKE_PREFIX_PATH=${CMAKE_PREFIX_PATH}:/home/lilultime/ros2_ws/install/my_robot_controller:/opt/ros/humble /usr/local/bin/cmake --install /home/lilultime/ros2_customlidar_ws/build/my_cpp_pkg
[3.983s] -- Install configuration: ""
[3.983s] -- Installing: /home/lilultime/ros2_customlidar_ws/install/my_cpp_pkg/lib/my_cpp_pkg/lidar_data_subscriber_executable
[3.984s] -- Set runtime path of "/home/lilultime/ros2_customlidar_ws/install/my_cpp_pkg/lib/my_cpp_pkg/lidar_data_subscriber_executable" to ""
[3.984s] -- Up-to-date: /home/lilultime/ros2_customlidar_ws/install/my_cpp_pkg/share/ament_index/resource_index/package_run_dependencies/my_cpp_pkg
[3.984s] -- Up-to-date: /home/lilultime/ros2_customlidar_ws/install/my_cpp_pkg/share/ament_index/resource_index/parent_prefix_path/my_cpp_pkg
[3.985s] -- Up-to-date: /home/lilultime/ros2_customlidar_ws/install/my_cpp_pkg/share/my_cpp_pkg/environment/ament_prefix_path.sh
[3.985s] -- Installing: /home/lilultime/ros2_customlidar_ws/install/my_cpp_pkg/share/my_cpp_pkg/environment/ament_prefix_path.dsv
[3.985s] -- Up-to-date: /home/lilultime/ros2_customlidar_ws/install/my_cpp_pkg/share/my_cpp_pkg/environment/path.sh
[3.985s] -- Installing: /home/lilultime/ros2_customlidar_ws/install/my_cpp_pkg/share/my_cpp_pkg/environment/path.dsv
[3.986s] -- Up-to-date: /home/lilultime/ros2_customlidar_ws/install/my_cpp_pkg/share/my_cpp_pkg/local_setup.bash
[3.986s] -- Up-to-date: /home/lilultime/ros2_customlidar_ws/install/my_cpp_pkg/share/my_cpp_pkg/local_setup.sh
[3.986s] -- Up-to-date: /home/lilultime/ros2_customlidar_ws/install/my_cpp_pkg/share/my_cpp_pkg/local_setup.zsh
[3.986s] -- Installing: /home/lilultime/ros2_customlidar_ws/install/my_cpp_pkg/share/my_cpp_pkg/local_setup.dsv
[3.986s] -- Installing: /home/lilultime/ros2_customlidar_ws/install/my_cpp_pkg/share/my_cpp_pkg/package.dsv
[3.987s] -- Up-to-date: /home/lilultime/ros2_customlidar_ws/install/my_cpp_pkg/share/ament_index/resource_index/packages/my_cpp_pkg
[3.987s] -- Up-to-date: /home/lilultime/ros2_customlidar_ws/install/my_cpp_pkg/share/my_cpp_pkg/cmake/my_cpp_pkgConfig.cmake
[3.987s] -- Up-to-date: /home/lilultime/ros2_customlidar_ws/install/my_cpp_pkg/share/my_cpp_pkg/cmake/my_cpp_pkgConfig-version.cmake
[3.987s] -- Up-to-date: /home/lilultime/ros2_customlidar_ws/install/my_cpp_pkg/share/my_cpp_pkg/package.xml
[3.993s] Invoked command in '/home/lilultime/ros2_customlidar_ws/build/my_cpp_pkg' returned '0': CMAKE_PREFIX_PATH=${CMAKE_PREFIX_PATH}:/home/lilultime/ros2_ws/install/my_robot_controller:/opt/ros/humble /usr/local/bin/cmake --install /home/lilultime/ros2_customlidar_ws/build/my_cpp_pkg
