[0.430s] DEBUG:colcon:Command line arguments: ['/usr/bin/colcon', 'build']
[0.430s] DEBUG:colcon:Parsed command line arguments: Namespace(log_base=None, log_level=None, verb_name='build', build_base='build', install_base='install', merge_install=False, symlink_install=False, test_result_base=None, continue_on_error=False, executor='parallel', parallel_workers=8, event_handlers=None, ignore_user_meta=False, metas=['./colcon.meta'], base_paths=['.'], packages_ignore=None, packages_ignore_regex=None, paths=None, packages_up_to=None, packages_up_to_regex=None, packages_above=None, packages_above_and_dependencies=None, packages_above_depth=None, packages_select_by_dep=None, packages_skip_by_dep=None, packages_skip_up_to=None, packages_select_build_failed=False, packages_skip_build_finished=False, packages_select_test_failures=False, packages_skip_test_passed=False, packages_select=None, packages_skip=None, packages_select_regex=None, packages_skip_regex=None, packages_start=None, packages_end=None, allow_overriding=[], cmake_args=None, cmake_target=None, cmake_target_skip_unavailable=False, cmake_clean_cache=False, cmake_clean_first=False, cmake_force_configure=False, ament_cmake_args=None, catkin_cmake_args=None, catkin_skip_building_tests=False, verb_parser=<colcon_defaults.argument_parser.defaults.DefaultArgumentsDecorator object at 0x7f001afefca0>, verb_extension=<colcon_core.verb.build.BuildVerb object at 0x7f001afef730>, main=<bound method BuildVerb.main of <colcon_core.verb.build.BuildVerb object at 0x7f001afef730>>)
[0.454s] Level 1:colcon.colcon_core.package_discovery:discover_packages(colcon_meta) check parameters
[0.454s] Level 1:colcon.colcon_core.package_discovery:discover_packages(recursive) check parameters
[0.454s] Level 1:colcon.colcon_core.package_discovery:discover_packages(ignore) check parameters
[0.454s] Level 1:colcon.colcon_core.package_discovery:discover_packages(path) check parameters
[0.454s] Level 1:colcon.colcon_core.package_discovery:discover_packages(colcon_meta) discover
[0.454s] Level 1:colcon.colcon_core.package_discovery:discover_packages(recursive) discover
[0.454s] INFO:colcon.colcon_core.package_discovery:Crawling recursively for packages in '/home/lilultime/ros2_lidar_ws'
[0.454s] Level 1:colcon.colcon_core.package_identification:_identify(.) by extensions ['ignore', 'ignore_ament_install']
[0.454s] Level 1:colcon.colcon_core.package_identification:_identify(.) by extension 'ignore'
[0.454s] Level 1:colcon.colcon_core.package_identification:_identify(.) by extension 'ignore_ament_install'
[0.454s] Level 1:colcon.colcon_core.package_identification:_identify(.) by extensions ['colcon_pkg']
[0.454s] Level 1:colcon.colcon_core.package_identification:_identify(.) by extension 'colcon_pkg'
[0.454s] Level 1:colcon.colcon_core.package_identification:_identify(.) by extensions ['colcon_meta']
[0.454s] Level 1:colcon.colcon_core.package_identification:_identify(.) by extension 'colcon_meta'
[0.455s] Level 1:colcon.colcon_core.package_identification:_identify(.) by extensions ['ros']
[0.455s] Level 1:colcon.colcon_core.package_identification:_identify(.) by extension 'ros'
[0.465s] Level 1:colcon.colcon_core.package_identification:_identify(.) by extensions ['cmake', 'python']
[0.465s] Level 1:colcon.colcon_core.package_identification:_identify(.) by extension 'cmake'
[0.465s] Level 1:colcon.colcon_core.package_identification:_identify(.) by extension 'python'
[0.465s] Level 1:colcon.colcon_core.package_identification:_identify(.) by extensions ['python_setup_py']
[0.466s] Level 1:colcon.colcon_core.package_identification:_identify(.) by extension 'python_setup_py'
[0.466s] Level 1:colcon.colcon_core.package_identification:_identify(build) by extensions ['ignore', 'ignore_ament_install']
[0.466s] Level 1:colcon.colcon_core.package_identification:_identify(build) by extension 'ignore'
[0.466s] Level 1:colcon.colcon_core.package_identification:_identify(build) ignored
[0.466s] Level 1:colcon.colcon_core.package_identification:_identify(install) by extensions ['ignore', 'ignore_ament_install']
[0.466s] Level 1:colcon.colcon_core.package_identification:_identify(install) by extension 'ignore'
[0.466s] Level 1:colcon.colcon_core.package_identification:_identify(install) ignored
[0.466s] Level 1:colcon.colcon_core.package_identification:_identify(log) by extensions ['ignore', 'ignore_ament_install']
[0.466s] Level 1:colcon.colcon_core.package_identification:_identify(log) by extension 'ignore'
[0.466s] Level 1:colcon.colcon_core.package_identification:_identify(log) ignored
[0.466s] Level 1:colcon.colcon_core.package_identification:_identify(src) by extensions ['ignore', 'ignore_ament_install']
[0.466s] Level 1:colcon.colcon_core.package_identification:_identify(src) by extension 'ignore'
[0.466s] Level 1:colcon.colcon_core.package_identification:_identify(src) by extension 'ignore_ament_install'
[0.466s] Level 1:colcon.colcon_core.package_identification:_identify(src) by extensions ['colcon_pkg']
[0.466s] Level 1:colcon.colcon_core.package_identification:_identify(src) by extension 'colcon_pkg'
[0.467s] Level 1:colcon.colcon_core.package_identification:_identify(src) by extensions ['colcon_meta']
[0.467s] Level 1:colcon.colcon_core.package_identification:_identify(src) by extension 'colcon_meta'
[0.467s] Level 1:colcon.colcon_core.package_identification:_identify(src) by extensions ['ros']
[0.467s] Level 1:colcon.colcon_core.package_identification:_identify(src) by extension 'ros'
[0.467s] Level 1:colcon.colcon_core.package_identification:_identify(src) by extensions ['cmake', 'python']
[0.467s] Level 1:colcon.colcon_core.package_identification:_identify(src) by extension 'cmake'
[0.467s] Level 1:colcon.colcon_core.package_identification:_identify(src) by extension 'python'
[0.467s] Level 1:colcon.colcon_core.package_identification:_identify(src) by extensions ['python_setup_py']
[0.467s] Level 1:colcon.colcon_core.package_identification:_identify(src) by extension 'python_setup_py'
[0.467s] Level 1:colcon.colcon_core.package_identification:_identify(src/rslidar_msg-master) by extensions ['ignore', 'ignore_ament_install']
[0.467s] Level 1:colcon.colcon_core.package_identification:_identify(src/rslidar_msg-master) by extension 'ignore'
[0.467s] Level 1:colcon.colcon_core.package_identification:_identify(src/rslidar_msg-master) by extension 'ignore_ament_install'
[0.467s] Level 1:colcon.colcon_core.package_identification:_identify(src/rslidar_msg-master) by extensions ['colcon_pkg']
[0.467s] Level 1:colcon.colcon_core.package_identification:_identify(src/rslidar_msg-master) by extension 'colcon_pkg'
[0.467s] Level 1:colcon.colcon_core.package_identification:_identify(src/rslidar_msg-master) by extensions ['colcon_meta']
[0.467s] Level 1:colcon.colcon_core.package_identification:_identify(src/rslidar_msg-master) by extension 'colcon_meta'
[0.467s] Level 1:colcon.colcon_core.package_identification:_identify(src/rslidar_msg-master) by extensions ['ros']
[0.467s] Level 1:colcon.colcon_core.package_identification:_identify(src/rslidar_msg-master) by extension 'ros'
[0.470s] DEBUG:colcon.colcon_core.package_identification:Package 'src/rslidar_msg-master' with type 'ros.ament_cmake' and name 'rslidar_msg'
[0.470s] Level 1:colcon.colcon_core.package_identification:_identify(src/rslidar_sdk) by extensions ['ignore', 'ignore_ament_install']
[0.470s] Level 1:colcon.colcon_core.package_identification:_identify(src/rslidar_sdk) by extension 'ignore'
[0.470s] Level 1:colcon.colcon_core.package_identification:_identify(src/rslidar_sdk) by extension 'ignore_ament_install'
[0.470s] Level 1:colcon.colcon_core.package_identification:_identify(src/rslidar_sdk) by extensions ['colcon_pkg']
[0.470s] Level 1:colcon.colcon_core.package_identification:_identify(src/rslidar_sdk) by extension 'colcon_pkg'
[0.470s] Level 1:colcon.colcon_core.package_identification:_identify(src/rslidar_sdk) by extensions ['colcon_meta']
[0.470s] Level 1:colcon.colcon_core.package_identification:_identify(src/rslidar_sdk) by extension 'colcon_meta'
[0.470s] Level 1:colcon.colcon_core.package_identification:_identify(src/rslidar_sdk) by extensions ['ros']
[0.470s] Level 1:colcon.colcon_core.package_identification:_identify(src/rslidar_sdk) by extension 'ros'
[0.471s] DEBUG:colcon.colcon_core.package_identification:Package 'src/rslidar_sdk' with type 'ros.ament_cmake' and name 'rslidar_sdk'
[0.471s] Level 1:colcon.colcon_core.package_discovery:discover_packages(recursive) using defaults
[0.471s] Level 1:colcon.colcon_core.package_discovery:discover_packages(ignore) discover
[0.471s] Level 1:colcon.colcon_core.package_discovery:discover_packages(ignore) using defaults
[0.471s] Level 1:colcon.colcon_core.package_discovery:discover_packages(path) discover
[0.471s] Level 1:colcon.colcon_core.package_discovery:discover_packages(path) using defaults
[0.494s] Level 1:colcon.colcon_core.package_discovery:discover_packages(prefix_path) check parameters
[0.494s] Level 1:colcon.colcon_core.package_discovery:discover_packages(prefix_path) discover
[0.497s] DEBUG:colcon.colcon_installed_package_information.package_discovery:Found 2 installed packages in /home/lilultime/ros2_ws/install
[0.499s] DEBUG:colcon.colcon_installed_package_information.package_discovery:Found 355 installed packages in /opt/ros/humble
[0.501s] Level 1:colcon.colcon_core.package_discovery:discover_packages(prefix_path) using defaults
[0.604s] Level 5:colcon.colcon_core.verb:set package 'rslidar_msg' build argument 'cmake_args' from command line to 'None'
[0.604s] Level 5:colcon.colcon_core.verb:set package 'rslidar_msg' build argument 'cmake_target' from command line to 'None'
[0.604s] Level 5:colcon.colcon_core.verb:set package 'rslidar_msg' build argument 'cmake_target_skip_unavailable' from command line to 'False'
[0.604s] Level 5:colcon.colcon_core.verb:set package 'rslidar_msg' build argument 'cmake_clean_cache' from command line to 'False'
[0.604s] Level 5:colcon.colcon_core.verb:set package 'rslidar_msg' build argument 'cmake_clean_first' from command line to 'False'
[0.604s] Level 5:colcon.colcon_core.verb:set package 'rslidar_msg' build argument 'cmake_force_configure' from command line to 'False'
[0.604s] Level 5:colcon.colcon_core.verb:set package 'rslidar_msg' build argument 'ament_cmake_args' from command line to 'None'
[0.604s] Level 5:colcon.colcon_core.verb:set package 'rslidar_msg' build argument 'catkin_cmake_args' from command line to 'None'
[0.604s] Level 5:colcon.colcon_core.verb:set package 'rslidar_msg' build argument 'catkin_skip_building_tests' from command line to 'False'
[0.604s] DEBUG:colcon.colcon_core.verb:Building package 'rslidar_msg' with the following arguments: {'ament_cmake_args': None, 'build_base': '/home/lilultime/ros2_lidar_ws/build/rslidar_msg', 'catkin_cmake_args': None, 'catkin_skip_building_tests': False, 'cmake_args': None, 'cmake_clean_cache': False, 'cmake_clean_first': False, 'cmake_force_configure': False, 'cmake_target': None, 'cmake_target_skip_unavailable': False, 'install_base': '/home/lilultime/ros2_lidar_ws/install/rslidar_msg', 'merge_install': False, 'path': '/home/lilultime/ros2_lidar_ws/src/rslidar_msg-master', 'symlink_install': False, 'test_result_base': None}
[0.605s] Level 5:colcon.colcon_core.verb:set package 'rslidar_sdk' build argument 'cmake_args' from command line to 'None'
[0.605s] Level 5:colcon.colcon_core.verb:set package 'rslidar_sdk' build argument 'cmake_target' from command line to 'None'
[0.605s] Level 5:colcon.colcon_core.verb:set package 'rslidar_sdk' build argument 'cmake_target_skip_unavailable' from command line to 'False'
[0.605s] Level 5:colcon.colcon_core.verb:set package 'rslidar_sdk' build argument 'cmake_clean_cache' from command line to 'False'
[0.606s] Level 5:colcon.colcon_core.verb:set package 'rslidar_sdk' build argument 'cmake_clean_first' from command line to 'False'
[0.606s] Level 5:colcon.colcon_core.verb:set package 'rslidar_sdk' build argument 'cmake_force_configure' from command line to 'False'
[0.606s] Level 5:colcon.colcon_core.verb:set package 'rslidar_sdk' build argument 'ament_cmake_args' from command line to 'None'
[0.606s] Level 5:colcon.colcon_core.verb:set package 'rslidar_sdk' build argument 'catkin_cmake_args' from command line to 'None'
[0.606s] Level 5:colcon.colcon_core.verb:set package 'rslidar_sdk' build argument 'catkin_skip_building_tests' from command line to 'False'
[0.606s] DEBUG:colcon.colcon_core.verb:Building package 'rslidar_sdk' with the following arguments: {'ament_cmake_args': None, 'build_base': '/home/lilultime/ros2_lidar_ws/build/rslidar_sdk', 'catkin_cmake_args': None, 'catkin_skip_building_tests': False, 'cmake_args': None, 'cmake_clean_cache': False, 'cmake_clean_first': False, 'cmake_force_configure': False, 'cmake_target': None, 'cmake_target_skip_unavailable': False, 'install_base': '/home/lilultime/ros2_lidar_ws/install/rslidar_sdk', 'merge_install': False, 'path': '/home/lilultime/ros2_lidar_ws/src/rslidar_sdk', 'symlink_install': False, 'test_result_base': None}
[0.606s] INFO:colcon.colcon_core.executor:Executing jobs using 'parallel' executor
[0.609s] DEBUG:colcon.colcon_parallel_executor.executor.parallel:run_until_complete
[0.610s] INFO:colcon.colcon_ros.task.ament_cmake.build:Building ROS package in '/home/lilultime/ros2_lidar_ws/src/rslidar_msg-master' with build type 'ament_cmake'
[0.610s] INFO:colcon.colcon_cmake.task.cmake.build:Building CMake package in '/home/lilultime/ros2_lidar_ws/src/rslidar_msg-master'
[0.615s] INFO:colcon.colcon_core.plugin_system:Skipping extension 'colcon_core.shell.bat': Not used on non-Windows systems
[0.615s] INFO:colcon.colcon_core.shell:Skip shell extension 'powershell' for command environment: Not usable outside of PowerShell
[0.616s] DEBUG:colcon.colcon_core.shell:Skip shell extension 'dsv' for command environment
[0.627s] DEBUG:colcon.colcon_core.event_handler.log_command:Invoking command in '/home/lilultime/ros2_lidar_ws/build/rslidar_msg': CMAKE_PREFIX_PATH=${CMAKE_PREFIX_PATH}:/home/lilultime/ros2_ws/install/my_robot_controller:/opt/ros/humble /usr/local/bin/cmake --build /home/lilultime/ros2_lidar_ws/build/rslidar_msg -- -j8 -l8
[0.999s] DEBUG:colcon.colcon_core.event_handler.log_command:Invoked command in '/home/lilultime/ros2_lidar_ws/build/rslidar_msg' returned '0': CMAKE_PREFIX_PATH=${CMAKE_PREFIX_PATH}:/home/lilultime/ros2_ws/install/my_robot_controller:/opt/ros/humble /usr/local/bin/cmake --build /home/lilultime/ros2_lidar_ws/build/rslidar_msg -- -j8 -l8
[1.109s] DEBUG:colcon.colcon_core.event_handler.log_command:Invoking command in '/home/lilultime/ros2_lidar_ws/build/rslidar_msg': CMAKE_PREFIX_PATH=${CMAKE_PREFIX_PATH}:/home/lilultime/ros2_ws/install/my_robot_controller:/opt/ros/humble /usr/local/bin/cmake --install /home/lilultime/ros2_lidar_ws/build/rslidar_msg
[1.194s] Level 1:colcon.colcon_core.environment:create_environment_scripts_only(rslidar_msg)
[1.195s] DEBUG:colcon.colcon_core.event_handler.log_command:Invoked command in '/home/lilultime/ros2_lidar_ws/build/rslidar_msg' returned '0': CMAKE_PREFIX_PATH=${CMAKE_PREFIX_PATH}:/home/lilultime/ros2_ws/install/my_robot_controller:/opt/ros/humble /usr/local/bin/cmake --install /home/lilultime/ros2_lidar_ws/build/rslidar_msg
[1.201s] Level 1:colcon.colcon_core.environment:checking '/home/lilultime/ros2_lidar_ws/install/rslidar_msg' for CMake module files
[1.201s] Level 1:colcon.colcon_core.environment:checking '/home/lilultime/ros2_lidar_ws/install/rslidar_msg' for CMake config files
[1.201s] Level 1:colcon.colcon_core.shell:create_environment_hook('rslidar_msg', 'cmake_prefix_path')
[1.203s] INFO:colcon.colcon_core.shell:Creating environment hook '/home/lilultime/ros2_lidar_ws/install/rslidar_msg/share/rslidar_msg/hook/cmake_prefix_path.ps1'
[1.203s] INFO:colcon.colcon_core.shell:Creating environment descriptor '/home/lilultime/ros2_lidar_ws/install/rslidar_msg/share/rslidar_msg/hook/cmake_prefix_path.dsv'
[1.204s] INFO:colcon.colcon_core.shell:Creating environment hook '/home/lilultime/ros2_lidar_ws/install/rslidar_msg/share/rslidar_msg/hook/cmake_prefix_path.sh'
[1.204s] Level 1:colcon.colcon_core.environment:checking '/home/lilultime/ros2_lidar_ws/install/rslidar_msg/lib'
[1.205s] Level 1:colcon.colcon_core.shell:create_environment_hook('rslidar_msg', 'ld_library_path_lib')
[1.206s] INFO:colcon.colcon_core.shell:Creating environment hook '/home/lilultime/ros2_lidar_ws/install/rslidar_msg/share/rslidar_msg/hook/ld_library_path_lib.ps1'
[1.206s] INFO:colcon.colcon_core.shell:Creating environment descriptor '/home/lilultime/ros2_lidar_ws/install/rslidar_msg/share/rslidar_msg/hook/ld_library_path_lib.dsv'
[1.206s] INFO:colcon.colcon_core.shell:Creating environment hook '/home/lilultime/ros2_lidar_ws/install/rslidar_msg/share/rslidar_msg/hook/ld_library_path_lib.sh'
[1.207s] Level 1:colcon.colcon_core.environment:checking '/home/lilultime/ros2_lidar_ws/install/rslidar_msg/bin'
[1.207s] Level 1:colcon.colcon_core.environment:checking '/home/lilultime/ros2_lidar_ws/install/rslidar_msg/lib/pkgconfig/rslidar_msg.pc'
[1.207s] Level 1:colcon.colcon_core.environment:checking '/home/lilultime/ros2_lidar_ws/install/rslidar_msg/lib/python3.10/site-packages'
[1.207s] Level 1:colcon.colcon_core.environment:checking '/home/lilultime/ros2_lidar_ws/install/rslidar_msg/bin'
[1.209s] INFO:colcon.colcon_core.shell:Creating package script '/home/lilultime/ros2_lidar_ws/install/rslidar_msg/share/rslidar_msg/package.ps1'
[1.209s] INFO:colcon.colcon_core.shell:Creating package descriptor '/home/lilultime/ros2_lidar_ws/install/rslidar_msg/share/rslidar_msg/package.dsv'
[1.210s] INFO:colcon.colcon_core.shell:Creating package script '/home/lilultime/ros2_lidar_ws/install/rslidar_msg/share/rslidar_msg/package.sh'
[1.211s] INFO:colcon.colcon_core.shell:Creating package script '/home/lilultime/ros2_lidar_ws/install/rslidar_msg/share/rslidar_msg/package.bash'
[1.211s] INFO:colcon.colcon_core.shell:Creating package script '/home/lilultime/ros2_lidar_ws/install/rslidar_msg/share/rslidar_msg/package.zsh'
[1.212s] Level 1:colcon.colcon_core.environment:create_file_with_runtime_dependencies(/home/lilultime/ros2_lidar_ws/install/rslidar_msg/share/colcon-core/packages/rslidar_msg)
[1.291s] Level 1:colcon.colcon_core.environment:create_environment_scripts_only(rslidar_msg)
[1.293s] Level 1:colcon.colcon_core.environment:checking '/home/lilultime/ros2_lidar_ws/install/rslidar_msg' for CMake module files
[1.293s] Level 1:colcon.colcon_core.environment:checking '/home/lilultime/ros2_lidar_ws/install/rslidar_msg' for CMake config files
[1.293s] Level 1:colcon.colcon_core.shell:create_environment_hook('rslidar_msg', 'cmake_prefix_path')
[1.294s] INFO:colcon.colcon_core.shell:Creating environment hook '/home/lilultime/ros2_lidar_ws/install/rslidar_msg/share/rslidar_msg/hook/cmake_prefix_path.ps1'
[1.295s] INFO:colcon.colcon_core.shell:Creating environment descriptor '/home/lilultime/ros2_lidar_ws/install/rslidar_msg/share/rslidar_msg/hook/cmake_prefix_path.dsv'
[1.295s] INFO:colcon.colcon_core.shell:Creating environment hook '/home/lilultime/ros2_lidar_ws/install/rslidar_msg/share/rslidar_msg/hook/cmake_prefix_path.sh'
[1.296s] Level 1:colcon.colcon_core.environment:checking '/home/lilultime/ros2_lidar_ws/install/rslidar_msg/lib'
[1.296s] Level 1:colcon.colcon_core.shell:create_environment_hook('rslidar_msg', 'ld_library_path_lib')
[1.297s] INFO:colcon.colcon_core.shell:Creating environment hook '/home/lilultime/ros2_lidar_ws/install/rslidar_msg/share/rslidar_msg/hook/ld_library_path_lib.ps1'
[1.297s] INFO:colcon.colcon_core.shell:Creating environment descriptor '/home/lilultime/ros2_lidar_ws/install/rslidar_msg/share/rslidar_msg/hook/ld_library_path_lib.dsv'
[1.297s] INFO:colcon.colcon_core.shell:Creating environment hook '/home/lilultime/ros2_lidar_ws/install/rslidar_msg/share/rslidar_msg/hook/ld_library_path_lib.sh'
[1.298s] Level 1:colcon.colcon_core.environment:checking '/home/lilultime/ros2_lidar_ws/install/rslidar_msg/bin'
[1.298s] Level 1:colcon.colcon_core.environment:checking '/home/lilultime/ros2_lidar_ws/install/rslidar_msg/lib/pkgconfig/rslidar_msg.pc'
[1.298s] Level 1:colcon.colcon_core.environment:checking '/home/lilultime/ros2_lidar_ws/install/rslidar_msg/lib/python3.10/site-packages'
[1.298s] Level 1:colcon.colcon_core.environment:checking '/home/lilultime/ros2_lidar_ws/install/rslidar_msg/bin'
[1.300s] INFO:colcon.colcon_core.shell:Creating package script '/home/lilultime/ros2_lidar_ws/install/rslidar_msg/share/rslidar_msg/package.ps1'
[1.300s] INFO:colcon.colcon_core.shell:Creating package descriptor '/home/lilultime/ros2_lidar_ws/install/rslidar_msg/share/rslidar_msg/package.dsv'
[1.301s] INFO:colcon.colcon_core.shell:Creating package script '/home/lilultime/ros2_lidar_ws/install/rslidar_msg/share/rslidar_msg/package.sh'
[1.301s] INFO:colcon.colcon_core.shell:Creating package script '/home/lilultime/ros2_lidar_ws/install/rslidar_msg/share/rslidar_msg/package.bash'
[1.301s] INFO:colcon.colcon_core.shell:Creating package script '/home/lilultime/ros2_lidar_ws/install/rslidar_msg/share/rslidar_msg/package.zsh'
[1.302s] Level 1:colcon.colcon_core.environment:create_file_with_runtime_dependencies(/home/lilultime/ros2_lidar_ws/install/rslidar_msg/share/colcon-core/packages/rslidar_msg)
[1.302s] INFO:colcon.colcon_ros.task.ament_cmake.build:Building ROS package in '/home/lilultime/ros2_lidar_ws/src/rslidar_sdk' with build type 'ament_cmake'
[1.302s] INFO:colcon.colcon_cmake.task.cmake.build:Building CMake package in '/home/lilultime/ros2_lidar_ws/src/rslidar_sdk'
[1.303s] INFO:colcon.colcon_core.shell:Skip shell extension 'powershell' for command environment: Not usable outside of PowerShell
[1.303s] DEBUG:colcon.colcon_core.shell:Skip shell extension 'dsv' for command environment
[1.318s] DEBUG:colcon.colcon_core.event_handler.log_command:Invoking command in '/home/lilultime/ros2_lidar_ws/build/rslidar_sdk': AMENT_PREFIX_PATH=/home/lilultime/ros2_lidar_ws/install/rslidar_msg:${AMENT_PREFIX_PATH} CMAKE_PREFIX_PATH=/home/lilultime/ros2_lidar_ws/install/rslidar_msg:/home/lilultime/ros2_ws/install/my_cpp_pkg:/home/lilultime/ros2_ws/install/my_robot_controller:/opt/ros/humble LD_LIBRARY_PATH=/home/lilultime/ros2_lidar_ws/install/rslidar_msg/lib:${LD_LIBRARY_PATH} PYTHONPATH=/home/lilultime/ros2_lidar_ws/install/rslidar_msg/local/lib/python3.10/dist-packages:${PYTHONPATH} /usr/local/bin/cmake --build /home/lilultime/ros2_lidar_ws/build/rslidar_sdk -- -j8 -l8
[1.595s] DEBUG:colcon.colcon_core.event_handler.log_command:Invoked command in '/home/lilultime/ros2_lidar_ws/build/rslidar_sdk' returned '2': AMENT_PREFIX_PATH=/home/lilultime/ros2_lidar_ws/install/rslidar_msg:${AMENT_PREFIX_PATH} CMAKE_PREFIX_PATH=/home/lilultime/ros2_lidar_ws/install/rslidar_msg:/home/lilultime/ros2_ws/install/my_cpp_pkg:/home/lilultime/ros2_ws/install/my_robot_controller:/opt/ros/humble LD_LIBRARY_PATH=/home/lilultime/ros2_lidar_ws/install/rslidar_msg/lib:${LD_LIBRARY_PATH} PYTHONPATH=/home/lilultime/ros2_lidar_ws/install/rslidar_msg/local/lib/python3.10/dist-packages:${PYTHONPATH} /usr/local/bin/cmake --build /home/lilultime/ros2_lidar_ws/build/rslidar_sdk -- -j8 -l8
[1.644s] Level 1:colcon.colcon_core.environment:create_environment_scripts_only(rslidar_sdk)
[1.646s] Level 1:colcon.colcon_core.environment:checking '/home/lilultime/ros2_lidar_ws/install/rslidar_sdk' for CMake module files
[1.646s] Level 1:colcon.colcon_core.environment:checking '/home/lilultime/ros2_lidar_ws/install/rslidar_sdk' for CMake config files
[1.647s] Level 1:colcon.colcon_core.environment:checking '/home/lilultime/ros2_lidar_ws/install/rslidar_sdk/bin'
[1.647s] Level 1:colcon.colcon_core.environment:checking '/home/lilultime/ros2_lidar_ws/install/rslidar_sdk/lib/pkgconfig/rslidar_sdk.pc'
[1.647s] Level 1:colcon.colcon_core.environment:checking '/home/lilultime/ros2_lidar_ws/install/rslidar_sdk/lib/python3.10/site-packages'
[1.647s] Level 1:colcon.colcon_core.environment:checking '/home/lilultime/ros2_lidar_ws/install/rslidar_sdk/bin'
[1.648s] INFO:colcon.colcon_core.shell:Creating package script '/home/lilultime/ros2_lidar_ws/install/rslidar_sdk/share/rslidar_sdk/package.ps1'
[1.649s] INFO:colcon.colcon_core.shell:Creating package descriptor '/home/lilultime/ros2_lidar_ws/install/rslidar_sdk/share/rslidar_sdk/package.dsv'
[1.649s] INFO:colcon.colcon_core.shell:Creating package script '/home/lilultime/ros2_lidar_ws/install/rslidar_sdk/share/rslidar_sdk/package.sh'
[1.649s] INFO:colcon.colcon_core.shell:Creating package script '/home/lilultime/ros2_lidar_ws/install/rslidar_sdk/share/rslidar_sdk/package.bash'
[1.650s] INFO:colcon.colcon_core.shell:Creating package script '/home/lilultime/ros2_lidar_ws/install/rslidar_sdk/share/rslidar_sdk/package.zsh'
[1.650s] Level 1:colcon.colcon_core.environment:create_file_with_runtime_dependencies(/home/lilultime/ros2_lidar_ws/install/rslidar_sdk/share/colcon-core/packages/rslidar_sdk)
[1.660s] DEBUG:colcon.colcon_parallel_executor.executor.parallel:closing loop
[1.661s] DEBUG:colcon.colcon_parallel_executor.executor.parallel:loop closed
[1.661s] DEBUG:colcon.colcon_parallel_executor.executor.parallel:run_until_complete finished with '2'
[1.661s] DEBUG:colcon.colcon_core.event_reactor:joining thread
[1.667s] INFO:colcon.colcon_core.plugin_system:Skipping extension 'colcon_notification.desktop_notification.terminal_notifier': Not used on non-Darwin systems
[1.667s] INFO:colcon.colcon_core.plugin_system:Skipping extension 'colcon_notification.desktop_notification.win32': Not used on non-Windows systems
[1.667s] INFO:colcon.colcon_notification.desktop_notification:Sending desktop notification using 'notify2'
[1.678s] DEBUG:colcon.colcon_core.event_reactor:joined thread
[1.679s] INFO:colcon.colcon_core.shell:Creating prefix script '/home/lilultime/ros2_lidar_ws/install/local_setup.ps1'
[1.680s] INFO:colcon.colcon_core.shell:Creating prefix util module '/home/lilultime/ros2_lidar_ws/install/_local_setup_util_ps1.py'
[1.681s] INFO:colcon.colcon_core.shell:Creating prefix chain script '/home/lilultime/ros2_lidar_ws/install/setup.ps1'
[1.683s] INFO:colcon.colcon_core.shell:Creating prefix script '/home/lilultime/ros2_lidar_ws/install/local_setup.sh'
[1.684s] INFO:colcon.colcon_core.shell:Creating prefix util module '/home/lilultime/ros2_lidar_ws/install/_local_setup_util_sh.py'
[1.684s] INFO:colcon.colcon_core.shell:Creating prefix chain script '/home/lilultime/ros2_lidar_ws/install/setup.sh'
[1.686s] INFO:colcon.colcon_core.shell:Creating prefix script '/home/lilultime/ros2_lidar_ws/install/local_setup.bash'
[1.686s] INFO:colcon.colcon_core.shell:Creating prefix chain script '/home/lilultime/ros2_lidar_ws/install/setup.bash'
[1.688s] INFO:colcon.colcon_core.shell:Creating prefix script '/home/lilultime/ros2_lidar_ws/install/local_setup.zsh'
[1.688s] INFO:colcon.colcon_core.shell:Creating prefix chain script '/home/lilultime/ros2_lidar_ws/install/setup.zsh'
