[0.016s] Invoking command in '/home/lilultime/External_Ros2_Projects/autowareclass2020/code/src/09_Perception_Radar/Radar-Hands-On-Solution-WS/ros2_socketcan_bridge/build/can_msgs': CMAKE_PREFIX_PATH=${CMAKE_PREFIX_PATH}:/home/lilultime/ros2_ws/install/my_robot_controller:/opt/ros/humble /usr/bin/cmake --build /home/lilultime/External_Ros2_Projects/autowareclass2020/code/src/09_Perception_Radar/Radar-Hands-On-Solution-WS/ros2_socketcan_bridge/build/can_msgs -- -j8 -l8
[0.055s] [35m[1mConsolidate compiler generated dependencies of target can_msgs__rosidl_generator_c[0m
[0.065s] [  3%] Built target can_msgs__cpp
[0.066s] [ 12%] Built target can_msgs__rosidl_generator_c
[0.077s] [ 12%] Built target ament_cmake_python_copy_can_msgs
[0.077s] [35m[1mConsolidate compiler generated dependencies of target can_msgs__rosidl_typesupport_fastrtps_cpp[0m
[0.078s] [35m[1mConsolidate compiler generated dependencies of target can_msgs__rosidl_typesupport_introspection_c[0m
[0.079s] [35m[1mConsolidate compiler generated dependencies of target can_msgs__rosidl_typesupport_cpp[0m
[0.079s] [35m[1mConsolidate compiler generated dependencies of target can_msgs__rosidl_typesupport_introspection_cpp[0m
[0.081s] [35m[1mConsolidate compiler generated dependencies of target can_msgs__rosidl_typesupport_fastrtps_c[0m
[0.087s] [35m[1mConsolidate compiler generated dependencies of target can_msgs__rosidl_typesupport_c[0m
[0.095s] [ 22%] Built target can_msgs__rosidl_typesupport_introspection_c
[0.097s] [ 35%] Built target can_msgs__rosidl_typesupport_cpp
[0.097s] [ 41%] Built target can_msgs__rosidl_typesupport_fastrtps_cpp
[0.099s] [ 51%] Built target can_msgs__rosidl_typesupport_introspection_cpp
[0.101s] [ 61%] Built target can_msgs__rosidl_typesupport_fastrtps_c
[0.103s] [ 70%] Built target can_msgs__rosidl_typesupport_c
[0.124s] [ 70%] Built target can_msgs
[0.146s] [ 74%] Built target can_msgs__py
[0.158s] [35m[1mConsolidate compiler generated dependencies of target can_msgs__rosidl_generator_py[0m
[0.171s] [ 80%] Built target can_msgs__rosidl_generator_py
[0.182s] [35m[1mConsolidate compiler generated dependencies of target can_msgs__rosidl_typesupport_introspection_c__pyext[0m
[0.182s] [35m[1mConsolidate compiler generated dependencies of target can_msgs__rosidl_typesupport_fastrtps_c__pyext[0m
[0.182s] [35m[1mConsolidate compiler generated dependencies of target can_msgs__rosidl_typesupport_c__pyext[0m
[0.195s] [100%] Built target can_msgs__rosidl_typesupport_fastrtps_c__pyext
[0.195s] [100%] Built target can_msgs__rosidl_typesupport_c__pyext
[0.195s] [100%] Built target can_msgs__rosidl_typesupport_introspection_c__pyext
[0.352s] running egg_info
[0.353s] writing can_msgs.egg-info/PKG-INFO
[0.353s] writing dependency_links to can_msgs.egg-info/dependency_links.txt
[0.354s] writing top-level names to can_msgs.egg-info/top_level.txt
[0.356s] reading manifest file 'can_msgs.egg-info/SOURCES.txt'
[0.356s] writing manifest file 'can_msgs.egg-info/SOURCES.txt'
[0.380s] [100%] Built target ament_cmake_python_build_can_msgs_egg
[0.390s] Invoked command in '/home/lilultime/External_Ros2_Projects/autowareclass2020/code/src/09_Perception_Radar/Radar-Hands-On-Solution-WS/ros2_socketcan_bridge/build/can_msgs' returned '0': CMAKE_PREFIX_PATH=${CMAKE_PREFIX_PATH}:/home/lilultime/ros2_ws/install/my_robot_controller:/opt/ros/humble /usr/bin/cmake --build /home/lilultime/External_Ros2_Projects/autowareclass2020/code/src/09_Perception_Radar/Radar-Hands-On-Solution-WS/ros2_socketcan_bridge/build/can_msgs -- -j8 -l8
[0.459s] Invoking command in '/home/lilultime/External_Ros2_Projects/autowareclass2020/code/src/09_Perception_Radar/Radar-Hands-On-Solution-WS/ros2_socketcan_bridge/build/can_msgs': CMAKE_PREFIX_PATH=${CMAKE_PREFIX_PATH}:/home/lilultime/ros2_ws/install/my_robot_controller:/opt/ros/humble /usr/bin/cmake --install /home/lilultime/External_Ros2_Projects/autowareclass2020/code/src/09_Perception_Radar/Radar-Hands-On-Solution-WS/ros2_socketcan_bridge/build/can_msgs
[0.467s] -- Install configuration: ""
[0.467s] -- Up-to-date: /home/lilultime/External_Ros2_Projects/autowareclass2020/code/src/09_Perception_Radar/Radar-Hands-On-Solution-WS/ros2_socketcan_bridge/install/can_msgs/share/ament_index/resource_index/rosidl_interfaces/can_msgs
[0.467s] -- Up-to-date: /home/lilultime/External_Ros2_Projects/autowareclass2020/code/src/09_Perception_Radar/Radar-Hands-On-Solution-WS/ros2_socketcan_bridge/install/can_msgs/include/can_msgs/can_msgs
[0.467s] -- Up-to-date: /home/lilultime/External_Ros2_Projects/autowareclass2020/code/src/09_Perception_Radar/Radar-Hands-On-Solution-WS/ros2_socketcan_bridge/install/can_msgs/include/can_msgs/can_msgs/msg
[0.467s] -- Up-to-date: /home/lilultime/External_Ros2_Projects/autowareclass2020/code/src/09_Perception_Radar/Radar-Hands-On-Solution-WS/ros2_socketcan_bridge/install/can_msgs/include/can_msgs/can_msgs/msg/frame.h
[0.468s] -- Up-to-date: /home/lilultime/External_Ros2_Projects/autowareclass2020/code/src/09_Perception_Radar/Radar-Hands-On-Solution-WS/ros2_socketcan_bridge/install/can_msgs/include/can_msgs/can_msgs/msg/rosidl_generator_c__visibility_control.h
[0.468s] -- Up-to-date: /home/lilultime/External_Ros2_Projects/autowareclass2020/code/src/09_Perception_Radar/Radar-Hands-On-Solution-WS/ros2_socketcan_bridge/install/can_msgs/include/can_msgs/can_msgs/msg/detail
[0.468s] -- Up-to-date: /home/lilultime/External_Ros2_Projects/autowareclass2020/code/src/09_Perception_Radar/Radar-Hands-On-Solution-WS/ros2_socketcan_bridge/install/can_msgs/include/can_msgs/can_msgs/msg/detail/frame__functions.h
[0.468s] -- Up-to-date: /home/lilultime/External_Ros2_Projects/autowareclass2020/code/src/09_Perception_Radar/Radar-Hands-On-Solution-WS/ros2_socketcan_bridge/install/can_msgs/include/can_msgs/can_msgs/msg/detail/frame__functions.c
[0.468s] -- Up-to-date: /home/lilultime/External_Ros2_Projects/autowareclass2020/code/src/09_Perception_Radar/Radar-Hands-On-Solution-WS/ros2_socketcan_bridge/install/can_msgs/include/can_msgs/can_msgs/msg/detail/frame__struct.h
[0.468s] -- Up-to-date: /home/lilultime/External_Ros2_Projects/autowareclass2020/code/src/09_Perception_Radar/Radar-Hands-On-Solution-WS/ros2_socketcan_bridge/install/can_msgs/include/can_msgs/can_msgs/msg/detail/frame__type_support.h
[0.468s] -- Up-to-date: /home/lilultime/External_Ros2_Projects/autowareclass2020/code/src/09_Perception_Radar/Radar-Hands-On-Solution-WS/ros2_socketcan_bridge/install/can_msgs/share/can_msgs/environment/library_path.sh
[0.468s] -- Up-to-date: /home/lilultime/External_Ros2_Projects/autowareclass2020/code/src/09_Perception_Radar/Radar-Hands-On-Solution-WS/ros2_socketcan_bridge/install/can_msgs/share/can_msgs/environment/library_path.dsv
[0.469s] -- Up-to-date: /home/lilultime/External_Ros2_Projects/autowareclass2020/code/src/09_Perception_Radar/Radar-Hands-On-Solution-WS/ros2_socketcan_bridge/install/can_msgs/lib/libcan_msgs__rosidl_generator_c.so
[0.469s] -- Up-to-date: /home/lilultime/External_Ros2_Projects/autowareclass2020/code/src/09_Perception_Radar/Radar-Hands-On-Solution-WS/ros2_socketcan_bridge/install/can_msgs/include/can_msgs/can_msgs
[0.469s] -- Up-to-date: /home/lilultime/External_Ros2_Projects/autowareclass2020/code/src/09_Perception_Radar/Radar-Hands-On-Solution-WS/ros2_socketcan_bridge/install/can_msgs/include/can_msgs/can_msgs/msg
[0.469s] -- Up-to-date: /home/lilultime/External_Ros2_Projects/autowareclass2020/code/src/09_Perception_Radar/Radar-Hands-On-Solution-WS/ros2_socketcan_bridge/install/can_msgs/include/can_msgs/can_msgs/msg/rosidl_typesupport_fastrtps_c__visibility_control.h
[0.469s] -- Up-to-date: /home/lilultime/External_Ros2_Projects/autowareclass2020/code/src/09_Perception_Radar/Radar-Hands-On-Solution-WS/ros2_socketcan_bridge/install/can_msgs/include/can_msgs/can_msgs/msg/detail
[0.469s] -- Up-to-date: /home/lilultime/External_Ros2_Projects/autowareclass2020/code/src/09_Perception_Radar/Radar-Hands-On-Solution-WS/ros2_socketcan_bridge/install/can_msgs/include/can_msgs/can_msgs/msg/detail/frame__rosidl_typesupport_fastrtps_c.h
[0.469s] -- Up-to-date: /home/lilultime/External_Ros2_Projects/autowareclass2020/code/src/09_Perception_Radar/Radar-Hands-On-Solution-WS/ros2_socketcan_bridge/install/can_msgs/lib/libcan_msgs__rosidl_typesupport_fastrtps_c.so
[0.470s] -- Up-to-date: /home/lilultime/External_Ros2_Projects/autowareclass2020/code/src/09_Perception_Radar/Radar-Hands-On-Solution-WS/ros2_socketcan_bridge/install/can_msgs/include/can_msgs/can_msgs
[0.470s] -- Up-to-date: /home/lilultime/External_Ros2_Projects/autowareclass2020/code/src/09_Perception_Radar/Radar-Hands-On-Solution-WS/ros2_socketcan_bridge/install/can_msgs/include/can_msgs/can_msgs/msg
[0.470s] -- Up-to-date: /home/lilultime/External_Ros2_Projects/autowareclass2020/code/src/09_Perception_Radar/Radar-Hands-On-Solution-WS/ros2_socketcan_bridge/install/can_msgs/include/can_msgs/can_msgs/msg/frame.hpp
[0.470s] -- Up-to-date: /home/lilultime/External_Ros2_Projects/autowareclass2020/code/src/09_Perception_Radar/Radar-Hands-On-Solution-WS/ros2_socketcan_bridge/install/can_msgs/include/can_msgs/can_msgs/msg/detail
[0.470s] -- Up-to-date: /home/lilultime/External_Ros2_Projects/autowareclass2020/code/src/09_Perception_Radar/Radar-Hands-On-Solution-WS/ros2_socketcan_bridge/install/can_msgs/include/can_msgs/can_msgs/msg/detail/frame__struct.hpp
[0.470s] -- Up-to-date: /home/lilultime/External_Ros2_Projects/autowareclass2020/code/src/09_Perception_Radar/Radar-Hands-On-Solution-WS/ros2_socketcan_bridge/install/can_msgs/include/can_msgs/can_msgs/msg/detail/frame__traits.hpp
[0.470s] -- Up-to-date: /home/lilultime/External_Ros2_Projects/autowareclass2020/code/src/09_Perception_Radar/Radar-Hands-On-Solution-WS/ros2_socketcan_bridge/install/can_msgs/include/can_msgs/can_msgs/msg/detail/frame__builder.hpp
[0.470s] -- Up-to-date: /home/lilultime/External_Ros2_Projects/autowareclass2020/code/src/09_Perception_Radar/Radar-Hands-On-Solution-WS/ros2_socketcan_bridge/install/can_msgs/include/can_msgs/can_msgs
[0.470s] -- Up-to-date: /home/lilultime/External_Ros2_Projects/autowareclass2020/code/src/09_Perception_Radar/Radar-Hands-On-Solution-WS/ros2_socketcan_bridge/install/can_msgs/include/can_msgs/can_msgs/msg
[0.471s] -- Up-to-date: /home/lilultime/External_Ros2_Projects/autowareclass2020/code/src/09_Perception_Radar/Radar-Hands-On-Solution-WS/ros2_socketcan_bridge/install/can_msgs/include/can_msgs/can_msgs/msg/rosidl_typesupport_fastrtps_cpp__visibility_control.h
[0.471s] -- Up-to-date: /home/lilultime/External_Ros2_Projects/autowareclass2020/code/src/09_Perception_Radar/Radar-Hands-On-Solution-WS/ros2_socketcan_bridge/install/can_msgs/include/can_msgs/can_msgs/msg/detail
[0.471s] -- Up-to-date: /home/lilultime/External_Ros2_Projects/autowareclass2020/code/src/09_Perception_Radar/Radar-Hands-On-Solution-WS/ros2_socketcan_bridge/install/can_msgs/include/can_msgs/can_msgs/msg/detail/dds_fastrtps
[0.471s] -- Up-to-date: /home/lilultime/External_Ros2_Projects/autowareclass2020/code/src/09_Perception_Radar/Radar-Hands-On-Solution-WS/ros2_socketcan_bridge/install/can_msgs/include/can_msgs/can_msgs/msg/detail/frame__rosidl_typesupport_fastrtps_cpp.hpp
[0.471s] -- Up-to-date: /home/lilultime/External_Ros2_Projects/autowareclass2020/code/src/09_Perception_Radar/Radar-Hands-On-Solution-WS/ros2_socketcan_bridge/install/can_msgs/lib/libcan_msgs__rosidl_typesupport_fastrtps_cpp.so
[0.471s] -- Up-to-date: /home/lilultime/External_Ros2_Projects/autowareclass2020/code/src/09_Perception_Radar/Radar-Hands-On-Solution-WS/ros2_socketcan_bridge/install/can_msgs/include/can_msgs/can_msgs
[0.471s] -- Up-to-date: /home/lilultime/External_Ros2_Projects/autowareclass2020/code/src/09_Perception_Radar/Radar-Hands-On-Solution-WS/ros2_socketcan_bridge/install/can_msgs/include/can_msgs/can_msgs/msg
[0.471s] -- Up-to-date: /home/lilultime/External_Ros2_Projects/autowareclass2020/code/src/09_Perception_Radar/Radar-Hands-On-Solution-WS/ros2_socketcan_bridge/install/can_msgs/include/can_msgs/can_msgs/msg/rosidl_typesupport_introspection_c__visibility_control.h
[0.472s] -- Up-to-date: /home/lilultime/External_Ros2_Projects/autowareclass2020/code/src/09_Perception_Radar/Radar-Hands-On-Solution-WS/ros2_socketcan_bridge/install/can_msgs/include/can_msgs/can_msgs/msg/detail
[0.472s] -- Up-to-date: /home/lilultime/External_Ros2_Projects/autowareclass2020/code/src/09_Perception_Radar/Radar-Hands-On-Solution-WS/ros2_socketcan_bridge/install/can_msgs/include/can_msgs/can_msgs/msg/detail/frame__type_support.c
[0.472s] -- Up-to-date: /home/lilultime/External_Ros2_Projects/autowareclass2020/code/src/09_Perception_Radar/Radar-Hands-On-Solution-WS/ros2_socketcan_bridge/install/can_msgs/include/can_msgs/can_msgs/msg/detail/frame__rosidl_typesupport_introspection_c.h
[0.472s] -- Up-to-date: /home/lilultime/External_Ros2_Projects/autowareclass2020/code/src/09_Perception_Radar/Radar-Hands-On-Solution-WS/ros2_socketcan_bridge/install/can_msgs/lib/libcan_msgs__rosidl_typesupport_introspection_c.so
[0.472s] -- Up-to-date: /home/lilultime/External_Ros2_Projects/autowareclass2020/code/src/09_Perception_Radar/Radar-Hands-On-Solution-WS/ros2_socketcan_bridge/install/can_msgs/lib/libcan_msgs__rosidl_typesupport_c.so
[0.472s] -- Up-to-date: /home/lilultime/External_Ros2_Projects/autowareclass2020/code/src/09_Perception_Radar/Radar-Hands-On-Solution-WS/ros2_socketcan_bridge/install/can_msgs/include/can_msgs/can_msgs
[0.472s] -- Up-to-date: /home/lilultime/External_Ros2_Projects/autowareclass2020/code/src/09_Perception_Radar/Radar-Hands-On-Solution-WS/ros2_socketcan_bridge/install/can_msgs/include/can_msgs/can_msgs/msg
[0.472s] -- Up-to-date: /home/lilultime/External_Ros2_Projects/autowareclass2020/code/src/09_Perception_Radar/Radar-Hands-On-Solution-WS/ros2_socketcan_bridge/install/can_msgs/include/can_msgs/can_msgs/msg/detail
[0.473s] -- Up-to-date: /home/lilultime/External_Ros2_Projects/autowareclass2020/code/src/09_Perception_Radar/Radar-Hands-On-Solution-WS/ros2_socketcan_bridge/install/can_msgs/include/can_msgs/can_msgs/msg/detail/frame__type_support.cpp
[0.473s] -- Up-to-date: /home/lilultime/External_Ros2_Projects/autowareclass2020/code/src/09_Perception_Radar/Radar-Hands-On-Solution-WS/ros2_socketcan_bridge/install/can_msgs/include/can_msgs/can_msgs/msg/detail/frame__rosidl_typesupport_introspection_cpp.hpp
[0.473s] -- Up-to-date: /home/lilultime/External_Ros2_Projects/autowareclass2020/code/src/09_Perception_Radar/Radar-Hands-On-Solution-WS/ros2_socketcan_bridge/install/can_msgs/lib/libcan_msgs__rosidl_typesupport_introspection_cpp.so
[0.473s] -- Up-to-date: /home/lilultime/External_Ros2_Projects/autowareclass2020/code/src/09_Perception_Radar/Radar-Hands-On-Solution-WS/ros2_socketcan_bridge/install/can_msgs/lib/libcan_msgs__rosidl_typesupport_cpp.so
[0.473s] -- Up-to-date: /home/lilultime/External_Ros2_Projects/autowareclass2020/code/src/09_Perception_Radar/Radar-Hands-On-Solution-WS/ros2_socketcan_bridge/install/can_msgs/share/can_msgs/environment/pythonpath.sh
[0.473s] -- Up-to-date: /home/lilultime/External_Ros2_Projects/autowareclass2020/code/src/09_Perception_Radar/Radar-Hands-On-Solution-WS/ros2_socketcan_bridge/install/can_msgs/share/can_msgs/environment/pythonpath.dsv
[0.473s] -- Up-to-date: /home/lilultime/External_Ros2_Projects/autowareclass2020/code/src/09_Perception_Radar/Radar-Hands-On-Solution-WS/ros2_socketcan_bridge/install/can_msgs/local/lib/python3.10/dist-packages/can_msgs-0.0.0-py3.10.egg-info
[0.473s] -- Installing: /home/lilultime/External_Ros2_Projects/autowareclass2020/code/src/09_Perception_Radar/Radar-Hands-On-Solution-WS/ros2_socketcan_bridge/install/can_msgs/local/lib/python3.10/dist-packages/can_msgs-0.0.0-py3.10.egg-info/dependency_links.txt
[0.473s] -- Installing: /home/lilultime/External_Ros2_Projects/autowareclass2020/code/src/09_Perception_Radar/Radar-Hands-On-Solution-WS/ros2_socketcan_bridge/install/can_msgs/local/lib/python3.10/dist-packages/can_msgs-0.0.0-py3.10.egg-info/top_level.txt
[0.473s] -- Installing: /home/lilultime/External_Ros2_Projects/autowareclass2020/code/src/09_Perception_Radar/Radar-Hands-On-Solution-WS/ros2_socketcan_bridge/install/can_msgs/local/lib/python3.10/dist-packages/can_msgs-0.0.0-py3.10.egg-info/PKG-INFO
[0.474s] -- Installing: /home/lilultime/External_Ros2_Projects/autowareclass2020/code/src/09_Perception_Radar/Radar-Hands-On-Solution-WS/ros2_socketcan_bridge/install/can_msgs/local/lib/python3.10/dist-packages/can_msgs-0.0.0-py3.10.egg-info/SOURCES.txt
[0.474s] -- Up-to-date: /home/lilultime/External_Ros2_Projects/autowareclass2020/code/src/09_Perception_Radar/Radar-Hands-On-Solution-WS/ros2_socketcan_bridge/install/can_msgs/local/lib/python3.10/dist-packages/can_msgs
[0.474s] -- Up-to-date: /home/lilultime/External_Ros2_Projects/autowareclass2020/code/src/09_Perception_Radar/Radar-Hands-On-Solution-WS/ros2_socketcan_bridge/install/can_msgs/local/lib/python3.10/dist-packages/can_msgs/_can_msgs_s.ep.rosidl_typesupport_fastrtps_c.c
[0.474s] -- Up-to-date: /home/lilultime/External_Ros2_Projects/autowareclass2020/code/src/09_Perception_Radar/Radar-Hands-On-Solution-WS/ros2_socketcan_bridge/install/can_msgs/local/lib/python3.10/dist-packages/can_msgs/_can_msgs_s.ep.rosidl_typesupport_introspection_c.c
[0.474s] -- Up-to-date: /home/lilultime/External_Ros2_Projects/autowareclass2020/code/src/09_Perception_Radar/Radar-Hands-On-Solution-WS/ros2_socketcan_bridge/install/can_msgs/local/lib/python3.10/dist-packages/can_msgs/can_msgs_s__rosidl_typesupport_c.cpython-310-x86_64-linux-gnu.so
[0.474s] -- Up-to-date: /home/lilultime/External_Ros2_Projects/autowareclass2020/code/src/09_Perception_Radar/Radar-Hands-On-Solution-WS/ros2_socketcan_bridge/install/can_msgs/local/lib/python3.10/dist-packages/can_msgs/msg
[0.474s] -- Up-to-date: /home/lilultime/External_Ros2_Projects/autowareclass2020/code/src/09_Perception_Radar/Radar-Hands-On-Solution-WS/ros2_socketcan_bridge/install/can_msgs/local/lib/python3.10/dist-packages/can_msgs/msg/_frame.py
[0.474s] -- Up-to-date: /home/lilultime/External_Ros2_Projects/autowareclass2020/code/src/09_Perception_Radar/Radar-Hands-On-Solution-WS/ros2_socketcan_bridge/install/can_msgs/local/lib/python3.10/dist-packages/can_msgs/msg/__init__.py
[0.474s] -- Up-to-date: /home/lilultime/External_Ros2_Projects/autowareclass2020/code/src/09_Perception_Radar/Radar-Hands-On-Solution-WS/ros2_socketcan_bridge/install/can_msgs/local/lib/python3.10/dist-packages/can_msgs/msg/_frame_s.c
[0.474s] -- Up-to-date: /home/lilultime/External_Ros2_Projects/autowareclass2020/code/src/09_Perception_Radar/Radar-Hands-On-Solution-WS/ros2_socketcan_bridge/install/can_msgs/local/lib/python3.10/dist-packages/can_msgs/__init__.py
[0.475s] -- Up-to-date: /home/lilultime/External_Ros2_Projects/autowareclass2020/code/src/09_Perception_Radar/Radar-Hands-On-Solution-WS/ros2_socketcan_bridge/install/can_msgs/local/lib/python3.10/dist-packages/can_msgs/libcan_msgs__rosidl_generator_py.so
[0.475s] -- Up-to-date: /home/lilultime/External_Ros2_Projects/autowareclass2020/code/src/09_Perception_Radar/Radar-Hands-On-Solution-WS/ros2_socketcan_bridge/install/can_msgs/local/lib/python3.10/dist-packages/can_msgs/can_msgs_s__rosidl_typesupport_introspection_c.cpython-310-x86_64-linux-gnu.so
[0.475s] -- Up-to-date: /home/lilultime/External_Ros2_Projects/autowareclass2020/code/src/09_Perception_Radar/Radar-Hands-On-Solution-WS/ros2_socketcan_bridge/install/can_msgs/local/lib/python3.10/dist-packages/can_msgs/can_msgs_s__rosidl_typesupport_fastrtps_c.cpython-310-x86_64-linux-gnu.so
[0.475s] -- Up-to-date: /home/lilultime/External_Ros2_Projects/autowareclass2020/code/src/09_Perception_Radar/Radar-Hands-On-Solution-WS/ros2_socketcan_bridge/install/can_msgs/local/lib/python3.10/dist-packages/can_msgs/_can_msgs_s.ep.rosidl_typesupport_c.c
[0.501s] Listing '/home/lilultime/External_Ros2_Projects/autowareclass2020/code/src/09_Perception_Radar/Radar-Hands-On-Solution-WS/ros2_socketcan_bridge/install/can_msgs/local/lib/python3.10/dist-packages/can_msgs'...
[0.501s] Listing '/home/lilultime/External_Ros2_Projects/autowareclass2020/code/src/09_Perception_Radar/Radar-Hands-On-Solution-WS/ros2_socketcan_bridge/install/can_msgs/local/lib/python3.10/dist-packages/can_msgs/msg'...
[0.506s] -- Up-to-date: /home/lilultime/External_Ros2_Projects/autowareclass2020/code/src/09_Perception_Radar/Radar-Hands-On-Solution-WS/ros2_socketcan_bridge/install/can_msgs/local/lib/python3.10/dist-packages/can_msgs/can_msgs_s__rosidl_typesupport_fastrtps_c.cpython-310-x86_64-linux-gnu.so
[0.506s] -- Up-to-date: /home/lilultime/External_Ros2_Projects/autowareclass2020/code/src/09_Perception_Radar/Radar-Hands-On-Solution-WS/ros2_socketcan_bridge/install/can_msgs/local/lib/python3.10/dist-packages/can_msgs/can_msgs_s__rosidl_typesupport_introspection_c.cpython-310-x86_64-linux-gnu.so
[0.506s] -- Up-to-date: /home/lilultime/External_Ros2_Projects/autowareclass2020/code/src/09_Perception_Radar/Radar-Hands-On-Solution-WS/ros2_socketcan_bridge/install/can_msgs/local/lib/python3.10/dist-packages/can_msgs/can_msgs_s__rosidl_typesupport_c.cpython-310-x86_64-linux-gnu.so
[0.507s] -- Up-to-date: /home/lilultime/External_Ros2_Projects/autowareclass2020/code/src/09_Perception_Radar/Radar-Hands-On-Solution-WS/ros2_socketcan_bridge/install/can_msgs/lib/libcan_msgs__rosidl_generator_py.so
[0.507s] -- Up-to-date: /home/lilultime/External_Ros2_Projects/autowareclass2020/code/src/09_Perception_Radar/Radar-Hands-On-Solution-WS/ros2_socketcan_bridge/install/can_msgs/share/can_msgs/msg/Frame.idl
[0.507s] -- Up-to-date: /home/lilultime/External_Ros2_Projects/autowareclass2020/code/src/09_Perception_Radar/Radar-Hands-On-Solution-WS/ros2_socketcan_bridge/install/can_msgs/share/can_msgs/msg/Frame.msg
[0.508s] -- Up-to-date: /home/lilultime/External_Ros2_Projects/autowareclass2020/code/src/09_Perception_Radar/Radar-Hands-On-Solution-WS/ros2_socketcan_bridge/install/can_msgs/share/ament_index/resource_index/package_run_dependencies/can_msgs
[0.508s] -- Up-to-date: /home/lilultime/External_Ros2_Projects/autowareclass2020/code/src/09_Perception_Radar/Radar-Hands-On-Solution-WS/ros2_socketcan_bridge/install/can_msgs/share/ament_index/resource_index/parent_prefix_path/can_msgs
[0.508s] -- Up-to-date: /home/lilultime/External_Ros2_Projects/autowareclass2020/code/src/09_Perception_Radar/Radar-Hands-On-Solution-WS/ros2_socketcan_bridge/install/can_msgs/share/can_msgs/environment/ament_prefix_path.sh
[0.508s] -- Up-to-date: /home/lilultime/External_Ros2_Projects/autowareclass2020/code/src/09_Perception_Radar/Radar-Hands-On-Solution-WS/ros2_socketcan_bridge/install/can_msgs/share/can_msgs/environment/ament_prefix_path.dsv
[0.508s] -- Up-to-date: /home/lilultime/External_Ros2_Projects/autowareclass2020/code/src/09_Perception_Radar/Radar-Hands-On-Solution-WS/ros2_socketcan_bridge/install/can_msgs/share/can_msgs/environment/path.sh
[0.508s] -- Up-to-date: /home/lilultime/External_Ros2_Projects/autowareclass2020/code/src/09_Perception_Radar/Radar-Hands-On-Solution-WS/ros2_socketcan_bridge/install/can_msgs/share/can_msgs/environment/path.dsv
[0.508s] -- Up-to-date: /home/lilultime/External_Ros2_Projects/autowareclass2020/code/src/09_Perception_Radar/Radar-Hands-On-Solution-WS/ros2_socketcan_bridge/install/can_msgs/share/can_msgs/local_setup.bash
[0.508s] -- Up-to-date: /home/lilultime/External_Ros2_Projects/autowareclass2020/code/src/09_Perception_Radar/Radar-Hands-On-Solution-WS/ros2_socketcan_bridge/install/can_msgs/share/can_msgs/local_setup.sh
[0.508s] -- Up-to-date: /home/lilultime/External_Ros2_Projects/autowareclass2020/code/src/09_Perception_Radar/Radar-Hands-On-Solution-WS/ros2_socketcan_bridge/install/can_msgs/share/can_msgs/local_setup.zsh
[0.508s] -- Up-to-date: /home/lilultime/External_Ros2_Projects/autowareclass2020/code/src/09_Perception_Radar/Radar-Hands-On-Solution-WS/ros2_socketcan_bridge/install/can_msgs/share/can_msgs/local_setup.dsv
[0.509s] -- Installing: /home/lilultime/External_Ros2_Projects/autowareclass2020/code/src/09_Perception_Radar/Radar-Hands-On-Solution-WS/ros2_socketcan_bridge/install/can_msgs/share/can_msgs/package.dsv
[0.509s] -- Up-to-date: /home/lilultime/External_Ros2_Projects/autowareclass2020/code/src/09_Perception_Radar/Radar-Hands-On-Solution-WS/ros2_socketcan_bridge/install/can_msgs/share/ament_index/resource_index/packages/can_msgs
[0.509s] -- Up-to-date: /home/lilultime/External_Ros2_Projects/autowareclass2020/code/src/09_Perception_Radar/Radar-Hands-On-Solution-WS/ros2_socketcan_bridge/install/can_msgs/share/can_msgs/cmake/export_can_msgs__rosidl_generator_cExport.cmake
[0.509s] -- Up-to-date: /home/lilultime/External_Ros2_Projects/autowareclass2020/code/src/09_Perception_Radar/Radar-Hands-On-Solution-WS/ros2_socketcan_bridge/install/can_msgs/share/can_msgs/cmake/export_can_msgs__rosidl_generator_cExport-noconfig.cmake
[0.509s] -- Up-to-date: /home/lilultime/External_Ros2_Projects/autowareclass2020/code/src/09_Perception_Radar/Radar-Hands-On-Solution-WS/ros2_socketcan_bridge/install/can_msgs/share/can_msgs/cmake/export_can_msgs__rosidl_typesupport_fastrtps_cExport.cmake
[0.509s] -- Up-to-date: /home/lilultime/External_Ros2_Projects/autowareclass2020/code/src/09_Perception_Radar/Radar-Hands-On-Solution-WS/ros2_socketcan_bridge/install/can_msgs/share/can_msgs/cmake/export_can_msgs__rosidl_typesupport_fastrtps_cExport-noconfig.cmake
[0.509s] -- Up-to-date: /home/lilultime/External_Ros2_Projects/autowareclass2020/code/src/09_Perception_Radar/Radar-Hands-On-Solution-WS/ros2_socketcan_bridge/install/can_msgs/share/can_msgs/cmake/export_can_msgs__rosidl_generator_cppExport.cmake
[0.509s] -- Up-to-date: /home/lilultime/External_Ros2_Projects/autowareclass2020/code/src/09_Perception_Radar/Radar-Hands-On-Solution-WS/ros2_socketcan_bridge/install/can_msgs/share/can_msgs/cmake/export_can_msgs__rosidl_typesupport_fastrtps_cppExport.cmake
[0.509s] -- Up-to-date: /home/lilultime/External_Ros2_Projects/autowareclass2020/code/src/09_Perception_Radar/Radar-Hands-On-Solution-WS/ros2_socketcan_bridge/install/can_msgs/share/can_msgs/cmake/export_can_msgs__rosidl_typesupport_fastrtps_cppExport-noconfig.cmake
[0.509s] -- Up-to-date: /home/lilultime/External_Ros2_Projects/autowareclass2020/code/src/09_Perception_Radar/Radar-Hands-On-Solution-WS/ros2_socketcan_bridge/install/can_msgs/share/can_msgs/cmake/can_msgs__rosidl_typesupport_introspection_cExport.cmake
[0.509s] -- Up-to-date: /home/lilultime/External_Ros2_Projects/autowareclass2020/code/src/09_Perception_Radar/Radar-Hands-On-Solution-WS/ros2_socketcan_bridge/install/can_msgs/share/can_msgs/cmake/can_msgs__rosidl_typesupport_introspection_cExport-noconfig.cmake
[0.510s] -- Up-to-date: /home/lilultime/External_Ros2_Projects/autowareclass2020/code/src/09_Perception_Radar/Radar-Hands-On-Solution-WS/ros2_socketcan_bridge/install/can_msgs/share/can_msgs/cmake/can_msgs__rosidl_typesupport_cExport.cmake
[0.510s] -- Up-to-date: /home/lilultime/External_Ros2_Projects/autowareclass2020/code/src/09_Perception_Radar/Radar-Hands-On-Solution-WS/ros2_socketcan_bridge/install/can_msgs/share/can_msgs/cmake/can_msgs__rosidl_typesupport_cExport-noconfig.cmake
[0.510s] -- Up-to-date: /home/lilultime/External_Ros2_Projects/autowareclass2020/code/src/09_Perception_Radar/Radar-Hands-On-Solution-WS/ros2_socketcan_bridge/install/can_msgs/share/can_msgs/cmake/can_msgs__rosidl_typesupport_introspection_cppExport.cmake
[0.510s] -- Up-to-date: /home/lilultime/External_Ros2_Projects/autowareclass2020/code/src/09_Perception_Radar/Radar-Hands-On-Solution-WS/ros2_socketcan_bridge/install/can_msgs/share/can_msgs/cmake/can_msgs__rosidl_typesupport_introspection_cppExport-noconfig.cmake
[0.510s] -- Up-to-date: /home/lilultime/External_Ros2_Projects/autowareclass2020/code/src/09_Perception_Radar/Radar-Hands-On-Solution-WS/ros2_socketcan_bridge/install/can_msgs/share/can_msgs/cmake/can_msgs__rosidl_typesupport_cppExport.cmake
[0.510s] -- Up-to-date: /home/lilultime/External_Ros2_Projects/autowareclass2020/code/src/09_Perception_Radar/Radar-Hands-On-Solution-WS/ros2_socketcan_bridge/install/can_msgs/share/can_msgs/cmake/can_msgs__rosidl_typesupport_cppExport-noconfig.cmake
[0.510s] -- Up-to-date: /home/lilultime/External_Ros2_Projects/autowareclass2020/code/src/09_Perception_Radar/Radar-Hands-On-Solution-WS/ros2_socketcan_bridge/install/can_msgs/share/can_msgs/cmake/export_can_msgs__rosidl_generator_pyExport.cmake
[0.510s] -- Up-to-date: /home/lilultime/External_Ros2_Projects/autowareclass2020/code/src/09_Perception_Radar/Radar-Hands-On-Solution-WS/ros2_socketcan_bridge/install/can_msgs/share/can_msgs/cmake/export_can_msgs__rosidl_generator_pyExport-noconfig.cmake
[0.510s] -- Up-to-date: /home/lilultime/External_Ros2_Projects/autowareclass2020/code/src/09_Perception_Radar/Radar-Hands-On-Solution-WS/ros2_socketcan_bridge/install/can_msgs/share/can_msgs/cmake/rosidl_cmake-extras.cmake
[0.510s] -- Up-to-date: /home/lilultime/External_Ros2_Projects/autowareclass2020/code/src/09_Perception_Radar/Radar-Hands-On-Solution-WS/ros2_socketcan_bridge/install/can_msgs/share/can_msgs/cmake/ament_cmake_export_dependencies-extras.cmake
[0.510s] -- Up-to-date: /home/lilultime/External_Ros2_Projects/autowareclass2020/code/src/09_Perception_Radar/Radar-Hands-On-Solution-WS/ros2_socketcan_bridge/install/can_msgs/share/can_msgs/cmake/ament_cmake_export_include_directories-extras.cmake
[0.510s] -- Up-to-date: /home/lilultime/External_Ros2_Projects/autowareclass2020/code/src/09_Perception_Radar/Radar-Hands-On-Solution-WS/ros2_socketcan_bridge/install/can_msgs/share/can_msgs/cmake/ament_cmake_export_libraries-extras.cmake
[0.510s] -- Up-to-date: /home/lilultime/External_Ros2_Projects/autowareclass2020/code/src/09_Perception_Radar/Radar-Hands-On-Solution-WS/ros2_socketcan_bridge/install/can_msgs/share/can_msgs/cmake/ament_cmake_export_targets-extras.cmake
[0.510s] -- Up-to-date: /home/lilultime/External_Ros2_Projects/autowareclass2020/code/src/09_Perception_Radar/Radar-Hands-On-Solution-WS/ros2_socketcan_bridge/install/can_msgs/share/can_msgs/cmake/rosidl_cmake_export_typesupport_targets-extras.cmake
[0.510s] -- Up-to-date: /home/lilultime/External_Ros2_Projects/autowareclass2020/code/src/09_Perception_Radar/Radar-Hands-On-Solution-WS/ros2_socketcan_bridge/install/can_msgs/share/can_msgs/cmake/rosidl_cmake_export_typesupport_libraries-extras.cmake
[0.510s] -- Up-to-date: /home/lilultime/External_Ros2_Projects/autowareclass2020/code/src/09_Perception_Radar/Radar-Hands-On-Solution-WS/ros2_socketcan_bridge/install/can_msgs/share/can_msgs/cmake/can_msgsConfig.cmake
[0.511s] -- Up-to-date: /home/lilultime/External_Ros2_Projects/autowareclass2020/code/src/09_Perception_Radar/Radar-Hands-On-Solution-WS/ros2_socketcan_bridge/install/can_msgs/share/can_msgs/cmake/can_msgsConfig-version.cmake
[0.511s] -- Up-to-date: /home/lilultime/External_Ros2_Projects/autowareclass2020/code/src/09_Perception_Radar/Radar-Hands-On-Solution-WS/ros2_socketcan_bridge/install/can_msgs/share/can_msgs/package.xml
[0.513s] Invoked command in '/home/lilultime/External_Ros2_Projects/autowareclass2020/code/src/09_Perception_Radar/Radar-Hands-On-Solution-WS/ros2_socketcan_bridge/build/can_msgs' returned '0': CMAKE_PREFIX_PATH=${CMAKE_PREFIX_PATH}:/home/lilultime/ros2_ws/install/my_robot_controller:/opt/ros/humble /usr/bin/cmake --install /home/lilultime/External_Ros2_Projects/autowareclass2020/code/src/09_Perception_Radar/Radar-Hands-On-Solution-WS/ros2_socketcan_bridge/build/can_msgs
