[0.363s] DEBUG:colcon:Command line arguments: ['/usr/bin/colcon', 'build']
[0.363s] DEBUG:colcon:Parsed command line arguments: Namespace(log_base=None, log_level=None, verb_name='build', build_base='build', install_base='install', merge_install=False, symlink_install=False, test_result_base=None, continue_on_error=False, executor='parallel', parallel_workers=8, event_handlers=None, ignore_user_meta=False, metas=['./colcon.meta'], base_paths=['.'], packages_ignore=None, packages_ignore_regex=None, paths=None, packages_up_to=None, packages_up_to_regex=None, packages_above=None, packages_above_and_dependencies=None, packages_above_depth=None, packages_select_by_dep=None, packages_skip_by_dep=None, packages_skip_up_to=None, packages_select_build_failed=False, packages_skip_build_finished=False, packages_select_test_failures=False, packages_skip_test_passed=False, packages_select=None, packages_skip=None, packages_select_regex=None, packages_skip_regex=None, packages_start=None, packages_end=None, allow_overriding=[], cmake_args=None, cmake_target=None, cmake_target_skip_unavailable=False, cmake_clean_cache=False, cmake_clean_first=False, cmake_force_configure=False, ament_cmake_args=None, catkin_cmake_args=None, catkin_skip_building_tests=False, verb_parser=<colcon_defaults.argument_parser.defaults.DefaultArgumentsDecorator object at 0x7f2ce747bfd0>, verb_extension=<colcon_core.verb.build.BuildVerb object at 0x7f2ce747ba90>, main=<bound method BuildVerb.main of <colcon_core.verb.build.BuildVerb object at 0x7f2ce747ba90>>)
[0.385s] Level 1:colcon.colcon_core.package_discovery:discover_packages(colcon_meta) check parameters
[0.385s] Level 1:colcon.colcon_core.package_discovery:discover_packages(recursive) check parameters
[0.385s] Level 1:colcon.colcon_core.package_discovery:discover_packages(ignore) check parameters
[0.385s] Level 1:colcon.colcon_core.package_discovery:discover_packages(path) check parameters
[0.386s] Level 1:colcon.colcon_core.package_discovery:discover_packages(colcon_meta) discover
[0.386s] Level 1:colcon.colcon_core.package_discovery:discover_packages(recursive) discover
[0.386s] INFO:colcon.colcon_core.package_discovery:Crawling recursively for packages in '/home/lilultime/ros2_lidar_ws'
[0.386s] Level 1:colcon.colcon_core.package_identification:_identify(.) by extensions ['ignore', 'ignore_ament_install']
[0.386s] Level 1:colcon.colcon_core.package_identification:_identify(.) by extension 'ignore'
[0.386s] Level 1:colcon.colcon_core.package_identification:_identify(.) by extension 'ignore_ament_install'
[0.386s] Level 1:colcon.colcon_core.package_identification:_identify(.) by extensions ['colcon_pkg']
[0.386s] Level 1:colcon.colcon_core.package_identification:_identify(.) by extension 'colcon_pkg'
[0.386s] Level 1:colcon.colcon_core.package_identification:_identify(.) by extensions ['colcon_meta']
[0.386s] Level 1:colcon.colcon_core.package_identification:_identify(.) by extension 'colcon_meta'
[0.386s] Level 1:colcon.colcon_core.package_identification:_identify(.) by extensions ['ros']
[0.386s] Level 1:colcon.colcon_core.package_identification:_identify(.) by extension 'ros'
[0.397s] Level 1:colcon.colcon_core.package_identification:_identify(.) by extensions ['cmake', 'python']
[0.397s] Level 1:colcon.colcon_core.package_identification:_identify(.) by extension 'cmake'
[0.397s] Level 1:colcon.colcon_core.package_identification:_identify(.) by extension 'python'
[0.397s] Level 1:colcon.colcon_core.package_identification:_identify(.) by extensions ['python_setup_py']
[0.397s] Level 1:colcon.colcon_core.package_identification:_identify(.) by extension 'python_setup_py'
[0.397s] Level 1:colcon.colcon_core.package_identification:_identify(build) by extensions ['ignore', 'ignore_ament_install']
[0.397s] Level 1:colcon.colcon_core.package_identification:_identify(build) by extension 'ignore'
[0.397s] Level 1:colcon.colcon_core.package_identification:_identify(build) ignored
[0.397s] Level 1:colcon.colcon_core.package_identification:_identify(install) by extensions ['ignore', 'ignore_ament_install']
[0.398s] Level 1:colcon.colcon_core.package_identification:_identify(install) by extension 'ignore'
[0.398s] Level 1:colcon.colcon_core.package_identification:_identify(install) ignored
[0.398s] Level 1:colcon.colcon_core.package_identification:_identify(log) by extensions ['ignore', 'ignore_ament_install']
[0.398s] Level 1:colcon.colcon_core.package_identification:_identify(log) by extension 'ignore'
[0.398s] Level 1:colcon.colcon_core.package_identification:_identify(log) ignored
[0.398s] Level 1:colcon.colcon_core.package_identification:_identify(src) by extensions ['ignore', 'ignore_ament_install']
[0.398s] Level 1:colcon.colcon_core.package_identification:_identify(src) by extension 'ignore'
[0.398s] Level 1:colcon.colcon_core.package_identification:_identify(src) by extension 'ignore_ament_install'
[0.398s] Level 1:colcon.colcon_core.package_identification:_identify(src) by extensions ['colcon_pkg']
[0.398s] Level 1:colcon.colcon_core.package_identification:_identify(src) by extension 'colcon_pkg'
[0.398s] Level 1:colcon.colcon_core.package_identification:_identify(src) by extensions ['colcon_meta']
[0.398s] Level 1:colcon.colcon_core.package_identification:_identify(src) by extension 'colcon_meta'
[0.399s] Level 1:colcon.colcon_core.package_identification:_identify(src) by extensions ['ros']
[0.399s] Level 1:colcon.colcon_core.package_identification:_identify(src) by extension 'ros'
[0.399s] Level 1:colcon.colcon_core.package_identification:_identify(src) by extensions ['cmake', 'python']
[0.399s] Level 1:colcon.colcon_core.package_identification:_identify(src) by extension 'cmake'
[0.399s] Level 1:colcon.colcon_core.package_identification:_identify(src) by extension 'python'
[0.399s] Level 1:colcon.colcon_core.package_identification:_identify(src) by extensions ['python_setup_py']
[0.399s] Level 1:colcon.colcon_core.package_identification:_identify(src) by extension 'python_setup_py'
[0.399s] Level 1:colcon.colcon_core.package_identification:_identify(src/rslidar_msg-master) by extensions ['ignore', 'ignore_ament_install']
[0.399s] Level 1:colcon.colcon_core.package_identification:_identify(src/rslidar_msg-master) by extension 'ignore'
[0.399s] Level 1:colcon.colcon_core.package_identification:_identify(src/rslidar_msg-master) by extension 'ignore_ament_install'
[0.399s] Level 1:colcon.colcon_core.package_identification:_identify(src/rslidar_msg-master) by extensions ['colcon_pkg']
[0.399s] Level 1:colcon.colcon_core.package_identification:_identify(src/rslidar_msg-master) by extension 'colcon_pkg'
[0.399s] Level 1:colcon.colcon_core.package_identification:_identify(src/rslidar_msg-master) by extensions ['colcon_meta']
[0.399s] Level 1:colcon.colcon_core.package_identification:_identify(src/rslidar_msg-master) by extension 'colcon_meta'
[0.399s] Level 1:colcon.colcon_core.package_identification:_identify(src/rslidar_msg-master) by extensions ['ros']
[0.400s] Level 1:colcon.colcon_core.package_identification:_identify(src/rslidar_msg-master) by extension 'ros'
[0.402s] DEBUG:colcon.colcon_core.package_identification:Package 'src/rslidar_msg-master' with type 'ros.ament_cmake' and name 'rslidar_msg'
[0.402s] Level 1:colcon.colcon_core.package_identification:_identify(src/rslidar_sdk) by extensions ['ignore', 'ignore_ament_install']
[0.402s] Level 1:colcon.colcon_core.package_identification:_identify(src/rslidar_sdk) by extension 'ignore'
[0.402s] Level 1:colcon.colcon_core.package_identification:_identify(src/rslidar_sdk) by extension 'ignore_ament_install'
[0.402s] Level 1:colcon.colcon_core.package_identification:_identify(src/rslidar_sdk) by extensions ['colcon_pkg']
[0.402s] Level 1:colcon.colcon_core.package_identification:_identify(src/rslidar_sdk) by extension 'colcon_pkg'
[0.402s] Level 1:colcon.colcon_core.package_identification:_identify(src/rslidar_sdk) by extensions ['colcon_meta']
[0.403s] Level 1:colcon.colcon_core.package_identification:_identify(src/rslidar_sdk) by extension 'colcon_meta'
[0.403s] Level 1:colcon.colcon_core.package_identification:_identify(src/rslidar_sdk) by extensions ['ros']
[0.403s] Level 1:colcon.colcon_core.package_identification:_identify(src/rslidar_sdk) by extension 'ros'
[0.403s] DEBUG:colcon.colcon_core.package_identification:Package 'src/rslidar_sdk' with type 'ros.ament_cmake' and name 'rslidar_sdk'
[0.403s] Level 1:colcon.colcon_core.package_discovery:discover_packages(recursive) using defaults
[0.403s] Level 1:colcon.colcon_core.package_discovery:discover_packages(ignore) discover
[0.403s] Level 1:colcon.colcon_core.package_discovery:discover_packages(ignore) using defaults
[0.403s] Level 1:colcon.colcon_core.package_discovery:discover_packages(path) discover
[0.403s] Level 1:colcon.colcon_core.package_discovery:discover_packages(path) using defaults
[0.425s] Level 1:colcon.colcon_core.package_discovery:discover_packages(prefix_path) check parameters
[0.425s] Level 1:colcon.colcon_core.package_discovery:discover_packages(prefix_path) discover
[0.429s] DEBUG:colcon.colcon_installed_package_information.package_discovery:Found 2 installed packages in /home/lilultime/ros2_lidar_ws/install
[0.430s] DEBUG:colcon.colcon_installed_package_information.package_discovery:Found 1 installed packages in /home/lilultime/ros2_customlidar_ws/install
[0.431s] DEBUG:colcon.colcon_installed_package_information.package_discovery:Found 2 installed packages in /home/lilultime/ros2_ws/install
[0.433s] DEBUG:colcon.colcon_installed_package_information.package_discovery:Found 355 installed packages in /opt/ros/humble
[0.435s] Level 1:colcon.colcon_core.package_discovery:discover_packages(prefix_path) using defaults
[0.503s] Level 5:colcon.colcon_core.verb:set package 'rslidar_msg' build argument 'cmake_args' from command line to 'None'
[0.503s] Level 5:colcon.colcon_core.verb:set package 'rslidar_msg' build argument 'cmake_target' from command line to 'None'
[0.503s] Level 5:colcon.colcon_core.verb:set package 'rslidar_msg' build argument 'cmake_target_skip_unavailable' from command line to 'False'
[0.503s] Level 5:colcon.colcon_core.verb:set package 'rslidar_msg' build argument 'cmake_clean_cache' from command line to 'False'
[0.503s] Level 5:colcon.colcon_core.verb:set package 'rslidar_msg' build argument 'cmake_clean_first' from command line to 'False'
[0.503s] Level 5:colcon.colcon_core.verb:set package 'rslidar_msg' build argument 'cmake_force_configure' from command line to 'False'
[0.503s] Level 5:colcon.colcon_core.verb:set package 'rslidar_msg' build argument 'ament_cmake_args' from command line to 'None'
[0.503s] Level 5:colcon.colcon_core.verb:set package 'rslidar_msg' build argument 'catkin_cmake_args' from command line to 'None'
[0.503s] Level 5:colcon.colcon_core.verb:set package 'rslidar_msg' build argument 'catkin_skip_building_tests' from command line to 'False'
[0.504s] DEBUG:colcon.colcon_core.verb:Building package 'rslidar_msg' with the following arguments: {'ament_cmake_args': None, 'build_base': '/home/lilultime/ros2_lidar_ws/build/rslidar_msg', 'catkin_cmake_args': None, 'catkin_skip_building_tests': False, 'cmake_args': None, 'cmake_clean_cache': False, 'cmake_clean_first': False, 'cmake_force_configure': False, 'cmake_target': None, 'cmake_target_skip_unavailable': False, 'install_base': '/home/lilultime/ros2_lidar_ws/install/rslidar_msg', 'merge_install': False, 'path': '/home/lilultime/ros2_lidar_ws/src/rslidar_msg-master', 'symlink_install': False, 'test_result_base': None}
[0.505s] Level 5:colcon.colcon_core.verb:set package 'rslidar_sdk' build argument 'cmake_args' from command line to 'None'
[0.505s] Level 5:colcon.colcon_core.verb:set package 'rslidar_sdk' build argument 'cmake_target' from command line to 'None'
[0.505s] Level 5:colcon.colcon_core.verb:set package 'rslidar_sdk' build argument 'cmake_target_skip_unavailable' from command line to 'False'
[0.505s] Level 5:colcon.colcon_core.verb:set package 'rslidar_sdk' build argument 'cmake_clean_cache' from command line to 'False'
[0.505s] Level 5:colcon.colcon_core.verb:set package 'rslidar_sdk' build argument 'cmake_clean_first' from command line to 'False'
[0.505s] Level 5:colcon.colcon_core.verb:set package 'rslidar_sdk' build argument 'cmake_force_configure' from command line to 'False'
[0.505s] Level 5:colcon.colcon_core.verb:set package 'rslidar_sdk' build argument 'ament_cmake_args' from command line to 'None'
[0.505s] Level 5:colcon.colcon_core.verb:set package 'rslidar_sdk' build argument 'catkin_cmake_args' from command line to 'None'
[0.505s] Level 5:colcon.colcon_core.verb:set package 'rslidar_sdk' build argument 'catkin_skip_building_tests' from command line to 'False'
[0.505s] DEBUG:colcon.colcon_core.verb:Building package 'rslidar_sdk' with the following arguments: {'ament_cmake_args': None, 'build_base': '/home/lilultime/ros2_lidar_ws/build/rslidar_sdk', 'catkin_cmake_args': None, 'catkin_skip_building_tests': False, 'cmake_args': None, 'cmake_clean_cache': False, 'cmake_clean_first': False, 'cmake_force_configure': False, 'cmake_target': None, 'cmake_target_skip_unavailable': False, 'install_base': '/home/lilultime/ros2_lidar_ws/install/rslidar_sdk', 'merge_install': False, 'path': '/home/lilultime/ros2_lidar_ws/src/rslidar_sdk', 'symlink_install': False, 'test_result_base': None}
[0.506s] INFO:colcon.colcon_core.executor:Executing jobs using 'parallel' executor
[0.509s] DEBUG:colcon.colcon_parallel_executor.executor.parallel:run_until_complete
[0.509s] INFO:colcon.colcon_ros.task.ament_cmake.build:Building ROS package in '/home/lilultime/ros2_lidar_ws/src/rslidar_msg-master' with build type 'ament_cmake'
[0.509s] INFO:colcon.colcon_cmake.task.cmake.build:Building CMake package in '/home/lilultime/ros2_lidar_ws/src/rslidar_msg-master'
[0.515s] INFO:colcon.colcon_core.plugin_system:Skipping extension 'colcon_core.shell.bat': Not used on non-Windows systems
[0.515s] INFO:colcon.colcon_core.shell:Skip shell extension 'powershell' for command environment: Not usable outside of PowerShell
[0.515s] DEBUG:colcon.colcon_core.shell:Skip shell extension 'dsv' for command environment
[0.530s] DEBUG:colcon.colcon_core.event_handler.log_command:Invoking command in '/home/lilultime/ros2_lidar_ws/build/rslidar_msg': CMAKE_PREFIX_PATH=${CMAKE_PREFIX_PATH}:/home/lilultime/ros2_ws/install/my_robot_controller:/opt/ros/humble /usr/local/bin/cmake --build /home/lilultime/ros2_lidar_ws/build/rslidar_msg -- -j8 -l8
[0.939s] DEBUG:colcon.colcon_core.event_handler.log_command:Invoked command in '/home/lilultime/ros2_lidar_ws/build/rslidar_msg' returned '0': CMAKE_PREFIX_PATH=${CMAKE_PREFIX_PATH}:/home/lilultime/ros2_ws/install/my_robot_controller:/opt/ros/humble /usr/local/bin/cmake --build /home/lilultime/ros2_lidar_ws/build/rslidar_msg -- -j8 -l8
[1.064s] DEBUG:colcon.colcon_core.event_handler.log_command:Invoking command in '/home/lilultime/ros2_lidar_ws/build/rslidar_msg': CMAKE_PREFIX_PATH=${CMAKE_PREFIX_PATH}:/home/lilultime/ros2_ws/install/my_robot_controller:/opt/ros/humble /usr/local/bin/cmake --install /home/lilultime/ros2_lidar_ws/build/rslidar_msg
[1.151s] Level 1:colcon.colcon_core.environment:create_environment_scripts_only(rslidar_msg)
[1.152s] DEBUG:colcon.colcon_core.event_handler.log_command:Invoked command in '/home/lilultime/ros2_lidar_ws/build/rslidar_msg' returned '0': CMAKE_PREFIX_PATH=${CMAKE_PREFIX_PATH}:/home/lilultime/ros2_ws/install/my_robot_controller:/opt/ros/humble /usr/local/bin/cmake --install /home/lilultime/ros2_lidar_ws/build/rslidar_msg
[1.158s] Level 1:colcon.colcon_core.environment:checking '/home/lilultime/ros2_lidar_ws/install/rslidar_msg' for CMake module files
[1.159s] Level 1:colcon.colcon_core.environment:checking '/home/lilultime/ros2_lidar_ws/install/rslidar_msg' for CMake config files
[1.160s] Level 1:colcon.colcon_core.shell:create_environment_hook('rslidar_msg', 'cmake_prefix_path')
[1.162s] INFO:colcon.colcon_core.shell:Creating environment hook '/home/lilultime/ros2_lidar_ws/install/rslidar_msg/share/rslidar_msg/hook/cmake_prefix_path.ps1'
[1.163s] INFO:colcon.colcon_core.shell:Creating environment descriptor '/home/lilultime/ros2_lidar_ws/install/rslidar_msg/share/rslidar_msg/hook/cmake_prefix_path.dsv'
[1.164s] INFO:colcon.colcon_core.shell:Creating environment hook '/home/lilultime/ros2_lidar_ws/install/rslidar_msg/share/rslidar_msg/hook/cmake_prefix_path.sh'
[1.165s] Level 1:colcon.colcon_core.environment:checking '/home/lilultime/ros2_lidar_ws/install/rslidar_msg/lib'
[1.165s] Level 1:colcon.colcon_core.shell:create_environment_hook('rslidar_msg', 'ld_library_path_lib')
[1.166s] INFO:colcon.colcon_core.shell:Creating environment hook '/home/lilultime/ros2_lidar_ws/install/rslidar_msg/share/rslidar_msg/hook/ld_library_path_lib.ps1'
[1.167s] INFO:colcon.colcon_core.shell:Creating environment descriptor '/home/lilultime/ros2_lidar_ws/install/rslidar_msg/share/rslidar_msg/hook/ld_library_path_lib.dsv'
[1.167s] INFO:colcon.colcon_core.shell:Creating environment hook '/home/lilultime/ros2_lidar_ws/install/rslidar_msg/share/rslidar_msg/hook/ld_library_path_lib.sh'
[1.168s] Level 1:colcon.colcon_core.environment:checking '/home/lilultime/ros2_lidar_ws/install/rslidar_msg/bin'
[1.168s] Level 1:colcon.colcon_core.environment:checking '/home/lilultime/ros2_lidar_ws/install/rslidar_msg/lib/pkgconfig/rslidar_msg.pc'
[1.168s] Level 1:colcon.colcon_core.environment:checking '/home/lilultime/ros2_lidar_ws/install/rslidar_msg/lib/python3.10/site-packages'
[1.168s] Level 1:colcon.colcon_core.environment:checking '/home/lilultime/ros2_lidar_ws/install/rslidar_msg/bin'
[1.170s] INFO:colcon.colcon_core.shell:Creating package script '/home/lilultime/ros2_lidar_ws/install/rslidar_msg/share/rslidar_msg/package.ps1'
[1.170s] INFO:colcon.colcon_core.shell:Creating package descriptor '/home/lilultime/ros2_lidar_ws/install/rslidar_msg/share/rslidar_msg/package.dsv'
[1.171s] INFO:colcon.colcon_core.shell:Creating package script '/home/lilultime/ros2_lidar_ws/install/rslidar_msg/share/rslidar_msg/package.sh'
[1.172s] INFO:colcon.colcon_core.shell:Creating package script '/home/lilultime/ros2_lidar_ws/install/rslidar_msg/share/rslidar_msg/package.bash'
[1.173s] INFO:colcon.colcon_core.shell:Creating package script '/home/lilultime/ros2_lidar_ws/install/rslidar_msg/share/rslidar_msg/package.zsh'
[1.174s] Level 1:colcon.colcon_core.environment:create_file_with_runtime_dependencies(/home/lilultime/ros2_lidar_ws/install/rslidar_msg/share/colcon-core/packages/rslidar_msg)
[1.258s] Level 1:colcon.colcon_core.environment:create_environment_scripts_only(rslidar_msg)
[1.260s] Level 1:colcon.colcon_core.environment:checking '/home/lilultime/ros2_lidar_ws/install/rslidar_msg' for CMake module files
[1.261s] Level 1:colcon.colcon_core.environment:checking '/home/lilultime/ros2_lidar_ws/install/rslidar_msg' for CMake config files
[1.261s] Level 1:colcon.colcon_core.shell:create_environment_hook('rslidar_msg', 'cmake_prefix_path')
[1.262s] INFO:colcon.colcon_core.shell:Creating environment hook '/home/lilultime/ros2_lidar_ws/install/rslidar_msg/share/rslidar_msg/hook/cmake_prefix_path.ps1'
[1.263s] INFO:colcon.colcon_core.shell:Creating environment descriptor '/home/lilultime/ros2_lidar_ws/install/rslidar_msg/share/rslidar_msg/hook/cmake_prefix_path.dsv'
[1.263s] INFO:colcon.colcon_core.shell:Creating environment hook '/home/lilultime/ros2_lidar_ws/install/rslidar_msg/share/rslidar_msg/hook/cmake_prefix_path.sh'
[1.264s] Level 1:colcon.colcon_core.environment:checking '/home/lilultime/ros2_lidar_ws/install/rslidar_msg/lib'
[1.264s] Level 1:colcon.colcon_core.shell:create_environment_hook('rslidar_msg', 'ld_library_path_lib')
[1.265s] INFO:colcon.colcon_core.shell:Creating environment hook '/home/lilultime/ros2_lidar_ws/install/rslidar_msg/share/rslidar_msg/hook/ld_library_path_lib.ps1'
[1.266s] INFO:colcon.colcon_core.shell:Creating environment descriptor '/home/lilultime/ros2_lidar_ws/install/rslidar_msg/share/rslidar_msg/hook/ld_library_path_lib.dsv'
[1.266s] INFO:colcon.colcon_core.shell:Creating environment hook '/home/lilultime/ros2_lidar_ws/install/rslidar_msg/share/rslidar_msg/hook/ld_library_path_lib.sh'
[1.266s] Level 1:colcon.colcon_core.environment:checking '/home/lilultime/ros2_lidar_ws/install/rslidar_msg/bin'
[1.266s] Level 1:colcon.colcon_core.environment:checking '/home/lilultime/ros2_lidar_ws/install/rslidar_msg/lib/pkgconfig/rslidar_msg.pc'
[1.267s] Level 1:colcon.colcon_core.environment:checking '/home/lilultime/ros2_lidar_ws/install/rslidar_msg/lib/python3.10/site-packages'
[1.267s] Level 1:colcon.colcon_core.environment:checking '/home/lilultime/ros2_lidar_ws/install/rslidar_msg/bin'
[1.269s] INFO:colcon.colcon_core.shell:Creating package script '/home/lilultime/ros2_lidar_ws/install/rslidar_msg/share/rslidar_msg/package.ps1'
[1.269s] INFO:colcon.colcon_core.shell:Creating package descriptor '/home/lilultime/ros2_lidar_ws/install/rslidar_msg/share/rslidar_msg/package.dsv'
[1.270s] INFO:colcon.colcon_core.shell:Creating package script '/home/lilultime/ros2_lidar_ws/install/rslidar_msg/share/rslidar_msg/package.sh'
[1.270s] INFO:colcon.colcon_core.shell:Creating package script '/home/lilultime/ros2_lidar_ws/install/rslidar_msg/share/rslidar_msg/package.bash'
[1.271s] INFO:colcon.colcon_core.shell:Creating package script '/home/lilultime/ros2_lidar_ws/install/rslidar_msg/share/rslidar_msg/package.zsh'
[1.271s] Level 1:colcon.colcon_core.environment:create_file_with_runtime_dependencies(/home/lilultime/ros2_lidar_ws/install/rslidar_msg/share/colcon-core/packages/rslidar_msg)
[1.271s] INFO:colcon.colcon_ros.task.ament_cmake.build:Building ROS package in '/home/lilultime/ros2_lidar_ws/src/rslidar_sdk' with build type 'ament_cmake'
[1.272s] INFO:colcon.colcon_cmake.task.cmake.build:Building CMake package in '/home/lilultime/ros2_lidar_ws/src/rslidar_sdk'
[1.273s] INFO:colcon.colcon_core.shell:Skip shell extension 'powershell' for command environment: Not usable outside of PowerShell
[1.273s] DEBUG:colcon.colcon_core.shell:Skip shell extension 'dsv' for command environment
[1.289s] DEBUG:colcon.colcon_core.event_handler.log_command:Invoking command in '/home/lilultime/ros2_lidar_ws/build/rslidar_sdk': CMAKE_PREFIX_PATH=/home/lilultime/ros2_lidar_ws/install/rslidar_msg:/home/lilultime/ros2_lidar_ws/install/rslidar_sdk:/home/lilultime/ros2_customlidar_ws/install/my_cpp_pkg:/home/lilultime/ros2_ws/install/my_cpp_pkg:/home/lilultime/ros2_ws/install/my_robot_controller:/opt/ros/humble /usr/local/bin/cmake --build /home/lilultime/ros2_lidar_ws/build/rslidar_sdk -- -j8 -l8
[1.358s] DEBUG:colcon.colcon_core.event_handler.log_command:Invoked command in '/home/lilultime/ros2_lidar_ws/build/rslidar_sdk' returned '0': CMAKE_PREFIX_PATH=/home/lilultime/ros2_lidar_ws/install/rslidar_msg:/home/lilultime/ros2_lidar_ws/install/rslidar_sdk:/home/lilultime/ros2_customlidar_ws/install/my_cpp_pkg:/home/lilultime/ros2_ws/install/my_cpp_pkg:/home/lilultime/ros2_ws/install/my_robot_controller:/opt/ros/humble /usr/local/bin/cmake --build /home/lilultime/ros2_lidar_ws/build/rslidar_sdk -- -j8 -l8
[1.410s] DEBUG:colcon.colcon_core.event_handler.log_command:Invoking command in '/home/lilultime/ros2_lidar_ws/build/rslidar_sdk': CMAKE_PREFIX_PATH=/home/lilultime/ros2_lidar_ws/install/rslidar_msg:/home/lilultime/ros2_lidar_ws/install/rslidar_sdk:/home/lilultime/ros2_customlidar_ws/install/my_cpp_pkg:/home/lilultime/ros2_ws/install/my_cpp_pkg:/home/lilultime/ros2_ws/install/my_robot_controller:/opt/ros/humble /usr/local/bin/cmake --install /home/lilultime/ros2_lidar_ws/build/rslidar_sdk
[1.445s] Level 1:colcon.colcon_core.environment:create_environment_scripts_only(rslidar_sdk)
[1.448s] Level 1:colcon.colcon_core.environment:checking '/home/lilultime/ros2_lidar_ws/install/rslidar_sdk' for CMake module files
[1.449s] DEBUG:colcon.colcon_core.event_handler.log_command:Invoked command in '/home/lilultime/ros2_lidar_ws/build/rslidar_sdk' returned '0': CMAKE_PREFIX_PATH=/home/lilultime/ros2_lidar_ws/install/rslidar_msg:/home/lilultime/ros2_lidar_ws/install/rslidar_sdk:/home/lilultime/ros2_customlidar_ws/install/my_cpp_pkg:/home/lilultime/ros2_ws/install/my_cpp_pkg:/home/lilultime/ros2_ws/install/my_robot_controller:/opt/ros/humble /usr/local/bin/cmake --install /home/lilultime/ros2_lidar_ws/build/rslidar_sdk
[1.449s] Level 1:colcon.colcon_core.environment:checking '/home/lilultime/ros2_lidar_ws/install/rslidar_sdk' for CMake config files
[1.450s] Level 1:colcon.colcon_core.shell:create_environment_hook('rslidar_sdk', 'cmake_prefix_path')
[1.451s] INFO:colcon.colcon_core.shell:Creating environment hook '/home/lilultime/ros2_lidar_ws/install/rslidar_sdk/share/rslidar_sdk/hook/cmake_prefix_path.ps1'
[1.452s] INFO:colcon.colcon_core.shell:Creating environment descriptor '/home/lilultime/ros2_lidar_ws/install/rslidar_sdk/share/rslidar_sdk/hook/cmake_prefix_path.dsv'
[1.453s] INFO:colcon.colcon_core.shell:Creating environment hook '/home/lilultime/ros2_lidar_ws/install/rslidar_sdk/share/rslidar_sdk/hook/cmake_prefix_path.sh'
[1.454s] Level 1:colcon.colcon_core.environment:checking '/home/lilultime/ros2_lidar_ws/install/rslidar_sdk/lib'
[1.454s] Level 1:colcon.colcon_core.environment:checking '/home/lilultime/ros2_lidar_ws/install/rslidar_sdk/bin'
[1.454s] Level 1:colcon.colcon_core.environment:checking '/home/lilultime/ros2_lidar_ws/install/rslidar_sdk/lib/pkgconfig/rslidar_sdk.pc'
[1.454s] Level 1:colcon.colcon_core.environment:checking '/home/lilultime/ros2_lidar_ws/install/rslidar_sdk/lib/python3.10/site-packages'
[1.454s] Level 1:colcon.colcon_core.environment:checking '/home/lilultime/ros2_lidar_ws/install/rslidar_sdk/bin'
[1.456s] INFO:colcon.colcon_core.shell:Creating package script '/home/lilultime/ros2_lidar_ws/install/rslidar_sdk/share/rslidar_sdk/package.ps1'
[1.457s] INFO:colcon.colcon_core.shell:Creating package descriptor '/home/lilultime/ros2_lidar_ws/install/rslidar_sdk/share/rslidar_sdk/package.dsv'
[1.457s] INFO:colcon.colcon_core.shell:Creating package script '/home/lilultime/ros2_lidar_ws/install/rslidar_sdk/share/rslidar_sdk/package.sh'
[1.458s] INFO:colcon.colcon_core.shell:Creating package script '/home/lilultime/ros2_lidar_ws/install/rslidar_sdk/share/rslidar_sdk/package.bash'
[1.458s] INFO:colcon.colcon_core.shell:Creating package script '/home/lilultime/ros2_lidar_ws/install/rslidar_sdk/share/rslidar_sdk/package.zsh'
[1.459s] Level 1:colcon.colcon_core.environment:create_file_with_runtime_dependencies(/home/lilultime/ros2_lidar_ws/install/rslidar_sdk/share/colcon-core/packages/rslidar_sdk)
[1.510s] Level 1:colcon.colcon_core.environment:create_environment_scripts_only(rslidar_sdk)
[1.512s] Level 1:colcon.colcon_core.environment:checking '/home/lilultime/ros2_lidar_ws/install/rslidar_sdk' for CMake module files
[1.513s] Level 1:colcon.colcon_core.environment:checking '/home/lilultime/ros2_lidar_ws/install/rslidar_sdk' for CMake config files
[1.513s] Level 1:colcon.colcon_core.shell:create_environment_hook('rslidar_sdk', 'cmake_prefix_path')
[1.514s] INFO:colcon.colcon_core.shell:Creating environment hook '/home/lilultime/ros2_lidar_ws/install/rslidar_sdk/share/rslidar_sdk/hook/cmake_prefix_path.ps1'
[1.515s] INFO:colcon.colcon_core.shell:Creating environment descriptor '/home/lilultime/ros2_lidar_ws/install/rslidar_sdk/share/rslidar_sdk/hook/cmake_prefix_path.dsv'
[1.515s] INFO:colcon.colcon_core.shell:Creating environment hook '/home/lilultime/ros2_lidar_ws/install/rslidar_sdk/share/rslidar_sdk/hook/cmake_prefix_path.sh'
[1.516s] Level 1:colcon.colcon_core.environment:checking '/home/lilultime/ros2_lidar_ws/install/rslidar_sdk/lib'
[1.516s] Level 1:colcon.colcon_core.environment:checking '/home/lilultime/ros2_lidar_ws/install/rslidar_sdk/bin'
[1.516s] Level 1:colcon.colcon_core.environment:checking '/home/lilultime/ros2_lidar_ws/install/rslidar_sdk/lib/pkgconfig/rslidar_sdk.pc'
[1.517s] Level 1:colcon.colcon_core.environment:checking '/home/lilultime/ros2_lidar_ws/install/rslidar_sdk/lib/python3.10/site-packages'
[1.517s] Level 1:colcon.colcon_core.environment:checking '/home/lilultime/ros2_lidar_ws/install/rslidar_sdk/bin'
[1.518s] INFO:colcon.colcon_core.shell:Creating package script '/home/lilultime/ros2_lidar_ws/install/rslidar_sdk/share/rslidar_sdk/package.ps1'
[1.519s] INFO:colcon.colcon_core.shell:Creating package descriptor '/home/lilultime/ros2_lidar_ws/install/rslidar_sdk/share/rslidar_sdk/package.dsv'
[1.519s] INFO:colcon.colcon_core.shell:Creating package script '/home/lilultime/ros2_lidar_ws/install/rslidar_sdk/share/rslidar_sdk/package.sh'
[1.520s] INFO:colcon.colcon_core.shell:Creating package script '/home/lilultime/ros2_lidar_ws/install/rslidar_sdk/share/rslidar_sdk/package.bash'
[1.520s] INFO:colcon.colcon_core.shell:Creating package script '/home/lilultime/ros2_lidar_ws/install/rslidar_sdk/share/rslidar_sdk/package.zsh'
[1.521s] Level 1:colcon.colcon_core.environment:create_file_with_runtime_dependencies(/home/lilultime/ros2_lidar_ws/install/rslidar_sdk/share/colcon-core/packages/rslidar_sdk)
[1.521s] DEBUG:colcon.colcon_parallel_executor.executor.parallel:closing loop
[1.521s] DEBUG:colcon.colcon_parallel_executor.executor.parallel:loop closed
[1.522s] DEBUG:colcon.colcon_parallel_executor.executor.parallel:run_until_complete finished with '0'
[1.522s] DEBUG:colcon.colcon_core.event_reactor:joining thread
[1.528s] INFO:colcon.colcon_core.plugin_system:Skipping extension 'colcon_notification.desktop_notification.terminal_notifier': Not used on non-Darwin systems
[1.529s] INFO:colcon.colcon_core.plugin_system:Skipping extension 'colcon_notification.desktop_notification.win32': Not used on non-Windows systems
[1.529s] INFO:colcon.colcon_notification.desktop_notification:Sending desktop notification using 'notify2'
[1.546s] DEBUG:colcon.colcon_core.event_reactor:joined thread
[1.548s] INFO:colcon.colcon_core.shell:Creating prefix script '/home/lilultime/ros2_lidar_ws/install/local_setup.ps1'
[1.551s] INFO:colcon.colcon_core.shell:Creating prefix util module '/home/lilultime/ros2_lidar_ws/install/_local_setup_util_ps1.py'
[1.555s] INFO:colcon.colcon_core.shell:Creating prefix chain script '/home/lilultime/ros2_lidar_ws/install/setup.ps1'
[1.558s] INFO:colcon.colcon_core.shell:Creating prefix script '/home/lilultime/ros2_lidar_ws/install/local_setup.sh'
[1.559s] INFO:colcon.colcon_core.shell:Creating prefix util module '/home/lilultime/ros2_lidar_ws/install/_local_setup_util_sh.py'
[1.560s] INFO:colcon.colcon_core.shell:Creating prefix chain script '/home/lilultime/ros2_lidar_ws/install/setup.sh'
[1.562s] INFO:colcon.colcon_core.shell:Creating prefix script '/home/lilultime/ros2_lidar_ws/install/local_setup.bash'
[1.562s] INFO:colcon.colcon_core.shell:Creating prefix chain script '/home/lilultime/ros2_lidar_ws/install/setup.bash'
[1.564s] INFO:colcon.colcon_core.shell:Creating prefix script '/home/lilultime/ros2_lidar_ws/install/local_setup.zsh'
[1.565s] INFO:colcon.colcon_core.shell:Creating prefix chain script '/home/lilultime/ros2_lidar_ws/install/setup.zsh'
