[0.015s] Invoking command in '/home/lilultime/ros2_customlidar_ws/build/my_cpp_pkg': CMAKE_PREFIX_PATH=${CMAKE_PREFIX_PATH}:/home/lilultime/ros2_ws/install/my_robot_controller:/opt/ros/humble /usr/local/bin/cmake --build /home/lilultime/ros2_customlidar_ws/build/my_cpp_pkg -- -j8 -l8
[0.080s] [ 50%] [32mBuilding CXX object CMakeFiles/lidar_data_subscriber_executable.dir/src/lidar_data_subscriber.cpp.o[0m
[3.058s] [100%] [32m[1mLinking CXX executable lidar_data_subscriber_executable[0m
[3.201s] [100%] Built target lidar_data_subscriber_executable
[3.209s] Invoked command in '/home/lilultime/ros2_customlidar_ws/build/my_cpp_pkg' returned '0': CMAKE_PREFIX_PATH=${CMAKE_PREFIX_PATH}:/home/lilultime/ros2_ws/install/my_robot_controller:/opt/ros/humble /usr/local/bin/cmake --build /home/lilultime/ros2_customlidar_ws/build/my_cpp_pkg -- -j8 -l8
[3.288s] Invoking command in '/home/lilultime/ros2_customlidar_ws/build/my_cpp_pkg': CMAKE_PREFIX_PATH=${CMAKE_PREFIX_PATH}:/home/lilultime/ros2_ws/install/my_robot_controller:/opt/ros/humble /usr/local/bin/cmake --install /home/lilultime/ros2_customlidar_ws/build/my_cpp_pkg
[3.314s] -- Install configuration: ""
[3.315s] -- Installing: /home/lilultime/ros2_customlidar_ws/install/my_cpp_pkg/lib/my_cpp_pkg/lidar_data_subscriber_executable
[3.316s] -- Set runtime path of "/home/lilultime/ros2_customlidar_ws/install/my_cpp_pkg/lib/my_cpp_pkg/lidar_data_subscriber_executable" to ""
[3.316s] -- Up-to-date: /home/lilultime/ros2_customlidar_ws/install/my_cpp_pkg/share/ament_index/resource_index/package_run_dependencies/my_cpp_pkg
[3.316s] -- Up-to-date: /home/lilultime/ros2_customlidar_ws/install/my_cpp_pkg/share/ament_index/resource_index/parent_prefix_path/my_cpp_pkg
[3.316s] -- Up-to-date: /home/lilultime/ros2_customlidar_ws/install/my_cpp_pkg/share/my_cpp_pkg/environment/ament_prefix_path.sh
[3.316s] -- Up-to-date: /home/lilultime/ros2_customlidar_ws/install/my_cpp_pkg/share/my_cpp_pkg/environment/ament_prefix_path.dsv
[3.316s] -- Up-to-date: /home/lilultime/ros2_customlidar_ws/install/my_cpp_pkg/share/my_cpp_pkg/environment/path.sh
[3.317s] -- Up-to-date: /home/lilultime/ros2_customlidar_ws/install/my_cpp_pkg/share/my_cpp_pkg/environment/path.dsv
[3.317s] -- Up-to-date: /home/lilultime/ros2_customlidar_ws/install/my_cpp_pkg/share/my_cpp_pkg/local_setup.bash
[3.317s] -- Up-to-date: /home/lilultime/ros2_customlidar_ws/install/my_cpp_pkg/share/my_cpp_pkg/local_setup.sh
[3.317s] -- Up-to-date: /home/lilultime/ros2_customlidar_ws/install/my_cpp_pkg/share/my_cpp_pkg/local_setup.zsh
[3.317s] -- Up-to-date: /home/lilultime/ros2_customlidar_ws/install/my_cpp_pkg/share/my_cpp_pkg/local_setup.dsv
[3.317s] -- Installing: /home/lilultime/ros2_customlidar_ws/install/my_cpp_pkg/share/my_cpp_pkg/package.dsv
[3.317s] -- Up-to-date: /home/lilultime/ros2_customlidar_ws/install/my_cpp_pkg/share/ament_index/resource_index/packages/my_cpp_pkg
[3.317s] -- Up-to-date: /home/lilultime/ros2_customlidar_ws/install/my_cpp_pkg/share/my_cpp_pkg/cmake/my_cpp_pkgConfig.cmake
[3.317s] -- Up-to-date: /home/lilultime/ros2_customlidar_ws/install/my_cpp_pkg/share/my_cpp_pkg/cmake/my_cpp_pkgConfig-version.cmake
[3.317s] -- Up-to-date: /home/lilultime/ros2_customlidar_ws/install/my_cpp_pkg/share/my_cpp_pkg/package.xml
[3.323s] Invoked command in '/home/lilultime/ros2_customlidar_ws/build/my_cpp_pkg' returned '0': CMAKE_PREFIX_PATH=${CMAKE_PREFIX_PATH}:/home/lilultime/ros2_ws/install/my_robot_controller:/opt/ros/humble /usr/local/bin/cmake --install /home/lilultime/ros2_customlidar_ws/build/my_cpp_pkg
