[0.014s] Invoking command in '/home/lilultime/ros2_customlidar_ws/build/my_cpp_pkg': CMAKE_PREFIX_PATH=${CMAKE_PREFIX_PATH}:/home/lilultime/ros2_ws/install/my_robot_controller:/opt/ros/humble /usr/local/bin/cmake --build /home/lilultime/ros2_customlidar_ws/build/my_cpp_pkg -- -j8 -l8
[0.076s] [100%] Built target lidar_data_subscriber_executable
[0.084s] Invoked command in '/home/lilultime/ros2_customlidar_ws/build/my_cpp_pkg' returned '0': CMAKE_PREFIX_PATH=${CMAKE_PREFIX_PATH}:/home/lilultime/ros2_ws/install/my_robot_controller:/opt/ros/humble /usr/local/bin/cmake --build /home/lilultime/ros2_customlidar_ws/build/my_cpp_pkg -- -j8 -l8
[0.161s] Invoking command in '/home/lilultime/ros2_customlidar_ws/build/my_cpp_pkg': CMAKE_PREFIX_PATH=${CMAKE_PREFIX_PATH}:/home/lilultime/ros2_ws/install/my_robot_controller:/opt/ros/humble /usr/local/bin/cmake --install /home/lilultime/ros2_customlidar_ws/build/my_cpp_pkg
[0.186s] -- Install configuration: ""
[0.187s] -- Up-to-date: /home/lilultime/ros2_customlidar_ws/install/my_cpp_pkg/lib/my_cpp_pkg/lidar_data_subscriber_executable
[0.187s] -- Up-to-date: /home/lilultime/ros2_customlidar_ws/install/my_cpp_pkg/share/ament_index/resource_index/package_run_dependencies/my_cpp_pkg
[0.188s] -- Up-to-date: /home/lilultime/ros2_customlidar_ws/install/my_cpp_pkg/share/ament_index/resource_index/parent_prefix_path/my_cpp_pkg
[0.188s] -- Up-to-date: /home/lilultime/ros2_customlidar_ws/install/my_cpp_pkg/share/my_cpp_pkg/environment/ament_prefix_path.sh
[0.188s] -- Up-to-date: /home/lilultime/ros2_customlidar_ws/install/my_cpp_pkg/share/my_cpp_pkg/environment/ament_prefix_path.dsv
[0.188s] -- Up-to-date: /home/lilultime/ros2_customlidar_ws/install/my_cpp_pkg/share/my_cpp_pkg/environment/path.sh
[0.188s] -- Up-to-date: /home/lilultime/ros2_customlidar_ws/install/my_cpp_pkg/share/my_cpp_pkg/environment/path.dsv
[0.188s] -- Up-to-date: /home/lilultime/ros2_customlidar_ws/install/my_cpp_pkg/share/my_cpp_pkg/local_setup.bash
[0.188s] -- Up-to-date: /home/lilultime/ros2_customlidar_ws/install/my_cpp_pkg/share/my_cpp_pkg/local_setup.sh
[0.189s] -- Up-to-date: /home/lilultime/ros2_customlidar_ws/install/my_cpp_pkg/share/my_cpp_pkg/local_setup.zsh
[0.189s] -- Up-to-date: /home/lilultime/ros2_customlidar_ws/install/my_cpp_pkg/share/my_cpp_pkg/local_setup.dsv
[0.189s] -- Installing: /home/lilultime/ros2_customlidar_ws/install/my_cpp_pkg/share/my_cpp_pkg/package.dsv
[0.189s] -- Up-to-date: /home/lilultime/ros2_customlidar_ws/install/my_cpp_pkg/share/ament_index/resource_index/packages/my_cpp_pkg
[0.189s] -- Up-to-date: /home/lilultime/ros2_customlidar_ws/install/my_cpp_pkg/share/my_cpp_pkg/cmake/my_cpp_pkgConfig.cmake
[0.189s] -- Up-to-date: /home/lilultime/ros2_customlidar_ws/install/my_cpp_pkg/share/my_cpp_pkg/cmake/my_cpp_pkgConfig-version.cmake
[0.189s] -- Up-to-date: /home/lilultime/ros2_customlidar_ws/install/my_cpp_pkg/share/my_cpp_pkg/package.xml
[0.194s] Invoked command in '/home/lilultime/ros2_customlidar_ws/build/my_cpp_pkg' returned '0': CMAKE_PREFIX_PATH=${CMAKE_PREFIX_PATH}:/home/lilultime/ros2_ws/install/my_robot_controller:/opt/ros/humble /usr/local/bin/cmake --install /home/lilultime/ros2_customlidar_ws/build/my_cpp_pkg
