[0.014s] Invoking command in '/home/lilultime/ros2_lidar_ws/build/rslidar_sdk': CMAKE_PREFIX_PATH=/home/lilultime/ros2_lidar_ws/install/rslidar_msg:/home/lilultime/ros2_lidar_ws/install/rslidar_sdk:/home/lilultime/ros2_customlidar_ws/install/my_cpp_pkg:/home/lilultime/ros2_ws/install/my_cpp_pkg:/home/lilultime/ros2_ws/install/my_robot_controller:/opt/ros/humble /usr/local/bin/cmake --build /home/lilultime/ros2_lidar_ws/build/rslidar_sdk -- -j8 -l8
[0.074s] [100%] Built target rslidar_sdk_node
[0.083s] Invoked command in '/home/lilultime/ros2_lidar_ws/build/rslidar_sdk' returned '0': CMAKE_PREFIX_PATH=/home/lilultime/ros2_lidar_ws/install/rslidar_msg:/home/lilultime/ros2_lidar_ws/install/rslidar_sdk:/home/lilultime/ros2_customlidar_ws/install/my_cpp_pkg:/home/lilultime/ros2_ws/install/my_cpp_pkg:/home/lilultime/ros2_ws/install/my_robot_controller:/opt/ros/humble /usr/local/bin/cmake --build /home/lilultime/ros2_lidar_ws/build/rslidar_sdk -- -j8 -l8
[0.135s] Invoking command in '/home/lilultime/ros2_lidar_ws/build/rslidar_sdk': CMAKE_PREFIX_PATH=/home/lilultime/ros2_lidar_ws/install/rslidar_msg:/home/lilultime/ros2_lidar_ws/install/rslidar_sdk:/home/lilultime/ros2_customlidar_ws/install/my_cpp_pkg:/home/lilultime/ros2_ws/install/my_cpp_pkg:/home/lilultime/ros2_ws/install/my_robot_controller:/opt/ros/humble /usr/local/bin/cmake --install /home/lilultime/ros2_lidar_ws/build/rslidar_sdk
[0.162s] -- Install configuration: "Release"
[0.163s] -- Up-to-date: /home/lilultime/ros2_lidar_ws/install/rslidar_sdk/lib/rslidar_sdk/rslidar_sdk_node
[0.163s] -- Up-to-date: /home/lilultime/ros2_lidar_ws/install/rslidar_sdk/share/rslidar_sdk/launch
[0.163s] -- Up-to-date: /home/lilultime/ros2_lidar_ws/install/rslidar_sdk/share/rslidar_sdk/launch/elequent_start.py
[0.164s] -- Up-to-date: /home/lilultime/ros2_lidar_ws/install/rslidar_sdk/share/rslidar_sdk/launch/start.py
[0.164s] -- Up-to-date: /home/lilultime/ros2_lidar_ws/install/rslidar_sdk/share/rslidar_sdk/launch/start.launch
[0.164s] -- Up-to-date: /home/lilultime/ros2_lidar_ws/install/rslidar_sdk/share/rslidar_sdk/rviz
[0.164s] -- Up-to-date: /home/lilultime/ros2_lidar_ws/install/rslidar_sdk/share/rslidar_sdk/rviz/rviz2.rviz
[0.164s] -- Up-to-date: /home/lilultime/ros2_lidar_ws/install/rslidar_sdk/share/rslidar_sdk/rviz/rviz.rviz
[0.164s] -- Up-to-date: /home/lilultime/ros2_lidar_ws/install/rslidar_sdk/share/ament_index/resource_index/package_run_dependencies/rslidar_sdk
[0.164s] -- Up-to-date: /home/lilultime/ros2_lidar_ws/install/rslidar_sdk/share/ament_index/resource_index/parent_prefix_path/rslidar_sdk
[0.164s] -- Up-to-date: /home/lilultime/ros2_lidar_ws/install/rslidar_sdk/share/rslidar_sdk/environment/ament_prefix_path.sh
[0.164s] -- Up-to-date: /home/lilultime/ros2_lidar_ws/install/rslidar_sdk/share/rslidar_sdk/environment/ament_prefix_path.dsv
[0.164s] -- Up-to-date: /home/lilultime/ros2_lidar_ws/install/rslidar_sdk/share/rslidar_sdk/environment/path.sh
[0.164s] -- Up-to-date: /home/lilultime/ros2_lidar_ws/install/rslidar_sdk/share/rslidar_sdk/environment/path.dsv
[0.165s] -- Up-to-date: /home/lilultime/ros2_lidar_ws/install/rslidar_sdk/share/rslidar_sdk/local_setup.bash
[0.165s] -- Up-to-date: /home/lilultime/ros2_lidar_ws/install/rslidar_sdk/share/rslidar_sdk/local_setup.sh
[0.165s] -- Up-to-date: /home/lilultime/ros2_lidar_ws/install/rslidar_sdk/share/rslidar_sdk/local_setup.zsh
[0.165s] -- Up-to-date: /home/lilultime/ros2_lidar_ws/install/rslidar_sdk/share/rslidar_sdk/local_setup.dsv
[0.165s] -- Installing: /home/lilultime/ros2_lidar_ws/install/rslidar_sdk/share/rslidar_sdk/package.dsv
[0.165s] -- Up-to-date: /home/lilultime/ros2_lidar_ws/install/rslidar_sdk/share/ament_index/resource_index/packages/rslidar_sdk
[0.165s] -- Up-to-date: /home/lilultime/ros2_lidar_ws/install/rslidar_sdk/share/rslidar_sdk/cmake/rslidar_sdkConfig.cmake
[0.165s] -- Up-to-date: /home/lilultime/ros2_lidar_ws/install/rslidar_sdk/share/rslidar_sdk/cmake/rslidar_sdkConfig-version.cmake
[0.165s] -- Up-to-date: /home/lilultime/ros2_lidar_ws/install/rslidar_sdk/share/rslidar_sdk/package.xml
[0.174s] Invoked command in '/home/lilultime/ros2_lidar_ws/build/rslidar_sdk' returned '0': CMAKE_PREFIX_PATH=/home/lilultime/ros2_lidar_ws/install/rslidar_msg:/home/lilultime/ros2_lidar_ws/install/rslidar_sdk:/home/lilultime/ros2_customlidar_ws/install/my_cpp_pkg:/home/lilultime/ros2_ws/install/my_cpp_pkg:/home/lilultime/ros2_ws/install/my_robot_controller:/opt/ros/humble /usr/local/bin/cmake --install /home/lilultime/ros2_lidar_ws/build/rslidar_sdk
