[0.319s] DEBUG:colcon:Command line arguments: ['/usr/bin/colcon', 'build']
[0.319s] DEBUG:colcon:Parsed command line arguments: Namespace(log_base=None, log_level=None, verb_name='build', build_base='build', install_base='install', merge_install=False, symlink_install=False, test_result_base=None, continue_on_error=False, executor='parallel', parallel_workers=8, event_handlers=None, ignore_user_meta=False, metas=['./colcon.meta'], base_paths=['.'], packages_ignore=None, packages_ignore_regex=None, paths=None, packages_up_to=None, packages_up_to_regex=None, packages_above=None, packages_above_and_dependencies=None, packages_above_depth=None, packages_select_by_dep=None, packages_skip_by_dep=None, packages_skip_up_to=None, packages_select_build_failed=False, packages_skip_build_finished=False, packages_select_test_failures=False, packages_skip_test_passed=False, packages_select=None, packages_skip=None, packages_select_regex=None, packages_skip_regex=None, packages_start=None, packages_end=None, allow_overriding=[], cmake_args=None, cmake_target=None, cmake_target_skip_unavailable=False, cmake_clean_cache=False, cmake_clean_first=False, cmake_force_configure=False, ament_cmake_args=None, catkin_cmake_args=None, catkin_skip_building_tests=False, verb_parser=<colcon_defaults.argument_parser.defaults.DefaultArgumentsDecorator object at 0x7f6da5f2ff10>, verb_extension=<colcon_core.verb.build.BuildVerb object at 0x7f6da5fdc100>, main=<bound method BuildVerb.main of <colcon_core.verb.build.BuildVerb object at 0x7f6da5fdc100>>)
[0.340s] Level 1:colcon.colcon_core.package_discovery:discover_packages(colcon_meta) check parameters
[0.341s] Level 1:colcon.colcon_core.package_discovery:discover_packages(recursive) check parameters
[0.341s] Level 1:colcon.colcon_core.package_discovery:discover_packages(ignore) check parameters
[0.341s] Level 1:colcon.colcon_core.package_discovery:discover_packages(path) check parameters
[0.341s] Level 1:colcon.colcon_core.package_discovery:discover_packages(colcon_meta) discover
[0.341s] Level 1:colcon.colcon_core.package_discovery:discover_packages(recursive) discover
[0.341s] INFO:colcon.colcon_core.package_discovery:Crawling recursively for packages in '/home/lilultime/External_Ros2_Projects/autowareclass2020/code/src/09_Perception_Radar/Radar-Hands-On-Solution-WS'
[0.341s] Level 1:colcon.colcon_core.package_identification:_identify(.) by extensions ['ignore', 'ignore_ament_install']
[0.341s] Level 1:colcon.colcon_core.package_identification:_identify(.) by extension 'ignore'
[0.341s] Level 1:colcon.colcon_core.package_identification:_identify(.) by extension 'ignore_ament_install'
[0.341s] Level 1:colcon.colcon_core.package_identification:_identify(.) by extensions ['colcon_pkg']
[0.341s] Level 1:colcon.colcon_core.package_identification:_identify(.) by extension 'colcon_pkg'
[0.341s] Level 1:colcon.colcon_core.package_identification:_identify(.) by extensions ['colcon_meta']
[0.341s] Level 1:colcon.colcon_core.package_identification:_identify(.) by extension 'colcon_meta'
[0.341s] Level 1:colcon.colcon_core.package_identification:_identify(.) by extensions ['ros']
[0.341s] Level 1:colcon.colcon_core.package_identification:_identify(.) by extension 'ros'
[0.352s] Level 1:colcon.colcon_core.package_identification:_identify(.) by extensions ['cmake', 'python']
[0.352s] Level 1:colcon.colcon_core.package_identification:_identify(.) by extension 'cmake'
[0.352s] Level 1:colcon.colcon_core.package_identification:_identify(.) by extension 'python'
[0.352s] Level 1:colcon.colcon_core.package_identification:_identify(.) by extensions ['python_setup_py']
[0.352s] Level 1:colcon.colcon_core.package_identification:_identify(.) by extension 'python_setup_py'
[0.352s] Level 1:colcon.colcon_core.package_identification:_identify(CAN_Recording) by extensions ['ignore', 'ignore_ament_install']
[0.352s] Level 1:colcon.colcon_core.package_identification:_identify(CAN_Recording) by extension 'ignore'
[0.352s] Level 1:colcon.colcon_core.package_identification:_identify(CAN_Recording) by extension 'ignore_ament_install'
[0.352s] Level 1:colcon.colcon_core.package_identification:_identify(CAN_Recording) by extensions ['colcon_pkg']
[0.352s] Level 1:colcon.colcon_core.package_identification:_identify(CAN_Recording) by extension 'colcon_pkg'
[0.352s] Level 1:colcon.colcon_core.package_identification:_identify(CAN_Recording) by extensions ['colcon_meta']
[0.352s] Level 1:colcon.colcon_core.package_identification:_identify(CAN_Recording) by extension 'colcon_meta'
[0.352s] Level 1:colcon.colcon_core.package_identification:_identify(CAN_Recording) by extensions ['ros']
[0.352s] Level 1:colcon.colcon_core.package_identification:_identify(CAN_Recording) by extension 'ros'
[0.352s] Level 1:colcon.colcon_core.package_identification:_identify(CAN_Recording) by extensions ['cmake', 'python']
[0.352s] Level 1:colcon.colcon_core.package_identification:_identify(CAN_Recording) by extension 'cmake'
[0.352s] Level 1:colcon.colcon_core.package_identification:_identify(CAN_Recording) by extension 'python'
[0.353s] Level 1:colcon.colcon_core.package_identification:_identify(CAN_Recording) by extensions ['python_setup_py']
[0.353s] Level 1:colcon.colcon_core.package_identification:_identify(CAN_Recording) by extension 'python_setup_py'
[0.353s] Level 1:colcon.colcon_core.package_identification:_identify(build) by extensions ['ignore', 'ignore_ament_install']
[0.353s] Level 1:colcon.colcon_core.package_identification:_identify(build) by extension 'ignore'
[0.353s] Level 1:colcon.colcon_core.package_identification:_identify(build) ignored
[0.353s] Level 1:colcon.colcon_core.package_identification:_identify(install) by extensions ['ignore', 'ignore_ament_install']
[0.353s] Level 1:colcon.colcon_core.package_identification:_identify(install) by extension 'ignore'
[0.353s] Level 1:colcon.colcon_core.package_identification:_identify(install) ignored
[0.353s] Level 1:colcon.colcon_core.package_identification:_identify(log) by extensions ['ignore', 'ignore_ament_install']
[0.353s] Level 1:colcon.colcon_core.package_identification:_identify(log) by extension 'ignore'
[0.353s] Level 1:colcon.colcon_core.package_identification:_identify(log) ignored
[0.353s] Level 1:colcon.colcon_core.package_identification:_identify(radar_conti_ars408) by extensions ['ignore', 'ignore_ament_install']
[0.353s] Level 1:colcon.colcon_core.package_identification:_identify(radar_conti_ars408) by extension 'ignore'
[0.354s] Level 1:colcon.colcon_core.package_identification:_identify(radar_conti_ars408) by extension 'ignore_ament_install'
[0.354s] Level 1:colcon.colcon_core.package_identification:_identify(radar_conti_ars408) by extensions ['colcon_pkg']
[0.354s] Level 1:colcon.colcon_core.package_identification:_identify(radar_conti_ars408) by extension 'colcon_pkg'
[0.354s] Level 1:colcon.colcon_core.package_identification:_identify(radar_conti_ars408) by extensions ['colcon_meta']
[0.354s] Level 1:colcon.colcon_core.package_identification:_identify(radar_conti_ars408) by extension 'colcon_meta'
[0.354s] Level 1:colcon.colcon_core.package_identification:_identify(radar_conti_ars408) by extensions ['ros']
[0.354s] Level 1:colcon.colcon_core.package_identification:_identify(radar_conti_ars408) by extension 'ros'
[0.354s] Level 1:colcon.colcon_core.package_identification:_identify(radar_conti_ars408) by extensions ['cmake', 'python']
[0.354s] Level 1:colcon.colcon_core.package_identification:_identify(radar_conti_ars408) by extension 'cmake'
[0.354s] Level 1:colcon.colcon_core.package_identification:_identify(radar_conti_ars408) by extension 'python'
[0.354s] Level 1:colcon.colcon_core.package_identification:_identify(radar_conti_ars408) by extensions ['python_setup_py']
[0.354s] Level 1:colcon.colcon_core.package_identification:_identify(radar_conti_ars408) by extension 'python_setup_py'
[0.354s] Level 1:colcon.colcon_core.package_identification:_identify(radar_conti_ars408/log) by extensions ['ignore', 'ignore_ament_install']
[0.354s] Level 1:colcon.colcon_core.package_identification:_identify(radar_conti_ars408/log) by extension 'ignore'
[0.354s] Level 1:colcon.colcon_core.package_identification:_identify(radar_conti_ars408/log) ignored
[0.354s] Level 1:colcon.colcon_core.package_identification:_identify(radar_conti_ars408/src) by extensions ['ignore', 'ignore_ament_install']
[0.354s] Level 1:colcon.colcon_core.package_identification:_identify(radar_conti_ars408/src) by extension 'ignore'
[0.355s] Level 1:colcon.colcon_core.package_identification:_identify(radar_conti_ars408/src) by extension 'ignore_ament_install'
[0.355s] Level 1:colcon.colcon_core.package_identification:_identify(radar_conti_ars408/src) by extensions ['colcon_pkg']
[0.355s] Level 1:colcon.colcon_core.package_identification:_identify(radar_conti_ars408/src) by extension 'colcon_pkg'
[0.355s] Level 1:colcon.colcon_core.package_identification:_identify(radar_conti_ars408/src) by extensions ['colcon_meta']
[0.355s] Level 1:colcon.colcon_core.package_identification:_identify(radar_conti_ars408/src) by extension 'colcon_meta'
[0.355s] Level 1:colcon.colcon_core.package_identification:_identify(radar_conti_ars408/src) by extensions ['ros']
[0.355s] Level 1:colcon.colcon_core.package_identification:_identify(radar_conti_ars408/src) by extension 'ros'
[0.357s] DEBUG:colcon.colcon_core.package_identification:Package 'radar_conti_ars408/src' with type 'ros.ament_cmake' and name 'radar_conti_ars408'
[0.357s] Level 1:colcon.colcon_core.package_identification:_identify(radar_conti_ars408_msgs) by extensions ['ignore', 'ignore_ament_install']
[0.357s] Level 1:colcon.colcon_core.package_identification:_identify(radar_conti_ars408_msgs) by extension 'ignore'
[0.357s] Level 1:colcon.colcon_core.package_identification:_identify(radar_conti_ars408_msgs) by extension 'ignore_ament_install'
[0.357s] Level 1:colcon.colcon_core.package_identification:_identify(radar_conti_ars408_msgs) by extensions ['colcon_pkg']
[0.357s] Level 1:colcon.colcon_core.package_identification:_identify(radar_conti_ars408_msgs) by extension 'colcon_pkg'
[0.358s] Level 1:colcon.colcon_core.package_identification:_identify(radar_conti_ars408_msgs) by extensions ['colcon_meta']
[0.358s] Level 1:colcon.colcon_core.package_identification:_identify(radar_conti_ars408_msgs) by extension 'colcon_meta'
[0.358s] Level 1:colcon.colcon_core.package_identification:_identify(radar_conti_ars408_msgs) by extensions ['ros']
[0.358s] Level 1:colcon.colcon_core.package_identification:_identify(radar_conti_ars408_msgs) by extension 'ros'
[0.358s] DEBUG:colcon.colcon_core.package_identification:Package 'radar_conti_ars408_msgs' with type 'ros.ament_cmake' and name 'radar_conti_ars408_msgs'
[0.358s] Level 1:colcon.colcon_core.package_identification:_identify(ros2_socketcan_bridge) by extensions ['ignore', 'ignore_ament_install']
[0.358s] Level 1:colcon.colcon_core.package_identification:_identify(ros2_socketcan_bridge) by extension 'ignore'
[0.358s] Level 1:colcon.colcon_core.package_identification:_identify(ros2_socketcan_bridge) by extension 'ignore_ament_install'
[0.359s] Level 1:colcon.colcon_core.package_identification:_identify(ros2_socketcan_bridge) by extensions ['colcon_pkg']
[0.359s] Level 1:colcon.colcon_core.package_identification:_identify(ros2_socketcan_bridge) by extension 'colcon_pkg'
[0.359s] Level 1:colcon.colcon_core.package_identification:_identify(ros2_socketcan_bridge) by extensions ['colcon_meta']
[0.359s] Level 1:colcon.colcon_core.package_identification:_identify(ros2_socketcan_bridge) by extension 'colcon_meta'
[0.359s] Level 1:colcon.colcon_core.package_identification:_identify(ros2_socketcan_bridge) by extensions ['ros']
[0.359s] Level 1:colcon.colcon_core.package_identification:_identify(ros2_socketcan_bridge) by extension 'ros'
[0.359s] Level 1:colcon.colcon_core.package_identification:_identify(ros2_socketcan_bridge) by extensions ['cmake', 'python']
[0.359s] Level 1:colcon.colcon_core.package_identification:_identify(ros2_socketcan_bridge) by extension 'cmake'
[0.359s] Level 1:colcon.colcon_core.package_identification:_identify(ros2_socketcan_bridge) by extension 'python'
[0.359s] Level 1:colcon.colcon_core.package_identification:_identify(ros2_socketcan_bridge) by extensions ['python_setup_py']
[0.359s] Level 1:colcon.colcon_core.package_identification:_identify(ros2_socketcan_bridge) by extension 'python_setup_py'
[0.359s] Level 1:colcon.colcon_core.package_identification:_identify(ros2_socketcan_bridge/build) by extensions ['ignore', 'ignore_ament_install']
[0.359s] Level 1:colcon.colcon_core.package_identification:_identify(ros2_socketcan_bridge/build) by extension 'ignore'
[0.359s] Level 1:colcon.colcon_core.package_identification:_identify(ros2_socketcan_bridge/build) ignored
[0.359s] Level 1:colcon.colcon_core.package_identification:_identify(ros2_socketcan_bridge/can_msgs) by extensions ['ignore', 'ignore_ament_install']
[0.359s] Level 1:colcon.colcon_core.package_identification:_identify(ros2_socketcan_bridge/can_msgs) by extension 'ignore'
[0.359s] Level 1:colcon.colcon_core.package_identification:_identify(ros2_socketcan_bridge/can_msgs) by extension 'ignore_ament_install'
[0.360s] Level 1:colcon.colcon_core.package_identification:_identify(ros2_socketcan_bridge/can_msgs) by extensions ['colcon_pkg']
[0.360s] Level 1:colcon.colcon_core.package_identification:_identify(ros2_socketcan_bridge/can_msgs) by extension 'colcon_pkg'
[0.360s] Level 1:colcon.colcon_core.package_identification:_identify(ros2_socketcan_bridge/can_msgs) by extensions ['colcon_meta']
[0.360s] Level 1:colcon.colcon_core.package_identification:_identify(ros2_socketcan_bridge/can_msgs) by extension 'colcon_meta'
[0.360s] Level 1:colcon.colcon_core.package_identification:_identify(ros2_socketcan_bridge/can_msgs) by extensions ['ros']
[0.360s] Level 1:colcon.colcon_core.package_identification:_identify(ros2_socketcan_bridge/can_msgs) by extension 'ros'
[0.360s] DEBUG:colcon.colcon_core.package_identification:Package 'ros2_socketcan_bridge/can_msgs' with type 'ros.ament_cmake' and name 'can_msgs'
[0.360s] Level 1:colcon.colcon_core.package_identification:_identify(ros2_socketcan_bridge/install) by extensions ['ignore', 'ignore_ament_install']
[0.360s] Level 1:colcon.colcon_core.package_identification:_identify(ros2_socketcan_bridge/install) by extension 'ignore'
[0.360s] Level 1:colcon.colcon_core.package_identification:_identify(ros2_socketcan_bridge/install) ignored
[0.361s] Level 1:colcon.colcon_core.package_identification:_identify(ros2_socketcan_bridge/log) by extensions ['ignore', 'ignore_ament_install']
[0.361s] Level 1:colcon.colcon_core.package_identification:_identify(ros2_socketcan_bridge/log) by extension 'ignore'
[0.361s] Level 1:colcon.colcon_core.package_identification:_identify(ros2_socketcan_bridge/log) ignored
[0.361s] Level 1:colcon.colcon_core.package_identification:_identify(ros2_socketcan_bridge/ros2socketcan_bridge) by extensions ['ignore', 'ignore_ament_install']
[0.361s] Level 1:colcon.colcon_core.package_identification:_identify(ros2_socketcan_bridge/ros2socketcan_bridge) by extension 'ignore'
[0.361s] Level 1:colcon.colcon_core.package_identification:_identify(ros2_socketcan_bridge/ros2socketcan_bridge) by extension 'ignore_ament_install'
[0.361s] Level 1:colcon.colcon_core.package_identification:_identify(ros2_socketcan_bridge/ros2socketcan_bridge) by extensions ['colcon_pkg']
[0.361s] Level 1:colcon.colcon_core.package_identification:_identify(ros2_socketcan_bridge/ros2socketcan_bridge) by extension 'colcon_pkg'
[0.361s] Level 1:colcon.colcon_core.package_identification:_identify(ros2_socketcan_bridge/ros2socketcan_bridge) by extensions ['colcon_meta']
[0.361s] Level 1:colcon.colcon_core.package_identification:_identify(ros2_socketcan_bridge/ros2socketcan_bridge) by extension 'colcon_meta'
[0.361s] Level 1:colcon.colcon_core.package_identification:_identify(ros2_socketcan_bridge/ros2socketcan_bridge) by extensions ['ros']
[0.361s] Level 1:colcon.colcon_core.package_identification:_identify(ros2_socketcan_bridge/ros2socketcan_bridge) by extension 'ros'
[0.362s] DEBUG:colcon.colcon_core.package_identification:Package 'ros2_socketcan_bridge/ros2socketcan_bridge' with type 'ros.ament_cmake' and name 'ros2socketcan_bridge'
[0.362s] Level 1:colcon.colcon_core.package_discovery:discover_packages(recursive) using defaults
[0.362s] Level 1:colcon.colcon_core.package_discovery:discover_packages(ignore) discover
[0.362s] Level 1:colcon.colcon_core.package_discovery:discover_packages(ignore) using defaults
[0.362s] Level 1:colcon.colcon_core.package_discovery:discover_packages(path) discover
[0.362s] Level 1:colcon.colcon_core.package_discovery:discover_packages(path) using defaults
[0.387s] Level 1:colcon.colcon_core.package_discovery:discover_packages(prefix_path) check parameters
[0.387s] Level 1:colcon.colcon_core.package_discovery:discover_packages(prefix_path) discover
[0.390s] DEBUG:colcon.colcon_installed_package_information.package_discovery:Found 4 installed packages in /home/lilultime/External_Ros2_Projects/autowareclass2020/code/src/09_Perception_Radar/Radar-Hands-On-Solution-WS/install
[0.391s] DEBUG:colcon.colcon_installed_package_information.package_discovery:Found 2 installed packages in /home/lilultime/ros2_ws/install
[0.392s] DEBUG:colcon.colcon_installed_package_information.package_discovery:Found 270 installed packages in /opt/ros/humble
[0.393s] Level 1:colcon.colcon_core.package_discovery:discover_packages(prefix_path) using defaults
[0.453s] Level 5:colcon.colcon_core.verb:set package 'can_msgs' build argument 'cmake_args' from command line to 'None'
[0.453s] Level 5:colcon.colcon_core.verb:set package 'can_msgs' build argument 'cmake_target' from command line to 'None'
[0.453s] Level 5:colcon.colcon_core.verb:set package 'can_msgs' build argument 'cmake_target_skip_unavailable' from command line to 'False'
[0.453s] Level 5:colcon.colcon_core.verb:set package 'can_msgs' build argument 'cmake_clean_cache' from command line to 'False'
[0.453s] Level 5:colcon.colcon_core.verb:set package 'can_msgs' build argument 'cmake_clean_first' from command line to 'False'
[0.454s] Level 5:colcon.colcon_core.verb:set package 'can_msgs' build argument 'cmake_force_configure' from command line to 'False'
[0.454s] Level 5:colcon.colcon_core.verb:set package 'can_msgs' build argument 'ament_cmake_args' from command line to 'None'
[0.454s] Level 5:colcon.colcon_core.verb:set package 'can_msgs' build argument 'catkin_cmake_args' from command line to 'None'
[0.454s] Level 5:colcon.colcon_core.verb:set package 'can_msgs' build argument 'catkin_skip_building_tests' from command line to 'False'
[0.454s] DEBUG:colcon.colcon_core.verb:Building package 'can_msgs' with the following arguments: {'ament_cmake_args': None, 'build_base': '/home/lilultime/External_Ros2_Projects/autowareclass2020/code/src/09_Perception_Radar/Radar-Hands-On-Solution-WS/build/can_msgs', 'catkin_cmake_args': None, 'catkin_skip_building_tests': False, 'cmake_args': None, 'cmake_clean_cache': False, 'cmake_clean_first': False, 'cmake_force_configure': False, 'cmake_target': None, 'cmake_target_skip_unavailable': False, 'install_base': '/home/lilultime/External_Ros2_Projects/autowareclass2020/code/src/09_Perception_Radar/Radar-Hands-On-Solution-WS/install/can_msgs', 'merge_install': False, 'path': '/home/lilultime/External_Ros2_Projects/autowareclass2020/code/src/09_Perception_Radar/Radar-Hands-On-Solution-WS/ros2_socketcan_bridge/can_msgs', 'symlink_install': False, 'test_result_base': None}
[0.455s] Level 5:colcon.colcon_core.verb:set package 'radar_conti_ars408_msgs' build argument 'cmake_args' from command line to 'None'
[0.455s] Level 5:colcon.colcon_core.verb:set package 'radar_conti_ars408_msgs' build argument 'cmake_target' from command line to 'None'
[0.455s] Level 5:colcon.colcon_core.verb:set package 'radar_conti_ars408_msgs' build argument 'cmake_target_skip_unavailable' from command line to 'False'
[0.455s] Level 5:colcon.colcon_core.verb:set package 'radar_conti_ars408_msgs' build argument 'cmake_clean_cache' from command line to 'False'
[0.455s] Level 5:colcon.colcon_core.verb:set package 'radar_conti_ars408_msgs' build argument 'cmake_clean_first' from command line to 'False'
[0.455s] Level 5:colcon.colcon_core.verb:set package 'radar_conti_ars408_msgs' build argument 'cmake_force_configure' from command line to 'False'
[0.455s] Level 5:colcon.colcon_core.verb:set package 'radar_conti_ars408_msgs' build argument 'ament_cmake_args' from command line to 'None'
[0.455s] Level 5:colcon.colcon_core.verb:set package 'radar_conti_ars408_msgs' build argument 'catkin_cmake_args' from command line to 'None'
[0.455s] Level 5:colcon.colcon_core.verb:set package 'radar_conti_ars408_msgs' build argument 'catkin_skip_building_tests' from command line to 'False'
[0.455s] DEBUG:colcon.colcon_core.verb:Building package 'radar_conti_ars408_msgs' with the following arguments: {'ament_cmake_args': None, 'build_base': '/home/lilultime/External_Ros2_Projects/autowareclass2020/code/src/09_Perception_Radar/Radar-Hands-On-Solution-WS/build/radar_conti_ars408_msgs', 'catkin_cmake_args': None, 'catkin_skip_building_tests': False, 'cmake_args': None, 'cmake_clean_cache': False, 'cmake_clean_first': False, 'cmake_force_configure': False, 'cmake_target': None, 'cmake_target_skip_unavailable': False, 'install_base': '/home/lilultime/External_Ros2_Projects/autowareclass2020/code/src/09_Perception_Radar/Radar-Hands-On-Solution-WS/install/radar_conti_ars408_msgs', 'merge_install': False, 'path': '/home/lilultime/External_Ros2_Projects/autowareclass2020/code/src/09_Perception_Radar/Radar-Hands-On-Solution-WS/radar_conti_ars408_msgs', 'symlink_install': False, 'test_result_base': None}
[0.456s] Level 5:colcon.colcon_core.verb:set package 'ros2socketcan_bridge' build argument 'cmake_args' from command line to 'None'
[0.456s] Level 5:colcon.colcon_core.verb:set package 'ros2socketcan_bridge' build argument 'cmake_target' from command line to 'None'
[0.456s] Level 5:colcon.colcon_core.verb:set package 'ros2socketcan_bridge' build argument 'cmake_target_skip_unavailable' from command line to 'False'
[0.456s] Level 5:colcon.colcon_core.verb:set package 'ros2socketcan_bridge' build argument 'cmake_clean_cache' from command line to 'False'
[0.456s] Level 5:colcon.colcon_core.verb:set package 'ros2socketcan_bridge' build argument 'cmake_clean_first' from command line to 'False'
[0.456s] Level 5:colcon.colcon_core.verb:set package 'ros2socketcan_bridge' build argument 'cmake_force_configure' from command line to 'False'
[0.456s] Level 5:colcon.colcon_core.verb:set package 'ros2socketcan_bridge' build argument 'ament_cmake_args' from command line to 'None'
[0.456s] Level 5:colcon.colcon_core.verb:set package 'ros2socketcan_bridge' build argument 'catkin_cmake_args' from command line to 'None'
[0.456s] Level 5:colcon.colcon_core.verb:set package 'ros2socketcan_bridge' build argument 'catkin_skip_building_tests' from command line to 'False'
[0.456s] DEBUG:colcon.colcon_core.verb:Building package 'ros2socketcan_bridge' with the following arguments: {'ament_cmake_args': None, 'build_base': '/home/lilultime/External_Ros2_Projects/autowareclass2020/code/src/09_Perception_Radar/Radar-Hands-On-Solution-WS/build/ros2socketcan_bridge', 'catkin_cmake_args': None, 'catkin_skip_building_tests': False, 'cmake_args': None, 'cmake_clean_cache': False, 'cmake_clean_first': False, 'cmake_force_configure': False, 'cmake_target': None, 'cmake_target_skip_unavailable': False, 'install_base': '/home/lilultime/External_Ros2_Projects/autowareclass2020/code/src/09_Perception_Radar/Radar-Hands-On-Solution-WS/install/ros2socketcan_bridge', 'merge_install': False, 'path': '/home/lilultime/External_Ros2_Projects/autowareclass2020/code/src/09_Perception_Radar/Radar-Hands-On-Solution-WS/ros2_socketcan_bridge/ros2socketcan_bridge', 'symlink_install': False, 'test_result_base': None}
[0.457s] Level 5:colcon.colcon_core.verb:set package 'radar_conti_ars408' build argument 'cmake_args' from command line to 'None'
[0.457s] Level 5:colcon.colcon_core.verb:set package 'radar_conti_ars408' build argument 'cmake_target' from command line to 'None'
[0.457s] Level 5:colcon.colcon_core.verb:set package 'radar_conti_ars408' build argument 'cmake_target_skip_unavailable' from command line to 'False'
[0.457s] Level 5:colcon.colcon_core.verb:set package 'radar_conti_ars408' build argument 'cmake_clean_cache' from command line to 'False'
[0.457s] Level 5:colcon.colcon_core.verb:set package 'radar_conti_ars408' build argument 'cmake_clean_first' from command line to 'False'
[0.457s] Level 5:colcon.colcon_core.verb:set package 'radar_conti_ars408' build argument 'cmake_force_configure' from command line to 'False'
[0.457s] Level 5:colcon.colcon_core.verb:set package 'radar_conti_ars408' build argument 'ament_cmake_args' from command line to 'None'
[0.457s] Level 5:colcon.colcon_core.verb:set package 'radar_conti_ars408' build argument 'catkin_cmake_args' from command line to 'None'
[0.457s] Level 5:colcon.colcon_core.verb:set package 'radar_conti_ars408' build argument 'catkin_skip_building_tests' from command line to 'False'
[0.457s] DEBUG:colcon.colcon_core.verb:Building package 'radar_conti_ars408' with the following arguments: {'ament_cmake_args': None, 'build_base': '/home/lilultime/External_Ros2_Projects/autowareclass2020/code/src/09_Perception_Radar/Radar-Hands-On-Solution-WS/build/radar_conti_ars408', 'catkin_cmake_args': None, 'catkin_skip_building_tests': False, 'cmake_args': None, 'cmake_clean_cache': False, 'cmake_clean_first': False, 'cmake_force_configure': False, 'cmake_target': None, 'cmake_target_skip_unavailable': False, 'install_base': '/home/lilultime/External_Ros2_Projects/autowareclass2020/code/src/09_Perception_Radar/Radar-Hands-On-Solution-WS/install/radar_conti_ars408', 'merge_install': False, 'path': '/home/lilultime/External_Ros2_Projects/autowareclass2020/code/src/09_Perception_Radar/Radar-Hands-On-Solution-WS/radar_conti_ars408/src', 'symlink_install': False, 'test_result_base': None}
[0.458s] INFO:colcon.colcon_core.executor:Executing jobs using 'parallel' executor
[0.461s] DEBUG:colcon.colcon_parallel_executor.executor.parallel:run_until_complete
[0.461s] INFO:colcon.colcon_ros.task.ament_cmake.build:Building ROS package in '/home/lilultime/External_Ros2_Projects/autowareclass2020/code/src/09_Perception_Radar/Radar-Hands-On-Solution-WS/ros2_socketcan_bridge/can_msgs' with build type 'ament_cmake'
[0.461s] INFO:colcon.colcon_cmake.task.cmake.build:Building CMake package in '/home/lilultime/External_Ros2_Projects/autowareclass2020/code/src/09_Perception_Radar/Radar-Hands-On-Solution-WS/ros2_socketcan_bridge/can_msgs'
[0.465s] INFO:colcon.colcon_core.plugin_system:Skipping extension 'colcon_core.shell.bat': Not used on non-Windows systems
[0.466s] INFO:colcon.colcon_core.shell:Skip shell extension 'powershell' for command environment: Not usable outside of PowerShell
[0.466s] DEBUG:colcon.colcon_core.shell:Skip shell extension 'dsv' for command environment
[0.471s] INFO:colcon.colcon_ros.task.ament_cmake.build:Building ROS package in '/home/lilultime/External_Ros2_Projects/autowareclass2020/code/src/09_Perception_Radar/Radar-Hands-On-Solution-WS/radar_conti_ars408_msgs' with build type 'ament_cmake'
[0.471s] INFO:colcon.colcon_cmake.task.cmake.build:Building CMake package in '/home/lilultime/External_Ros2_Projects/autowareclass2020/code/src/09_Perception_Radar/Radar-Hands-On-Solution-WS/radar_conti_ars408_msgs'
[0.472s] INFO:colcon.colcon_core.shell:Skip shell extension 'powershell' for command environment: Not usable outside of PowerShell
[0.472s] DEBUG:colcon.colcon_core.shell:Skip shell extension 'dsv' for command environment
[0.484s] DEBUG:colcon.colcon_core.event_handler.log_command:Invoking command in '/home/lilultime/External_Ros2_Projects/autowareclass2020/code/src/09_Perception_Radar/Radar-Hands-On-Solution-WS/build/can_msgs': CMAKE_PREFIX_PATH=${CMAKE_PREFIX_PATH}:/home/lilultime/ros2_ws/install/my_robot_controller:/opt/ros/humble /usr/bin/cmake --build /home/lilultime/External_Ros2_Projects/autowareclass2020/code/src/09_Perception_Radar/Radar-Hands-On-Solution-WS/build/can_msgs -- -j8 -l8
[0.489s] DEBUG:colcon.colcon_core.event_handler.log_command:Invoking command in '/home/lilultime/External_Ros2_Projects/autowareclass2020/code/src/09_Perception_Radar/Radar-Hands-On-Solution-WS/build/radar_conti_ars408_msgs': CMAKE_PREFIX_PATH=${CMAKE_PREFIX_PATH}:/home/lilultime/ros2_ws/install/my_robot_controller:/opt/ros/humble /usr/bin/cmake --build /home/lilultime/External_Ros2_Projects/autowareclass2020/code/src/09_Perception_Radar/Radar-Hands-On-Solution-WS/build/radar_conti_ars408_msgs -- -j8 -l8
[1.030s] DEBUG:colcon.colcon_core.event_handler.log_command:Invoked command in '/home/lilultime/External_Ros2_Projects/autowareclass2020/code/src/09_Perception_Radar/Radar-Hands-On-Solution-WS/build/can_msgs' returned '0': CMAKE_PREFIX_PATH=${CMAKE_PREFIX_PATH}:/home/lilultime/ros2_ws/install/my_robot_controller:/opt/ros/humble /usr/bin/cmake --build /home/lilultime/External_Ros2_Projects/autowareclass2020/code/src/09_Perception_Radar/Radar-Hands-On-Solution-WS/build/can_msgs -- -j8 -l8
[1.054s] DEBUG:colcon.colcon_core.event_handler.log_command:Invoked command in '/home/lilultime/External_Ros2_Projects/autowareclass2020/code/src/09_Perception_Radar/Radar-Hands-On-Solution-WS/build/radar_conti_ars408_msgs' returned '0': CMAKE_PREFIX_PATH=${CMAKE_PREFIX_PATH}:/home/lilultime/ros2_ws/install/my_robot_controller:/opt/ros/humble /usr/bin/cmake --build /home/lilultime/External_Ros2_Projects/autowareclass2020/code/src/09_Perception_Radar/Radar-Hands-On-Solution-WS/build/radar_conti_ars408_msgs -- -j8 -l8
[1.115s] DEBUG:colcon.colcon_core.event_handler.log_command:Invoking command in '/home/lilultime/External_Ros2_Projects/autowareclass2020/code/src/09_Perception_Radar/Radar-Hands-On-Solution-WS/build/can_msgs': CMAKE_PREFIX_PATH=${CMAKE_PREFIX_PATH}:/home/lilultime/ros2_ws/install/my_robot_controller:/opt/ros/humble /usr/bin/cmake --install /home/lilultime/External_Ros2_Projects/autowareclass2020/code/src/09_Perception_Radar/Radar-Hands-On-Solution-WS/build/can_msgs
[1.188s] Level 1:colcon.colcon_core.environment:create_environment_scripts_only(can_msgs)
[1.189s] DEBUG:colcon.colcon_core.event_handler.log_command:Invoked command in '/home/lilultime/External_Ros2_Projects/autowareclass2020/code/src/09_Perception_Radar/Radar-Hands-On-Solution-WS/build/can_msgs' returned '0': CMAKE_PREFIX_PATH=${CMAKE_PREFIX_PATH}:/home/lilultime/ros2_ws/install/my_robot_controller:/opt/ros/humble /usr/bin/cmake --install /home/lilultime/External_Ros2_Projects/autowareclass2020/code/src/09_Perception_Radar/Radar-Hands-On-Solution-WS/build/can_msgs
[1.195s] Level 1:colcon.colcon_core.environment:checking '/home/lilultime/External_Ros2_Projects/autowareclass2020/code/src/09_Perception_Radar/Radar-Hands-On-Solution-WS/install/can_msgs' for CMake module files
[1.196s] Level 1:colcon.colcon_core.environment:checking '/home/lilultime/External_Ros2_Projects/autowareclass2020/code/src/09_Perception_Radar/Radar-Hands-On-Solution-WS/install/can_msgs' for CMake config files
[1.196s] Level 1:colcon.colcon_core.shell:create_environment_hook('can_msgs', 'cmake_prefix_path')
[1.197s] INFO:colcon.colcon_core.shell:Creating environment hook '/home/lilultime/External_Ros2_Projects/autowareclass2020/code/src/09_Perception_Radar/Radar-Hands-On-Solution-WS/install/can_msgs/share/can_msgs/hook/cmake_prefix_path.ps1'
[1.198s] INFO:colcon.colcon_core.shell:Creating environment descriptor '/home/lilultime/External_Ros2_Projects/autowareclass2020/code/src/09_Perception_Radar/Radar-Hands-On-Solution-WS/install/can_msgs/share/can_msgs/hook/cmake_prefix_path.dsv'
[1.198s] INFO:colcon.colcon_core.shell:Creating environment hook '/home/lilultime/External_Ros2_Projects/autowareclass2020/code/src/09_Perception_Radar/Radar-Hands-On-Solution-WS/install/can_msgs/share/can_msgs/hook/cmake_prefix_path.sh'
[1.199s] Level 1:colcon.colcon_core.environment:checking '/home/lilultime/External_Ros2_Projects/autowareclass2020/code/src/09_Perception_Radar/Radar-Hands-On-Solution-WS/install/can_msgs/lib'
[1.199s] Level 1:colcon.colcon_core.shell:create_environment_hook('can_msgs', 'ld_library_path_lib')
[1.201s] INFO:colcon.colcon_core.shell:Creating environment hook '/home/lilultime/External_Ros2_Projects/autowareclass2020/code/src/09_Perception_Radar/Radar-Hands-On-Solution-WS/install/can_msgs/share/can_msgs/hook/ld_library_path_lib.ps1'
[1.201s] INFO:colcon.colcon_core.shell:Creating environment descriptor '/home/lilultime/External_Ros2_Projects/autowareclass2020/code/src/09_Perception_Radar/Radar-Hands-On-Solution-WS/install/can_msgs/share/can_msgs/hook/ld_library_path_lib.dsv'
[1.202s] INFO:colcon.colcon_core.shell:Creating environment hook '/home/lilultime/External_Ros2_Projects/autowareclass2020/code/src/09_Perception_Radar/Radar-Hands-On-Solution-WS/install/can_msgs/share/can_msgs/hook/ld_library_path_lib.sh'
[1.202s] Level 1:colcon.colcon_core.environment:checking '/home/lilultime/External_Ros2_Projects/autowareclass2020/code/src/09_Perception_Radar/Radar-Hands-On-Solution-WS/install/can_msgs/bin'
[1.202s] Level 1:colcon.colcon_core.environment:checking '/home/lilultime/External_Ros2_Projects/autowareclass2020/code/src/09_Perception_Radar/Radar-Hands-On-Solution-WS/install/can_msgs/lib/pkgconfig/can_msgs.pc'
[1.203s] Level 1:colcon.colcon_core.environment:checking '/home/lilultime/External_Ros2_Projects/autowareclass2020/code/src/09_Perception_Radar/Radar-Hands-On-Solution-WS/install/can_msgs/lib/python3.10/site-packages'
[1.203s] Level 1:colcon.colcon_core.environment:checking '/home/lilultime/External_Ros2_Projects/autowareclass2020/code/src/09_Perception_Radar/Radar-Hands-On-Solution-WS/install/can_msgs/bin'
[1.204s] INFO:colcon.colcon_core.shell:Creating package script '/home/lilultime/External_Ros2_Projects/autowareclass2020/code/src/09_Perception_Radar/Radar-Hands-On-Solution-WS/install/can_msgs/share/can_msgs/package.ps1'
[1.205s] INFO:colcon.colcon_core.shell:Creating package descriptor '/home/lilultime/External_Ros2_Projects/autowareclass2020/code/src/09_Perception_Radar/Radar-Hands-On-Solution-WS/install/can_msgs/share/can_msgs/package.dsv'
[1.206s] INFO:colcon.colcon_core.shell:Creating package script '/home/lilultime/External_Ros2_Projects/autowareclass2020/code/src/09_Perception_Radar/Radar-Hands-On-Solution-WS/install/can_msgs/share/can_msgs/package.sh'
[1.207s] INFO:colcon.colcon_core.shell:Creating package script '/home/lilultime/External_Ros2_Projects/autowareclass2020/code/src/09_Perception_Radar/Radar-Hands-On-Solution-WS/install/can_msgs/share/can_msgs/package.bash'
[1.207s] INFO:colcon.colcon_core.shell:Creating package script '/home/lilultime/External_Ros2_Projects/autowareclass2020/code/src/09_Perception_Radar/Radar-Hands-On-Solution-WS/install/can_msgs/share/can_msgs/package.zsh'
[1.208s] Level 1:colcon.colcon_core.environment:create_file_with_runtime_dependencies(/home/lilultime/External_Ros2_Projects/autowareclass2020/code/src/09_Perception_Radar/Radar-Hands-On-Solution-WS/install/can_msgs/share/colcon-core/packages/can_msgs)
[1.282s] Level 1:colcon.colcon_core.environment:create_environment_scripts_only(can_msgs)
[1.285s] Level 1:colcon.colcon_core.environment:checking '/home/lilultime/External_Ros2_Projects/autowareclass2020/code/src/09_Perception_Radar/Radar-Hands-On-Solution-WS/install/can_msgs' for CMake module files
[1.286s] Level 1:colcon.colcon_core.environment:checking '/home/lilultime/External_Ros2_Projects/autowareclass2020/code/src/09_Perception_Radar/Radar-Hands-On-Solution-WS/install/can_msgs' for CMake config files
[1.287s] Level 1:colcon.colcon_core.shell:create_environment_hook('can_msgs', 'cmake_prefix_path')
[1.289s] INFO:colcon.colcon_core.shell:Creating environment hook '/home/lilultime/External_Ros2_Projects/autowareclass2020/code/src/09_Perception_Radar/Radar-Hands-On-Solution-WS/install/can_msgs/share/can_msgs/hook/cmake_prefix_path.ps1'
[1.290s] INFO:colcon.colcon_core.shell:Creating environment descriptor '/home/lilultime/External_Ros2_Projects/autowareclass2020/code/src/09_Perception_Radar/Radar-Hands-On-Solution-WS/install/can_msgs/share/can_msgs/hook/cmake_prefix_path.dsv'
[1.290s] INFO:colcon.colcon_core.shell:Creating environment hook '/home/lilultime/External_Ros2_Projects/autowareclass2020/code/src/09_Perception_Radar/Radar-Hands-On-Solution-WS/install/can_msgs/share/can_msgs/hook/cmake_prefix_path.sh'
[1.291s] Level 1:colcon.colcon_core.environment:checking '/home/lilultime/External_Ros2_Projects/autowareclass2020/code/src/09_Perception_Radar/Radar-Hands-On-Solution-WS/install/can_msgs/lib'
[1.291s] Level 1:colcon.colcon_core.shell:create_environment_hook('can_msgs', 'ld_library_path_lib')
[1.292s] INFO:colcon.colcon_core.shell:Creating environment hook '/home/lilultime/External_Ros2_Projects/autowareclass2020/code/src/09_Perception_Radar/Radar-Hands-On-Solution-WS/install/can_msgs/share/can_msgs/hook/ld_library_path_lib.ps1'
[1.293s] INFO:colcon.colcon_core.shell:Creating environment descriptor '/home/lilultime/External_Ros2_Projects/autowareclass2020/code/src/09_Perception_Radar/Radar-Hands-On-Solution-WS/install/can_msgs/share/can_msgs/hook/ld_library_path_lib.dsv'
[1.293s] INFO:colcon.colcon_core.shell:Creating environment hook '/home/lilultime/External_Ros2_Projects/autowareclass2020/code/src/09_Perception_Radar/Radar-Hands-On-Solution-WS/install/can_msgs/share/can_msgs/hook/ld_library_path_lib.sh'
[1.293s] Level 1:colcon.colcon_core.environment:checking '/home/lilultime/External_Ros2_Projects/autowareclass2020/code/src/09_Perception_Radar/Radar-Hands-On-Solution-WS/install/can_msgs/bin'
[1.293s] Level 1:colcon.colcon_core.environment:checking '/home/lilultime/External_Ros2_Projects/autowareclass2020/code/src/09_Perception_Radar/Radar-Hands-On-Solution-WS/install/can_msgs/lib/pkgconfig/can_msgs.pc'
[1.294s] Level 1:colcon.colcon_core.environment:checking '/home/lilultime/External_Ros2_Projects/autowareclass2020/code/src/09_Perception_Radar/Radar-Hands-On-Solution-WS/install/can_msgs/lib/python3.10/site-packages'
[1.294s] Level 1:colcon.colcon_core.environment:checking '/home/lilultime/External_Ros2_Projects/autowareclass2020/code/src/09_Perception_Radar/Radar-Hands-On-Solution-WS/install/can_msgs/bin'
[1.295s] INFO:colcon.colcon_core.shell:Creating package script '/home/lilultime/External_Ros2_Projects/autowareclass2020/code/src/09_Perception_Radar/Radar-Hands-On-Solution-WS/install/can_msgs/share/can_msgs/package.ps1'
[1.296s] INFO:colcon.colcon_core.shell:Creating package descriptor '/home/lilultime/External_Ros2_Projects/autowareclass2020/code/src/09_Perception_Radar/Radar-Hands-On-Solution-WS/install/can_msgs/share/can_msgs/package.dsv'
[1.296s] INFO:colcon.colcon_core.shell:Creating package script '/home/lilultime/External_Ros2_Projects/autowareclass2020/code/src/09_Perception_Radar/Radar-Hands-On-Solution-WS/install/can_msgs/share/can_msgs/package.sh'
[1.297s] INFO:colcon.colcon_core.shell:Creating package script '/home/lilultime/External_Ros2_Projects/autowareclass2020/code/src/09_Perception_Radar/Radar-Hands-On-Solution-WS/install/can_msgs/share/can_msgs/package.bash'
[1.297s] INFO:colcon.colcon_core.shell:Creating package script '/home/lilultime/External_Ros2_Projects/autowareclass2020/code/src/09_Perception_Radar/Radar-Hands-On-Solution-WS/install/can_msgs/share/can_msgs/package.zsh'
[1.298s] Level 1:colcon.colcon_core.environment:create_file_with_runtime_dependencies(/home/lilultime/External_Ros2_Projects/autowareclass2020/code/src/09_Perception_Radar/Radar-Hands-On-Solution-WS/install/can_msgs/share/colcon-core/packages/can_msgs)
[1.298s] INFO:colcon.colcon_ros.task.ament_cmake.build:Building ROS package in '/home/lilultime/External_Ros2_Projects/autowareclass2020/code/src/09_Perception_Radar/Radar-Hands-On-Solution-WS/ros2_socketcan_bridge/ros2socketcan_bridge' with build type 'ament_cmake'
[1.298s] INFO:colcon.colcon_cmake.task.cmake.build:Building CMake package in '/home/lilultime/External_Ros2_Projects/autowareclass2020/code/src/09_Perception_Radar/Radar-Hands-On-Solution-WS/ros2_socketcan_bridge/ros2socketcan_bridge'
[1.301s] INFO:colcon.colcon_core.shell:Skip shell extension 'powershell' for command environment: Not usable outside of PowerShell
[1.301s] DEBUG:colcon.colcon_core.shell:Skip shell extension 'dsv' for command environment
[1.318s] DEBUG:colcon.colcon_core.event_handler.log_command:Invoking command in '/home/lilultime/External_Ros2_Projects/autowareclass2020/code/src/09_Perception_Radar/Radar-Hands-On-Solution-WS/build/ros2socketcan_bridge': CMAKE_PREFIX_PATH=/home/lilultime/External_Ros2_Projects/autowareclass2020/code/src/09_Perception_Radar/Radar-Hands-On-Solution-WS/install/can_msgs:/home/lilultime/External_Ros2_Projects/autowareclass2020/code/src/09_Perception_Radar/Radar-Hands-On-Solution-WS/install/ros2socketcan_bridge:/home/lilultime/External_Ros2_Projects/autowareclass2020/code/src/09_Perception_Radar/Radar-Hands-On-Solution-WS/install/radar_conti_ars408:/home/lilultime/External_Ros2_Projects/autowareclass2020/code/src/09_Perception_Radar/Radar-Hands-On-Solution-WS/install/radar_conti_ars408_msgs:/home/lilultime/ros2_ws/install/my_cpp_pkg:/home/lilultime/ros2_ws/install/my_robot_controller:/opt/ros/humble LD_LIBRARY_PATH=/home/lilultime/External_Ros2_Projects/autowareclass2020/code/src/09_Perception_Radar/Radar-Hands-On-Solution-WS/install/can_msgs/lib:/home/lilultime/External_Ros2_Projects/autowareclass2020/code/src/09_Perception_Radar/Radar-Hands-On-Solution-WS/install/radar_conti_ars408/lib:/home/lilultime/External_Ros2_Projects/autowareclass2020/code/src/09_Perception_Radar/Radar-Hands-On-Solution-WS/install/radar_conti_ars408_msgs/lib:/opt/ros/humble/opt/rviz_ogre_vendor/lib:/opt/ros/humble/lib/x86_64-linux-gnu:/opt/ros/humble/lib /usr/bin/cmake --build /home/lilultime/External_Ros2_Projects/autowareclass2020/code/src/09_Perception_Radar/Radar-Hands-On-Solution-WS/build/ros2socketcan_bridge -- -j8 -l8
[1.385s] DEBUG:colcon.colcon_core.event_handler.log_command:Invoked command in '/home/lilultime/External_Ros2_Projects/autowareclass2020/code/src/09_Perception_Radar/Radar-Hands-On-Solution-WS/build/ros2socketcan_bridge' returned '0': CMAKE_PREFIX_PATH=/home/lilultime/External_Ros2_Projects/autowareclass2020/code/src/09_Perception_Radar/Radar-Hands-On-Solution-WS/install/can_msgs:/home/lilultime/External_Ros2_Projects/autowareclass2020/code/src/09_Perception_Radar/Radar-Hands-On-Solution-WS/install/ros2socketcan_bridge:/home/lilultime/External_Ros2_Projects/autowareclass2020/code/src/09_Perception_Radar/Radar-Hands-On-Solution-WS/install/radar_conti_ars408:/home/lilultime/External_Ros2_Projects/autowareclass2020/code/src/09_Perception_Radar/Radar-Hands-On-Solution-WS/install/radar_conti_ars408_msgs:/home/lilultime/ros2_ws/install/my_cpp_pkg:/home/lilultime/ros2_ws/install/my_robot_controller:/opt/ros/humble LD_LIBRARY_PATH=/home/lilultime/External_Ros2_Projects/autowareclass2020/code/src/09_Perception_Radar/Radar-Hands-On-Solution-WS/install/can_msgs/lib:/home/lilultime/External_Ros2_Projects/autowareclass2020/code/src/09_Perception_Radar/Radar-Hands-On-Solution-WS/install/radar_conti_ars408/lib:/home/lilultime/External_Ros2_Projects/autowareclass2020/code/src/09_Perception_Radar/Radar-Hands-On-Solution-WS/install/radar_conti_ars408_msgs/lib:/opt/ros/humble/opt/rviz_ogre_vendor/lib:/opt/ros/humble/lib/x86_64-linux-gnu:/opt/ros/humble/lib /usr/bin/cmake --build /home/lilultime/External_Ros2_Projects/autowareclass2020/code/src/09_Perception_Radar/Radar-Hands-On-Solution-WS/build/ros2socketcan_bridge -- -j8 -l8
[1.413s] DEBUG:colcon.colcon_core.event_handler.log_command:Invoking command in '/home/lilultime/External_Ros2_Projects/autowareclass2020/code/src/09_Perception_Radar/Radar-Hands-On-Solution-WS/build/ros2socketcan_bridge': CMAKE_PREFIX_PATH=/home/lilultime/External_Ros2_Projects/autowareclass2020/code/src/09_Perception_Radar/Radar-Hands-On-Solution-WS/install/can_msgs:/home/lilultime/External_Ros2_Projects/autowareclass2020/code/src/09_Perception_Radar/Radar-Hands-On-Solution-WS/install/ros2socketcan_bridge:/home/lilultime/External_Ros2_Projects/autowareclass2020/code/src/09_Perception_Radar/Radar-Hands-On-Solution-WS/install/radar_conti_ars408:/home/lilultime/External_Ros2_Projects/autowareclass2020/code/src/09_Perception_Radar/Radar-Hands-On-Solution-WS/install/radar_conti_ars408_msgs:/home/lilultime/ros2_ws/install/my_cpp_pkg:/home/lilultime/ros2_ws/install/my_robot_controller:/opt/ros/humble LD_LIBRARY_PATH=/home/lilultime/External_Ros2_Projects/autowareclass2020/code/src/09_Perception_Radar/Radar-Hands-On-Solution-WS/install/can_msgs/lib:/home/lilultime/External_Ros2_Projects/autowareclass2020/code/src/09_Perception_Radar/Radar-Hands-On-Solution-WS/install/radar_conti_ars408/lib:/home/lilultime/External_Ros2_Projects/autowareclass2020/code/src/09_Perception_Radar/Radar-Hands-On-Solution-WS/install/radar_conti_ars408_msgs/lib:/opt/ros/humble/opt/rviz_ogre_vendor/lib:/opt/ros/humble/lib/x86_64-linux-gnu:/opt/ros/humble/lib /usr/bin/cmake --install /home/lilultime/External_Ros2_Projects/autowareclass2020/code/src/09_Perception_Radar/Radar-Hands-On-Solution-WS/build/ros2socketcan_bridge
[1.424s] Level 1:colcon.colcon_core.environment:create_environment_scripts_only(ros2socketcan_bridge)
[1.427s] Level 1:colcon.colcon_core.environment:checking '/home/lilultime/External_Ros2_Projects/autowareclass2020/code/src/09_Perception_Radar/Radar-Hands-On-Solution-WS/install/ros2socketcan_bridge' for CMake module files
[1.428s] DEBUG:colcon.colcon_core.event_handler.log_command:Invoked command in '/home/lilultime/External_Ros2_Projects/autowareclass2020/code/src/09_Perception_Radar/Radar-Hands-On-Solution-WS/build/ros2socketcan_bridge' returned '0': CMAKE_PREFIX_PATH=/home/lilultime/External_Ros2_Projects/autowareclass2020/code/src/09_Perception_Radar/Radar-Hands-On-Solution-WS/install/can_msgs:/home/lilultime/External_Ros2_Projects/autowareclass2020/code/src/09_Perception_Radar/Radar-Hands-On-Solution-WS/install/ros2socketcan_bridge:/home/lilultime/External_Ros2_Projects/autowareclass2020/code/src/09_Perception_Radar/Radar-Hands-On-Solution-WS/install/radar_conti_ars408:/home/lilultime/External_Ros2_Projects/autowareclass2020/code/src/09_Perception_Radar/Radar-Hands-On-Solution-WS/install/radar_conti_ars408_msgs:/home/lilultime/ros2_ws/install/my_cpp_pkg:/home/lilultime/ros2_ws/install/my_robot_controller:/opt/ros/humble LD_LIBRARY_PATH=/home/lilultime/External_Ros2_Projects/autowareclass2020/code/src/09_Perception_Radar/Radar-Hands-On-Solution-WS/install/can_msgs/lib:/home/lilultime/External_Ros2_Projects/autowareclass2020/code/src/09_Perception_Radar/Radar-Hands-On-Solution-WS/install/radar_conti_ars408/lib:/home/lilultime/External_Ros2_Projects/autowareclass2020/code/src/09_Perception_Radar/Radar-Hands-On-Solution-WS/install/radar_conti_ars408_msgs/lib:/opt/ros/humble/opt/rviz_ogre_vendor/lib:/opt/ros/humble/lib/x86_64-linux-gnu:/opt/ros/humble/lib /usr/bin/cmake --install /home/lilultime/External_Ros2_Projects/autowareclass2020/code/src/09_Perception_Radar/Radar-Hands-On-Solution-WS/build/ros2socketcan_bridge
[1.428s] Level 1:colcon.colcon_core.environment:checking '/home/lilultime/External_Ros2_Projects/autowareclass2020/code/src/09_Perception_Radar/Radar-Hands-On-Solution-WS/install/ros2socketcan_bridge' for CMake config files
[1.428s] Level 1:colcon.colcon_core.shell:create_environment_hook('ros2socketcan_bridge', 'cmake_prefix_path')
[1.429s] INFO:colcon.colcon_core.shell:Creating environment hook '/home/lilultime/External_Ros2_Projects/autowareclass2020/code/src/09_Perception_Radar/Radar-Hands-On-Solution-WS/install/ros2socketcan_bridge/share/ros2socketcan_bridge/hook/cmake_prefix_path.ps1'
[1.430s] INFO:colcon.colcon_core.shell:Creating environment descriptor '/home/lilultime/External_Ros2_Projects/autowareclass2020/code/src/09_Perception_Radar/Radar-Hands-On-Solution-WS/install/ros2socketcan_bridge/share/ros2socketcan_bridge/hook/cmake_prefix_path.dsv'
[1.430s] INFO:colcon.colcon_core.shell:Creating environment hook '/home/lilultime/External_Ros2_Projects/autowareclass2020/code/src/09_Perception_Radar/Radar-Hands-On-Solution-WS/install/ros2socketcan_bridge/share/ros2socketcan_bridge/hook/cmake_prefix_path.sh'
[1.431s] Level 1:colcon.colcon_core.environment:checking '/home/lilultime/External_Ros2_Projects/autowareclass2020/code/src/09_Perception_Radar/Radar-Hands-On-Solution-WS/install/ros2socketcan_bridge/lib'
[1.431s] Level 1:colcon.colcon_core.environment:checking '/home/lilultime/External_Ros2_Projects/autowareclass2020/code/src/09_Perception_Radar/Radar-Hands-On-Solution-WS/install/ros2socketcan_bridge/bin'
[1.431s] Level 1:colcon.colcon_core.environment:checking '/home/lilultime/External_Ros2_Projects/autowareclass2020/code/src/09_Perception_Radar/Radar-Hands-On-Solution-WS/install/ros2socketcan_bridge/lib/pkgconfig/ros2socketcan_bridge.pc'
[1.431s] Level 1:colcon.colcon_core.environment:checking '/home/lilultime/External_Ros2_Projects/autowareclass2020/code/src/09_Perception_Radar/Radar-Hands-On-Solution-WS/install/ros2socketcan_bridge/lib/python3.10/site-packages'
[1.432s] Level 1:colcon.colcon_core.environment:checking '/home/lilultime/External_Ros2_Projects/autowareclass2020/code/src/09_Perception_Radar/Radar-Hands-On-Solution-WS/install/ros2socketcan_bridge/bin'
[1.433s] INFO:colcon.colcon_core.shell:Creating package script '/home/lilultime/External_Ros2_Projects/autowareclass2020/code/src/09_Perception_Radar/Radar-Hands-On-Solution-WS/install/ros2socketcan_bridge/share/ros2socketcan_bridge/package.ps1'
[1.433s] INFO:colcon.colcon_core.shell:Creating package descriptor '/home/lilultime/External_Ros2_Projects/autowareclass2020/code/src/09_Perception_Radar/Radar-Hands-On-Solution-WS/install/ros2socketcan_bridge/share/ros2socketcan_bridge/package.dsv'
[1.434s] INFO:colcon.colcon_core.shell:Creating package script '/home/lilultime/External_Ros2_Projects/autowareclass2020/code/src/09_Perception_Radar/Radar-Hands-On-Solution-WS/install/ros2socketcan_bridge/share/ros2socketcan_bridge/package.sh'
[1.434s] INFO:colcon.colcon_core.shell:Creating package script '/home/lilultime/External_Ros2_Projects/autowareclass2020/code/src/09_Perception_Radar/Radar-Hands-On-Solution-WS/install/ros2socketcan_bridge/share/ros2socketcan_bridge/package.bash'
[1.435s] INFO:colcon.colcon_core.shell:Creating package script '/home/lilultime/External_Ros2_Projects/autowareclass2020/code/src/09_Perception_Radar/Radar-Hands-On-Solution-WS/install/ros2socketcan_bridge/share/ros2socketcan_bridge/package.zsh'
[1.435s] Level 1:colcon.colcon_core.environment:create_file_with_runtime_dependencies(/home/lilultime/External_Ros2_Projects/autowareclass2020/code/src/09_Perception_Radar/Radar-Hands-On-Solution-WS/install/ros2socketcan_bridge/share/colcon-core/packages/ros2socketcan_bridge)
[1.464s] Level 1:colcon.colcon_core.environment:create_environment_scripts_only(ros2socketcan_bridge)
[1.468s] Level 1:colcon.colcon_core.environment:checking '/home/lilultime/External_Ros2_Projects/autowareclass2020/code/src/09_Perception_Radar/Radar-Hands-On-Solution-WS/install/ros2socketcan_bridge' for CMake module files
[1.469s] Level 1:colcon.colcon_core.environment:checking '/home/lilultime/External_Ros2_Projects/autowareclass2020/code/src/09_Perception_Radar/Radar-Hands-On-Solution-WS/install/ros2socketcan_bridge' for CMake config files
[1.470s] Level 1:colcon.colcon_core.shell:create_environment_hook('ros2socketcan_bridge', 'cmake_prefix_path')
[1.472s] INFO:colcon.colcon_core.shell:Creating environment hook '/home/lilultime/External_Ros2_Projects/autowareclass2020/code/src/09_Perception_Radar/Radar-Hands-On-Solution-WS/install/ros2socketcan_bridge/share/ros2socketcan_bridge/hook/cmake_prefix_path.ps1'
[1.473s] INFO:colcon.colcon_core.shell:Creating environment descriptor '/home/lilultime/External_Ros2_Projects/autowareclass2020/code/src/09_Perception_Radar/Radar-Hands-On-Solution-WS/install/ros2socketcan_bridge/share/ros2socketcan_bridge/hook/cmake_prefix_path.dsv'
[1.473s] INFO:colcon.colcon_core.shell:Creating environment hook '/home/lilultime/External_Ros2_Projects/autowareclass2020/code/src/09_Perception_Radar/Radar-Hands-On-Solution-WS/install/ros2socketcan_bridge/share/ros2socketcan_bridge/hook/cmake_prefix_path.sh'
[1.474s] Level 1:colcon.colcon_core.environment:checking '/home/lilultime/External_Ros2_Projects/autowareclass2020/code/src/09_Perception_Radar/Radar-Hands-On-Solution-WS/install/ros2socketcan_bridge/lib'
[1.474s] Level 1:colcon.colcon_core.environment:checking '/home/lilultime/External_Ros2_Projects/autowareclass2020/code/src/09_Perception_Radar/Radar-Hands-On-Solution-WS/install/ros2socketcan_bridge/bin'
[1.475s] Level 1:colcon.colcon_core.environment:checking '/home/lilultime/External_Ros2_Projects/autowareclass2020/code/src/09_Perception_Radar/Radar-Hands-On-Solution-WS/install/ros2socketcan_bridge/lib/pkgconfig/ros2socketcan_bridge.pc'
[1.475s] Level 1:colcon.colcon_core.environment:checking '/home/lilultime/External_Ros2_Projects/autowareclass2020/code/src/09_Perception_Radar/Radar-Hands-On-Solution-WS/install/ros2socketcan_bridge/lib/python3.10/site-packages'
[1.475s] Level 1:colcon.colcon_core.environment:checking '/home/lilultime/External_Ros2_Projects/autowareclass2020/code/src/09_Perception_Radar/Radar-Hands-On-Solution-WS/install/ros2socketcan_bridge/bin'
[1.478s] INFO:colcon.colcon_core.shell:Creating package script '/home/lilultime/External_Ros2_Projects/autowareclass2020/code/src/09_Perception_Radar/Radar-Hands-On-Solution-WS/install/ros2socketcan_bridge/share/ros2socketcan_bridge/package.ps1'
[1.478s] INFO:colcon.colcon_core.shell:Creating package descriptor '/home/lilultime/External_Ros2_Projects/autowareclass2020/code/src/09_Perception_Radar/Radar-Hands-On-Solution-WS/install/ros2socketcan_bridge/share/ros2socketcan_bridge/package.dsv'
[1.479s] INFO:colcon.colcon_core.shell:Creating package script '/home/lilultime/External_Ros2_Projects/autowareclass2020/code/src/09_Perception_Radar/Radar-Hands-On-Solution-WS/install/ros2socketcan_bridge/share/ros2socketcan_bridge/package.sh'
[1.480s] INFO:colcon.colcon_core.shell:Creating package script '/home/lilultime/External_Ros2_Projects/autowareclass2020/code/src/09_Perception_Radar/Radar-Hands-On-Solution-WS/install/ros2socketcan_bridge/share/ros2socketcan_bridge/package.bash'
[1.480s] INFO:colcon.colcon_core.shell:Creating package script '/home/lilultime/External_Ros2_Projects/autowareclass2020/code/src/09_Perception_Radar/Radar-Hands-On-Solution-WS/install/ros2socketcan_bridge/share/ros2socketcan_bridge/package.zsh'
[1.481s] Level 1:colcon.colcon_core.environment:create_file_with_runtime_dependencies(/home/lilultime/External_Ros2_Projects/autowareclass2020/code/src/09_Perception_Radar/Radar-Hands-On-Solution-WS/install/ros2socketcan_bridge/share/colcon-core/packages/ros2socketcan_bridge)
[1.485s] DEBUG:colcon.colcon_core.event_handler.log_command:Invoking command in '/home/lilultime/External_Ros2_Projects/autowareclass2020/code/src/09_Perception_Radar/Radar-Hands-On-Solution-WS/build/radar_conti_ars408_msgs': CMAKE_PREFIX_PATH=${CMAKE_PREFIX_PATH}:/home/lilultime/ros2_ws/install/my_robot_controller:/opt/ros/humble /usr/bin/cmake --install /home/lilultime/External_Ros2_Projects/autowareclass2020/code/src/09_Perception_Radar/Radar-Hands-On-Solution-WS/build/radar_conti_ars408_msgs
[1.581s] Level 1:colcon.colcon_core.environment:create_environment_scripts_only(radar_conti_ars408_msgs)
[1.584s] Level 1:colcon.colcon_core.environment:checking '/home/lilultime/External_Ros2_Projects/autowareclass2020/code/src/09_Perception_Radar/Radar-Hands-On-Solution-WS/install/radar_conti_ars408_msgs' for CMake module files
[1.584s] DEBUG:colcon.colcon_core.event_handler.log_command:Invoked command in '/home/lilultime/External_Ros2_Projects/autowareclass2020/code/src/09_Perception_Radar/Radar-Hands-On-Solution-WS/build/radar_conti_ars408_msgs' returned '0': CMAKE_PREFIX_PATH=${CMAKE_PREFIX_PATH}:/home/lilultime/ros2_ws/install/my_robot_controller:/opt/ros/humble /usr/bin/cmake --install /home/lilultime/External_Ros2_Projects/autowareclass2020/code/src/09_Perception_Radar/Radar-Hands-On-Solution-WS/build/radar_conti_ars408_msgs
[1.585s] Level 1:colcon.colcon_core.environment:checking '/home/lilultime/External_Ros2_Projects/autowareclass2020/code/src/09_Perception_Radar/Radar-Hands-On-Solution-WS/install/radar_conti_ars408_msgs' for CMake config files
[1.585s] Level 1:colcon.colcon_core.shell:create_environment_hook('radar_conti_ars408_msgs', 'cmake_prefix_path')
[1.586s] INFO:colcon.colcon_core.shell:Creating environment hook '/home/lilultime/External_Ros2_Projects/autowareclass2020/code/src/09_Perception_Radar/Radar-Hands-On-Solution-WS/install/radar_conti_ars408_msgs/share/radar_conti_ars408_msgs/hook/cmake_prefix_path.ps1'
[1.587s] INFO:colcon.colcon_core.shell:Creating environment descriptor '/home/lilultime/External_Ros2_Projects/autowareclass2020/code/src/09_Perception_Radar/Radar-Hands-On-Solution-WS/install/radar_conti_ars408_msgs/share/radar_conti_ars408_msgs/hook/cmake_prefix_path.dsv'
[1.587s] INFO:colcon.colcon_core.shell:Creating environment hook '/home/lilultime/External_Ros2_Projects/autowareclass2020/code/src/09_Perception_Radar/Radar-Hands-On-Solution-WS/install/radar_conti_ars408_msgs/share/radar_conti_ars408_msgs/hook/cmake_prefix_path.sh'
[1.588s] Level 1:colcon.colcon_core.environment:checking '/home/lilultime/External_Ros2_Projects/autowareclass2020/code/src/09_Perception_Radar/Radar-Hands-On-Solution-WS/install/radar_conti_ars408_msgs/lib'
[1.588s] Level 1:colcon.colcon_core.shell:create_environment_hook('radar_conti_ars408_msgs', 'ld_library_path_lib')
[1.589s] INFO:colcon.colcon_core.shell:Creating environment hook '/home/lilultime/External_Ros2_Projects/autowareclass2020/code/src/09_Perception_Radar/Radar-Hands-On-Solution-WS/install/radar_conti_ars408_msgs/share/radar_conti_ars408_msgs/hook/ld_library_path_lib.ps1'
[1.590s] INFO:colcon.colcon_core.shell:Creating environment descriptor '/home/lilultime/External_Ros2_Projects/autowareclass2020/code/src/09_Perception_Radar/Radar-Hands-On-Solution-WS/install/radar_conti_ars408_msgs/share/radar_conti_ars408_msgs/hook/ld_library_path_lib.dsv'
[1.590s] INFO:colcon.colcon_core.shell:Creating environment hook '/home/lilultime/External_Ros2_Projects/autowareclass2020/code/src/09_Perception_Radar/Radar-Hands-On-Solution-WS/install/radar_conti_ars408_msgs/share/radar_conti_ars408_msgs/hook/ld_library_path_lib.sh'
[1.590s] Level 1:colcon.colcon_core.environment:checking '/home/lilultime/External_Ros2_Projects/autowareclass2020/code/src/09_Perception_Radar/Radar-Hands-On-Solution-WS/install/radar_conti_ars408_msgs/bin'
[1.591s] Level 1:colcon.colcon_core.environment:checking '/home/lilultime/External_Ros2_Projects/autowareclass2020/code/src/09_Perception_Radar/Radar-Hands-On-Solution-WS/install/radar_conti_ars408_msgs/lib/pkgconfig/radar_conti_ars408_msgs.pc'
[1.591s] Level 1:colcon.colcon_core.environment:checking '/home/lilultime/External_Ros2_Projects/autowareclass2020/code/src/09_Perception_Radar/Radar-Hands-On-Solution-WS/install/radar_conti_ars408_msgs/lib/python3.10/site-packages'
[1.591s] Level 1:colcon.colcon_core.environment:checking '/home/lilultime/External_Ros2_Projects/autowareclass2020/code/src/09_Perception_Radar/Radar-Hands-On-Solution-WS/install/radar_conti_ars408_msgs/bin'
[1.593s] INFO:colcon.colcon_core.shell:Creating package script '/home/lilultime/External_Ros2_Projects/autowareclass2020/code/src/09_Perception_Radar/Radar-Hands-On-Solution-WS/install/radar_conti_ars408_msgs/share/radar_conti_ars408_msgs/package.ps1'
[1.594s] INFO:colcon.colcon_core.shell:Creating package descriptor '/home/lilultime/External_Ros2_Projects/autowareclass2020/code/src/09_Perception_Radar/Radar-Hands-On-Solution-WS/install/radar_conti_ars408_msgs/share/radar_conti_ars408_msgs/package.dsv'
[1.594s] INFO:colcon.colcon_core.shell:Creating package script '/home/lilultime/External_Ros2_Projects/autowareclass2020/code/src/09_Perception_Radar/Radar-Hands-On-Solution-WS/install/radar_conti_ars408_msgs/share/radar_conti_ars408_msgs/package.sh'
[1.595s] INFO:colcon.colcon_core.shell:Creating package script '/home/lilultime/External_Ros2_Projects/autowareclass2020/code/src/09_Perception_Radar/Radar-Hands-On-Solution-WS/install/radar_conti_ars408_msgs/share/radar_conti_ars408_msgs/package.bash'
[1.596s] INFO:colcon.colcon_core.shell:Creating package script '/home/lilultime/External_Ros2_Projects/autowareclass2020/code/src/09_Perception_Radar/Radar-Hands-On-Solution-WS/install/radar_conti_ars408_msgs/share/radar_conti_ars408_msgs/package.zsh'
[1.596s] Level 1:colcon.colcon_core.environment:create_file_with_runtime_dependencies(/home/lilultime/External_Ros2_Projects/autowareclass2020/code/src/09_Perception_Radar/Radar-Hands-On-Solution-WS/install/radar_conti_ars408_msgs/share/colcon-core/packages/radar_conti_ars408_msgs)
[2.044s] Level 1:colcon.colcon_core.environment:create_environment_scripts_only(radar_conti_ars408_msgs)
[2.046s] Level 1:colcon.colcon_core.environment:checking '/home/lilultime/External_Ros2_Projects/autowareclass2020/code/src/09_Perception_Radar/Radar-Hands-On-Solution-WS/install/radar_conti_ars408_msgs' for CMake module files
[2.048s] Level 1:colcon.colcon_core.environment:checking '/home/lilultime/External_Ros2_Projects/autowareclass2020/code/src/09_Perception_Radar/Radar-Hands-On-Solution-WS/install/radar_conti_ars408_msgs' for CMake config files
[2.048s] Level 1:colcon.colcon_core.shell:create_environment_hook('radar_conti_ars408_msgs', 'cmake_prefix_path')
[2.050s] INFO:colcon.colcon_core.shell:Creating environment hook '/home/lilultime/External_Ros2_Projects/autowareclass2020/code/src/09_Perception_Radar/Radar-Hands-On-Solution-WS/install/radar_conti_ars408_msgs/share/radar_conti_ars408_msgs/hook/cmake_prefix_path.ps1'
[2.051s] INFO:colcon.colcon_core.shell:Creating environment descriptor '/home/lilultime/External_Ros2_Projects/autowareclass2020/code/src/09_Perception_Radar/Radar-Hands-On-Solution-WS/install/radar_conti_ars408_msgs/share/radar_conti_ars408_msgs/hook/cmake_prefix_path.dsv'
[2.052s] INFO:colcon.colcon_core.shell:Creating environment hook '/home/lilultime/External_Ros2_Projects/autowareclass2020/code/src/09_Perception_Radar/Radar-Hands-On-Solution-WS/install/radar_conti_ars408_msgs/share/radar_conti_ars408_msgs/hook/cmake_prefix_path.sh'
[2.052s] Level 1:colcon.colcon_core.environment:checking '/home/lilultime/External_Ros2_Projects/autowareclass2020/code/src/09_Perception_Radar/Radar-Hands-On-Solution-WS/install/radar_conti_ars408_msgs/lib'
[2.053s] Level 1:colcon.colcon_core.shell:create_environment_hook('radar_conti_ars408_msgs', 'ld_library_path_lib')
[2.054s] INFO:colcon.colcon_core.shell:Creating environment hook '/home/lilultime/External_Ros2_Projects/autowareclass2020/code/src/09_Perception_Radar/Radar-Hands-On-Solution-WS/install/radar_conti_ars408_msgs/share/radar_conti_ars408_msgs/hook/ld_library_path_lib.ps1'
[2.054s] INFO:colcon.colcon_core.shell:Creating environment descriptor '/home/lilultime/External_Ros2_Projects/autowareclass2020/code/src/09_Perception_Radar/Radar-Hands-On-Solution-WS/install/radar_conti_ars408_msgs/share/radar_conti_ars408_msgs/hook/ld_library_path_lib.dsv'
[2.055s] INFO:colcon.colcon_core.shell:Creating environment hook '/home/lilultime/External_Ros2_Projects/autowareclass2020/code/src/09_Perception_Radar/Radar-Hands-On-Solution-WS/install/radar_conti_ars408_msgs/share/radar_conti_ars408_msgs/hook/ld_library_path_lib.sh'
[2.055s] Level 1:colcon.colcon_core.environment:checking '/home/lilultime/External_Ros2_Projects/autowareclass2020/code/src/09_Perception_Radar/Radar-Hands-On-Solution-WS/install/radar_conti_ars408_msgs/bin'
[2.055s] Level 1:colcon.colcon_core.environment:checking '/home/lilultime/External_Ros2_Projects/autowareclass2020/code/src/09_Perception_Radar/Radar-Hands-On-Solution-WS/install/radar_conti_ars408_msgs/lib/pkgconfig/radar_conti_ars408_msgs.pc'
[2.056s] Level 1:colcon.colcon_core.environment:checking '/home/lilultime/External_Ros2_Projects/autowareclass2020/code/src/09_Perception_Radar/Radar-Hands-On-Solution-WS/install/radar_conti_ars408_msgs/lib/python3.10/site-packages'
[2.056s] Level 1:colcon.colcon_core.environment:checking '/home/lilultime/External_Ros2_Projects/autowareclass2020/code/src/09_Perception_Radar/Radar-Hands-On-Solution-WS/install/radar_conti_ars408_msgs/bin'
[2.058s] INFO:colcon.colcon_core.shell:Creating package script '/home/lilultime/External_Ros2_Projects/autowareclass2020/code/src/09_Perception_Radar/Radar-Hands-On-Solution-WS/install/radar_conti_ars408_msgs/share/radar_conti_ars408_msgs/package.ps1'
[2.058s] INFO:colcon.colcon_core.shell:Creating package descriptor '/home/lilultime/External_Ros2_Projects/autowareclass2020/code/src/09_Perception_Radar/Radar-Hands-On-Solution-WS/install/radar_conti_ars408_msgs/share/radar_conti_ars408_msgs/package.dsv'
[2.059s] INFO:colcon.colcon_core.shell:Creating package script '/home/lilultime/External_Ros2_Projects/autowareclass2020/code/src/09_Perception_Radar/Radar-Hands-On-Solution-WS/install/radar_conti_ars408_msgs/share/radar_conti_ars408_msgs/package.sh'
[2.059s] INFO:colcon.colcon_core.shell:Creating package script '/home/lilultime/External_Ros2_Projects/autowareclass2020/code/src/09_Perception_Radar/Radar-Hands-On-Solution-WS/install/radar_conti_ars408_msgs/share/radar_conti_ars408_msgs/package.bash'
[2.060s] INFO:colcon.colcon_core.shell:Creating package script '/home/lilultime/External_Ros2_Projects/autowareclass2020/code/src/09_Perception_Radar/Radar-Hands-On-Solution-WS/install/radar_conti_ars408_msgs/share/radar_conti_ars408_msgs/package.zsh'
[2.060s] Level 1:colcon.colcon_core.environment:create_file_with_runtime_dependencies(/home/lilultime/External_Ros2_Projects/autowareclass2020/code/src/09_Perception_Radar/Radar-Hands-On-Solution-WS/install/radar_conti_ars408_msgs/share/colcon-core/packages/radar_conti_ars408_msgs)
[2.060s] INFO:colcon.colcon_ros.task.ament_cmake.build:Building ROS package in '/home/lilultime/External_Ros2_Projects/autowareclass2020/code/src/09_Perception_Radar/Radar-Hands-On-Solution-WS/radar_conti_ars408/src' with build type 'ament_cmake'
[2.061s] INFO:colcon.colcon_cmake.task.cmake.build:Building CMake package in '/home/lilultime/External_Ros2_Projects/autowareclass2020/code/src/09_Perception_Radar/Radar-Hands-On-Solution-WS/radar_conti_ars408/src'
[2.063s] INFO:colcon.colcon_core.shell:Skip shell extension 'powershell' for command environment: Not usable outside of PowerShell
[2.064s] DEBUG:colcon.colcon_core.shell:Skip shell extension 'dsv' for command environment
[2.085s] DEBUG:colcon.colcon_core.event_handler.log_command:Invoking command in '/home/lilultime/External_Ros2_Projects/autowareclass2020/code/src/09_Perception_Radar/Radar-Hands-On-Solution-WS/build/radar_conti_ars408': CMAKE_PREFIX_PATH=/home/lilultime/External_Ros2_Projects/autowareclass2020/code/src/09_Perception_Radar/Radar-Hands-On-Solution-WS/install/ros2socketcan_bridge:/home/lilultime/External_Ros2_Projects/autowareclass2020/code/src/09_Perception_Radar/Radar-Hands-On-Solution-WS/install/radar_conti_ars408_msgs:/home/lilultime/External_Ros2_Projects/autowareclass2020/code/src/09_Perception_Radar/Radar-Hands-On-Solution-WS/install/can_msgs:/home/lilultime/External_Ros2_Projects/autowareclass2020/code/src/09_Perception_Radar/Radar-Hands-On-Solution-WS/install/radar_conti_ars408:/home/lilultime/ros2_ws/install/my_cpp_pkg:/home/lilultime/ros2_ws/install/my_robot_controller:/opt/ros/humble LD_LIBRARY_PATH=/home/lilultime/External_Ros2_Projects/autowareclass2020/code/src/09_Perception_Radar/Radar-Hands-On-Solution-WS/install/radar_conti_ars408_msgs/lib:/home/lilultime/External_Ros2_Projects/autowareclass2020/code/src/09_Perception_Radar/Radar-Hands-On-Solution-WS/install/can_msgs/lib:/home/lilultime/External_Ros2_Projects/autowareclass2020/code/src/09_Perception_Radar/Radar-Hands-On-Solution-WS/install/radar_conti_ars408/lib:/opt/ros/humble/opt/rviz_ogre_vendor/lib:/opt/ros/humble/lib/x86_64-linux-gnu:/opt/ros/humble/lib /usr/bin/cmake --build /home/lilultime/External_Ros2_Projects/autowareclass2020/code/src/09_Perception_Radar/Radar-Hands-On-Solution-WS/build/radar_conti_ars408 -- -j8 -l8
[2.221s] DEBUG:colcon.colcon_core.event_handler.log_command:Invoked command in '/home/lilultime/External_Ros2_Projects/autowareclass2020/code/src/09_Perception_Radar/Radar-Hands-On-Solution-WS/build/radar_conti_ars408' returned '0': CMAKE_PREFIX_PATH=/home/lilultime/External_Ros2_Projects/autowareclass2020/code/src/09_Perception_Radar/Radar-Hands-On-Solution-WS/install/ros2socketcan_bridge:/home/lilultime/External_Ros2_Projects/autowareclass2020/code/src/09_Perception_Radar/Radar-Hands-On-Solution-WS/install/radar_conti_ars408_msgs:/home/lilultime/External_Ros2_Projects/autowareclass2020/code/src/09_Perception_Radar/Radar-Hands-On-Solution-WS/install/can_msgs:/home/lilultime/External_Ros2_Projects/autowareclass2020/code/src/09_Perception_Radar/Radar-Hands-On-Solution-WS/install/radar_conti_ars408:/home/lilultime/ros2_ws/install/my_cpp_pkg:/home/lilultime/ros2_ws/install/my_robot_controller:/opt/ros/humble LD_LIBRARY_PATH=/home/lilultime/External_Ros2_Projects/autowareclass2020/code/src/09_Perception_Radar/Radar-Hands-On-Solution-WS/install/radar_conti_ars408_msgs/lib:/home/lilultime/External_Ros2_Projects/autowareclass2020/code/src/09_Perception_Radar/Radar-Hands-On-Solution-WS/install/can_msgs/lib:/home/lilultime/External_Ros2_Projects/autowareclass2020/code/src/09_Perception_Radar/Radar-Hands-On-Solution-WS/install/radar_conti_ars408/lib:/opt/ros/humble/opt/rviz_ogre_vendor/lib:/opt/ros/humble/lib/x86_64-linux-gnu:/opt/ros/humble/lib /usr/bin/cmake --build /home/lilultime/External_Ros2_Projects/autowareclass2020/code/src/09_Perception_Radar/Radar-Hands-On-Solution-WS/build/radar_conti_ars408 -- -j8 -l8
[2.255s] DEBUG:colcon.colcon_core.event_handler.log_command:Invoking command in '/home/lilultime/External_Ros2_Projects/autowareclass2020/code/src/09_Perception_Radar/Radar-Hands-On-Solution-WS/build/radar_conti_ars408': CMAKE_PREFIX_PATH=/home/lilultime/External_Ros2_Projects/autowareclass2020/code/src/09_Perception_Radar/Radar-Hands-On-Solution-WS/install/ros2socketcan_bridge:/home/lilultime/External_Ros2_Projects/autowareclass2020/code/src/09_Perception_Radar/Radar-Hands-On-Solution-WS/install/radar_conti_ars408_msgs:/home/lilultime/External_Ros2_Projects/autowareclass2020/code/src/09_Perception_Radar/Radar-Hands-On-Solution-WS/install/can_msgs:/home/lilultime/External_Ros2_Projects/autowareclass2020/code/src/09_Perception_Radar/Radar-Hands-On-Solution-WS/install/radar_conti_ars408:/home/lilultime/ros2_ws/install/my_cpp_pkg:/home/lilultime/ros2_ws/install/my_robot_controller:/opt/ros/humble LD_LIBRARY_PATH=/home/lilultime/External_Ros2_Projects/autowareclass2020/code/src/09_Perception_Radar/Radar-Hands-On-Solution-WS/install/radar_conti_ars408_msgs/lib:/home/lilultime/External_Ros2_Projects/autowareclass2020/code/src/09_Perception_Radar/Radar-Hands-On-Solution-WS/install/can_msgs/lib:/home/lilultime/External_Ros2_Projects/autowareclass2020/code/src/09_Perception_Radar/Radar-Hands-On-Solution-WS/install/radar_conti_ars408/lib:/opt/ros/humble/opt/rviz_ogre_vendor/lib:/opt/ros/humble/lib/x86_64-linux-gnu:/opt/ros/humble/lib /usr/bin/cmake --install /home/lilultime/External_Ros2_Projects/autowareclass2020/code/src/09_Perception_Radar/Radar-Hands-On-Solution-WS/build/radar_conti_ars408
[2.271s] Level 1:colcon.colcon_core.environment:create_environment_scripts_only(radar_conti_ars408)
[2.272s] DEBUG:colcon.colcon_core.event_handler.log_command:Invoked command in '/home/lilultime/External_Ros2_Projects/autowareclass2020/code/src/09_Perception_Radar/Radar-Hands-On-Solution-WS/build/radar_conti_ars408' returned '0': CMAKE_PREFIX_PATH=/home/lilultime/External_Ros2_Projects/autowareclass2020/code/src/09_Perception_Radar/Radar-Hands-On-Solution-WS/install/ros2socketcan_bridge:/home/lilultime/External_Ros2_Projects/autowareclass2020/code/src/09_Perception_Radar/Radar-Hands-On-Solution-WS/install/radar_conti_ars408_msgs:/home/lilultime/External_Ros2_Projects/autowareclass2020/code/src/09_Perception_Radar/Radar-Hands-On-Solution-WS/install/can_msgs:/home/lilultime/External_Ros2_Projects/autowareclass2020/code/src/09_Perception_Radar/Radar-Hands-On-Solution-WS/install/radar_conti_ars408:/home/lilultime/ros2_ws/install/my_cpp_pkg:/home/lilultime/ros2_ws/install/my_robot_controller:/opt/ros/humble LD_LIBRARY_PATH=/home/lilultime/External_Ros2_Projects/autowareclass2020/code/src/09_Perception_Radar/Radar-Hands-On-Solution-WS/install/radar_conti_ars408_msgs/lib:/home/lilultime/External_Ros2_Projects/autowareclass2020/code/src/09_Perception_Radar/Radar-Hands-On-Solution-WS/install/can_msgs/lib:/home/lilultime/External_Ros2_Projects/autowareclass2020/code/src/09_Perception_Radar/Radar-Hands-On-Solution-WS/install/radar_conti_ars408/lib:/opt/ros/humble/opt/rviz_ogre_vendor/lib:/opt/ros/humble/lib/x86_64-linux-gnu:/opt/ros/humble/lib /usr/bin/cmake --install /home/lilultime/External_Ros2_Projects/autowareclass2020/code/src/09_Perception_Radar/Radar-Hands-On-Solution-WS/build/radar_conti_ars408
[2.275s] Level 1:colcon.colcon_core.environment:checking '/home/lilultime/External_Ros2_Projects/autowareclass2020/code/src/09_Perception_Radar/Radar-Hands-On-Solution-WS/install/radar_conti_ars408' for CMake module files
[2.276s] Level 1:colcon.colcon_core.environment:checking '/home/lilultime/External_Ros2_Projects/autowareclass2020/code/src/09_Perception_Radar/Radar-Hands-On-Solution-WS/install/radar_conti_ars408' for CMake config files
[2.277s] Level 1:colcon.colcon_core.shell:create_environment_hook('radar_conti_ars408', 'cmake_prefix_path')
[2.279s] INFO:colcon.colcon_core.shell:Creating environment hook '/home/lilultime/External_Ros2_Projects/autowareclass2020/code/src/09_Perception_Radar/Radar-Hands-On-Solution-WS/install/radar_conti_ars408/share/radar_conti_ars408/hook/cmake_prefix_path.ps1'
[2.280s] INFO:colcon.colcon_core.shell:Creating environment descriptor '/home/lilultime/External_Ros2_Projects/autowareclass2020/code/src/09_Perception_Radar/Radar-Hands-On-Solution-WS/install/radar_conti_ars408/share/radar_conti_ars408/hook/cmake_prefix_path.dsv'
[2.280s] INFO:colcon.colcon_core.shell:Creating environment hook '/home/lilultime/External_Ros2_Projects/autowareclass2020/code/src/09_Perception_Radar/Radar-Hands-On-Solution-WS/install/radar_conti_ars408/share/radar_conti_ars408/hook/cmake_prefix_path.sh'
[2.281s] Level 1:colcon.colcon_core.environment:checking '/home/lilultime/External_Ros2_Projects/autowareclass2020/code/src/09_Perception_Radar/Radar-Hands-On-Solution-WS/install/radar_conti_ars408/lib'
[2.281s] Level 1:colcon.colcon_core.shell:create_environment_hook('radar_conti_ars408', 'ld_library_path_lib')
[2.283s] INFO:colcon.colcon_core.shell:Creating environment hook '/home/lilultime/External_Ros2_Projects/autowareclass2020/code/src/09_Perception_Radar/Radar-Hands-On-Solution-WS/install/radar_conti_ars408/share/radar_conti_ars408/hook/ld_library_path_lib.ps1'
[2.284s] INFO:colcon.colcon_core.shell:Creating environment descriptor '/home/lilultime/External_Ros2_Projects/autowareclass2020/code/src/09_Perception_Radar/Radar-Hands-On-Solution-WS/install/radar_conti_ars408/share/radar_conti_ars408/hook/ld_library_path_lib.dsv'
[2.284s] INFO:colcon.colcon_core.shell:Creating environment hook '/home/lilultime/External_Ros2_Projects/autowareclass2020/code/src/09_Perception_Radar/Radar-Hands-On-Solution-WS/install/radar_conti_ars408/share/radar_conti_ars408/hook/ld_library_path_lib.sh'
[2.285s] Level 1:colcon.colcon_core.environment:checking '/home/lilultime/External_Ros2_Projects/autowareclass2020/code/src/09_Perception_Radar/Radar-Hands-On-Solution-WS/install/radar_conti_ars408/bin'
[2.285s] Level 1:colcon.colcon_core.environment:checking '/home/lilultime/External_Ros2_Projects/autowareclass2020/code/src/09_Perception_Radar/Radar-Hands-On-Solution-WS/install/radar_conti_ars408/lib/pkgconfig/radar_conti_ars408.pc'
[2.285s] Level 1:colcon.colcon_core.environment:checking '/home/lilultime/External_Ros2_Projects/autowareclass2020/code/src/09_Perception_Radar/Radar-Hands-On-Solution-WS/install/radar_conti_ars408/lib/python3.10/site-packages'
[2.286s] Level 1:colcon.colcon_core.environment:checking '/home/lilultime/External_Ros2_Projects/autowareclass2020/code/src/09_Perception_Radar/Radar-Hands-On-Solution-WS/install/radar_conti_ars408/bin'
[2.288s] INFO:colcon.colcon_core.shell:Creating package script '/home/lilultime/External_Ros2_Projects/autowareclass2020/code/src/09_Perception_Radar/Radar-Hands-On-Solution-WS/install/radar_conti_ars408/share/radar_conti_ars408/package.ps1'
[2.289s] INFO:colcon.colcon_core.shell:Creating package descriptor '/home/lilultime/External_Ros2_Projects/autowareclass2020/code/src/09_Perception_Radar/Radar-Hands-On-Solution-WS/install/radar_conti_ars408/share/radar_conti_ars408/package.dsv'
[2.289s] INFO:colcon.colcon_core.shell:Creating package script '/home/lilultime/External_Ros2_Projects/autowareclass2020/code/src/09_Perception_Radar/Radar-Hands-On-Solution-WS/install/radar_conti_ars408/share/radar_conti_ars408/package.sh'
[2.290s] INFO:colcon.colcon_core.shell:Creating package script '/home/lilultime/External_Ros2_Projects/autowareclass2020/code/src/09_Perception_Radar/Radar-Hands-On-Solution-WS/install/radar_conti_ars408/share/radar_conti_ars408/package.bash'
[2.290s] INFO:colcon.colcon_core.shell:Creating package script '/home/lilultime/External_Ros2_Projects/autowareclass2020/code/src/09_Perception_Radar/Radar-Hands-On-Solution-WS/install/radar_conti_ars408/share/radar_conti_ars408/package.zsh'
[2.291s] Level 1:colcon.colcon_core.environment:create_file_with_runtime_dependencies(/home/lilultime/External_Ros2_Projects/autowareclass2020/code/src/09_Perception_Radar/Radar-Hands-On-Solution-WS/install/radar_conti_ars408/share/colcon-core/packages/radar_conti_ars408)
[2.327s] Level 1:colcon.colcon_core.environment:create_environment_scripts_only(radar_conti_ars408)
[2.329s] Level 1:colcon.colcon_core.environment:checking '/home/lilultime/External_Ros2_Projects/autowareclass2020/code/src/09_Perception_Radar/Radar-Hands-On-Solution-WS/install/radar_conti_ars408' for CMake module files
[2.330s] Level 1:colcon.colcon_core.environment:checking '/home/lilultime/External_Ros2_Projects/autowareclass2020/code/src/09_Perception_Radar/Radar-Hands-On-Solution-WS/install/radar_conti_ars408' for CMake config files
[2.330s] Level 1:colcon.colcon_core.shell:create_environment_hook('radar_conti_ars408', 'cmake_prefix_path')
[2.331s] INFO:colcon.colcon_core.shell:Creating environment hook '/home/lilultime/External_Ros2_Projects/autowareclass2020/code/src/09_Perception_Radar/Radar-Hands-On-Solution-WS/install/radar_conti_ars408/share/radar_conti_ars408/hook/cmake_prefix_path.ps1'
[2.332s] INFO:colcon.colcon_core.shell:Creating environment descriptor '/home/lilultime/External_Ros2_Projects/autowareclass2020/code/src/09_Perception_Radar/Radar-Hands-On-Solution-WS/install/radar_conti_ars408/share/radar_conti_ars408/hook/cmake_prefix_path.dsv'
[2.332s] INFO:colcon.colcon_core.shell:Creating environment hook '/home/lilultime/External_Ros2_Projects/autowareclass2020/code/src/09_Perception_Radar/Radar-Hands-On-Solution-WS/install/radar_conti_ars408/share/radar_conti_ars408/hook/cmake_prefix_path.sh'
[2.333s] Level 1:colcon.colcon_core.environment:checking '/home/lilultime/External_Ros2_Projects/autowareclass2020/code/src/09_Perception_Radar/Radar-Hands-On-Solution-WS/install/radar_conti_ars408/lib'
[2.333s] Level 1:colcon.colcon_core.shell:create_environment_hook('radar_conti_ars408', 'ld_library_path_lib')
[2.335s] INFO:colcon.colcon_core.shell:Creating environment hook '/home/lilultime/External_Ros2_Projects/autowareclass2020/code/src/09_Perception_Radar/Radar-Hands-On-Solution-WS/install/radar_conti_ars408/share/radar_conti_ars408/hook/ld_library_path_lib.ps1'
[2.335s] INFO:colcon.colcon_core.shell:Creating environment descriptor '/home/lilultime/External_Ros2_Projects/autowareclass2020/code/src/09_Perception_Radar/Radar-Hands-On-Solution-WS/install/radar_conti_ars408/share/radar_conti_ars408/hook/ld_library_path_lib.dsv'
[2.336s] INFO:colcon.colcon_core.shell:Creating environment hook '/home/lilultime/External_Ros2_Projects/autowareclass2020/code/src/09_Perception_Radar/Radar-Hands-On-Solution-WS/install/radar_conti_ars408/share/radar_conti_ars408/hook/ld_library_path_lib.sh'
[2.336s] Level 1:colcon.colcon_core.environment:checking '/home/lilultime/External_Ros2_Projects/autowareclass2020/code/src/09_Perception_Radar/Radar-Hands-On-Solution-WS/install/radar_conti_ars408/bin'
[2.336s] Level 1:colcon.colcon_core.environment:checking '/home/lilultime/External_Ros2_Projects/autowareclass2020/code/src/09_Perception_Radar/Radar-Hands-On-Solution-WS/install/radar_conti_ars408/lib/pkgconfig/radar_conti_ars408.pc'
[2.337s] Level 1:colcon.colcon_core.environment:checking '/home/lilultime/External_Ros2_Projects/autowareclass2020/code/src/09_Perception_Radar/Radar-Hands-On-Solution-WS/install/radar_conti_ars408/lib/python3.10/site-packages'
[2.337s] Level 1:colcon.colcon_core.environment:checking '/home/lilultime/External_Ros2_Projects/autowareclass2020/code/src/09_Perception_Radar/Radar-Hands-On-Solution-WS/install/radar_conti_ars408/bin'
[2.341s] INFO:colcon.colcon_core.shell:Creating package script '/home/lilultime/External_Ros2_Projects/autowareclass2020/code/src/09_Perception_Radar/Radar-Hands-On-Solution-WS/install/radar_conti_ars408/share/radar_conti_ars408/package.ps1'
[2.341s] INFO:colcon.colcon_core.shell:Creating package descriptor '/home/lilultime/External_Ros2_Projects/autowareclass2020/code/src/09_Perception_Radar/Radar-Hands-On-Solution-WS/install/radar_conti_ars408/share/radar_conti_ars408/package.dsv'
[2.342s] INFO:colcon.colcon_core.shell:Creating package script '/home/lilultime/External_Ros2_Projects/autowareclass2020/code/src/09_Perception_Radar/Radar-Hands-On-Solution-WS/install/radar_conti_ars408/share/radar_conti_ars408/package.sh'
[2.343s] INFO:colcon.colcon_core.shell:Creating package script '/home/lilultime/External_Ros2_Projects/autowareclass2020/code/src/09_Perception_Radar/Radar-Hands-On-Solution-WS/install/radar_conti_ars408/share/radar_conti_ars408/package.bash'
[2.344s] INFO:colcon.colcon_core.shell:Creating package script '/home/lilultime/External_Ros2_Projects/autowareclass2020/code/src/09_Perception_Radar/Radar-Hands-On-Solution-WS/install/radar_conti_ars408/share/radar_conti_ars408/package.zsh'
[2.344s] Level 1:colcon.colcon_core.environment:create_file_with_runtime_dependencies(/home/lilultime/External_Ros2_Projects/autowareclass2020/code/src/09_Perception_Radar/Radar-Hands-On-Solution-WS/install/radar_conti_ars408/share/colcon-core/packages/radar_conti_ars408)
[2.345s] DEBUG:colcon.colcon_parallel_executor.executor.parallel:closing loop
[2.346s] DEBUG:colcon.colcon_parallel_executor.executor.parallel:loop closed
[2.346s] DEBUG:colcon.colcon_parallel_executor.executor.parallel:run_until_complete finished with '0'
[2.346s] DEBUG:colcon.colcon_core.event_reactor:joining thread
[2.355s] INFO:colcon.colcon_core.plugin_system:Skipping extension 'colcon_notification.desktop_notification.terminal_notifier': Not used on non-Darwin systems
[2.355s] INFO:colcon.colcon_core.plugin_system:Skipping extension 'colcon_notification.desktop_notification.win32': Not used on non-Windows systems
[2.355s] INFO:colcon.colcon_notification.desktop_notification:Sending desktop notification using 'notify2'
[2.375s] DEBUG:colcon.colcon_core.event_reactor:joined thread
[2.378s] INFO:colcon.colcon_core.shell:Creating prefix script '/home/lilultime/External_Ros2_Projects/autowareclass2020/code/src/09_Perception_Radar/Radar-Hands-On-Solution-WS/install/local_setup.ps1'
[2.381s] INFO:colcon.colcon_core.shell:Creating prefix util module '/home/lilultime/External_Ros2_Projects/autowareclass2020/code/src/09_Perception_Radar/Radar-Hands-On-Solution-WS/install/_local_setup_util_ps1.py'
[2.385s] INFO:colcon.colcon_core.shell:Creating prefix chain script '/home/lilultime/External_Ros2_Projects/autowareclass2020/code/src/09_Perception_Radar/Radar-Hands-On-Solution-WS/install/setup.ps1'
[2.388s] INFO:colcon.colcon_core.shell:Creating prefix script '/home/lilultime/External_Ros2_Projects/autowareclass2020/code/src/09_Perception_Radar/Radar-Hands-On-Solution-WS/install/local_setup.sh'
[2.389s] INFO:colcon.colcon_core.shell:Creating prefix util module '/home/lilultime/External_Ros2_Projects/autowareclass2020/code/src/09_Perception_Radar/Radar-Hands-On-Solution-WS/install/_local_setup_util_sh.py'
[2.390s] INFO:colcon.colcon_core.shell:Creating prefix chain script '/home/lilultime/External_Ros2_Projects/autowareclass2020/code/src/09_Perception_Radar/Radar-Hands-On-Solution-WS/install/setup.sh'
[2.393s] INFO:colcon.colcon_core.shell:Creating prefix script '/home/lilultime/External_Ros2_Projects/autowareclass2020/code/src/09_Perception_Radar/Radar-Hands-On-Solution-WS/install/local_setup.bash'
[2.395s] INFO:colcon.colcon_core.shell:Creating prefix chain script '/home/lilultime/External_Ros2_Projects/autowareclass2020/code/src/09_Perception_Radar/Radar-Hands-On-Solution-WS/install/setup.bash'
[2.399s] INFO:colcon.colcon_core.shell:Creating prefix script '/home/lilultime/External_Ros2_Projects/autowareclass2020/code/src/09_Perception_Radar/Radar-Hands-On-Solution-WS/install/local_setup.zsh'
[2.401s] INFO:colcon.colcon_core.shell:Creating prefix chain script '/home/lilultime/External_Ros2_Projects/autowareclass2020/code/src/09_Perception_Radar/Radar-Hands-On-Solution-WS/install/setup.zsh'
