[0.722s] DEBUG:colcon:Command line arguments: ['/usr/bin/colcon', 'list', '-p', '--base-paths', '/home/lilultime/ros2_lidar_ws']
[0.722s] DEBUG:colcon:Parsed command line arguments: Namespace(log_base=None, log_level=None, verb_name='list', build_base='build', ignore_user_meta=False, metas=['./colcon.meta'], base_paths=['/home/lilultime/ros2_lidar_ws'], packages_ignore=None, packages_ignore_regex=None, paths=None, packages_up_to=None, packages_up_to_regex=None, packages_above=None, packages_above_and_dependencies=None, packages_above_depth=None, packages_select_by_dep=None, packages_skip_by_dep=None, packages_skip_up_to=None, packages_select_build_failed=False, packages_skip_build_finished=False, packages_select_test_failures=False, packages_skip_test_passed=False, packages_select=None, packages_skip=None, packages_select_regex=None, packages_skip_regex=None, packages_start=None, packages_end=None, allow_overriding=[], topological_order=False, names_only=False, paths_only=True, topological_graph=False, topological_graph_dot=False, topological_graph_density=False, topological_graph_legend=False, topological_graph_dot_cluster=False, topological_graph_dot_include_skipped=False, verb_parser=<colcon_defaults.argument_parser.defaults.DefaultArgumentsDecorator object at 0x7fe3b701cf40>, verb_extension=<colcon_package_information.verb.list.ListVerb object at 0x7fe3b71333d0>, main=<bound method ListVerb.main of <colcon_package_information.verb.list.ListVerb object at 0x7fe3b71333d0>>)
[0.793s] Level 1:colcon.colcon_core.package_discovery:discover_packages(colcon_meta) check parameters
[0.793s] Level 1:colcon.colcon_core.package_discovery:discover_packages(recursive) check parameters
[0.793s] Level 1:colcon.colcon_core.package_discovery:discover_packages(ignore) check parameters
[0.793s] Level 1:colcon.colcon_core.package_discovery:discover_packages(path) check parameters
[0.793s] Level 1:colcon.colcon_core.package_discovery:discover_packages(recursive) discover
[0.793s] INFO:colcon.colcon_core.package_discovery:Crawling recursively for packages in '/home/lilultime/ros2_lidar_ws'
[0.793s] Level 1:colcon.colcon_core.package_identification:_identify(/home/lilultime/ros2_lidar_ws) by extensions ['ignore', 'ignore_ament_install']
[0.794s] Level 1:colcon.colcon_core.package_identification:_identify(/home/lilultime/ros2_lidar_ws) by extension 'ignore'
[0.794s] Level 1:colcon.colcon_core.package_identification:_identify(/home/lilultime/ros2_lidar_ws) by extension 'ignore_ament_install'
[0.794s] Level 1:colcon.colcon_core.package_identification:_identify(/home/lilultime/ros2_lidar_ws) by extensions ['colcon_pkg']
[0.794s] Level 1:colcon.colcon_core.package_identification:_identify(/home/lilultime/ros2_lidar_ws) by extension 'colcon_pkg'
[0.794s] Level 1:colcon.colcon_core.package_identification:_identify(/home/lilultime/ros2_lidar_ws) by extensions ['colcon_meta']
[0.794s] Level 1:colcon.colcon_core.package_identification:_identify(/home/lilultime/ros2_lidar_ws) by extension 'colcon_meta'
[0.794s] Level 1:colcon.colcon_core.package_identification:_identify(/home/lilultime/ros2_lidar_ws) by extensions ['ros']
[0.794s] Level 1:colcon.colcon_core.package_identification:_identify(/home/lilultime/ros2_lidar_ws) by extension 'ros'
[0.819s] Level 1:colcon.colcon_core.package_identification:_identify(/home/lilultime/ros2_lidar_ws) by extensions ['cmake', 'python']
[0.820s] Level 1:colcon.colcon_core.package_identification:_identify(/home/lilultime/ros2_lidar_ws) by extension 'cmake'
[0.820s] Level 1:colcon.colcon_core.package_identification:_identify(/home/lilultime/ros2_lidar_ws) by extension 'python'
[0.820s] Level 1:colcon.colcon_core.package_identification:_identify(/home/lilultime/ros2_lidar_ws) by extensions ['python_setup_py']
[0.820s] Level 1:colcon.colcon_core.package_identification:_identify(/home/lilultime/ros2_lidar_ws) by extension 'python_setup_py'
[0.820s] Level 1:colcon.colcon_core.package_identification:_identify(/home/lilultime/ros2_lidar_ws/build) by extensions ['ignore', 'ignore_ament_install']
[0.820s] Level 1:colcon.colcon_core.package_identification:_identify(/home/lilultime/ros2_lidar_ws/build) by extension 'ignore'
[0.820s] Level 1:colcon.colcon_core.package_identification:_identify(/home/lilultime/ros2_lidar_ws/build) ignored
[0.821s] Level 1:colcon.colcon_core.package_identification:_identify(/home/lilultime/ros2_lidar_ws/install) by extensions ['ignore', 'ignore_ament_install']
[0.821s] Level 1:colcon.colcon_core.package_identification:_identify(/home/lilultime/ros2_lidar_ws/install) by extension 'ignore'
[0.821s] Level 1:colcon.colcon_core.package_identification:_identify(/home/lilultime/ros2_lidar_ws/install) ignored
[0.821s] Level 1:colcon.colcon_core.package_identification:_identify(/home/lilultime/ros2_lidar_ws/log) by extensions ['ignore', 'ignore_ament_install']
[0.822s] Level 1:colcon.colcon_core.package_identification:_identify(/home/lilultime/ros2_lidar_ws/log) by extension 'ignore'
[0.822s] Level 1:colcon.colcon_core.package_identification:_identify(/home/lilultime/ros2_lidar_ws/log) ignored
[0.822s] Level 1:colcon.colcon_core.package_identification:_identify(/home/lilultime/ros2_lidar_ws/src) by extensions ['ignore', 'ignore_ament_install']
[0.822s] Level 1:colcon.colcon_core.package_identification:_identify(/home/lilultime/ros2_lidar_ws/src) by extension 'ignore'
[0.822s] Level 1:colcon.colcon_core.package_identification:_identify(/home/lilultime/ros2_lidar_ws/src) by extension 'ignore_ament_install'
[0.822s] Level 1:colcon.colcon_core.package_identification:_identify(/home/lilultime/ros2_lidar_ws/src) by extensions ['colcon_pkg']
[0.822s] Level 1:colcon.colcon_core.package_identification:_identify(/home/lilultime/ros2_lidar_ws/src) by extension 'colcon_pkg'
[0.822s] Level 1:colcon.colcon_core.package_identification:_identify(/home/lilultime/ros2_lidar_ws/src) by extensions ['colcon_meta']
[0.822s] Level 1:colcon.colcon_core.package_identification:_identify(/home/lilultime/ros2_lidar_ws/src) by extension 'colcon_meta'
[0.823s] Level 1:colcon.colcon_core.package_identification:_identify(/home/lilultime/ros2_lidar_ws/src) by extensions ['ros']
[0.823s] Level 1:colcon.colcon_core.package_identification:_identify(/home/lilultime/ros2_lidar_ws/src) by extension 'ros'
[0.823s] Level 1:colcon.colcon_core.package_identification:_identify(/home/lilultime/ros2_lidar_ws/src) by extensions ['cmake', 'python']
[0.823s] Level 1:colcon.colcon_core.package_identification:_identify(/home/lilultime/ros2_lidar_ws/src) by extension 'cmake'
[0.823s] Level 1:colcon.colcon_core.package_identification:_identify(/home/lilultime/ros2_lidar_ws/src) by extension 'python'
[0.823s] Level 1:colcon.colcon_core.package_identification:_identify(/home/lilultime/ros2_lidar_ws/src) by extensions ['python_setup_py']
[0.823s] Level 1:colcon.colcon_core.package_identification:_identify(/home/lilultime/ros2_lidar_ws/src) by extension 'python_setup_py'
[0.823s] Level 1:colcon.colcon_core.package_identification:_identify(/home/lilultime/ros2_lidar_ws/src/rslidar_msg-master) by extensions ['ignore', 'ignore_ament_install']
[0.824s] Level 1:colcon.colcon_core.package_identification:_identify(/home/lilultime/ros2_lidar_ws/src/rslidar_msg-master) by extension 'ignore'
[0.824s] Level 1:colcon.colcon_core.package_identification:_identify(/home/lilultime/ros2_lidar_ws/src/rslidar_msg-master) by extension 'ignore_ament_install'
[0.824s] Level 1:colcon.colcon_core.package_identification:_identify(/home/lilultime/ros2_lidar_ws/src/rslidar_msg-master) by extensions ['colcon_pkg']
[0.824s] Level 1:colcon.colcon_core.package_identification:_identify(/home/lilultime/ros2_lidar_ws/src/rslidar_msg-master) by extension 'colcon_pkg'
[0.824s] Level 1:colcon.colcon_core.package_identification:_identify(/home/lilultime/ros2_lidar_ws/src/rslidar_msg-master) by extensions ['colcon_meta']
[0.824s] Level 1:colcon.colcon_core.package_identification:_identify(/home/lilultime/ros2_lidar_ws/src/rslidar_msg-master) by extension 'colcon_meta'
[0.824s] Level 1:colcon.colcon_core.package_identification:_identify(/home/lilultime/ros2_lidar_ws/src/rslidar_msg-master) by extensions ['ros']
[0.824s] Level 1:colcon.colcon_core.package_identification:_identify(/home/lilultime/ros2_lidar_ws/src/rslidar_msg-master) by extension 'ros'
[0.830s] DEBUG:colcon.colcon_core.package_identification:Package '/home/lilultime/ros2_lidar_ws/src/rslidar_msg-master' with type 'ros.ament_cmake' and name 'rslidar_msg'
[0.830s] Level 1:colcon.colcon_core.package_identification:_identify(/home/lilultime/ros2_lidar_ws/src/rslidar_sdk) by extensions ['ignore', 'ignore_ament_install']
[0.831s] Level 1:colcon.colcon_core.package_identification:_identify(/home/lilultime/ros2_lidar_ws/src/rslidar_sdk) by extension 'ignore'
[0.831s] Level 1:colcon.colcon_core.package_identification:_identify(/home/lilultime/ros2_lidar_ws/src/rslidar_sdk) by extension 'ignore_ament_install'
[0.831s] Level 1:colcon.colcon_core.package_identification:_identify(/home/lilultime/ros2_lidar_ws/src/rslidar_sdk) by extensions ['colcon_pkg']
[0.831s] Level 1:colcon.colcon_core.package_identification:_identify(/home/lilultime/ros2_lidar_ws/src/rslidar_sdk) by extension 'colcon_pkg'
[0.831s] Level 1:colcon.colcon_core.package_identification:_identify(/home/lilultime/ros2_lidar_ws/src/rslidar_sdk) by extensions ['colcon_meta']
[0.831s] Level 1:colcon.colcon_core.package_identification:_identify(/home/lilultime/ros2_lidar_ws/src/rslidar_sdk) by extension 'colcon_meta'
[0.831s] Level 1:colcon.colcon_core.package_identification:_identify(/home/lilultime/ros2_lidar_ws/src/rslidar_sdk) by extensions ['ros']
[0.831s] Level 1:colcon.colcon_core.package_identification:_identify(/home/lilultime/ros2_lidar_ws/src/rslidar_sdk) by extension 'ros'
[0.833s] DEBUG:colcon.colcon_core.package_identification:Package '/home/lilultime/ros2_lidar_ws/src/rslidar_sdk' with type 'ros.ament_cmake' and name 'rslidar_sdk'
[0.833s] Level 1:colcon.colcon_core.package_discovery:discover_packages(recursive) using defaults
